[2024-12-11T04:56:32.155+0000] {processor.py:186} INFO - Started process (PID=131) to work on /home/airflow/.local/lib/python3.12/site-packages/airflow/example_dags/example_branch_python_dop_operator_3.py
[2024-12-11T04:56:32.158+0000] {processor.py:914} INFO - Processing file /home/airflow/.local/lib/python3.12/site-packages/airflow/example_dags/example_branch_python_dop_operator_3.py for tasks to queue
[2024-12-11T04:56:32.165+0000] {logging_mixin.py:190} INFO - [2024-12-11T04:56:32.164+0000] {dagbag.py:588} INFO - Filling up the DagBag from /home/airflow/.local/lib/python3.12/site-packages/airflow/example_dags/example_branch_python_dop_operator_3.py
[2024-12-11T04:56:32.210+0000] {processor.py:925} INFO - DAG(s) 'example_branch_dop_operator_v3' retrieved from /home/airflow/.local/lib/python3.12/site-packages/airflow/example_dags/example_branch_python_dop_operator_3.py
[2024-12-11T04:56:32.572+0000] {logging_mixin.py:190} INFO - [2024-12-11T04:56:32.571+0000] {override.py:1911} INFO - Created Permission View: can delete on DAG:example_branch_dop_operator_v3
[2024-12-11T04:56:32.604+0000] {logging_mixin.py:190} INFO - [2024-12-11T04:56:32.603+0000] {override.py:1911} INFO - Created Permission View: can read on DAG:example_branch_dop_operator_v3
[2024-12-11T04:56:32.624+0000] {logging_mixin.py:190} INFO - [2024-12-11T04:56:32.623+0000] {override.py:1911} INFO - Created Permission View: can edit on DAG:example_branch_dop_operator_v3
[2024-12-11T04:56:32.645+0000] {logging_mixin.py:190} INFO - [2024-12-11T04:56:32.645+0000] {override.py:1911} INFO - Created Permission View: can delete on DAG Run:example_branch_dop_operator_v3
[2024-12-11T04:56:32.666+0000] {logging_mixin.py:190} INFO - [2024-12-11T04:56:32.665+0000] {override.py:1911} INFO - Created Permission View: can read on DAG Run:example_branch_dop_operator_v3
[2024-12-11T04:56:32.687+0000] {logging_mixin.py:190} INFO - [2024-12-11T04:56:32.686+0000] {override.py:1911} INFO - Created Permission View: menu access on DAG Run:example_branch_dop_operator_v3
[2024-12-11T04:56:32.706+0000] {logging_mixin.py:190} INFO - [2024-12-11T04:56:32.705+0000] {override.py:1911} INFO - Created Permission View: can create on DAG Run:example_branch_dop_operator_v3
[2024-12-11T04:56:32.708+0000] {logging_mixin.py:190} INFO - [2024-12-11T04:56:32.707+0000] {dag.py:3239} INFO - Sync 1 DAGs
[2024-12-11T04:56:32.741+0000] {logging_mixin.py:190} INFO - [2024-12-11T04:56:32.741+0000] {dag.py:3262} INFO - Creating ORM DAG for example_branch_dop_operator_v3
[2024-12-11T04:56:32.775+0000] {logging_mixin.py:190} INFO - [2024-12-11T04:56:32.775+0000] {dag.py:4180} INFO - Setting next_dagrun for example_branch_dop_operator_v3 to 2024-12-11 04:55:00+00:00, run_after=2024-12-11 04:56:00+00:00
[2024-12-11T04:56:32.827+0000] {processor.py:208} INFO - Processing /home/airflow/.local/lib/python3.12/site-packages/airflow/example_dags/example_branch_python_dop_operator_3.py took 0.690 seconds
[2024-12-11T04:57:02.950+0000] {processor.py:186} INFO - Started process (PID=194) to work on /home/airflow/.local/lib/python3.12/site-packages/airflow/example_dags/example_branch_python_dop_operator_3.py
[2024-12-11T04:57:02.952+0000] {processor.py:914} INFO - Processing file /home/airflow/.local/lib/python3.12/site-packages/airflow/example_dags/example_branch_python_dop_operator_3.py for tasks to queue
[2024-12-11T04:57:02.959+0000] {logging_mixin.py:190} INFO - [2024-12-11T04:57:02.958+0000] {dagbag.py:588} INFO - Filling up the DagBag from /home/airflow/.local/lib/python3.12/site-packages/airflow/example_dags/example_branch_python_dop_operator_3.py
[2024-12-11T04:57:02.981+0000] {processor.py:925} INFO - DAG(s) 'example_branch_dop_operator_v3' retrieved from /home/airflow/.local/lib/python3.12/site-packages/airflow/example_dags/example_branch_python_dop_operator_3.py
[2024-12-11T04:57:03.025+0000] {logging_mixin.py:190} INFO - [2024-12-11T04:57:03.024+0000] {dag.py:3239} INFO - Sync 1 DAGs
[2024-12-11T04:57:03.086+0000] {logging_mixin.py:190} INFO - [2024-12-11T04:57:03.085+0000] {dag.py:4180} INFO - Setting next_dagrun for example_branch_dop_operator_v3 to 2024-12-11 04:56:00+00:00, run_after=2024-12-11 04:57:00+00:00
[2024-12-11T04:57:03.131+0000] {processor.py:208} INFO - Processing /home/airflow/.local/lib/python3.12/site-packages/airflow/example_dags/example_branch_python_dop_operator_3.py took 0.194 seconds
[2024-12-11T05:01:02.835+0000] {processor.py:186} INFO - Started process (PID=262) to work on /home/airflow/.local/lib/python3.12/site-packages/airflow/example_dags/example_branch_python_dop_operator_3.py
[2024-12-11T05:01:02.838+0000] {processor.py:914} INFO - Processing file /home/airflow/.local/lib/python3.12/site-packages/airflow/example_dags/example_branch_python_dop_operator_3.py for tasks to queue
[2024-12-11T05:01:02.843+0000] {logging_mixin.py:190} INFO - [2024-12-11T05:01:02.842+0000] {dagbag.py:588} INFO - Filling up the DagBag from /home/airflow/.local/lib/python3.12/site-packages/airflow/example_dags/example_branch_python_dop_operator_3.py
[2024-12-11T05:01:02.865+0000] {processor.py:925} INFO - DAG(s) 'example_branch_dop_operator_v3' retrieved from /home/airflow/.local/lib/python3.12/site-packages/airflow/example_dags/example_branch_python_dop_operator_3.py
[2024-12-11T05:01:02.934+0000] {logging_mixin.py:190} INFO - [2024-12-11T05:01:02.933+0000] {dag.py:3239} INFO - Sync 1 DAGs
[2024-12-11T05:01:03.014+0000] {logging_mixin.py:190} INFO - [2024-12-11T05:01:03.014+0000] {dag.py:4180} INFO - Setting next_dagrun for example_branch_dop_operator_v3 to 2024-12-11 05:00:00+00:00, run_after=2024-12-11 05:01:00+00:00
[2024-12-11T05:01:03.079+0000] {processor.py:208} INFO - Processing /home/airflow/.local/lib/python3.12/site-packages/airflow/example_dags/example_branch_python_dop_operator_3.py took 0.255 seconds
[2024-12-11T05:03:25.050+0000] {processor.py:186} INFO - Started process (PID=353) to work on /home/airflow/.local/lib/python3.12/site-packages/airflow/example_dags/example_branch_python_dop_operator_3.py
[2024-12-11T05:03:25.057+0000] {processor.py:914} INFO - Processing file /home/airflow/.local/lib/python3.12/site-packages/airflow/example_dags/example_branch_python_dop_operator_3.py for tasks to queue
[2024-12-11T05:03:25.061+0000] {logging_mixin.py:190} INFO - [2024-12-11T05:03:25.060+0000] {dagbag.py:588} INFO - Filling up the DagBag from /home/airflow/.local/lib/python3.12/site-packages/airflow/example_dags/example_branch_python_dop_operator_3.py
[2024-12-11T05:03:25.107+0000] {processor.py:925} INFO - DAG(s) 'example_branch_dop_operator_v3' retrieved from /home/airflow/.local/lib/python3.12/site-packages/airflow/example_dags/example_branch_python_dop_operator_3.py
[2024-12-11T05:03:25.180+0000] {logging_mixin.py:190} INFO - [2024-12-11T05:03:25.180+0000] {dag.py:3239} INFO - Sync 1 DAGs
[2024-12-11T05:03:25.363+0000] {logging_mixin.py:190} INFO - [2024-12-11T05:03:25.362+0000] {dag.py:4180} INFO - Setting next_dagrun for example_branch_dop_operator_v3 to 2024-12-11 05:02:00+00:00, run_after=2024-12-11 05:03:00+00:00
[2024-12-11T05:03:25.475+0000] {processor.py:208} INFO - Processing /home/airflow/.local/lib/python3.12/site-packages/airflow/example_dags/example_branch_python_dop_operator_3.py took 0.440 seconds
[2024-12-11T05:04:00.651+0000] {processor.py:186} INFO - Started process (PID=415) to work on /home/airflow/.local/lib/python3.12/site-packages/airflow/example_dags/example_branch_python_dop_operator_3.py
[2024-12-11T05:04:00.655+0000] {processor.py:914} INFO - Processing file /home/airflow/.local/lib/python3.12/site-packages/airflow/example_dags/example_branch_python_dop_operator_3.py for tasks to queue
[2024-12-11T05:04:00.660+0000] {logging_mixin.py:190} INFO - [2024-12-11T05:04:00.659+0000] {dagbag.py:588} INFO - Filling up the DagBag from /home/airflow/.local/lib/python3.12/site-packages/airflow/example_dags/example_branch_python_dop_operator_3.py
[2024-12-11T05:04:00.721+0000] {processor.py:925} INFO - DAG(s) 'example_branch_dop_operator_v3' retrieved from /home/airflow/.local/lib/python3.12/site-packages/airflow/example_dags/example_branch_python_dop_operator_3.py
[2024-12-11T05:04:01.571+0000] {logging_mixin.py:190} INFO - [2024-12-11T05:04:01.564+0000] {dag.py:3239} INFO - Sync 1 DAGs
[2024-12-11T05:04:01.700+0000] {logging_mixin.py:190} INFO - [2024-12-11T05:04:01.698+0000] {dag.py:4180} INFO - Setting next_dagrun for example_branch_dop_operator_v3 to 2024-12-11 05:03:00+00:00, run_after=2024-12-11 05:04:00+00:00
[2024-12-11T05:04:01.773+0000] {processor.py:208} INFO - Processing /home/airflow/.local/lib/python3.12/site-packages/airflow/example_dags/example_branch_python_dop_operator_3.py took 1.149 seconds
[2024-12-11T05:05:41.675+0000] {processor.py:186} INFO - Started process (PID=484) to work on /home/airflow/.local/lib/python3.12/site-packages/airflow/example_dags/example_branch_python_dop_operator_3.py
[2024-12-11T05:05:41.677+0000] {processor.py:914} INFO - Processing file /home/airflow/.local/lib/python3.12/site-packages/airflow/example_dags/example_branch_python_dop_operator_3.py for tasks to queue
[2024-12-11T05:05:41.679+0000] {logging_mixin.py:190} INFO - [2024-12-11T05:05:41.679+0000] {dagbag.py:588} INFO - Filling up the DagBag from /home/airflow/.local/lib/python3.12/site-packages/airflow/example_dags/example_branch_python_dop_operator_3.py
[2024-12-11T05:05:41.702+0000] {processor.py:925} INFO - DAG(s) 'example_branch_dop_operator_v3' retrieved from /home/airflow/.local/lib/python3.12/site-packages/airflow/example_dags/example_branch_python_dop_operator_3.py
[2024-12-11T05:05:41.750+0000] {logging_mixin.py:190} INFO - [2024-12-11T05:05:41.749+0000] {dag.py:3239} INFO - Sync 1 DAGs
[2024-12-11T05:05:41.830+0000] {logging_mixin.py:190} INFO - [2024-12-11T05:05:41.830+0000] {dag.py:4180} INFO - Setting next_dagrun for example_branch_dop_operator_v3 to 2024-12-11 05:04:00+00:00, run_after=2024-12-11 05:05:00+00:00
[2024-12-11T05:05:41.877+0000] {processor.py:208} INFO - Processing /home/airflow/.local/lib/python3.12/site-packages/airflow/example_dags/example_branch_python_dop_operator_3.py took 0.210 seconds
[2024-12-11T05:06:20.773+0000] {processor.py:186} INFO - Started process (PID=547) to work on /home/airflow/.local/lib/python3.12/site-packages/airflow/example_dags/example_branch_python_dop_operator_3.py
[2024-12-11T05:06:20.779+0000] {processor.py:914} INFO - Processing file /home/airflow/.local/lib/python3.12/site-packages/airflow/example_dags/example_branch_python_dop_operator_3.py for tasks to queue
[2024-12-11T05:06:20.783+0000] {logging_mixin.py:190} INFO - [2024-12-11T05:06:20.782+0000] {dagbag.py:588} INFO - Filling up the DagBag from /home/airflow/.local/lib/python3.12/site-packages/airflow/example_dags/example_branch_python_dop_operator_3.py
[2024-12-11T05:06:20.837+0000] {processor.py:925} INFO - DAG(s) 'example_branch_dop_operator_v3' retrieved from /home/airflow/.local/lib/python3.12/site-packages/airflow/example_dags/example_branch_python_dop_operator_3.py
[2024-12-11T05:06:20.928+0000] {logging_mixin.py:190} INFO - [2024-12-11T05:06:20.927+0000] {dag.py:3239} INFO - Sync 1 DAGs
[2024-12-11T05:06:21.048+0000] {logging_mixin.py:190} INFO - [2024-12-11T05:06:21.048+0000] {dag.py:4180} INFO - Setting next_dagrun for example_branch_dop_operator_v3 to 2024-12-11 05:05:00+00:00, run_after=2024-12-11 05:06:00+00:00
[2024-12-11T05:06:21.115+0000] {processor.py:208} INFO - Processing /home/airflow/.local/lib/python3.12/site-packages/airflow/example_dags/example_branch_python_dop_operator_3.py took 0.368 seconds
[2024-12-11T05:07:39.570+0000] {processor.py:186} INFO - Started process (PID=604) to work on /home/airflow/.local/lib/python3.12/site-packages/airflow/example_dags/example_branch_python_dop_operator_3.py
[2024-12-11T05:07:39.572+0000] {processor.py:914} INFO - Processing file /home/airflow/.local/lib/python3.12/site-packages/airflow/example_dags/example_branch_python_dop_operator_3.py for tasks to queue
[2024-12-11T05:07:39.576+0000] {logging_mixin.py:190} INFO - [2024-12-11T05:07:39.575+0000] {dagbag.py:588} INFO - Filling up the DagBag from /home/airflow/.local/lib/python3.12/site-packages/airflow/example_dags/example_branch_python_dop_operator_3.py
[2024-12-11T05:07:39.596+0000] {processor.py:925} INFO - DAG(s) 'example_branch_dop_operator_v3' retrieved from /home/airflow/.local/lib/python3.12/site-packages/airflow/example_dags/example_branch_python_dop_operator_3.py
[2024-12-11T05:07:39.642+0000] {logging_mixin.py:190} INFO - [2024-12-11T05:07:39.641+0000] {dag.py:3239} INFO - Sync 1 DAGs
[2024-12-11T05:07:39.732+0000] {logging_mixin.py:190} INFO - [2024-12-11T05:07:39.731+0000] {dag.py:4180} INFO - Setting next_dagrun for example_branch_dop_operator_v3 to 2024-12-11 05:06:00+00:00, run_after=2024-12-11 05:07:00+00:00
[2024-12-11T05:07:39.792+0000] {processor.py:208} INFO - Processing /home/airflow/.local/lib/python3.12/site-packages/airflow/example_dags/example_branch_python_dop_operator_3.py took 0.236 seconds
[2024-12-11T05:08:11.779+0000] {processor.py:186} INFO - Started process (PID=667) to work on /home/airflow/.local/lib/python3.12/site-packages/airflow/example_dags/example_branch_python_dop_operator_3.py
[2024-12-11T05:08:11.781+0000] {processor.py:914} INFO - Processing file /home/airflow/.local/lib/python3.12/site-packages/airflow/example_dags/example_branch_python_dop_operator_3.py for tasks to queue
[2024-12-11T05:08:11.785+0000] {logging_mixin.py:190} INFO - [2024-12-11T05:08:11.784+0000] {dagbag.py:588} INFO - Filling up the DagBag from /home/airflow/.local/lib/python3.12/site-packages/airflow/example_dags/example_branch_python_dop_operator_3.py
[2024-12-11T05:08:11.810+0000] {processor.py:925} INFO - DAG(s) 'example_branch_dop_operator_v3' retrieved from /home/airflow/.local/lib/python3.12/site-packages/airflow/example_dags/example_branch_python_dop_operator_3.py
[2024-12-11T05:08:11.858+0000] {logging_mixin.py:190} INFO - [2024-12-11T05:08:11.857+0000] {dag.py:3239} INFO - Sync 1 DAGs
[2024-12-11T05:08:11.932+0000] {logging_mixin.py:190} INFO - [2024-12-11T05:08:11.932+0000] {dag.py:4180} INFO - Setting next_dagrun for example_branch_dop_operator_v3 to 2024-12-11 05:07:00+00:00, run_after=2024-12-11 05:08:00+00:00
[2024-12-11T05:08:11.981+0000] {processor.py:208} INFO - Processing /home/airflow/.local/lib/python3.12/site-packages/airflow/example_dags/example_branch_python_dop_operator_3.py took 0.218 seconds
[2024-12-11T05:09:34.380+0000] {processor.py:186} INFO - Started process (PID=744) to work on /home/airflow/.local/lib/python3.12/site-packages/airflow/example_dags/example_branch_python_dop_operator_3.py
[2024-12-11T05:09:34.383+0000] {processor.py:914} INFO - Processing file /home/airflow/.local/lib/python3.12/site-packages/airflow/example_dags/example_branch_python_dop_operator_3.py for tasks to queue
[2024-12-11T05:09:34.386+0000] {logging_mixin.py:190} INFO - [2024-12-11T05:09:34.385+0000] {dagbag.py:588} INFO - Filling up the DagBag from /home/airflow/.local/lib/python3.12/site-packages/airflow/example_dags/example_branch_python_dop_operator_3.py
[2024-12-11T05:09:34.408+0000] {processor.py:925} INFO - DAG(s) 'example_branch_dop_operator_v3' retrieved from /home/airflow/.local/lib/python3.12/site-packages/airflow/example_dags/example_branch_python_dop_operator_3.py
[2024-12-11T05:09:34.461+0000] {logging_mixin.py:190} INFO - [2024-12-11T05:09:34.461+0000] {dag.py:3239} INFO - Sync 1 DAGs
[2024-12-11T05:09:34.529+0000] {logging_mixin.py:190} INFO - [2024-12-11T05:09:34.529+0000] {dag.py:4180} INFO - Setting next_dagrun for example_branch_dop_operator_v3 to 2024-12-11 05:08:00+00:00, run_after=2024-12-11 05:09:00+00:00
[2024-12-11T05:09:34.652+0000] {processor.py:208} INFO - Processing /home/airflow/.local/lib/python3.12/site-packages/airflow/example_dags/example_branch_python_dop_operator_3.py took 0.281 seconds
[2024-12-11T05:10:05.289+0000] {processor.py:186} INFO - Started process (PID=807) to work on /home/airflow/.local/lib/python3.12/site-packages/airflow/example_dags/example_branch_python_dop_operator_3.py
[2024-12-11T05:10:05.292+0000] {processor.py:914} INFO - Processing file /home/airflow/.local/lib/python3.12/site-packages/airflow/example_dags/example_branch_python_dop_operator_3.py for tasks to queue
[2024-12-11T05:10:05.295+0000] {logging_mixin.py:190} INFO - [2024-12-11T05:10:05.294+0000] {dagbag.py:588} INFO - Filling up the DagBag from /home/airflow/.local/lib/python3.12/site-packages/airflow/example_dags/example_branch_python_dop_operator_3.py
[2024-12-11T05:10:05.319+0000] {processor.py:925} INFO - DAG(s) 'example_branch_dop_operator_v3' retrieved from /home/airflow/.local/lib/python3.12/site-packages/airflow/example_dags/example_branch_python_dop_operator_3.py
[2024-12-11T05:10:05.365+0000] {logging_mixin.py:190} INFO - [2024-12-11T05:10:05.364+0000] {dag.py:3239} INFO - Sync 1 DAGs
[2024-12-11T05:10:05.428+0000] {logging_mixin.py:190} INFO - [2024-12-11T05:10:05.427+0000] {dag.py:4180} INFO - Setting next_dagrun for example_branch_dop_operator_v3 to 2024-12-11 05:09:00+00:00, run_after=2024-12-11 05:10:00+00:00
[2024-12-11T05:10:05.469+0000] {processor.py:208} INFO - Processing /home/airflow/.local/lib/python3.12/site-packages/airflow/example_dags/example_branch_python_dop_operator_3.py took 0.194 seconds
[2024-12-11T05:10:41.092+0000] {processor.py:186} INFO - Started process (PID=870) to work on /home/airflow/.local/lib/python3.12/site-packages/airflow/example_dags/example_branch_python_dop_operator_3.py
[2024-12-11T05:10:41.095+0000] {processor.py:914} INFO - Processing file /home/airflow/.local/lib/python3.12/site-packages/airflow/example_dags/example_branch_python_dop_operator_3.py for tasks to queue
[2024-12-11T05:10:41.098+0000] {logging_mixin.py:190} INFO - [2024-12-11T05:10:41.097+0000] {dagbag.py:588} INFO - Filling up the DagBag from /home/airflow/.local/lib/python3.12/site-packages/airflow/example_dags/example_branch_python_dop_operator_3.py
[2024-12-11T05:10:41.132+0000] {processor.py:925} INFO - DAG(s) 'example_branch_dop_operator_v3' retrieved from /home/airflow/.local/lib/python3.12/site-packages/airflow/example_dags/example_branch_python_dop_operator_3.py
[2024-12-11T05:10:41.208+0000] {logging_mixin.py:190} INFO - [2024-12-11T05:10:41.207+0000] {dag.py:3239} INFO - Sync 1 DAGs
[2024-12-11T05:10:41.300+0000] {logging_mixin.py:190} INFO - [2024-12-11T05:10:41.300+0000] {dag.py:4180} INFO - Setting next_dagrun for example_branch_dop_operator_v3 to 2024-12-11 05:09:00+00:00, run_after=2024-12-11 05:10:00+00:00
[2024-12-11T05:10:41.400+0000] {processor.py:208} INFO - Processing /home/airflow/.local/lib/python3.12/site-packages/airflow/example_dags/example_branch_python_dop_operator_3.py took 0.320 seconds
[2024-12-11T05:17:33.913+0000] {processor.py:186} INFO - Started process (PID=965) to work on /home/airflow/.local/lib/python3.12/site-packages/airflow/example_dags/example_branch_python_dop_operator_3.py
[2024-12-11T05:17:33.916+0000] {processor.py:914} INFO - Processing file /home/airflow/.local/lib/python3.12/site-packages/airflow/example_dags/example_branch_python_dop_operator_3.py for tasks to queue
[2024-12-11T05:17:33.919+0000] {logging_mixin.py:190} INFO - [2024-12-11T05:17:33.918+0000] {dagbag.py:588} INFO - Filling up the DagBag from /home/airflow/.local/lib/python3.12/site-packages/airflow/example_dags/example_branch_python_dop_operator_3.py
[2024-12-11T05:17:33.943+0000] {processor.py:925} INFO - DAG(s) 'example_branch_dop_operator_v3' retrieved from /home/airflow/.local/lib/python3.12/site-packages/airflow/example_dags/example_branch_python_dop_operator_3.py
[2024-12-11T05:17:33.987+0000] {logging_mixin.py:190} INFO - [2024-12-11T05:17:33.986+0000] {dag.py:3239} INFO - Sync 1 DAGs
[2024-12-11T05:17:34.066+0000] {logging_mixin.py:190} INFO - [2024-12-11T05:17:34.065+0000] {dag.py:4180} INFO - Setting next_dagrun for example_branch_dop_operator_v3 to 2024-12-11 05:16:00+00:00, run_after=2024-12-11 05:17:00+00:00
[2024-12-11T05:17:34.123+0000] {processor.py:208} INFO - Processing /home/airflow/.local/lib/python3.12/site-packages/airflow/example_dags/example_branch_python_dop_operator_3.py took 0.223 seconds
[2024-12-11T05:18:04.323+0000] {processor.py:186} INFO - Started process (PID=1027) to work on /home/airflow/.local/lib/python3.12/site-packages/airflow/example_dags/example_branch_python_dop_operator_3.py
[2024-12-11T05:18:04.325+0000] {processor.py:914} INFO - Processing file /home/airflow/.local/lib/python3.12/site-packages/airflow/example_dags/example_branch_python_dop_operator_3.py for tasks to queue
[2024-12-11T05:18:04.328+0000] {logging_mixin.py:190} INFO - [2024-12-11T05:18:04.327+0000] {dagbag.py:588} INFO - Filling up the DagBag from /home/airflow/.local/lib/python3.12/site-packages/airflow/example_dags/example_branch_python_dop_operator_3.py
[2024-12-11T05:18:04.346+0000] {processor.py:925} INFO - DAG(s) 'example_branch_dop_operator_v3' retrieved from /home/airflow/.local/lib/python3.12/site-packages/airflow/example_dags/example_branch_python_dop_operator_3.py
[2024-12-11T05:18:04.381+0000] {logging_mixin.py:190} INFO - [2024-12-11T05:18:04.381+0000] {dag.py:3239} INFO - Sync 1 DAGs
[2024-12-11T05:18:04.437+0000] {logging_mixin.py:190} INFO - [2024-12-11T05:18:04.436+0000] {dag.py:4180} INFO - Setting next_dagrun for example_branch_dop_operator_v3 to 2024-12-11 05:17:00+00:00, run_after=2024-12-11 05:18:00+00:00
[2024-12-11T05:18:04.477+0000] {processor.py:208} INFO - Processing /home/airflow/.local/lib/python3.12/site-packages/airflow/example_dags/example_branch_python_dop_operator_3.py took 0.164 seconds
[2024-12-11T05:18:34.748+0000] {processor.py:186} INFO - Started process (PID=1090) to work on /home/airflow/.local/lib/python3.12/site-packages/airflow/example_dags/example_branch_python_dop_operator_3.py
[2024-12-11T05:18:34.750+0000] {processor.py:914} INFO - Processing file /home/airflow/.local/lib/python3.12/site-packages/airflow/example_dags/example_branch_python_dop_operator_3.py for tasks to queue
[2024-12-11T05:18:34.754+0000] {logging_mixin.py:190} INFO - [2024-12-11T05:18:34.753+0000] {dagbag.py:588} INFO - Filling up the DagBag from /home/airflow/.local/lib/python3.12/site-packages/airflow/example_dags/example_branch_python_dop_operator_3.py
[2024-12-11T05:18:34.782+0000] {processor.py:925} INFO - DAG(s) 'example_branch_dop_operator_v3' retrieved from /home/airflow/.local/lib/python3.12/site-packages/airflow/example_dags/example_branch_python_dop_operator_3.py
[2024-12-11T05:18:34.831+0000] {logging_mixin.py:190} INFO - [2024-12-11T05:18:34.831+0000] {dag.py:3239} INFO - Sync 1 DAGs
[2024-12-11T05:18:34.913+0000] {logging_mixin.py:190} INFO - [2024-12-11T05:18:34.913+0000] {dag.py:4180} INFO - Setting next_dagrun for example_branch_dop_operator_v3 to 2024-12-11 05:17:00+00:00, run_after=2024-12-11 05:18:00+00:00
[2024-12-11T05:18:34.971+0000] {processor.py:208} INFO - Processing /home/airflow/.local/lib/python3.12/site-packages/airflow/example_dags/example_branch_python_dop_operator_3.py took 0.237 seconds
[2024-12-11T05:19:05.365+0000] {processor.py:186} INFO - Started process (PID=1153) to work on /home/airflow/.local/lib/python3.12/site-packages/airflow/example_dags/example_branch_python_dop_operator_3.py
[2024-12-11T05:19:05.367+0000] {processor.py:914} INFO - Processing file /home/airflow/.local/lib/python3.12/site-packages/airflow/example_dags/example_branch_python_dop_operator_3.py for tasks to queue
[2024-12-11T05:19:05.370+0000] {logging_mixin.py:190} INFO - [2024-12-11T05:19:05.369+0000] {dagbag.py:588} INFO - Filling up the DagBag from /home/airflow/.local/lib/python3.12/site-packages/airflow/example_dags/example_branch_python_dop_operator_3.py
[2024-12-11T05:19:05.387+0000] {processor.py:925} INFO - DAG(s) 'example_branch_dop_operator_v3' retrieved from /home/airflow/.local/lib/python3.12/site-packages/airflow/example_dags/example_branch_python_dop_operator_3.py
[2024-12-11T05:19:05.422+0000] {logging_mixin.py:190} INFO - [2024-12-11T05:19:05.421+0000] {dag.py:3239} INFO - Sync 1 DAGs
[2024-12-11T05:19:05.478+0000] {logging_mixin.py:190} INFO - [2024-12-11T05:19:05.477+0000] {dag.py:4180} INFO - Setting next_dagrun for example_branch_dop_operator_v3 to 2024-12-11 05:18:00+00:00, run_after=2024-12-11 05:19:00+00:00
[2024-12-11T05:19:05.517+0000] {processor.py:208} INFO - Processing /home/airflow/.local/lib/python3.12/site-packages/airflow/example_dags/example_branch_python_dop_operator_3.py took 0.167 seconds
[2024-12-11T05:19:36.186+0000] {processor.py:186} INFO - Started process (PID=1216) to work on /home/airflow/.local/lib/python3.12/site-packages/airflow/example_dags/example_branch_python_dop_operator_3.py
[2024-12-11T05:19:36.188+0000] {processor.py:914} INFO - Processing file /home/airflow/.local/lib/python3.12/site-packages/airflow/example_dags/example_branch_python_dop_operator_3.py for tasks to queue
[2024-12-11T05:19:36.191+0000] {logging_mixin.py:190} INFO - [2024-12-11T05:19:36.190+0000] {dagbag.py:588} INFO - Filling up the DagBag from /home/airflow/.local/lib/python3.12/site-packages/airflow/example_dags/example_branch_python_dop_operator_3.py
[2024-12-11T05:19:36.206+0000] {processor.py:925} INFO - DAG(s) 'example_branch_dop_operator_v3' retrieved from /home/airflow/.local/lib/python3.12/site-packages/airflow/example_dags/example_branch_python_dop_operator_3.py
[2024-12-11T05:19:36.243+0000] {logging_mixin.py:190} INFO - [2024-12-11T05:19:36.242+0000] {dag.py:3239} INFO - Sync 1 DAGs
[2024-12-11T05:19:36.328+0000] {logging_mixin.py:190} INFO - [2024-12-11T05:19:36.327+0000] {dag.py:4180} INFO - Setting next_dagrun for example_branch_dop_operator_v3 to 2024-12-11 05:18:00+00:00, run_after=2024-12-11 05:19:00+00:00
[2024-12-11T05:19:36.372+0000] {processor.py:208} INFO - Processing /home/airflow/.local/lib/python3.12/site-packages/airflow/example_dags/example_branch_python_dop_operator_3.py took 0.197 seconds
[2024-12-11T05:20:07.239+0000] {processor.py:186} INFO - Started process (PID=1279) to work on /home/airflow/.local/lib/python3.12/site-packages/airflow/example_dags/example_branch_python_dop_operator_3.py
[2024-12-11T05:20:07.241+0000] {processor.py:914} INFO - Processing file /home/airflow/.local/lib/python3.12/site-packages/airflow/example_dags/example_branch_python_dop_operator_3.py for tasks to queue
[2024-12-11T05:20:07.244+0000] {logging_mixin.py:190} INFO - [2024-12-11T05:20:07.243+0000] {dagbag.py:588} INFO - Filling up the DagBag from /home/airflow/.local/lib/python3.12/site-packages/airflow/example_dags/example_branch_python_dop_operator_3.py
[2024-12-11T05:20:07.270+0000] {processor.py:925} INFO - DAG(s) 'example_branch_dop_operator_v3' retrieved from /home/airflow/.local/lib/python3.12/site-packages/airflow/example_dags/example_branch_python_dop_operator_3.py
[2024-12-11T05:20:07.313+0000] {logging_mixin.py:190} INFO - [2024-12-11T05:20:07.313+0000] {dag.py:3239} INFO - Sync 1 DAGs
[2024-12-11T05:20:07.371+0000] {logging_mixin.py:190} INFO - [2024-12-11T05:20:07.370+0000] {dag.py:4180} INFO - Setting next_dagrun for example_branch_dop_operator_v3 to 2024-12-11 05:19:00+00:00, run_after=2024-12-11 05:20:00+00:00
[2024-12-11T05:20:07.412+0000] {processor.py:208} INFO - Processing /home/airflow/.local/lib/python3.12/site-packages/airflow/example_dags/example_branch_python_dop_operator_3.py took 0.189 seconds
[2024-12-11T05:23:25.111+0000] {processor.py:186} INFO - Started process (PID=1366) to work on /home/airflow/.local/lib/python3.12/site-packages/airflow/example_dags/example_branch_python_dop_operator_3.py
[2024-12-11T05:23:25.113+0000] {processor.py:914} INFO - Processing file /home/airflow/.local/lib/python3.12/site-packages/airflow/example_dags/example_branch_python_dop_operator_3.py for tasks to queue
[2024-12-11T05:23:25.116+0000] {logging_mixin.py:190} INFO - [2024-12-11T05:23:25.115+0000] {dagbag.py:588} INFO - Filling up the DagBag from /home/airflow/.local/lib/python3.12/site-packages/airflow/example_dags/example_branch_python_dop_operator_3.py
[2024-12-11T05:23:25.143+0000] {processor.py:925} INFO - DAG(s) 'example_branch_dop_operator_v3' retrieved from /home/airflow/.local/lib/python3.12/site-packages/airflow/example_dags/example_branch_python_dop_operator_3.py
[2024-12-11T05:23:25.203+0000] {logging_mixin.py:190} INFO - [2024-12-11T05:23:25.202+0000] {dag.py:3239} INFO - Sync 1 DAGs
[2024-12-11T05:23:25.279+0000] {logging_mixin.py:190} INFO - [2024-12-11T05:23:25.278+0000] {dag.py:4180} INFO - Setting next_dagrun for example_branch_dop_operator_v3 to 2024-12-11 05:22:00+00:00, run_after=2024-12-11 05:23:00+00:00
[2024-12-11T05:23:25.324+0000] {processor.py:208} INFO - Processing /home/airflow/.local/lib/python3.12/site-packages/airflow/example_dags/example_branch_python_dop_operator_3.py took 0.224 seconds
[2024-12-11T05:24:56.582+0000] {processor.py:186} INFO - Started process (PID=1455) to work on /home/airflow/.local/lib/python3.12/site-packages/airflow/example_dags/example_branch_python_dop_operator_3.py
[2024-12-11T05:24:56.584+0000] {processor.py:914} INFO - Processing file /home/airflow/.local/lib/python3.12/site-packages/airflow/example_dags/example_branch_python_dop_operator_3.py for tasks to queue
[2024-12-11T05:24:56.586+0000] {logging_mixin.py:190} INFO - [2024-12-11T05:24:56.586+0000] {dagbag.py:588} INFO - Filling up the DagBag from /home/airflow/.local/lib/python3.12/site-packages/airflow/example_dags/example_branch_python_dop_operator_3.py
[2024-12-11T05:24:56.611+0000] {processor.py:925} INFO - DAG(s) 'example_branch_dop_operator_v3' retrieved from /home/airflow/.local/lib/python3.12/site-packages/airflow/example_dags/example_branch_python_dop_operator_3.py
[2024-12-11T05:24:56.657+0000] {logging_mixin.py:190} INFO - [2024-12-11T05:24:56.656+0000] {dag.py:3239} INFO - Sync 1 DAGs
[2024-12-11T05:24:56.715+0000] {logging_mixin.py:190} INFO - [2024-12-11T05:24:56.715+0000] {dag.py:4180} INFO - Setting next_dagrun for example_branch_dop_operator_v3 to 2024-12-11 05:23:00+00:00, run_after=2024-12-11 05:24:00+00:00
[2024-12-11T05:24:56.753+0000] {processor.py:208} INFO - Processing /home/airflow/.local/lib/python3.12/site-packages/airflow/example_dags/example_branch_python_dop_operator_3.py took 0.180 seconds
[2024-12-11T05:25:33.236+0000] {processor.py:186} INFO - Started process (PID=1518) to work on /home/airflow/.local/lib/python3.12/site-packages/airflow/example_dags/example_branch_python_dop_operator_3.py
[2024-12-11T05:25:33.239+0000] {processor.py:914} INFO - Processing file /home/airflow/.local/lib/python3.12/site-packages/airflow/example_dags/example_branch_python_dop_operator_3.py for tasks to queue
[2024-12-11T05:25:33.242+0000] {logging_mixin.py:190} INFO - [2024-12-11T05:25:33.241+0000] {dagbag.py:588} INFO - Filling up the DagBag from /home/airflow/.local/lib/python3.12/site-packages/airflow/example_dags/example_branch_python_dop_operator_3.py
[2024-12-11T05:25:33.277+0000] {processor.py:925} INFO - DAG(s) 'example_branch_dop_operator_v3' retrieved from /home/airflow/.local/lib/python3.12/site-packages/airflow/example_dags/example_branch_python_dop_operator_3.py
[2024-12-11T05:25:33.339+0000] {logging_mixin.py:190} INFO - [2024-12-11T05:25:33.339+0000] {dag.py:3239} INFO - Sync 1 DAGs
[2024-12-11T05:25:33.429+0000] {logging_mixin.py:190} INFO - [2024-12-11T05:25:33.428+0000] {dag.py:4180} INFO - Setting next_dagrun for example_branch_dop_operator_v3 to 2024-12-11 05:24:00+00:00, run_after=2024-12-11 05:25:00+00:00
[2024-12-11T05:25:33.489+0000] {processor.py:208} INFO - Processing /home/airflow/.local/lib/python3.12/site-packages/airflow/example_dags/example_branch_python_dop_operator_3.py took 0.268 seconds
[2024-12-11T05:26:06.381+0000] {processor.py:186} INFO - Started process (PID=1581) to work on /home/airflow/.local/lib/python3.12/site-packages/airflow/example_dags/example_branch_python_dop_operator_3.py
[2024-12-11T05:26:06.385+0000] {processor.py:914} INFO - Processing file /home/airflow/.local/lib/python3.12/site-packages/airflow/example_dags/example_branch_python_dop_operator_3.py for tasks to queue
[2024-12-11T05:26:06.391+0000] {logging_mixin.py:190} INFO - [2024-12-11T05:26:06.389+0000] {dagbag.py:588} INFO - Filling up the DagBag from /home/airflow/.local/lib/python3.12/site-packages/airflow/example_dags/example_branch_python_dop_operator_3.py
[2024-12-11T05:26:06.439+0000] {processor.py:925} INFO - DAG(s) 'example_branch_dop_operator_v3' retrieved from /home/airflow/.local/lib/python3.12/site-packages/airflow/example_dags/example_branch_python_dop_operator_3.py
[2024-12-11T05:26:06.501+0000] {logging_mixin.py:190} INFO - [2024-12-11T05:26:06.499+0000] {dag.py:3239} INFO - Sync 1 DAGs
[2024-12-11T05:26:06.606+0000] {logging_mixin.py:190} INFO - [2024-12-11T05:26:06.605+0000] {dag.py:4180} INFO - Setting next_dagrun for example_branch_dop_operator_v3 to 2024-12-11 05:25:00+00:00, run_after=2024-12-11 05:26:00+00:00
[2024-12-11T05:26:06.682+0000] {processor.py:208} INFO - Processing /home/airflow/.local/lib/python3.12/site-packages/airflow/example_dags/example_branch_python_dop_operator_3.py took 0.318 seconds
[2024-12-11T05:27:29.372+0000] {processor.py:186} INFO - Started process (PID=1667) to work on /home/airflow/.local/lib/python3.12/site-packages/airflow/example_dags/example_branch_python_dop_operator_3.py
[2024-12-11T05:27:29.376+0000] {processor.py:914} INFO - Processing file /home/airflow/.local/lib/python3.12/site-packages/airflow/example_dags/example_branch_python_dop_operator_3.py for tasks to queue
[2024-12-11T05:27:29.380+0000] {logging_mixin.py:190} INFO - [2024-12-11T05:27:29.379+0000] {dagbag.py:588} INFO - Filling up the DagBag from /home/airflow/.local/lib/python3.12/site-packages/airflow/example_dags/example_branch_python_dop_operator_3.py
[2024-12-11T05:27:29.440+0000] {processor.py:925} INFO - DAG(s) 'example_branch_dop_operator_v3' retrieved from /home/airflow/.local/lib/python3.12/site-packages/airflow/example_dags/example_branch_python_dop_operator_3.py
[2024-12-11T05:27:29.521+0000] {logging_mixin.py:190} INFO - [2024-12-11T05:27:29.520+0000] {dag.py:3239} INFO - Sync 1 DAGs
[2024-12-11T05:27:29.649+0000] {logging_mixin.py:190} INFO - [2024-12-11T05:27:29.648+0000] {dag.py:4180} INFO - Setting next_dagrun for example_branch_dop_operator_v3 to 2024-12-11 05:26:00+00:00, run_after=2024-12-11 05:27:00+00:00
[2024-12-11T05:27:29.732+0000] {processor.py:208} INFO - Processing /home/airflow/.local/lib/python3.12/site-packages/airflow/example_dags/example_branch_python_dop_operator_3.py took 0.375 seconds
