[2024-12-11T04:56:24.670+0000] {processor.py:186} INFO - Started process (PID=115) to work on /home/airflow/.local/lib/python3.12/site-packages/airflow/example_dags/example_sensor_decorator.py
[2024-12-11T04:56:24.675+0000] {processor.py:914} INFO - Processing file /home/airflow/.local/lib/python3.12/site-packages/airflow/example_dags/example_sensor_decorator.py for tasks to queue
[2024-12-11T04:56:24.682+0000] {logging_mixin.py:190} INFO - [2024-12-11T04:56:24.681+0000] {dagbag.py:588} INFO - Filling up the DagBag from /home/airflow/.local/lib/python3.12/site-packages/airflow/example_dags/example_sensor_decorator.py
[2024-12-11T04:56:24.714+0000] {processor.py:925} INFO - DAG(s) 'example_sensor_decorator' retrieved from /home/airflow/.local/lib/python3.12/site-packages/airflow/example_dags/example_sensor_decorator.py
[2024-12-11T04:56:25.075+0000] {logging_mixin.py:190} INFO - [2024-12-11T04:56:25.072+0000] {override.py:1911} INFO - Created Permission View: can delete on DAG:example_sensor_decorator
[2024-12-11T04:56:25.106+0000] {logging_mixin.py:190} INFO - [2024-12-11T04:56:25.104+0000] {override.py:1911} INFO - Created Permission View: can read on DAG:example_sensor_decorator
[2024-12-11T04:56:25.125+0000] {logging_mixin.py:190} INFO - [2024-12-11T04:56:25.125+0000] {override.py:1911} INFO - Created Permission View: can edit on DAG:example_sensor_decorator
[2024-12-11T04:56:25.148+0000] {logging_mixin.py:190} INFO - [2024-12-11T04:56:25.147+0000] {override.py:1911} INFO - Created Permission View: can delete on DAG Run:example_sensor_decorator
[2024-12-11T04:56:25.169+0000] {logging_mixin.py:190} INFO - [2024-12-11T04:56:25.168+0000] {override.py:1911} INFO - Created Permission View: can read on DAG Run:example_sensor_decorator
[2024-12-11T04:56:25.188+0000] {logging_mixin.py:190} INFO - [2024-12-11T04:56:25.187+0000] {override.py:1911} INFO - Created Permission View: menu access on DAG Run:example_sensor_decorator
[2024-12-11T04:56:25.209+0000] {logging_mixin.py:190} INFO - [2024-12-11T04:56:25.208+0000] {override.py:1911} INFO - Created Permission View: can create on DAG Run:example_sensor_decorator
[2024-12-11T04:56:25.210+0000] {logging_mixin.py:190} INFO - [2024-12-11T04:56:25.210+0000] {dag.py:3239} INFO - Sync 1 DAGs
[2024-12-11T04:56:25.242+0000] {logging_mixin.py:190} INFO - [2024-12-11T04:56:25.241+0000] {dag.py:3262} INFO - Creating ORM DAG for example_sensor_decorator
[2024-12-11T04:56:25.244+0000] {logging_mixin.py:190} INFO - [2024-12-11T04:56:25.244+0000] {dag.py:4180} INFO - Setting next_dagrun for example_sensor_decorator to None, run_after=None
[2024-12-11T04:56:25.288+0000] {processor.py:208} INFO - Processing /home/airflow/.local/lib/python3.12/site-packages/airflow/example_dags/example_sensor_decorator.py took 0.639 seconds
[2024-12-11T04:56:56.185+0000] {processor.py:186} INFO - Started process (PID=178) to work on /home/airflow/.local/lib/python3.12/site-packages/airflow/example_dags/example_sensor_decorator.py
[2024-12-11T04:56:56.187+0000] {processor.py:914} INFO - Processing file /home/airflow/.local/lib/python3.12/site-packages/airflow/example_dags/example_sensor_decorator.py for tasks to queue
[2024-12-11T04:56:56.193+0000] {logging_mixin.py:190} INFO - [2024-12-11T04:56:56.192+0000] {dagbag.py:588} INFO - Filling up the DagBag from /home/airflow/.local/lib/python3.12/site-packages/airflow/example_dags/example_sensor_decorator.py
[2024-12-11T04:56:56.214+0000] {processor.py:925} INFO - DAG(s) 'example_sensor_decorator' retrieved from /home/airflow/.local/lib/python3.12/site-packages/airflow/example_dags/example_sensor_decorator.py
[2024-12-11T04:56:56.260+0000] {logging_mixin.py:190} INFO - [2024-12-11T04:56:56.259+0000] {dag.py:3239} INFO - Sync 1 DAGs
[2024-12-11T04:56:56.304+0000] {logging_mixin.py:190} INFO - [2024-12-11T04:56:56.304+0000] {dag.py:4180} INFO - Setting next_dagrun for example_sensor_decorator to None, run_after=None
[2024-12-11T04:56:56.357+0000] {processor.py:208} INFO - Processing /home/airflow/.local/lib/python3.12/site-packages/airflow/example_dags/example_sensor_decorator.py took 0.185 seconds
[2024-12-11T05:00:59.969+0000] {processor.py:186} INFO - Started process (PID=246) to work on /home/airflow/.local/lib/python3.12/site-packages/airflow/example_dags/example_sensor_decorator.py
[2024-12-11T05:00:59.972+0000] {processor.py:914} INFO - Processing file /home/airflow/.local/lib/python3.12/site-packages/airflow/example_dags/example_sensor_decorator.py for tasks to queue
[2024-12-11T05:00:59.979+0000] {logging_mixin.py:190} INFO - [2024-12-11T05:00:59.977+0000] {dagbag.py:588} INFO - Filling up the DagBag from /home/airflow/.local/lib/python3.12/site-packages/airflow/example_dags/example_sensor_decorator.py
[2024-12-11T05:00:59.998+0000] {processor.py:925} INFO - DAG(s) 'example_sensor_decorator' retrieved from /home/airflow/.local/lib/python3.12/site-packages/airflow/example_dags/example_sensor_decorator.py
[2024-12-11T05:01:00.086+0000] {logging_mixin.py:190} INFO - [2024-12-11T05:01:00.086+0000] {dag.py:3239} INFO - Sync 1 DAGs
[2024-12-11T05:01:00.131+0000] {logging_mixin.py:190} INFO - [2024-12-11T05:01:00.131+0000] {dag.py:4180} INFO - Setting next_dagrun for example_sensor_decorator to None, run_after=None
[2024-12-11T05:01:00.178+0000] {processor.py:208} INFO - Processing /home/airflow/.local/lib/python3.12/site-packages/airflow/example_dags/example_sensor_decorator.py took 0.221 seconds
[2024-12-11T05:03:20.945+0000] {processor.py:186} INFO - Started process (PID=337) to work on /home/airflow/.local/lib/python3.12/site-packages/airflow/example_dags/example_sensor_decorator.py
[2024-12-11T05:03:20.948+0000] {processor.py:914} INFO - Processing file /home/airflow/.local/lib/python3.12/site-packages/airflow/example_dags/example_sensor_decorator.py for tasks to queue
[2024-12-11T05:03:20.952+0000] {logging_mixin.py:190} INFO - [2024-12-11T05:03:20.951+0000] {dagbag.py:588} INFO - Filling up the DagBag from /home/airflow/.local/lib/python3.12/site-packages/airflow/example_dags/example_sensor_decorator.py
[2024-12-11T05:03:20.987+0000] {processor.py:925} INFO - DAG(s) 'example_sensor_decorator' retrieved from /home/airflow/.local/lib/python3.12/site-packages/airflow/example_dags/example_sensor_decorator.py
[2024-12-11T05:03:21.050+0000] {logging_mixin.py:190} INFO - [2024-12-11T05:03:21.049+0000] {dag.py:3239} INFO - Sync 1 DAGs
[2024-12-11T05:03:21.127+0000] {logging_mixin.py:190} INFO - [2024-12-11T05:03:21.126+0000] {dag.py:4180} INFO - Setting next_dagrun for example_sensor_decorator to None, run_after=None
[2024-12-11T05:03:21.194+0000] {processor.py:208} INFO - Processing /home/airflow/.local/lib/python3.12/site-packages/airflow/example_dags/example_sensor_decorator.py took 0.268 seconds
[2024-12-11T05:03:51.618+0000] {processor.py:186} INFO - Started process (PID=398) to work on /home/airflow/.local/lib/python3.12/site-packages/airflow/example_dags/example_sensor_decorator.py
[2024-12-11T05:03:51.621+0000] {processor.py:914} INFO - Processing file /home/airflow/.local/lib/python3.12/site-packages/airflow/example_dags/example_sensor_decorator.py for tasks to queue
[2024-12-11T05:03:51.625+0000] {logging_mixin.py:190} INFO - [2024-12-11T05:03:51.624+0000] {dagbag.py:588} INFO - Filling up the DagBag from /home/airflow/.local/lib/python3.12/site-packages/airflow/example_dags/example_sensor_decorator.py
[2024-12-11T05:03:51.645+0000] {processor.py:925} INFO - DAG(s) 'example_sensor_decorator' retrieved from /home/airflow/.local/lib/python3.12/site-packages/airflow/example_dags/example_sensor_decorator.py
[2024-12-11T05:03:51.689+0000] {logging_mixin.py:190} INFO - [2024-12-11T05:03:51.689+0000] {dag.py:3239} INFO - Sync 1 DAGs
[2024-12-11T05:03:51.722+0000] {logging_mixin.py:190} INFO - [2024-12-11T05:03:51.721+0000] {dag.py:4180} INFO - Setting next_dagrun for example_sensor_decorator to None, run_after=None
[2024-12-11T05:03:51.770+0000] {processor.py:208} INFO - Processing /home/airflow/.local/lib/python3.12/site-packages/airflow/example_dags/example_sensor_decorator.py took 0.167 seconds
[2024-12-11T05:05:39.531+0000] {processor.py:186} INFO - Started process (PID=468) to work on /home/airflow/.local/lib/python3.12/site-packages/airflow/example_dags/example_sensor_decorator.py
[2024-12-11T05:05:39.533+0000] {processor.py:914} INFO - Processing file /home/airflow/.local/lib/python3.12/site-packages/airflow/example_dags/example_sensor_decorator.py for tasks to queue
[2024-12-11T05:05:39.536+0000] {logging_mixin.py:190} INFO - [2024-12-11T05:05:39.535+0000] {dagbag.py:588} INFO - Filling up the DagBag from /home/airflow/.local/lib/python3.12/site-packages/airflow/example_dags/example_sensor_decorator.py
[2024-12-11T05:05:39.558+0000] {processor.py:925} INFO - DAG(s) 'example_sensor_decorator' retrieved from /home/airflow/.local/lib/python3.12/site-packages/airflow/example_dags/example_sensor_decorator.py
[2024-12-11T05:05:39.610+0000] {logging_mixin.py:190} INFO - [2024-12-11T05:05:39.609+0000] {dag.py:3239} INFO - Sync 1 DAGs
[2024-12-11T05:05:39.652+0000] {logging_mixin.py:190} INFO - [2024-12-11T05:05:39.652+0000] {dag.py:4180} INFO - Setting next_dagrun for example_sensor_decorator to None, run_after=None
[2024-12-11T05:05:39.696+0000] {processor.py:208} INFO - Processing /home/airflow/.local/lib/python3.12/site-packages/airflow/example_dags/example_sensor_decorator.py took 0.177 seconds
[2024-12-11T05:06:17.164+0000] {processor.py:186} INFO - Started process (PID=531) to work on /home/airflow/.local/lib/python3.12/site-packages/airflow/example_dags/example_sensor_decorator.py
[2024-12-11T05:06:17.167+0000] {processor.py:914} INFO - Processing file /home/airflow/.local/lib/python3.12/site-packages/airflow/example_dags/example_sensor_decorator.py for tasks to queue
[2024-12-11T05:06:17.172+0000] {logging_mixin.py:190} INFO - [2024-12-11T05:06:17.170+0000] {dagbag.py:588} INFO - Filling up the DagBag from /home/airflow/.local/lib/python3.12/site-packages/airflow/example_dags/example_sensor_decorator.py
[2024-12-11T05:06:17.233+0000] {processor.py:925} INFO - DAG(s) 'example_sensor_decorator' retrieved from /home/airflow/.local/lib/python3.12/site-packages/airflow/example_dags/example_sensor_decorator.py
[2024-12-11T05:06:17.372+0000] {logging_mixin.py:190} INFO - [2024-12-11T05:06:17.368+0000] {dag.py:3239} INFO - Sync 1 DAGs
[2024-12-11T05:06:17.440+0000] {logging_mixin.py:190} INFO - [2024-12-11T05:06:17.439+0000] {dag.py:4180} INFO - Setting next_dagrun for example_sensor_decorator to None, run_after=None
[2024-12-11T05:06:17.542+0000] {processor.py:208} INFO - Processing /home/airflow/.local/lib/python3.12/site-packages/airflow/example_dags/example_sensor_decorator.py took 0.406 seconds
[2024-12-11T05:07:37.097+0000] {processor.py:186} INFO - Started process (PID=588) to work on /home/airflow/.local/lib/python3.12/site-packages/airflow/example_dags/example_sensor_decorator.py
[2024-12-11T05:07:37.100+0000] {processor.py:914} INFO - Processing file /home/airflow/.local/lib/python3.12/site-packages/airflow/example_dags/example_sensor_decorator.py for tasks to queue
[2024-12-11T05:07:37.103+0000] {logging_mixin.py:190} INFO - [2024-12-11T05:07:37.102+0000] {dagbag.py:588} INFO - Filling up the DagBag from /home/airflow/.local/lib/python3.12/site-packages/airflow/example_dags/example_sensor_decorator.py
[2024-12-11T05:07:37.121+0000] {processor.py:925} INFO - DAG(s) 'example_sensor_decorator' retrieved from /home/airflow/.local/lib/python3.12/site-packages/airflow/example_dags/example_sensor_decorator.py
[2024-12-11T05:07:37.167+0000] {logging_mixin.py:190} INFO - [2024-12-11T05:07:37.167+0000] {dag.py:3239} INFO - Sync 1 DAGs
[2024-12-11T05:07:37.203+0000] {logging_mixin.py:190} INFO - [2024-12-11T05:07:37.202+0000] {dag.py:4180} INFO - Setting next_dagrun for example_sensor_decorator to None, run_after=None
[2024-12-11T05:07:37.251+0000] {processor.py:208} INFO - Processing /home/airflow/.local/lib/python3.12/site-packages/airflow/example_dags/example_sensor_decorator.py took 0.165 seconds
[2024-12-11T05:08:09.532+0000] {processor.py:186} INFO - Started process (PID=651) to work on /home/airflow/.local/lib/python3.12/site-packages/airflow/example_dags/example_sensor_decorator.py
[2024-12-11T05:08:09.534+0000] {processor.py:914} INFO - Processing file /home/airflow/.local/lib/python3.12/site-packages/airflow/example_dags/example_sensor_decorator.py for tasks to queue
[2024-12-11T05:08:09.537+0000] {logging_mixin.py:190} INFO - [2024-12-11T05:08:09.536+0000] {dagbag.py:588} INFO - Filling up the DagBag from /home/airflow/.local/lib/python3.12/site-packages/airflow/example_dags/example_sensor_decorator.py
[2024-12-11T05:08:09.553+0000] {processor.py:925} INFO - DAG(s) 'example_sensor_decorator' retrieved from /home/airflow/.local/lib/python3.12/site-packages/airflow/example_dags/example_sensor_decorator.py
[2024-12-11T05:08:09.592+0000] {logging_mixin.py:190} INFO - [2024-12-11T05:08:09.591+0000] {dag.py:3239} INFO - Sync 1 DAGs
[2024-12-11T05:08:09.622+0000] {logging_mixin.py:190} INFO - [2024-12-11T05:08:09.622+0000] {dag.py:4180} INFO - Setting next_dagrun for example_sensor_decorator to None, run_after=None
[2024-12-11T05:08:09.663+0000] {processor.py:208} INFO - Processing /home/airflow/.local/lib/python3.12/site-packages/airflow/example_dags/example_sensor_decorator.py took 0.144 seconds
[2024-12-11T05:09:31.424+0000] {processor.py:186} INFO - Started process (PID=728) to work on /home/airflow/.local/lib/python3.12/site-packages/airflow/example_dags/example_sensor_decorator.py
[2024-12-11T05:09:31.440+0000] {processor.py:914} INFO - Processing file /home/airflow/.local/lib/python3.12/site-packages/airflow/example_dags/example_sensor_decorator.py for tasks to queue
[2024-12-11T05:09:31.445+0000] {logging_mixin.py:190} INFO - [2024-12-11T05:09:31.444+0000] {dagbag.py:588} INFO - Filling up the DagBag from /home/airflow/.local/lib/python3.12/site-packages/airflow/example_dags/example_sensor_decorator.py
[2024-12-11T05:09:31.471+0000] {processor.py:925} INFO - DAG(s) 'example_sensor_decorator' retrieved from /home/airflow/.local/lib/python3.12/site-packages/airflow/example_dags/example_sensor_decorator.py
[2024-12-11T05:09:31.560+0000] {logging_mixin.py:190} INFO - [2024-12-11T05:09:31.559+0000] {dag.py:3239} INFO - Sync 1 DAGs
[2024-12-11T05:09:31.619+0000] {logging_mixin.py:190} INFO - [2024-12-11T05:09:31.618+0000] {dag.py:4180} INFO - Setting next_dagrun for example_sensor_decorator to None, run_after=None
[2024-12-11T05:09:31.682+0000] {processor.py:208} INFO - Processing /home/airflow/.local/lib/python3.12/site-packages/airflow/example_dags/example_sensor_decorator.py took 0.284 seconds
[2024-12-11T05:10:02.260+0000] {processor.py:186} INFO - Started process (PID=790) to work on /home/airflow/.local/lib/python3.12/site-packages/airflow/example_dags/example_sensor_decorator.py
[2024-12-11T05:10:02.264+0000] {processor.py:914} INFO - Processing file /home/airflow/.local/lib/python3.12/site-packages/airflow/example_dags/example_sensor_decorator.py for tasks to queue
[2024-12-11T05:10:02.267+0000] {logging_mixin.py:190} INFO - [2024-12-11T05:10:02.266+0000] {dagbag.py:588} INFO - Filling up the DagBag from /home/airflow/.local/lib/python3.12/site-packages/airflow/example_dags/example_sensor_decorator.py
[2024-12-11T05:10:02.291+0000] {processor.py:925} INFO - DAG(s) 'example_sensor_decorator' retrieved from /home/airflow/.local/lib/python3.12/site-packages/airflow/example_dags/example_sensor_decorator.py
[2024-12-11T05:10:02.342+0000] {logging_mixin.py:190} INFO - [2024-12-11T05:10:02.341+0000] {dag.py:3239} INFO - Sync 1 DAGs
[2024-12-11T05:10:02.381+0000] {logging_mixin.py:190} INFO - [2024-12-11T05:10:02.381+0000] {dag.py:4180} INFO - Setting next_dagrun for example_sensor_decorator to None, run_after=None
[2024-12-11T05:10:02.425+0000] {processor.py:208} INFO - Processing /home/airflow/.local/lib/python3.12/site-packages/airflow/example_dags/example_sensor_decorator.py took 0.181 seconds
[2024-12-11T05:10:36.700+0000] {processor.py:186} INFO - Started process (PID=854) to work on /home/airflow/.local/lib/python3.12/site-packages/airflow/example_dags/example_sensor_decorator.py
[2024-12-11T05:10:36.703+0000] {processor.py:914} INFO - Processing file /home/airflow/.local/lib/python3.12/site-packages/airflow/example_dags/example_sensor_decorator.py for tasks to queue
[2024-12-11T05:10:36.706+0000] {logging_mixin.py:190} INFO - [2024-12-11T05:10:36.705+0000] {dagbag.py:588} INFO - Filling up the DagBag from /home/airflow/.local/lib/python3.12/site-packages/airflow/example_dags/example_sensor_decorator.py
[2024-12-11T05:10:36.735+0000] {processor.py:925} INFO - DAG(s) 'example_sensor_decorator' retrieved from /home/airflow/.local/lib/python3.12/site-packages/airflow/example_dags/example_sensor_decorator.py
[2024-12-11T05:10:36.805+0000] {logging_mixin.py:190} INFO - [2024-12-11T05:10:36.804+0000] {dag.py:3239} INFO - Sync 1 DAGs
[2024-12-11T05:10:36.851+0000] {logging_mixin.py:190} INFO - [2024-12-11T05:10:36.851+0000] {dag.py:4180} INFO - Setting next_dagrun for example_sensor_decorator to None, run_after=None
[2024-12-11T05:10:36.920+0000] {processor.py:208} INFO - Processing /home/airflow/.local/lib/python3.12/site-packages/airflow/example_dags/example_sensor_decorator.py took 0.235 seconds
[2024-12-11T05:17:21.755+0000] {processor.py:186} INFO - Started process (PID=949) to work on /home/airflow/.local/lib/python3.12/site-packages/airflow/example_dags/example_sensor_decorator.py
[2024-12-11T05:17:21.758+0000] {processor.py:914} INFO - Processing file /home/airflow/.local/lib/python3.12/site-packages/airflow/example_dags/example_sensor_decorator.py for tasks to queue
[2024-12-11T05:17:21.764+0000] {logging_mixin.py:190} INFO - [2024-12-11T05:17:21.763+0000] {dagbag.py:588} INFO - Filling up the DagBag from /home/airflow/.local/lib/python3.12/site-packages/airflow/example_dags/example_sensor_decorator.py
[2024-12-11T05:17:21.795+0000] {processor.py:925} INFO - DAG(s) 'example_sensor_decorator' retrieved from /home/airflow/.local/lib/python3.12/site-packages/airflow/example_dags/example_sensor_decorator.py
[2024-12-11T05:17:21.992+0000] {logging_mixin.py:190} INFO - [2024-12-11T05:17:21.992+0000] {dag.py:3239} INFO - Sync 1 DAGs
[2024-12-11T05:17:22.069+0000] {logging_mixin.py:190} INFO - [2024-12-11T05:17:22.069+0000] {dag.py:4180} INFO - Setting next_dagrun for example_sensor_decorator to None, run_after=None
[2024-12-11T05:17:22.163+0000] {processor.py:208} INFO - Processing /home/airflow/.local/lib/python3.12/site-packages/airflow/example_dags/example_sensor_decorator.py took 0.431 seconds
[2024-12-11T05:17:53.188+0000] {processor.py:186} INFO - Started process (PID=1011) to work on /home/airflow/.local/lib/python3.12/site-packages/airflow/example_dags/example_sensor_decorator.py
[2024-12-11T05:17:53.192+0000] {processor.py:914} INFO - Processing file /home/airflow/.local/lib/python3.12/site-packages/airflow/example_dags/example_sensor_decorator.py for tasks to queue
[2024-12-11T05:17:53.196+0000] {logging_mixin.py:190} INFO - [2024-12-11T05:17:53.195+0000] {dagbag.py:588} INFO - Filling up the DagBag from /home/airflow/.local/lib/python3.12/site-packages/airflow/example_dags/example_sensor_decorator.py
[2024-12-11T05:17:53.222+0000] {processor.py:925} INFO - DAG(s) 'example_sensor_decorator' retrieved from /home/airflow/.local/lib/python3.12/site-packages/airflow/example_dags/example_sensor_decorator.py
[2024-12-11T05:17:53.296+0000] {logging_mixin.py:190} INFO - [2024-12-11T05:17:53.296+0000] {dag.py:3239} INFO - Sync 1 DAGs
[2024-12-11T05:17:53.343+0000] {logging_mixin.py:190} INFO - [2024-12-11T05:17:53.343+0000] {dag.py:4180} INFO - Setting next_dagrun for example_sensor_decorator to None, run_after=None
[2024-12-11T05:17:53.398+0000] {processor.py:208} INFO - Processing /home/airflow/.local/lib/python3.12/site-packages/airflow/example_dags/example_sensor_decorator.py took 0.228 seconds
[2024-12-11T05:18:24.175+0000] {processor.py:186} INFO - Started process (PID=1074) to work on /home/airflow/.local/lib/python3.12/site-packages/airflow/example_dags/example_sensor_decorator.py
[2024-12-11T05:18:24.177+0000] {processor.py:914} INFO - Processing file /home/airflow/.local/lib/python3.12/site-packages/airflow/example_dags/example_sensor_decorator.py for tasks to queue
[2024-12-11T05:18:24.179+0000] {logging_mixin.py:190} INFO - [2024-12-11T05:18:24.179+0000] {dagbag.py:588} INFO - Filling up the DagBag from /home/airflow/.local/lib/python3.12/site-packages/airflow/example_dags/example_sensor_decorator.py
[2024-12-11T05:18:24.194+0000] {processor.py:925} INFO - DAG(s) 'example_sensor_decorator' retrieved from /home/airflow/.local/lib/python3.12/site-packages/airflow/example_dags/example_sensor_decorator.py
[2024-12-11T05:18:24.232+0000] {logging_mixin.py:190} INFO - [2024-12-11T05:18:24.232+0000] {dag.py:3239} INFO - Sync 1 DAGs
[2024-12-11T05:18:24.258+0000] {logging_mixin.py:190} INFO - [2024-12-11T05:18:24.257+0000] {dag.py:4180} INFO - Setting next_dagrun for example_sensor_decorator to None, run_after=None
[2024-12-11T05:18:24.296+0000] {processor.py:208} INFO - Processing /home/airflow/.local/lib/python3.12/site-packages/airflow/example_dags/example_sensor_decorator.py took 0.131 seconds
[2024-12-11T05:18:55.321+0000] {processor.py:186} INFO - Started process (PID=1137) to work on /home/airflow/.local/lib/python3.12/site-packages/airflow/example_dags/example_sensor_decorator.py
[2024-12-11T05:18:55.323+0000] {processor.py:914} INFO - Processing file /home/airflow/.local/lib/python3.12/site-packages/airflow/example_dags/example_sensor_decorator.py for tasks to queue
[2024-12-11T05:18:55.325+0000] {logging_mixin.py:190} INFO - [2024-12-11T05:18:55.325+0000] {dagbag.py:588} INFO - Filling up the DagBag from /home/airflow/.local/lib/python3.12/site-packages/airflow/example_dags/example_sensor_decorator.py
[2024-12-11T05:18:55.338+0000] {processor.py:925} INFO - DAG(s) 'example_sensor_decorator' retrieved from /home/airflow/.local/lib/python3.12/site-packages/airflow/example_dags/example_sensor_decorator.py
[2024-12-11T05:18:55.371+0000] {logging_mixin.py:190} INFO - [2024-12-11T05:18:55.370+0000] {dag.py:3239} INFO - Sync 1 DAGs
[2024-12-11T05:18:55.395+0000] {logging_mixin.py:190} INFO - [2024-12-11T05:18:55.394+0000] {dag.py:4180} INFO - Setting next_dagrun for example_sensor_decorator to None, run_after=None
[2024-12-11T05:18:55.429+0000] {processor.py:208} INFO - Processing /home/airflow/.local/lib/python3.12/site-packages/airflow/example_dags/example_sensor_decorator.py took 0.117 seconds
[2024-12-11T05:19:25.924+0000] {processor.py:186} INFO - Started process (PID=1200) to work on /home/airflow/.local/lib/python3.12/site-packages/airflow/example_dags/example_sensor_decorator.py
[2024-12-11T05:19:25.925+0000] {processor.py:914} INFO - Processing file /home/airflow/.local/lib/python3.12/site-packages/airflow/example_dags/example_sensor_decorator.py for tasks to queue
[2024-12-11T05:19:25.927+0000] {logging_mixin.py:190} INFO - [2024-12-11T05:19:25.927+0000] {dagbag.py:588} INFO - Filling up the DagBag from /home/airflow/.local/lib/python3.12/site-packages/airflow/example_dags/example_sensor_decorator.py
[2024-12-11T05:19:25.942+0000] {processor.py:925} INFO - DAG(s) 'example_sensor_decorator' retrieved from /home/airflow/.local/lib/python3.12/site-packages/airflow/example_dags/example_sensor_decorator.py
[2024-12-11T05:19:25.981+0000] {logging_mixin.py:190} INFO - [2024-12-11T05:19:25.981+0000] {dag.py:3239} INFO - Sync 1 DAGs
[2024-12-11T05:19:26.008+0000] {logging_mixin.py:190} INFO - [2024-12-11T05:19:26.008+0000] {dag.py:4180} INFO - Setting next_dagrun for example_sensor_decorator to None, run_after=None
[2024-12-11T05:19:26.040+0000] {processor.py:208} INFO - Processing /home/airflow/.local/lib/python3.12/site-packages/airflow/example_dags/example_sensor_decorator.py took 0.126 seconds
[2024-12-11T05:20:03.824+0000] {processor.py:186} INFO - Started process (PID=1263) to work on /home/airflow/.local/lib/python3.12/site-packages/airflow/example_dags/example_sensor_decorator.py
[2024-12-11T05:20:03.829+0000] {processor.py:914} INFO - Processing file /home/airflow/.local/lib/python3.12/site-packages/airflow/example_dags/example_sensor_decorator.py for tasks to queue
[2024-12-11T05:20:03.833+0000] {logging_mixin.py:190} INFO - [2024-12-11T05:20:03.832+0000] {dagbag.py:588} INFO - Filling up the DagBag from /home/airflow/.local/lib/python3.12/site-packages/airflow/example_dags/example_sensor_decorator.py
[2024-12-11T05:20:03.851+0000] {processor.py:925} INFO - DAG(s) 'example_sensor_decorator' retrieved from /home/airflow/.local/lib/python3.12/site-packages/airflow/example_dags/example_sensor_decorator.py
[2024-12-11T05:20:03.898+0000] {logging_mixin.py:190} INFO - [2024-12-11T05:20:03.897+0000] {dag.py:3239} INFO - Sync 1 DAGs
[2024-12-11T05:20:03.943+0000] {logging_mixin.py:190} INFO - [2024-12-11T05:20:03.942+0000] {dag.py:4180} INFO - Setting next_dagrun for example_sensor_decorator to None, run_after=None
[2024-12-11T05:20:04.013+0000] {processor.py:208} INFO - Processing /home/airflow/.local/lib/python3.12/site-packages/airflow/example_dags/example_sensor_decorator.py took 0.201 seconds
[2024-12-11T05:23:11.374+0000] {processor.py:186} INFO - Started process (PID=1326) to work on /home/airflow/.local/lib/python3.12/site-packages/airflow/example_dags/example_sensor_decorator.py
[2024-12-11T05:23:11.388+0000] {processor.py:914} INFO - Processing file /home/airflow/.local/lib/python3.12/site-packages/airflow/example_dags/example_sensor_decorator.py for tasks to queue
[2024-12-11T05:23:11.398+0000] {logging_mixin.py:190} INFO - [2024-12-11T05:23:11.397+0000] {dagbag.py:588} INFO - Filling up the DagBag from /home/airflow/.local/lib/python3.12/site-packages/airflow/example_dags/example_sensor_decorator.py
[2024-12-11T05:23:11.474+0000] {processor.py:925} INFO - DAG(s) 'example_sensor_decorator' retrieved from /home/airflow/.local/lib/python3.12/site-packages/airflow/example_dags/example_sensor_decorator.py
[2024-12-11T05:23:11.629+0000] {logging_mixin.py:190} INFO - [2024-12-11T05:23:11.628+0000] {dag.py:3239} INFO - Sync 1 DAGs
[2024-12-11T05:23:11.686+0000] {logging_mixin.py:190} INFO - [2024-12-11T05:23:11.685+0000] {dag.py:4180} INFO - Setting next_dagrun for example_sensor_decorator to None, run_after=None
[2024-12-11T05:23:11.769+0000] {processor.py:208} INFO - Processing /home/airflow/.local/lib/python3.12/site-packages/airflow/example_dags/example_sensor_decorator.py took 0.462 seconds
[2024-12-11T05:23:42.037+0000] {processor.py:186} INFO - Started process (PID=1388) to work on /home/airflow/.local/lib/python3.12/site-packages/airflow/example_dags/example_sensor_decorator.py
[2024-12-11T05:23:42.039+0000] {processor.py:914} INFO - Processing file /home/airflow/.local/lib/python3.12/site-packages/airflow/example_dags/example_sensor_decorator.py for tasks to queue
[2024-12-11T05:23:42.042+0000] {logging_mixin.py:190} INFO - [2024-12-11T05:23:42.041+0000] {dagbag.py:588} INFO - Filling up the DagBag from /home/airflow/.local/lib/python3.12/site-packages/airflow/example_dags/example_sensor_decorator.py
[2024-12-11T05:23:42.066+0000] {processor.py:925} INFO - DAG(s) 'example_sensor_decorator' retrieved from /home/airflow/.local/lib/python3.12/site-packages/airflow/example_dags/example_sensor_decorator.py
[2024-12-11T05:23:42.152+0000] {logging_mixin.py:190} INFO - [2024-12-11T05:23:42.151+0000] {dag.py:3239} INFO - Sync 1 DAGs
[2024-12-11T05:23:42.204+0000] {logging_mixin.py:190} INFO - [2024-12-11T05:23:42.203+0000] {dag.py:4180} INFO - Setting next_dagrun for example_sensor_decorator to None, run_after=None
[2024-12-11T05:23:42.266+0000] {processor.py:208} INFO - Processing /home/airflow/.local/lib/python3.12/site-packages/airflow/example_dags/example_sensor_decorator.py took 0.242 seconds
[2024-12-11T05:24:54.434+0000] {processor.py:186} INFO - Started process (PID=1439) to work on /home/airflow/.local/lib/python3.12/site-packages/airflow/example_dags/example_sensor_decorator.py
[2024-12-11T05:24:54.436+0000] {processor.py:914} INFO - Processing file /home/airflow/.local/lib/python3.12/site-packages/airflow/example_dags/example_sensor_decorator.py for tasks to queue
[2024-12-11T05:24:54.438+0000] {logging_mixin.py:190} INFO - [2024-12-11T05:24:54.438+0000] {dagbag.py:588} INFO - Filling up the DagBag from /home/airflow/.local/lib/python3.12/site-packages/airflow/example_dags/example_sensor_decorator.py
[2024-12-11T05:24:54.453+0000] {processor.py:925} INFO - DAG(s) 'example_sensor_decorator' retrieved from /home/airflow/.local/lib/python3.12/site-packages/airflow/example_dags/example_sensor_decorator.py
[2024-12-11T05:24:54.489+0000] {logging_mixin.py:190} INFO - [2024-12-11T05:24:54.489+0000] {dag.py:3239} INFO - Sync 1 DAGs
[2024-12-11T05:24:54.519+0000] {logging_mixin.py:190} INFO - [2024-12-11T05:24:54.518+0000] {dag.py:4180} INFO - Setting next_dagrun for example_sensor_decorator to None, run_after=None
[2024-12-11T05:24:54.563+0000] {processor.py:208} INFO - Processing /home/airflow/.local/lib/python3.12/site-packages/airflow/example_dags/example_sensor_decorator.py took 0.138 seconds
[2024-12-11T05:25:28.872+0000] {processor.py:186} INFO - Started process (PID=1502) to work on /home/airflow/.local/lib/python3.12/site-packages/airflow/example_dags/example_sensor_decorator.py
[2024-12-11T05:25:28.877+0000] {processor.py:914} INFO - Processing file /home/airflow/.local/lib/python3.12/site-packages/airflow/example_dags/example_sensor_decorator.py for tasks to queue
[2024-12-11T05:25:28.881+0000] {logging_mixin.py:190} INFO - [2024-12-11T05:25:28.880+0000] {dagbag.py:588} INFO - Filling up the DagBag from /home/airflow/.local/lib/python3.12/site-packages/airflow/example_dags/example_sensor_decorator.py
[2024-12-11T05:25:28.902+0000] {processor.py:925} INFO - DAG(s) 'example_sensor_decorator' retrieved from /home/airflow/.local/lib/python3.12/site-packages/airflow/example_dags/example_sensor_decorator.py
[2024-12-11T05:25:28.956+0000] {logging_mixin.py:190} INFO - [2024-12-11T05:25:28.955+0000] {dag.py:3239} INFO - Sync 1 DAGs
[2024-12-11T05:25:29.004+0000] {logging_mixin.py:190} INFO - [2024-12-11T05:25:29.003+0000] {dag.py:4180} INFO - Setting next_dagrun for example_sensor_decorator to None, run_after=None
[2024-12-11T05:25:29.045+0000] {processor.py:208} INFO - Processing /home/airflow/.local/lib/python3.12/site-packages/airflow/example_dags/example_sensor_decorator.py took 0.189 seconds
[2024-12-11T05:26:01.953+0000] {processor.py:186} INFO - Started process (PID=1564) to work on /home/airflow/.local/lib/python3.12/site-packages/airflow/example_dags/example_sensor_decorator.py
[2024-12-11T05:26:01.956+0000] {processor.py:914} INFO - Processing file /home/airflow/.local/lib/python3.12/site-packages/airflow/example_dags/example_sensor_decorator.py for tasks to queue
[2024-12-11T05:26:01.959+0000] {logging_mixin.py:190} INFO - [2024-12-11T05:26:01.958+0000] {dagbag.py:588} INFO - Filling up the DagBag from /home/airflow/.local/lib/python3.12/site-packages/airflow/example_dags/example_sensor_decorator.py
[2024-12-11T05:26:01.978+0000] {processor.py:925} INFO - DAG(s) 'example_sensor_decorator' retrieved from /home/airflow/.local/lib/python3.12/site-packages/airflow/example_dags/example_sensor_decorator.py
[2024-12-11T05:26:02.022+0000] {logging_mixin.py:190} INFO - [2024-12-11T05:26:02.022+0000] {dag.py:3239} INFO - Sync 1 DAGs
[2024-12-11T05:26:02.064+0000] {logging_mixin.py:190} INFO - [2024-12-11T05:26:02.064+0000] {dag.py:4180} INFO - Setting next_dagrun for example_sensor_decorator to None, run_after=None
[2024-12-11T05:26:02.119+0000] {processor.py:208} INFO - Processing /home/airflow/.local/lib/python3.12/site-packages/airflow/example_dags/example_sensor_decorator.py took 0.176 seconds
[2024-12-11T05:27:25.770+0000] {processor.py:186} INFO - Started process (PID=1651) to work on /home/airflow/.local/lib/python3.12/site-packages/airflow/example_dags/example_sensor_decorator.py
[2024-12-11T05:27:25.773+0000] {processor.py:914} INFO - Processing file /home/airflow/.local/lib/python3.12/site-packages/airflow/example_dags/example_sensor_decorator.py for tasks to queue
[2024-12-11T05:27:25.777+0000] {logging_mixin.py:190} INFO - [2024-12-11T05:27:25.776+0000] {dagbag.py:588} INFO - Filling up the DagBag from /home/airflow/.local/lib/python3.12/site-packages/airflow/example_dags/example_sensor_decorator.py
[2024-12-11T05:27:25.807+0000] {processor.py:925} INFO - DAG(s) 'example_sensor_decorator' retrieved from /home/airflow/.local/lib/python3.12/site-packages/airflow/example_dags/example_sensor_decorator.py
[2024-12-11T05:27:25.874+0000] {logging_mixin.py:190} INFO - [2024-12-11T05:27:25.873+0000] {dag.py:3239} INFO - Sync 1 DAGs
[2024-12-11T05:27:25.927+0000] {logging_mixin.py:190} INFO - [2024-12-11T05:27:25.926+0000] {dag.py:4180} INFO - Setting next_dagrun for example_sensor_decorator to None, run_after=None
[2024-12-11T05:27:26.022+0000] {processor.py:208} INFO - Processing /home/airflow/.local/lib/python3.12/site-packages/airflow/example_dags/example_sensor_decorator.py took 0.270 seconds
