[2024-12-11T04:56:17.752+0000] {processor.py:186} INFO - Started process (PID=101) to work on /home/airflow/.local/lib/python3.12/site-packages/airflow/example_dags/example_complex.py
[2024-12-11T04:56:17.757+0000] {processor.py:914} INFO - Processing file /home/airflow/.local/lib/python3.12/site-packages/airflow/example_dags/example_complex.py for tasks to queue
[2024-12-11T04:56:17.784+0000] {logging_mixin.py:190} INFO - [2024-12-11T04:56:17.781+0000] {dagbag.py:588} INFO - Filling up the DagBag from /home/airflow/.local/lib/python3.12/site-packages/airflow/example_dags/example_complex.py
[2024-12-11T04:56:17.921+0000] {processor.py:925} INFO - DAG(s) 'example_complex' retrieved from /home/airflow/.local/lib/python3.12/site-packages/airflow/example_dags/example_complex.py
[2024-12-11T04:56:19.056+0000] {logging_mixin.py:190} INFO - [2024-12-11T04:56:19.050+0000] {override.py:1911} INFO - Created Permission View: can delete on DAG:example_complex
[2024-12-11T04:56:19.114+0000] {logging_mixin.py:190} INFO - [2024-12-11T04:56:19.113+0000] {override.py:1911} INFO - Created Permission View: can read on DAG:example_complex
[2024-12-11T04:56:19.154+0000] {logging_mixin.py:190} INFO - [2024-12-11T04:56:19.153+0000] {override.py:1911} INFO - Created Permission View: can edit on DAG:example_complex
[2024-12-11T04:56:19.185+0000] {logging_mixin.py:190} INFO - [2024-12-11T04:56:19.185+0000] {override.py:1911} INFO - Created Permission View: can delete on DAG Run:example_complex
[2024-12-11T04:56:19.216+0000] {logging_mixin.py:190} INFO - [2024-12-11T04:56:19.215+0000] {override.py:1911} INFO - Created Permission View: can read on DAG Run:example_complex
[2024-12-11T04:56:19.239+0000] {logging_mixin.py:190} INFO - [2024-12-11T04:56:19.238+0000] {override.py:1911} INFO - Created Permission View: menu access on DAG Run:example_complex
[2024-12-11T04:56:19.261+0000] {logging_mixin.py:190} INFO - [2024-12-11T04:56:19.260+0000] {override.py:1911} INFO - Created Permission View: can create on DAG Run:example_complex
[2024-12-11T04:56:19.262+0000] {logging_mixin.py:190} INFO - [2024-12-11T04:56:19.262+0000] {dag.py:3239} INFO - Sync 1 DAGs
[2024-12-11T04:56:19.364+0000] {logging_mixin.py:190} INFO - [2024-12-11T04:56:19.363+0000] {dag.py:3262} INFO - Creating ORM DAG for example_complex
[2024-12-11T04:56:19.368+0000] {logging_mixin.py:190} INFO - [2024-12-11T04:56:19.367+0000] {dag.py:4180} INFO - Setting next_dagrun for example_complex to None, run_after=None
[2024-12-11T04:56:19.437+0000] {processor.py:208} INFO - Processing /home/airflow/.local/lib/python3.12/site-packages/airflow/example_dags/example_complex.py took 1.761 seconds
[2024-12-11T04:56:53.111+0000] {processor.py:186} INFO - Started process (PID=165) to work on /home/airflow/.local/lib/python3.12/site-packages/airflow/example_dags/example_complex.py
[2024-12-11T04:56:53.114+0000] {processor.py:914} INFO - Processing file /home/airflow/.local/lib/python3.12/site-packages/airflow/example_dags/example_complex.py for tasks to queue
[2024-12-11T04:56:53.126+0000] {logging_mixin.py:190} INFO - [2024-12-11T04:56:53.122+0000] {dagbag.py:588} INFO - Filling up the DagBag from /home/airflow/.local/lib/python3.12/site-packages/airflow/example_dags/example_complex.py
[2024-12-11T04:56:53.170+0000] {processor.py:925} INFO - DAG(s) 'example_complex' retrieved from /home/airflow/.local/lib/python3.12/site-packages/airflow/example_dags/example_complex.py
[2024-12-11T04:56:53.472+0000] {logging_mixin.py:190} INFO - [2024-12-11T04:56:53.471+0000] {dag.py:3239} INFO - Sync 1 DAGs
[2024-12-11T04:56:53.557+0000] {logging_mixin.py:190} INFO - [2024-12-11T04:56:53.556+0000] {dag.py:4180} INFO - Setting next_dagrun for example_complex to None, run_after=None
[2024-12-11T04:56:53.627+0000] {processor.py:208} INFO - Processing /home/airflow/.local/lib/python3.12/site-packages/airflow/example_dags/example_complex.py took 0.545 seconds
[2024-12-11T05:00:57.782+0000] {processor.py:186} INFO - Started process (PID=239) to work on /home/airflow/.local/lib/python3.12/site-packages/airflow/example_dags/example_complex.py
[2024-12-11T05:00:57.786+0000] {processor.py:914} INFO - Processing file /home/airflow/.local/lib/python3.12/site-packages/airflow/example_dags/example_complex.py for tasks to queue
[2024-12-11T05:00:57.797+0000] {logging_mixin.py:190} INFO - [2024-12-11T05:00:57.795+0000] {dagbag.py:588} INFO - Filling up the DagBag from /home/airflow/.local/lib/python3.12/site-packages/airflow/example_dags/example_complex.py
[2024-12-11T05:00:57.831+0000] {processor.py:925} INFO - DAG(s) 'example_complex' retrieved from /home/airflow/.local/lib/python3.12/site-packages/airflow/example_dags/example_complex.py
[2024-12-11T05:00:57.953+0000] {logging_mixin.py:190} INFO - [2024-12-11T05:00:57.950+0000] {dag.py:3239} INFO - Sync 1 DAGs
[2024-12-11T05:00:58.038+0000] {logging_mixin.py:190} INFO - [2024-12-11T05:00:58.037+0000] {dag.py:4180} INFO - Setting next_dagrun for example_complex to None, run_after=None
[2024-12-11T05:00:58.111+0000] {processor.py:208} INFO - Processing /home/airflow/.local/lib/python3.12/site-packages/airflow/example_dags/example_complex.py took 0.359 seconds
[2024-12-11T05:02:25.898+0000] {processor.py:186} INFO - Started process (PID=302) to work on /home/airflow/.local/lib/python3.12/site-packages/airflow/example_dags/example_complex.py
[2024-12-11T05:02:25.913+0000] {processor.py:914} INFO - Processing file /home/airflow/.local/lib/python3.12/site-packages/airflow/example_dags/example_complex.py for tasks to queue
[2024-12-11T05:02:25.929+0000] {logging_mixin.py:190} INFO - [2024-12-11T05:02:25.923+0000] {dagbag.py:588} INFO - Filling up the DagBag from /home/airflow/.local/lib/python3.12/site-packages/airflow/example_dags/example_complex.py
[2024-12-11T05:02:26.156+0000] {processor.py:925} INFO - DAG(s) 'example_complex' retrieved from /home/airflow/.local/lib/python3.12/site-packages/airflow/example_dags/example_complex.py
[2024-12-11T05:02:44.407+0000] {logging_mixin.py:190} INFO - [2024-12-11T05:02:44.406+0000] {dag.py:3239} INFO - Sync 1 DAGs
[2024-12-11T05:02:44.605+0000] {logging_mixin.py:190} INFO - [2024-12-11T05:02:44.605+0000] {dag.py:4180} INFO - Setting next_dagrun for example_complex to None, run_after=None
[2024-12-11T05:02:44.751+0000] {processor.py:208} INFO - Processing /home/airflow/.local/lib/python3.12/site-packages/airflow/example_dags/example_complex.py took 18.927 seconds
[2024-12-11T05:03:32.533+0000] {processor.py:186} INFO - Started process (PID=378) to work on /home/airflow/.local/lib/python3.12/site-packages/airflow/example_dags/example_complex.py
[2024-12-11T05:03:32.536+0000] {processor.py:914} INFO - Processing file /home/airflow/.local/lib/python3.12/site-packages/airflow/example_dags/example_complex.py for tasks to queue
[2024-12-11T05:03:32.539+0000] {logging_mixin.py:190} INFO - [2024-12-11T05:03:32.539+0000] {dagbag.py:588} INFO - Filling up the DagBag from /home/airflow/.local/lib/python3.12/site-packages/airflow/example_dags/example_complex.py
[2024-12-11T05:03:32.568+0000] {processor.py:925} INFO - DAG(s) 'example_complex' retrieved from /home/airflow/.local/lib/python3.12/site-packages/airflow/example_dags/example_complex.py
[2024-12-11T05:03:32.662+0000] {logging_mixin.py:190} INFO - [2024-12-11T05:03:32.662+0000] {dag.py:3239} INFO - Sync 1 DAGs
[2024-12-11T05:03:32.698+0000] {logging_mixin.py:190} INFO - [2024-12-11T05:03:32.697+0000] {dag.py:4180} INFO - Setting next_dagrun for example_complex to None, run_after=None
[2024-12-11T05:03:32.744+0000] {processor.py:208} INFO - Processing /home/airflow/.local/lib/python3.12/site-packages/airflow/example_dags/example_complex.py took 0.222 seconds
[2024-12-11T05:05:25.252+0000] {processor.py:186} INFO - Started process (PID=432) to work on /home/airflow/.local/lib/python3.12/site-packages/airflow/example_dags/example_complex.py
[2024-12-11T05:05:25.255+0000] {processor.py:914} INFO - Processing file /home/airflow/.local/lib/python3.12/site-packages/airflow/example_dags/example_complex.py for tasks to queue
[2024-12-11T05:05:25.265+0000] {logging_mixin.py:190} INFO - [2024-12-11T05:05:25.264+0000] {dagbag.py:588} INFO - Filling up the DagBag from /home/airflow/.local/lib/python3.12/site-packages/airflow/example_dags/example_complex.py
[2024-12-11T05:05:25.378+0000] {processor.py:925} INFO - DAG(s) 'example_complex' retrieved from /home/airflow/.local/lib/python3.12/site-packages/airflow/example_dags/example_complex.py
[2024-12-11T05:05:26.094+0000] {logging_mixin.py:190} INFO - [2024-12-11T05:05:26.083+0000] {dag.py:3239} INFO - Sync 1 DAGs
[2024-12-11T05:05:26.256+0000] {logging_mixin.py:190} INFO - [2024-12-11T05:05:26.253+0000] {dag.py:4180} INFO - Setting next_dagrun for example_complex to None, run_after=None
[2024-12-11T05:05:26.388+0000] {processor.py:208} INFO - Processing /home/airflow/.local/lib/python3.12/site-packages/airflow/example_dags/example_complex.py took 1.197 seconds
[2024-12-11T05:05:56.892+0000] {processor.py:186} INFO - Started process (PID=493) to work on /home/airflow/.local/lib/python3.12/site-packages/airflow/example_dags/example_complex.py
[2024-12-11T05:05:56.894+0000] {processor.py:914} INFO - Processing file /home/airflow/.local/lib/python3.12/site-packages/airflow/example_dags/example_complex.py for tasks to queue
[2024-12-11T05:05:56.897+0000] {logging_mixin.py:190} INFO - [2024-12-11T05:05:56.896+0000] {dagbag.py:588} INFO - Filling up the DagBag from /home/airflow/.local/lib/python3.12/site-packages/airflow/example_dags/example_complex.py
[2024-12-11T05:05:56.921+0000] {processor.py:925} INFO - DAG(s) 'example_complex' retrieved from /home/airflow/.local/lib/python3.12/site-packages/airflow/example_dags/example_complex.py
[2024-12-11T05:05:56.977+0000] {logging_mixin.py:190} INFO - [2024-12-11T05:05:56.977+0000] {dag.py:3239} INFO - Sync 1 DAGs
[2024-12-11T05:05:57.009+0000] {logging_mixin.py:190} INFO - [2024-12-11T05:05:57.009+0000] {dag.py:4180} INFO - Setting next_dagrun for example_complex to None, run_after=None
[2024-12-11T05:05:57.047+0000] {processor.py:208} INFO - Processing /home/airflow/.local/lib/python3.12/site-packages/airflow/example_dags/example_complex.py took 0.167 seconds
[2024-12-11T05:06:27.782+0000] {processor.py:186} INFO - Started process (PID=556) to work on /home/airflow/.local/lib/python3.12/site-packages/airflow/example_dags/example_complex.py
[2024-12-11T05:06:27.790+0000] {processor.py:914} INFO - Processing file /home/airflow/.local/lib/python3.12/site-packages/airflow/example_dags/example_complex.py for tasks to queue
[2024-12-11T05:06:27.799+0000] {logging_mixin.py:190} INFO - [2024-12-11T05:06:27.795+0000] {dagbag.py:588} INFO - Filling up the DagBag from /home/airflow/.local/lib/python3.12/site-packages/airflow/example_dags/example_complex.py
[2024-12-11T05:06:27.900+0000] {processor.py:925} INFO - DAG(s) 'example_complex' retrieved from /home/airflow/.local/lib/python3.12/site-packages/airflow/example_dags/example_complex.py
[2024-12-11T05:07:53.228+0000] {processor.py:186} INFO - Started process (PID=619) to work on /home/airflow/.local/lib/python3.12/site-packages/airflow/example_dags/example_complex.py
[2024-12-11T05:07:53.230+0000] {processor.py:914} INFO - Processing file /home/airflow/.local/lib/python3.12/site-packages/airflow/example_dags/example_complex.py for tasks to queue
[2024-12-11T05:07:53.233+0000] {logging_mixin.py:190} INFO - [2024-12-11T05:07:53.232+0000] {dagbag.py:588} INFO - Filling up the DagBag from /home/airflow/.local/lib/python3.12/site-packages/airflow/example_dags/example_complex.py
[2024-12-11T05:07:53.287+0000] {processor.py:925} INFO - DAG(s) 'example_complex' retrieved from /home/airflow/.local/lib/python3.12/site-packages/airflow/example_dags/example_complex.py
[2024-12-11T05:07:53.367+0000] {logging_mixin.py:190} INFO - [2024-12-11T05:07:53.366+0000] {dag.py:3239} INFO - Sync 1 DAGs
[2024-12-11T05:07:53.408+0000] {logging_mixin.py:190} INFO - [2024-12-11T05:07:53.408+0000] {dag.py:4180} INFO - Setting next_dagrun for example_complex to None, run_after=None
[2024-12-11T05:07:53.455+0000] {processor.py:208} INFO - Processing /home/airflow/.local/lib/python3.12/site-packages/airflow/example_dags/example_complex.py took 0.238 seconds
[2024-12-11T05:08:24.465+0000] {processor.py:186} INFO - Started process (PID=681) to work on /home/airflow/.local/lib/python3.12/site-packages/airflow/example_dags/example_complex.py
[2024-12-11T05:08:24.467+0000] {processor.py:914} INFO - Processing file /home/airflow/.local/lib/python3.12/site-packages/airflow/example_dags/example_complex.py for tasks to queue
[2024-12-11T05:08:24.470+0000] {logging_mixin.py:190} INFO - [2024-12-11T05:08:24.469+0000] {dagbag.py:588} INFO - Filling up the DagBag from /home/airflow/.local/lib/python3.12/site-packages/airflow/example_dags/example_complex.py
[2024-12-11T05:08:24.494+0000] {processor.py:925} INFO - DAG(s) 'example_complex' retrieved from /home/airflow/.local/lib/python3.12/site-packages/airflow/example_dags/example_complex.py
[2024-12-11T05:08:24.568+0000] {logging_mixin.py:190} INFO - [2024-12-11T05:08:24.568+0000] {dag.py:3239} INFO - Sync 1 DAGs
[2024-12-11T05:08:24.613+0000] {logging_mixin.py:190} INFO - [2024-12-11T05:08:24.612+0000] {dag.py:4180} INFO - Setting next_dagrun for example_complex to None, run_after=None
[2024-12-11T05:08:24.666+0000] {processor.py:208} INFO - Processing /home/airflow/.local/lib/python3.12/site-packages/airflow/example_dags/example_complex.py took 0.210 seconds
[2024-12-11T05:09:28.638+0000] {processor.py:186} INFO - Started process (PID=721) to work on /home/airflow/.local/lib/python3.12/site-packages/airflow/example_dags/example_complex.py
[2024-12-11T05:09:28.646+0000] {processor.py:914} INFO - Processing file /home/airflow/.local/lib/python3.12/site-packages/airflow/example_dags/example_complex.py for tasks to queue
[2024-12-11T05:09:28.652+0000] {logging_mixin.py:190} INFO - [2024-12-11T05:09:28.651+0000] {dagbag.py:588} INFO - Filling up the DagBag from /home/airflow/.local/lib/python3.12/site-packages/airflow/example_dags/example_complex.py
[2024-12-11T05:09:28.708+0000] {processor.py:925} INFO - DAG(s) 'example_complex' retrieved from /home/airflow/.local/lib/python3.12/site-packages/airflow/example_dags/example_complex.py
[2024-12-11T05:09:28.868+0000] {logging_mixin.py:190} INFO - [2024-12-11T05:09:28.867+0000] {dag.py:3239} INFO - Sync 1 DAGs
[2024-12-11T05:09:28.937+0000] {logging_mixin.py:190} INFO - [2024-12-11T05:09:28.936+0000] {dag.py:4180} INFO - Setting next_dagrun for example_complex to None, run_after=None
[2024-12-11T05:09:29.013+0000] {processor.py:208} INFO - Processing /home/airflow/.local/lib/python3.12/site-packages/airflow/example_dags/example_complex.py took 0.418 seconds
[2024-12-11T05:10:00.600+0000] {processor.py:186} INFO - Started process (PID=784) to work on /home/airflow/.local/lib/python3.12/site-packages/airflow/example_dags/example_complex.py
[2024-12-11T05:10:00.603+0000] {processor.py:914} INFO - Processing file /home/airflow/.local/lib/python3.12/site-packages/airflow/example_dags/example_complex.py for tasks to queue
[2024-12-11T05:10:00.607+0000] {logging_mixin.py:190} INFO - [2024-12-11T05:10:00.606+0000] {dagbag.py:588} INFO - Filling up the DagBag from /home/airflow/.local/lib/python3.12/site-packages/airflow/example_dags/example_complex.py
[2024-12-11T05:10:00.663+0000] {processor.py:925} INFO - DAG(s) 'example_complex' retrieved from /home/airflow/.local/lib/python3.12/site-packages/airflow/example_dags/example_complex.py
[2024-12-11T05:10:00.754+0000] {logging_mixin.py:190} INFO - [2024-12-11T05:10:00.754+0000] {dag.py:3239} INFO - Sync 1 DAGs
[2024-12-11T05:10:00.798+0000] {logging_mixin.py:190} INFO - [2024-12-11T05:10:00.797+0000] {dag.py:4180} INFO - Setting next_dagrun for example_complex to None, run_after=None
[2024-12-11T05:10:00.849+0000] {processor.py:208} INFO - Processing /home/airflow/.local/lib/python3.12/site-packages/airflow/example_dags/example_complex.py took 0.279 seconds
[2024-12-11T05:10:31.483+0000] {processor.py:186} INFO - Started process (PID=846) to work on /home/airflow/.local/lib/python3.12/site-packages/airflow/example_dags/example_complex.py
[2024-12-11T05:10:31.485+0000] {processor.py:914} INFO - Processing file /home/airflow/.local/lib/python3.12/site-packages/airflow/example_dags/example_complex.py for tasks to queue
[2024-12-11T05:10:31.488+0000] {logging_mixin.py:190} INFO - [2024-12-11T05:10:31.487+0000] {dagbag.py:588} INFO - Filling up the DagBag from /home/airflow/.local/lib/python3.12/site-packages/airflow/example_dags/example_complex.py
[2024-12-11T05:10:31.523+0000] {processor.py:925} INFO - DAG(s) 'example_complex' retrieved from /home/airflow/.local/lib/python3.12/site-packages/airflow/example_dags/example_complex.py
[2024-12-11T05:10:31.613+0000] {logging_mixin.py:190} INFO - [2024-12-11T05:10:31.612+0000] {dag.py:3239} INFO - Sync 1 DAGs
[2024-12-11T05:10:31.667+0000] {logging_mixin.py:190} INFO - [2024-12-11T05:10:31.666+0000] {dag.py:4180} INFO - Setting next_dagrun for example_complex to None, run_after=None
[2024-12-11T05:10:31.719+0000] {processor.py:208} INFO - Processing /home/airflow/.local/lib/python3.12/site-packages/airflow/example_dags/example_complex.py took 0.248 seconds
[2024-12-11T05:11:02.373+0000] {processor.py:186} INFO - Started process (PID=909) to work on /home/airflow/.local/lib/python3.12/site-packages/airflow/example_dags/example_complex.py
[2024-12-11T05:11:02.377+0000] {processor.py:914} INFO - Processing file /home/airflow/.local/lib/python3.12/site-packages/airflow/example_dags/example_complex.py for tasks to queue
[2024-12-11T05:11:02.382+0000] {logging_mixin.py:190} INFO - [2024-12-11T05:11:02.381+0000] {dagbag.py:588} INFO - Filling up the DagBag from /home/airflow/.local/lib/python3.12/site-packages/airflow/example_dags/example_complex.py
[2024-12-11T05:11:02.419+0000] {processor.py:925} INFO - DAG(s) 'example_complex' retrieved from /home/airflow/.local/lib/python3.12/site-packages/airflow/example_dags/example_complex.py
[2024-12-11T05:11:02.497+0000] {logging_mixin.py:190} INFO - [2024-12-11T05:11:02.496+0000] {dag.py:3239} INFO - Sync 1 DAGs
[2024-12-11T05:11:02.532+0000] {logging_mixin.py:190} INFO - [2024-12-11T05:11:02.531+0000] {dag.py:4180} INFO - Setting next_dagrun for example_complex to None, run_after=None
[2024-12-11T05:11:02.575+0000] {processor.py:208} INFO - Processing /home/airflow/.local/lib/python3.12/site-packages/airflow/example_dags/example_complex.py took 0.222 seconds
[2024-12-11T05:17:20.765+0000] {processor.py:186} INFO - Started process (PID=946) to work on /home/airflow/.local/lib/python3.12/site-packages/airflow/example_dags/example_complex.py
[2024-12-11T05:17:20.768+0000] {processor.py:914} INFO - Processing file /home/airflow/.local/lib/python3.12/site-packages/airflow/example_dags/example_complex.py for tasks to queue
[2024-12-11T05:17:20.770+0000] {logging_mixin.py:190} INFO - [2024-12-11T05:17:20.770+0000] {dagbag.py:588} INFO - Filling up the DagBag from /home/airflow/.local/lib/python3.12/site-packages/airflow/example_dags/example_complex.py
[2024-12-11T05:17:20.797+0000] {processor.py:925} INFO - DAG(s) 'example_complex' retrieved from /home/airflow/.local/lib/python3.12/site-packages/airflow/example_dags/example_complex.py
[2024-12-11T05:17:20.894+0000] {logging_mixin.py:190} INFO - [2024-12-11T05:17:20.893+0000] {dag.py:3239} INFO - Sync 1 DAGs
[2024-12-11T05:17:20.938+0000] {logging_mixin.py:190} INFO - [2024-12-11T05:17:20.938+0000] {dag.py:4180} INFO - Setting next_dagrun for example_complex to None, run_after=None
[2024-12-11T05:17:21.025+0000] {processor.py:208} INFO - Processing /home/airflow/.local/lib/python3.12/site-packages/airflow/example_dags/example_complex.py took 0.277 seconds
[2024-12-11T05:17:51.783+0000] {processor.py:186} INFO - Started process (PID=1009) to work on /home/airflow/.local/lib/python3.12/site-packages/airflow/example_dags/example_complex.py
[2024-12-11T05:17:51.785+0000] {processor.py:914} INFO - Processing file /home/airflow/.local/lib/python3.12/site-packages/airflow/example_dags/example_complex.py for tasks to queue
[2024-12-11T05:17:51.789+0000] {logging_mixin.py:190} INFO - [2024-12-11T05:17:51.788+0000] {dagbag.py:588} INFO - Filling up the DagBag from /home/airflow/.local/lib/python3.12/site-packages/airflow/example_dags/example_complex.py
[2024-12-11T05:17:51.840+0000] {processor.py:925} INFO - DAG(s) 'example_complex' retrieved from /home/airflow/.local/lib/python3.12/site-packages/airflow/example_dags/example_complex.py
[2024-12-11T05:17:51.939+0000] {logging_mixin.py:190} INFO - [2024-12-11T05:17:51.938+0000] {dag.py:3239} INFO - Sync 1 DAGs
[2024-12-11T05:17:51.997+0000] {logging_mixin.py:190} INFO - [2024-12-11T05:17:51.995+0000] {dag.py:4180} INFO - Setting next_dagrun for example_complex to None, run_after=None
[2024-12-11T05:17:52.059+0000] {processor.py:208} INFO - Processing /home/airflow/.local/lib/python3.12/site-packages/airflow/example_dags/example_complex.py took 0.292 seconds
[2024-12-11T05:18:22.793+0000] {processor.py:186} INFO - Started process (PID=1072) to work on /home/airflow/.local/lib/python3.12/site-packages/airflow/example_dags/example_complex.py
[2024-12-11T05:18:22.795+0000] {processor.py:914} INFO - Processing file /home/airflow/.local/lib/python3.12/site-packages/airflow/example_dags/example_complex.py for tasks to queue
[2024-12-11T05:18:22.798+0000] {logging_mixin.py:190} INFO - [2024-12-11T05:18:22.797+0000] {dagbag.py:588} INFO - Filling up the DagBag from /home/airflow/.local/lib/python3.12/site-packages/airflow/example_dags/example_complex.py
[2024-12-11T05:18:22.817+0000] {processor.py:925} INFO - DAG(s) 'example_complex' retrieved from /home/airflow/.local/lib/python3.12/site-packages/airflow/example_dags/example_complex.py
[2024-12-11T05:18:22.869+0000] {logging_mixin.py:190} INFO - [2024-12-11T05:18:22.868+0000] {dag.py:3239} INFO - Sync 1 DAGs
[2024-12-11T05:18:22.893+0000] {logging_mixin.py:190} INFO - [2024-12-11T05:18:22.893+0000] {dag.py:4180} INFO - Setting next_dagrun for example_complex to None, run_after=None
[2024-12-11T05:18:22.929+0000] {processor.py:208} INFO - Processing /home/airflow/.local/lib/python3.12/site-packages/airflow/example_dags/example_complex.py took 0.145 seconds
[2024-12-11T05:18:54.921+0000] {processor.py:186} INFO - Started process (PID=1135) to work on /home/airflow/.local/lib/python3.12/site-packages/airflow/example_dags/example_complex.py
[2024-12-11T05:18:54.923+0000] {processor.py:914} INFO - Processing file /home/airflow/.local/lib/python3.12/site-packages/airflow/example_dags/example_complex.py for tasks to queue
[2024-12-11T05:18:54.925+0000] {logging_mixin.py:190} INFO - [2024-12-11T05:18:54.925+0000] {dagbag.py:588} INFO - Filling up the DagBag from /home/airflow/.local/lib/python3.12/site-packages/airflow/example_dags/example_complex.py
[2024-12-11T05:18:54.944+0000] {processor.py:925} INFO - DAG(s) 'example_complex' retrieved from /home/airflow/.local/lib/python3.12/site-packages/airflow/example_dags/example_complex.py
[2024-12-11T05:18:54.996+0000] {logging_mixin.py:190} INFO - [2024-12-11T05:18:54.996+0000] {dag.py:3239} INFO - Sync 1 DAGs
[2024-12-11T05:18:55.022+0000] {logging_mixin.py:190} INFO - [2024-12-11T05:18:55.021+0000] {dag.py:4180} INFO - Setting next_dagrun for example_complex to None, run_after=None
[2024-12-11T05:18:55.055+0000] {processor.py:208} INFO - Processing /home/airflow/.local/lib/python3.12/site-packages/airflow/example_dags/example_complex.py took 0.144 seconds
[2024-12-11T05:19:25.521+0000] {processor.py:186} INFO - Started process (PID=1198) to work on /home/airflow/.local/lib/python3.12/site-packages/airflow/example_dags/example_complex.py
[2024-12-11T05:19:25.523+0000] {processor.py:914} INFO - Processing file /home/airflow/.local/lib/python3.12/site-packages/airflow/example_dags/example_complex.py for tasks to queue
[2024-12-11T05:19:25.525+0000] {logging_mixin.py:190} INFO - [2024-12-11T05:19:25.525+0000] {dagbag.py:588} INFO - Filling up the DagBag from /home/airflow/.local/lib/python3.12/site-packages/airflow/example_dags/example_complex.py
[2024-12-11T05:19:25.547+0000] {processor.py:925} INFO - DAG(s) 'example_complex' retrieved from /home/airflow/.local/lib/python3.12/site-packages/airflow/example_dags/example_complex.py
[2024-12-11T05:19:25.605+0000] {logging_mixin.py:190} INFO - [2024-12-11T05:19:25.605+0000] {dag.py:3239} INFO - Sync 1 DAGs
[2024-12-11T05:19:25.637+0000] {logging_mixin.py:190} INFO - [2024-12-11T05:19:25.636+0000] {dag.py:4180} INFO - Setting next_dagrun for example_complex to None, run_after=None
[2024-12-11T05:19:25.669+0000] {processor.py:208} INFO - Processing /home/airflow/.local/lib/python3.12/site-packages/airflow/example_dags/example_complex.py took 0.158 seconds
[2024-12-11T05:20:01.798+0000] {processor.py:186} INFO - Started process (PID=1259) to work on /home/airflow/.local/lib/python3.12/site-packages/airflow/example_dags/example_complex.py
[2024-12-11T05:20:01.802+0000] {processor.py:914} INFO - Processing file /home/airflow/.local/lib/python3.12/site-packages/airflow/example_dags/example_complex.py for tasks to queue
[2024-12-11T05:20:01.808+0000] {logging_mixin.py:190} INFO - [2024-12-11T05:20:01.807+0000] {dagbag.py:588} INFO - Filling up the DagBag from /home/airflow/.local/lib/python3.12/site-packages/airflow/example_dags/example_complex.py
[2024-12-11T05:20:01.850+0000] {processor.py:925} INFO - DAG(s) 'example_complex' retrieved from /home/airflow/.local/lib/python3.12/site-packages/airflow/example_dags/example_complex.py
[2024-12-11T05:20:02.016+0000] {logging_mixin.py:190} INFO - [2024-12-11T05:20:02.012+0000] {dag.py:3239} INFO - Sync 1 DAGs
[2024-12-11T05:20:02.111+0000] {logging_mixin.py:190} INFO - [2024-12-11T05:20:02.110+0000] {dag.py:4180} INFO - Setting next_dagrun for example_complex to None, run_after=None
[2024-12-11T05:20:02.196+0000] {processor.py:208} INFO - Processing /home/airflow/.local/lib/python3.12/site-packages/airflow/example_dags/example_complex.py took 0.423 seconds
[2024-12-11T05:21:54.722+0000] {processor.py:186} INFO - Started process (PID=1323) to work on /home/airflow/.local/lib/python3.12/site-packages/airflow/example_dags/example_complex.py
[2024-12-11T05:21:54.726+0000] {processor.py:914} INFO - Processing file /home/airflow/.local/lib/python3.12/site-packages/airflow/example_dags/example_complex.py for tasks to queue
[2024-12-11T05:21:54.735+0000] {logging_mixin.py:190} INFO - [2024-12-11T05:21:54.734+0000] {dagbag.py:588} INFO - Filling up the DagBag from /home/airflow/.local/lib/python3.12/site-packages/airflow/example_dags/example_complex.py
[2024-12-11T05:21:54.864+0000] {processor.py:925} INFO - DAG(s) 'example_complex' retrieved from /home/airflow/.local/lib/python3.12/site-packages/airflow/example_dags/example_complex.py
[2024-12-11T05:21:55.557+0000] {logging_mixin.py:190} INFO - [2024-12-11T05:21:55.541+0000] {dag.py:3239} INFO - Sync 1 DAGs
[2024-12-11T05:21:55.689+0000] {logging_mixin.py:190} INFO - [2024-12-11T05:21:55.687+0000] {dag.py:4180} INFO - Setting next_dagrun for example_complex to None, run_after=None
[2024-12-11T05:21:55.837+0000] {processor.py:208} INFO - Processing /home/airflow/.local/lib/python3.12/site-packages/airflow/example_dags/example_complex.py took 1.189 seconds
[2024-12-11T05:23:23.437+0000] {processor.py:186} INFO - Started process (PID=1359) to work on /home/airflow/.local/lib/python3.12/site-packages/airflow/example_dags/example_complex.py
[2024-12-11T05:23:23.440+0000] {processor.py:914} INFO - Processing file /home/airflow/.local/lib/python3.12/site-packages/airflow/example_dags/example_complex.py for tasks to queue
[2024-12-11T05:23:23.443+0000] {logging_mixin.py:190} INFO - [2024-12-11T05:23:23.442+0000] {dagbag.py:588} INFO - Filling up the DagBag from /home/airflow/.local/lib/python3.12/site-packages/airflow/example_dags/example_complex.py
[2024-12-11T05:23:23.475+0000] {processor.py:925} INFO - DAG(s) 'example_complex' retrieved from /home/airflow/.local/lib/python3.12/site-packages/airflow/example_dags/example_complex.py
[2024-12-11T05:23:23.548+0000] {logging_mixin.py:190} INFO - [2024-12-11T05:23:23.548+0000] {dag.py:3239} INFO - Sync 1 DAGs
[2024-12-11T05:23:23.589+0000] {logging_mixin.py:190} INFO - [2024-12-11T05:23:23.589+0000] {dag.py:4180} INFO - Setting next_dagrun for example_complex to None, run_after=None
[2024-12-11T05:23:23.633+0000] {processor.py:208} INFO - Processing /home/airflow/.local/lib/python3.12/site-packages/airflow/example_dags/example_complex.py took 0.210 seconds
[2024-12-11T05:24:53.073+0000] {processor.py:186} INFO - Started process (PID=1432) to work on /home/airflow/.local/lib/python3.12/site-packages/airflow/example_dags/example_complex.py
[2024-12-11T05:24:53.075+0000] {processor.py:914} INFO - Processing file /home/airflow/.local/lib/python3.12/site-packages/airflow/example_dags/example_complex.py for tasks to queue
[2024-12-11T05:24:53.077+0000] {logging_mixin.py:190} INFO - [2024-12-11T05:24:53.077+0000] {dagbag.py:588} INFO - Filling up the DagBag from /home/airflow/.local/lib/python3.12/site-packages/airflow/example_dags/example_complex.py
[2024-12-11T05:24:53.101+0000] {processor.py:925} INFO - DAG(s) 'example_complex' retrieved from /home/airflow/.local/lib/python3.12/site-packages/airflow/example_dags/example_complex.py
[2024-12-11T05:24:53.164+0000] {logging_mixin.py:190} INFO - [2024-12-11T05:24:53.163+0000] {dag.py:3239} INFO - Sync 1 DAGs
[2024-12-11T05:24:53.196+0000] {logging_mixin.py:190} INFO - [2024-12-11T05:24:53.196+0000] {dag.py:4180} INFO - Setting next_dagrun for example_complex to None, run_after=None
[2024-12-11T05:24:53.231+0000] {processor.py:208} INFO - Processing /home/airflow/.local/lib/python3.12/site-packages/airflow/example_dags/example_complex.py took 0.170 seconds
[2024-12-11T05:25:27.423+0000] {processor.py:186} INFO - Started process (PID=1495) to work on /home/airflow/.local/lib/python3.12/site-packages/airflow/example_dags/example_complex.py
[2024-12-11T05:25:27.430+0000] {processor.py:914} INFO - Processing file /home/airflow/.local/lib/python3.12/site-packages/airflow/example_dags/example_complex.py for tasks to queue
[2024-12-11T05:25:27.438+0000] {logging_mixin.py:190} INFO - [2024-12-11T05:25:27.436+0000] {dagbag.py:588} INFO - Filling up the DagBag from /home/airflow/.local/lib/python3.12/site-packages/airflow/example_dags/example_complex.py
[2024-12-11T05:25:27.515+0000] {processor.py:925} INFO - DAG(s) 'example_complex' retrieved from /home/airflow/.local/lib/python3.12/site-packages/airflow/example_dags/example_complex.py
[2024-12-11T05:25:27.658+0000] {logging_mixin.py:190} INFO - [2024-12-11T05:25:27.657+0000] {dag.py:3239} INFO - Sync 1 DAGs
[2024-12-11T05:25:27.725+0000] {logging_mixin.py:190} INFO - [2024-12-11T05:25:27.724+0000] {dag.py:4180} INFO - Setting next_dagrun for example_complex to None, run_after=None
[2024-12-11T05:25:27.816+0000] {processor.py:208} INFO - Processing /home/airflow/.local/lib/python3.12/site-packages/airflow/example_dags/example_complex.py took 0.423 seconds
[2024-12-11T05:26:00.583+0000] {processor.py:186} INFO - Started process (PID=1558) to work on /home/airflow/.local/lib/python3.12/site-packages/airflow/example_dags/example_complex.py
[2024-12-11T05:26:00.586+0000] {processor.py:914} INFO - Processing file /home/airflow/.local/lib/python3.12/site-packages/airflow/example_dags/example_complex.py for tasks to queue
[2024-12-11T05:26:00.590+0000] {logging_mixin.py:190} INFO - [2024-12-11T05:26:00.589+0000] {dagbag.py:588} INFO - Filling up the DagBag from /home/airflow/.local/lib/python3.12/site-packages/airflow/example_dags/example_complex.py
[2024-12-11T05:26:00.619+0000] {processor.py:925} INFO - DAG(s) 'example_complex' retrieved from /home/airflow/.local/lib/python3.12/site-packages/airflow/example_dags/example_complex.py
[2024-12-11T05:26:00.699+0000] {logging_mixin.py:190} INFO - [2024-12-11T05:26:00.699+0000] {dag.py:3239} INFO - Sync 1 DAGs
[2024-12-11T05:26:00.739+0000] {logging_mixin.py:190} INFO - [2024-12-11T05:26:00.738+0000] {dag.py:4180} INFO - Setting next_dagrun for example_complex to None, run_after=None
[2024-12-11T05:26:00.799+0000] {processor.py:208} INFO - Processing /home/airflow/.local/lib/python3.12/site-packages/airflow/example_dags/example_complex.py took 0.231 seconds
[2024-12-11T05:27:23.618+0000] {processor.py:186} INFO - Started process (PID=1644) to work on /home/airflow/.local/lib/python3.12/site-packages/airflow/example_dags/example_complex.py
[2024-12-11T05:27:23.620+0000] {processor.py:914} INFO - Processing file /home/airflow/.local/lib/python3.12/site-packages/airflow/example_dags/example_complex.py for tasks to queue
[2024-12-11T05:27:23.623+0000] {logging_mixin.py:190} INFO - [2024-12-11T05:27:23.622+0000] {dagbag.py:588} INFO - Filling up the DagBag from /home/airflow/.local/lib/python3.12/site-packages/airflow/example_dags/example_complex.py
[2024-12-11T05:27:23.657+0000] {processor.py:925} INFO - DAG(s) 'example_complex' retrieved from /home/airflow/.local/lib/python3.12/site-packages/airflow/example_dags/example_complex.py
[2024-12-11T05:27:23.760+0000] {logging_mixin.py:190} INFO - [2024-12-11T05:27:23.759+0000] {dag.py:3239} INFO - Sync 1 DAGs
[2024-12-11T05:27:23.811+0000] {logging_mixin.py:190} INFO - [2024-12-11T05:27:23.809+0000] {dag.py:4180} INFO - Setting next_dagrun for example_complex to None, run_after=None
[2024-12-11T05:27:23.878+0000] {processor.py:208} INFO - Processing /home/airflow/.local/lib/python3.12/site-packages/airflow/example_dags/example_complex.py took 0.271 seconds
[2024-12-11T05:28:26.825+0000] {processor.py:186} INFO - Started process (PID=1715) to work on /home/airflow/.local/lib/python3.12/site-packages/airflow/example_dags/example_complex.py
[2024-12-11T05:28:26.828+0000] {processor.py:914} INFO - Processing file /home/airflow/.local/lib/python3.12/site-packages/airflow/example_dags/example_complex.py for tasks to queue
[2024-12-11T05:28:26.832+0000] {logging_mixin.py:190} INFO - [2024-12-11T05:28:26.831+0000] {dagbag.py:588} INFO - Filling up the DagBag from /home/airflow/.local/lib/python3.12/site-packages/airflow/example_dags/example_complex.py
[2024-12-11T05:28:26.876+0000] {processor.py:925} INFO - DAG(s) 'example_complex' retrieved from /home/airflow/.local/lib/python3.12/site-packages/airflow/example_dags/example_complex.py
[2024-12-11T05:28:26.990+0000] {logging_mixin.py:190} INFO - [2024-12-11T05:28:26.989+0000] {dag.py:3239} INFO - Sync 1 DAGs
[2024-12-11T05:28:27.063+0000] {logging_mixin.py:190} INFO - [2024-12-11T05:28:27.062+0000] {dag.py:4180} INFO - Setting next_dagrun for example_complex to None, run_after=None
[2024-12-11T05:28:27.121+0000] {processor.py:208} INFO - Processing /home/airflow/.local/lib/python3.12/site-packages/airflow/example_dags/example_complex.py took 0.314 seconds
