[2024-12-11T04:56:20.923+0000] {processor.py:186} INFO - Started process (PID=104) to work on /home/airflow/.local/lib/python3.12/site-packages/airflow/example_dags/example_sensors.py
[2024-12-11T04:56:20.932+0000] {processor.py:914} INFO - Processing file /home/airflow/.local/lib/python3.12/site-packages/airflow/example_dags/example_sensors.py for tasks to queue
[2024-12-11T04:56:20.941+0000] {logging_mixin.py:190} INFO - [2024-12-11T04:56:20.940+0000] {dagbag.py:588} INFO - Filling up the DagBag from /home/airflow/.local/lib/python3.12/site-packages/airflow/example_dags/example_sensors.py
[2024-12-11T04:56:21.002+0000] {processor.py:925} INFO - DAG(s) 'example_sensors' retrieved from /home/airflow/.local/lib/python3.12/site-packages/airflow/example_dags/example_sensors.py
[2024-12-11T04:56:21.570+0000] {logging_mixin.py:190} INFO - [2024-12-11T04:56:21.568+0000] {override.py:1911} INFO - Created Permission View: can delete on DAG:example_sensors
[2024-12-11T04:56:21.602+0000] {logging_mixin.py:190} INFO - [2024-12-11T04:56:21.602+0000] {override.py:1911} INFO - Created Permission View: can read on DAG:example_sensors
[2024-12-11T04:56:21.623+0000] {logging_mixin.py:190} INFO - [2024-12-11T04:56:21.622+0000] {override.py:1911} INFO - Created Permission View: can edit on DAG:example_sensors
[2024-12-11T04:56:21.647+0000] {logging_mixin.py:190} INFO - [2024-12-11T04:56:21.647+0000] {override.py:1911} INFO - Created Permission View: can delete on DAG Run:example_sensors
[2024-12-11T04:56:21.668+0000] {logging_mixin.py:190} INFO - [2024-12-11T04:56:21.667+0000] {override.py:1911} INFO - Created Permission View: can read on DAG Run:example_sensors
[2024-12-11T04:56:21.694+0000] {logging_mixin.py:190} INFO - [2024-12-11T04:56:21.691+0000] {override.py:1911} INFO - Created Permission View: menu access on DAG Run:example_sensors
[2024-12-11T04:56:21.719+0000] {logging_mixin.py:190} INFO - [2024-12-11T04:56:21.718+0000] {override.py:1911} INFO - Created Permission View: can create on DAG Run:example_sensors
[2024-12-11T04:56:21.721+0000] {logging_mixin.py:190} INFO - [2024-12-11T04:56:21.721+0000] {dag.py:3239} INFO - Sync 1 DAGs
[2024-12-11T04:56:21.759+0000] {logging_mixin.py:190} INFO - [2024-12-11T04:56:21.758+0000] {dag.py:3262} INFO - Creating ORM DAG for example_sensors
[2024-12-11T04:56:21.762+0000] {logging_mixin.py:190} INFO - [2024-12-11T04:56:21.762+0000] {dag.py:4180} INFO - Setting next_dagrun for example_sensors to None, run_after=None
[2024-12-11T04:56:21.812+0000] {processor.py:208} INFO - Processing /home/airflow/.local/lib/python3.12/site-packages/airflow/example_dags/example_sensors.py took 0.911 seconds
[2024-12-11T04:56:54.484+0000] {processor.py:186} INFO - Started process (PID=173) to work on /home/airflow/.local/lib/python3.12/site-packages/airflow/example_dags/example_sensors.py
[2024-12-11T04:56:54.487+0000] {processor.py:914} INFO - Processing file /home/airflow/.local/lib/python3.12/site-packages/airflow/example_dags/example_sensors.py for tasks to queue
[2024-12-11T04:56:54.493+0000] {logging_mixin.py:190} INFO - [2024-12-11T04:56:54.492+0000] {dagbag.py:588} INFO - Filling up the DagBag from /home/airflow/.local/lib/python3.12/site-packages/airflow/example_dags/example_sensors.py
[2024-12-11T04:56:54.532+0000] {processor.py:925} INFO - DAG(s) 'example_sensors' retrieved from /home/airflow/.local/lib/python3.12/site-packages/airflow/example_dags/example_sensors.py
[2024-12-11T04:56:54.625+0000] {logging_mixin.py:190} INFO - [2024-12-11T04:56:54.624+0000] {dag.py:3239} INFO - Sync 1 DAGs
[2024-12-11T04:56:54.669+0000] {logging_mixin.py:190} INFO - [2024-12-11T04:56:54.669+0000] {dag.py:4180} INFO - Setting next_dagrun for example_sensors to None, run_after=None
[2024-12-11T04:56:54.733+0000] {processor.py:208} INFO - Processing /home/airflow/.local/lib/python3.12/site-packages/airflow/example_dags/example_sensors.py took 0.266 seconds
[2024-12-11T05:00:58.644+0000] {processor.py:186} INFO - Started process (PID=242) to work on /home/airflow/.local/lib/python3.12/site-packages/airflow/example_dags/example_sensors.py
[2024-12-11T05:00:58.647+0000] {processor.py:914} INFO - Processing file /home/airflow/.local/lib/python3.12/site-packages/airflow/example_dags/example_sensors.py for tasks to queue
[2024-12-11T05:00:58.654+0000] {logging_mixin.py:190} INFO - [2024-12-11T05:00:58.653+0000] {dagbag.py:588} INFO - Filling up the DagBag from /home/airflow/.local/lib/python3.12/site-packages/airflow/example_dags/example_sensors.py
[2024-12-11T05:00:58.684+0000] {processor.py:925} INFO - DAG(s) 'example_sensors' retrieved from /home/airflow/.local/lib/python3.12/site-packages/airflow/example_dags/example_sensors.py
[2024-12-11T05:00:58.763+0000] {logging_mixin.py:190} INFO - [2024-12-11T05:00:58.763+0000] {dag.py:3239} INFO - Sync 1 DAGs
[2024-12-11T05:00:58.806+0000] {logging_mixin.py:190} INFO - [2024-12-11T05:00:58.806+0000] {dag.py:4180} INFO - Setting next_dagrun for example_sensors to None, run_after=None
[2024-12-11T05:00:58.857+0000] {processor.py:208} INFO - Processing /home/airflow/.local/lib/python3.12/site-packages/airflow/example_dags/example_sensors.py took 0.234 seconds
[2024-12-11T05:03:18.601+0000] {processor.py:186} INFO - Started process (PID=333) to work on /home/airflow/.local/lib/python3.12/site-packages/airflow/example_dags/example_sensors.py
[2024-12-11T05:03:18.605+0000] {processor.py:914} INFO - Processing file /home/airflow/.local/lib/python3.12/site-packages/airflow/example_dags/example_sensors.py for tasks to queue
[2024-12-11T05:03:18.610+0000] {logging_mixin.py:190} INFO - [2024-12-11T05:03:18.609+0000] {dagbag.py:588} INFO - Filling up the DagBag from /home/airflow/.local/lib/python3.12/site-packages/airflow/example_dags/example_sensors.py
[2024-12-11T05:03:18.654+0000] {processor.py:925} INFO - DAG(s) 'example_sensors' retrieved from /home/airflow/.local/lib/python3.12/site-packages/airflow/example_dags/example_sensors.py
[2024-12-11T05:03:18.792+0000] {logging_mixin.py:190} INFO - [2024-12-11T05:03:18.792+0000] {dag.py:3239} INFO - Sync 1 DAGs
[2024-12-11T05:03:18.851+0000] {logging_mixin.py:190} INFO - [2024-12-11T05:03:18.850+0000] {dag.py:4180} INFO - Setting next_dagrun for example_sensors to None, run_after=None
[2024-12-11T05:03:18.917+0000] {processor.py:208} INFO - Processing /home/airflow/.local/lib/python3.12/site-packages/airflow/example_dags/example_sensors.py took 0.337 seconds
[2024-12-11T05:03:49.259+0000] {processor.py:186} INFO - Started process (PID=394) to work on /home/airflow/.local/lib/python3.12/site-packages/airflow/example_dags/example_sensors.py
[2024-12-11T05:03:49.262+0000] {processor.py:914} INFO - Processing file /home/airflow/.local/lib/python3.12/site-packages/airflow/example_dags/example_sensors.py for tasks to queue
[2024-12-11T05:03:49.266+0000] {logging_mixin.py:190} INFO - [2024-12-11T05:03:49.265+0000] {dagbag.py:588} INFO - Filling up the DagBag from /home/airflow/.local/lib/python3.12/site-packages/airflow/example_dags/example_sensors.py
[2024-12-11T05:03:49.311+0000] {processor.py:925} INFO - DAG(s) 'example_sensors' retrieved from /home/airflow/.local/lib/python3.12/site-packages/airflow/example_dags/example_sensors.py
[2024-12-11T05:03:49.386+0000] {logging_mixin.py:190} INFO - [2024-12-11T05:03:49.385+0000] {dag.py:3239} INFO - Sync 1 DAGs
[2024-12-11T05:03:49.420+0000] {logging_mixin.py:190} INFO - [2024-12-11T05:03:49.420+0000] {dag.py:4180} INFO - Setting next_dagrun for example_sensors to None, run_after=None
[2024-12-11T05:03:49.501+0000] {processor.py:208} INFO - Processing /home/airflow/.local/lib/python3.12/site-packages/airflow/example_dags/example_sensors.py took 0.262 seconds
[2024-12-11T05:05:38.374+0000] {processor.py:186} INFO - Started process (PID=464) to work on /home/airflow/.local/lib/python3.12/site-packages/airflow/example_dags/example_sensors.py
[2024-12-11T05:05:38.377+0000] {processor.py:914} INFO - Processing file /home/airflow/.local/lib/python3.12/site-packages/airflow/example_dags/example_sensors.py for tasks to queue
[2024-12-11T05:05:38.380+0000] {logging_mixin.py:190} INFO - [2024-12-11T05:05:38.379+0000] {dagbag.py:588} INFO - Filling up the DagBag from /home/airflow/.local/lib/python3.12/site-packages/airflow/example_dags/example_sensors.py
[2024-12-11T05:05:38.407+0000] {processor.py:925} INFO - DAG(s) 'example_sensors' retrieved from /home/airflow/.local/lib/python3.12/site-packages/airflow/example_dags/example_sensors.py
[2024-12-11T05:05:38.466+0000] {logging_mixin.py:190} INFO - [2024-12-11T05:05:38.466+0000] {dag.py:3239} INFO - Sync 1 DAGs
[2024-12-11T05:05:38.503+0000] {logging_mixin.py:190} INFO - [2024-12-11T05:05:38.502+0000] {dag.py:4180} INFO - Setting next_dagrun for example_sensors to None, run_after=None
[2024-12-11T05:05:38.544+0000] {processor.py:208} INFO - Processing /home/airflow/.local/lib/python3.12/site-packages/airflow/example_dags/example_sensors.py took 0.183 seconds
[2024-12-11T05:06:12.270+0000] {processor.py:186} INFO - Started process (PID=527) to work on /home/airflow/.local/lib/python3.12/site-packages/airflow/example_dags/example_sensors.py
[2024-12-11T05:06:12.273+0000] {processor.py:914} INFO - Processing file /home/airflow/.local/lib/python3.12/site-packages/airflow/example_dags/example_sensors.py for tasks to queue
[2024-12-11T05:06:12.278+0000] {logging_mixin.py:190} INFO - [2024-12-11T05:06:12.277+0000] {dagbag.py:588} INFO - Filling up the DagBag from /home/airflow/.local/lib/python3.12/site-packages/airflow/example_dags/example_sensors.py
[2024-12-11T05:06:12.354+0000] {processor.py:925} INFO - DAG(s) 'example_sensors' retrieved from /home/airflow/.local/lib/python3.12/site-packages/airflow/example_dags/example_sensors.py
[2024-12-11T05:06:12.495+0000] {logging_mixin.py:190} INFO - [2024-12-11T05:06:12.494+0000] {dag.py:3239} INFO - Sync 1 DAGs
[2024-12-11T05:06:12.538+0000] {logging_mixin.py:190} INFO - [2024-12-11T05:06:12.537+0000] {dag.py:4180} INFO - Setting next_dagrun for example_sensors to None, run_after=None
[2024-12-11T05:06:12.611+0000] {processor.py:208} INFO - Processing /home/airflow/.local/lib/python3.12/site-packages/airflow/example_dags/example_sensors.py took 0.365 seconds
[2024-12-11T05:07:36.498+0000] {processor.py:186} INFO - Started process (PID=584) to work on /home/airflow/.local/lib/python3.12/site-packages/airflow/example_dags/example_sensors.py
[2024-12-11T05:07:36.500+0000] {processor.py:914} INFO - Processing file /home/airflow/.local/lib/python3.12/site-packages/airflow/example_dags/example_sensors.py for tasks to queue
[2024-12-11T05:07:36.503+0000] {logging_mixin.py:190} INFO - [2024-12-11T05:07:36.502+0000] {dagbag.py:588} INFO - Filling up the DagBag from /home/airflow/.local/lib/python3.12/site-packages/airflow/example_dags/example_sensors.py
[2024-12-11T05:07:36.530+0000] {processor.py:925} INFO - DAG(s) 'example_sensors' retrieved from /home/airflow/.local/lib/python3.12/site-packages/airflow/example_dags/example_sensors.py
[2024-12-11T05:07:36.591+0000] {logging_mixin.py:190} INFO - [2024-12-11T05:07:36.591+0000] {dag.py:3239} INFO - Sync 1 DAGs
[2024-12-11T05:07:36.645+0000] {logging_mixin.py:190} INFO - [2024-12-11T05:07:36.644+0000] {dag.py:4180} INFO - Setting next_dagrun for example_sensors to None, run_after=None
[2024-12-11T05:07:36.709+0000] {processor.py:208} INFO - Processing /home/airflow/.local/lib/python3.12/site-packages/airflow/example_dags/example_sensors.py took 0.224 seconds
[2024-12-11T05:08:09.038+0000] {processor.py:186} INFO - Started process (PID=647) to work on /home/airflow/.local/lib/python3.12/site-packages/airflow/example_dags/example_sensors.py
[2024-12-11T05:08:09.040+0000] {processor.py:914} INFO - Processing file /home/airflow/.local/lib/python3.12/site-packages/airflow/example_dags/example_sensors.py for tasks to queue
[2024-12-11T05:08:09.043+0000] {logging_mixin.py:190} INFO - [2024-12-11T05:08:09.042+0000] {dagbag.py:588} INFO - Filling up the DagBag from /home/airflow/.local/lib/python3.12/site-packages/airflow/example_dags/example_sensors.py
[2024-12-11T05:08:09.068+0000] {processor.py:925} INFO - DAG(s) 'example_sensors' retrieved from /home/airflow/.local/lib/python3.12/site-packages/airflow/example_dags/example_sensors.py
[2024-12-11T05:08:09.127+0000] {logging_mixin.py:190} INFO - [2024-12-11T05:08:09.126+0000] {dag.py:3239} INFO - Sync 1 DAGs
[2024-12-11T05:08:09.165+0000] {logging_mixin.py:190} INFO - [2024-12-11T05:08:09.164+0000] {dag.py:4180} INFO - Setting next_dagrun for example_sensors to None, run_after=None
[2024-12-11T05:08:09.215+0000] {processor.py:208} INFO - Processing /home/airflow/.local/lib/python3.12/site-packages/airflow/example_dags/example_sensors.py took 0.191 seconds
[2024-12-11T05:09:29.536+0000] {processor.py:186} INFO - Started process (PID=724) to work on /home/airflow/.local/lib/python3.12/site-packages/airflow/example_dags/example_sensors.py
[2024-12-11T05:09:29.540+0000] {processor.py:914} INFO - Processing file /home/airflow/.local/lib/python3.12/site-packages/airflow/example_dags/example_sensors.py for tasks to queue
[2024-12-11T05:09:29.544+0000] {logging_mixin.py:190} INFO - [2024-12-11T05:09:29.543+0000] {dagbag.py:588} INFO - Filling up the DagBag from /home/airflow/.local/lib/python3.12/site-packages/airflow/example_dags/example_sensors.py
[2024-12-11T05:09:29.581+0000] {processor.py:925} INFO - DAG(s) 'example_sensors' retrieved from /home/airflow/.local/lib/python3.12/site-packages/airflow/example_dags/example_sensors.py
[2024-12-11T05:09:29.672+0000] {logging_mixin.py:190} INFO - [2024-12-11T05:09:29.672+0000] {dag.py:3239} INFO - Sync 1 DAGs
[2024-12-11T05:09:29.716+0000] {logging_mixin.py:190} INFO - [2024-12-11T05:09:29.716+0000] {dag.py:4180} INFO - Setting next_dagrun for example_sensors to None, run_after=None
[2024-12-11T05:09:29.763+0000] {processor.py:208} INFO - Processing /home/airflow/.local/lib/python3.12/site-packages/airflow/example_dags/example_sensors.py took 0.257 seconds
[2024-12-11T05:10:01.250+0000] {processor.py:186} INFO - Started process (PID=786) to work on /home/airflow/.local/lib/python3.12/site-packages/airflow/example_dags/example_sensors.py
[2024-12-11T05:10:01.253+0000] {processor.py:914} INFO - Processing file /home/airflow/.local/lib/python3.12/site-packages/airflow/example_dags/example_sensors.py for tasks to queue
[2024-12-11T05:10:01.257+0000] {logging_mixin.py:190} INFO - [2024-12-11T05:10:01.256+0000] {dagbag.py:588} INFO - Filling up the DagBag from /home/airflow/.local/lib/python3.12/site-packages/airflow/example_dags/example_sensors.py
[2024-12-11T05:10:01.285+0000] {processor.py:925} INFO - DAG(s) 'example_sensors' retrieved from /home/airflow/.local/lib/python3.12/site-packages/airflow/example_dags/example_sensors.py
[2024-12-11T05:10:01.357+0000] {logging_mixin.py:190} INFO - [2024-12-11T05:10:01.356+0000] {dag.py:3239} INFO - Sync 1 DAGs
[2024-12-11T05:10:01.411+0000] {logging_mixin.py:190} INFO - [2024-12-11T05:10:01.410+0000] {dag.py:4180} INFO - Setting next_dagrun for example_sensors to None, run_after=None
[2024-12-11T05:10:01.465+0000] {processor.py:208} INFO - Processing /home/airflow/.local/lib/python3.12/site-packages/airflow/example_dags/example_sensors.py took 0.234 seconds
[2024-12-11T05:10:35.412+0000] {processor.py:186} INFO - Started process (PID=849) to work on /home/airflow/.local/lib/python3.12/site-packages/airflow/example_dags/example_sensors.py
[2024-12-11T05:10:35.415+0000] {processor.py:914} INFO - Processing file /home/airflow/.local/lib/python3.12/site-packages/airflow/example_dags/example_sensors.py for tasks to queue
[2024-12-11T05:10:35.419+0000] {logging_mixin.py:190} INFO - [2024-12-11T05:10:35.417+0000] {dagbag.py:588} INFO - Filling up the DagBag from /home/airflow/.local/lib/python3.12/site-packages/airflow/example_dags/example_sensors.py
[2024-12-11T05:10:35.469+0000] {processor.py:925} INFO - DAG(s) 'example_sensors' retrieved from /home/airflow/.local/lib/python3.12/site-packages/airflow/example_dags/example_sensors.py
[2024-12-11T05:10:35.576+0000] {logging_mixin.py:190} INFO - [2024-12-11T05:10:35.575+0000] {dag.py:3239} INFO - Sync 1 DAGs
[2024-12-11T05:10:35.641+0000] {logging_mixin.py:190} INFO - [2024-12-11T05:10:35.640+0000] {dag.py:4180} INFO - Setting next_dagrun for example_sensors to None, run_after=None
[2024-12-11T05:10:35.707+0000] {processor.py:208} INFO - Processing /home/airflow/.local/lib/python3.12/site-packages/airflow/example_dags/example_sensors.py took 0.336 seconds
[2024-12-11T05:12:14.463+0000] {processor.py:186} INFO - Started process (PID=913) to work on /home/airflow/.local/lib/python3.12/site-packages/airflow/example_dags/example_sensors.py
[2024-12-11T05:12:14.468+0000] {processor.py:914} INFO - Processing file /home/airflow/.local/lib/python3.12/site-packages/airflow/example_dags/example_sensors.py for tasks to queue
[2024-12-11T05:12:14.473+0000] {logging_mixin.py:190} INFO - [2024-12-11T05:12:14.471+0000] {dagbag.py:588} INFO - Filling up the DagBag from /home/airflow/.local/lib/python3.12/site-packages/airflow/example_dags/example_sensors.py
[2024-12-11T05:12:14.540+0000] {processor.py:925} INFO - DAG(s) 'example_sensors' retrieved from /home/airflow/.local/lib/python3.12/site-packages/airflow/example_dags/example_sensors.py
[2024-12-11T05:12:14.980+0000] {logging_mixin.py:190} INFO - [2024-12-11T05:12:14.980+0000] {dag.py:3239} INFO - Sync 1 DAGs
[2024-12-11T05:12:15.046+0000] {logging_mixin.py:190} INFO - [2024-12-11T05:12:15.045+0000] {dag.py:4180} INFO - Setting next_dagrun for example_sensors to None, run_after=None
[2024-12-11T05:12:15.135+0000] {processor.py:208} INFO - Processing /home/airflow/.local/lib/python3.12/site-packages/airflow/example_dags/example_sensors.py took 0.703 seconds
[2024-12-11T05:17:40.507+0000] {processor.py:186} INFO - Started process (PID=989) to work on /home/airflow/.local/lib/python3.12/site-packages/airflow/example_dags/example_sensors.py
[2024-12-11T05:17:40.510+0000] {processor.py:914} INFO - Processing file /home/airflow/.local/lib/python3.12/site-packages/airflow/example_dags/example_sensors.py for tasks to queue
[2024-12-11T05:17:40.516+0000] {logging_mixin.py:190} INFO - [2024-12-11T05:17:40.515+0000] {dagbag.py:588} INFO - Filling up the DagBag from /home/airflow/.local/lib/python3.12/site-packages/airflow/example_dags/example_sensors.py
[2024-12-11T05:17:40.549+0000] {processor.py:925} INFO - DAG(s) 'example_sensors' retrieved from /home/airflow/.local/lib/python3.12/site-packages/airflow/example_dags/example_sensors.py
[2024-12-11T05:17:40.624+0000] {logging_mixin.py:190} INFO - [2024-12-11T05:17:40.623+0000] {dag.py:3239} INFO - Sync 1 DAGs
[2024-12-11T05:17:40.660+0000] {logging_mixin.py:190} INFO - [2024-12-11T05:17:40.659+0000] {dag.py:4180} INFO - Setting next_dagrun for example_sensors to None, run_after=None
[2024-12-11T05:17:40.709+0000] {processor.py:208} INFO - Processing /home/airflow/.local/lib/python3.12/site-packages/airflow/example_dags/example_sensors.py took 0.218 seconds
[2024-12-11T05:18:16.111+0000] {processor.py:186} INFO - Started process (PID=1051) to work on /home/airflow/.local/lib/python3.12/site-packages/airflow/example_dags/example_sensors.py
[2024-12-11T05:18:16.113+0000] {processor.py:914} INFO - Processing file /home/airflow/.local/lib/python3.12/site-packages/airflow/example_dags/example_sensors.py for tasks to queue
[2024-12-11T05:18:16.121+0000] {logging_mixin.py:190} INFO - [2024-12-11T05:18:16.119+0000] {dagbag.py:588} INFO - Filling up the DagBag from /home/airflow/.local/lib/python3.12/site-packages/airflow/example_dags/example_sensors.py
[2024-12-11T05:18:16.209+0000] {processor.py:925} INFO - DAG(s) 'example_sensors' retrieved from /home/airflow/.local/lib/python3.12/site-packages/airflow/example_dags/example_sensors.py
[2024-12-11T05:18:16.703+0000] {logging_mixin.py:190} INFO - [2024-12-11T05:18:16.677+0000] {dag.py:3239} INFO - Sync 1 DAGs
[2024-12-11T05:18:16.772+0000] {logging_mixin.py:190} INFO - [2024-12-11T05:18:16.771+0000] {dag.py:4180} INFO - Setting next_dagrun for example_sensors to None, run_after=None
[2024-12-11T05:18:16.837+0000] {processor.py:208} INFO - Processing /home/airflow/.local/lib/python3.12/site-packages/airflow/example_dags/example_sensors.py took 0.766 seconds
[2024-12-11T05:18:46.952+0000] {processor.py:186} INFO - Started process (PID=1113) to work on /home/airflow/.local/lib/python3.12/site-packages/airflow/example_dags/example_sensors.py
[2024-12-11T05:18:46.954+0000] {processor.py:914} INFO - Processing file /home/airflow/.local/lib/python3.12/site-packages/airflow/example_dags/example_sensors.py for tasks to queue
[2024-12-11T05:18:46.957+0000] {logging_mixin.py:190} INFO - [2024-12-11T05:18:46.956+0000] {dagbag.py:588} INFO - Filling up the DagBag from /home/airflow/.local/lib/python3.12/site-packages/airflow/example_dags/example_sensors.py
[2024-12-11T05:18:46.978+0000] {processor.py:925} INFO - DAG(s) 'example_sensors' retrieved from /home/airflow/.local/lib/python3.12/site-packages/airflow/example_dags/example_sensors.py
[2024-12-11T05:18:47.031+0000] {logging_mixin.py:190} INFO - [2024-12-11T05:18:47.030+0000] {dag.py:3239} INFO - Sync 1 DAGs
[2024-12-11T05:18:47.064+0000] {logging_mixin.py:190} INFO - [2024-12-11T05:18:47.063+0000] {dag.py:4180} INFO - Setting next_dagrun for example_sensors to None, run_after=None
[2024-12-11T05:18:47.104+0000] {processor.py:208} INFO - Processing /home/airflow/.local/lib/python3.12/site-packages/airflow/example_dags/example_sensors.py took 0.163 seconds
[2024-12-11T05:19:17.807+0000] {processor.py:186} INFO - Started process (PID=1175) to work on /home/airflow/.local/lib/python3.12/site-packages/airflow/example_dags/example_sensors.py
[2024-12-11T05:19:17.809+0000] {processor.py:914} INFO - Processing file /home/airflow/.local/lib/python3.12/site-packages/airflow/example_dags/example_sensors.py for tasks to queue
[2024-12-11T05:19:17.813+0000] {logging_mixin.py:190} INFO - [2024-12-11T05:19:17.812+0000] {dagbag.py:588} INFO - Filling up the DagBag from /home/airflow/.local/lib/python3.12/site-packages/airflow/example_dags/example_sensors.py
[2024-12-11T05:19:17.846+0000] {processor.py:925} INFO - DAG(s) 'example_sensors' retrieved from /home/airflow/.local/lib/python3.12/site-packages/airflow/example_dags/example_sensors.py
[2024-12-11T05:19:17.933+0000] {logging_mixin.py:190} INFO - [2024-12-11T05:19:17.932+0000] {dag.py:3239} INFO - Sync 1 DAGs
[2024-12-11T05:19:17.968+0000] {logging_mixin.py:190} INFO - [2024-12-11T05:19:17.967+0000] {dag.py:4180} INFO - Setting next_dagrun for example_sensors to None, run_after=None
[2024-12-11T05:19:18.020+0000] {processor.py:208} INFO - Processing /home/airflow/.local/lib/python3.12/site-packages/airflow/example_dags/example_sensors.py took 0.223 seconds
[2024-12-11T05:19:48.819+0000] {processor.py:186} INFO - Started process (PID=1238) to work on /home/airflow/.local/lib/python3.12/site-packages/airflow/example_dags/example_sensors.py
[2024-12-11T05:19:48.822+0000] {processor.py:914} INFO - Processing file /home/airflow/.local/lib/python3.12/site-packages/airflow/example_dags/example_sensors.py for tasks to queue
[2024-12-11T05:19:48.828+0000] {logging_mixin.py:190} INFO - [2024-12-11T05:19:48.827+0000] {dagbag.py:588} INFO - Filling up the DagBag from /home/airflow/.local/lib/python3.12/site-packages/airflow/example_dags/example_sensors.py
[2024-12-11T05:19:48.861+0000] {processor.py:925} INFO - DAG(s) 'example_sensors' retrieved from /home/airflow/.local/lib/python3.12/site-packages/airflow/example_dags/example_sensors.py
[2024-12-11T05:19:48.946+0000] {logging_mixin.py:190} INFO - [2024-12-11T05:19:48.945+0000] {dag.py:3239} INFO - Sync 1 DAGs
[2024-12-11T05:19:48.987+0000] {logging_mixin.py:190} INFO - [2024-12-11T05:19:48.987+0000] {dag.py:4180} INFO - Setting next_dagrun for example_sensors to None, run_after=None
[2024-12-11T05:19:49.035+0000] {processor.py:208} INFO - Processing /home/airflow/.local/lib/python3.12/site-packages/airflow/example_dags/example_sensors.py took 0.230 seconds
[2024-12-11T05:20:19.162+0000] {processor.py:186} INFO - Started process (PID=1301) to work on /home/airflow/.local/lib/python3.12/site-packages/airflow/example_dags/example_sensors.py
[2024-12-11T05:20:19.164+0000] {processor.py:914} INFO - Processing file /home/airflow/.local/lib/python3.12/site-packages/airflow/example_dags/example_sensors.py for tasks to queue
[2024-12-11T05:20:19.166+0000] {logging_mixin.py:190} INFO - [2024-12-11T05:20:19.166+0000] {dagbag.py:588} INFO - Filling up the DagBag from /home/airflow/.local/lib/python3.12/site-packages/airflow/example_dags/example_sensors.py
[2024-12-11T05:20:19.189+0000] {processor.py:925} INFO - DAG(s) 'example_sensors' retrieved from /home/airflow/.local/lib/python3.12/site-packages/airflow/example_dags/example_sensors.py
[2024-12-11T05:20:19.238+0000] {logging_mixin.py:190} INFO - [2024-12-11T05:20:19.238+0000] {dag.py:3239} INFO - Sync 1 DAGs
[2024-12-11T05:20:19.266+0000] {logging_mixin.py:190} INFO - [2024-12-11T05:20:19.266+0000] {dag.py:4180} INFO - Setting next_dagrun for example_sensors to None, run_after=None
[2024-12-11T05:20:19.305+0000] {processor.py:208} INFO - Processing /home/airflow/.local/lib/python3.12/site-packages/airflow/example_dags/example_sensors.py took 0.152 seconds
[2024-12-11T05:23:23.752+0000] {processor.py:186} INFO - Started process (PID=1361) to work on /home/airflow/.local/lib/python3.12/site-packages/airflow/example_dags/example_sensors.py
[2024-12-11T05:23:23.754+0000] {processor.py:914} INFO - Processing file /home/airflow/.local/lib/python3.12/site-packages/airflow/example_dags/example_sensors.py for tasks to queue
[2024-12-11T05:23:23.756+0000] {logging_mixin.py:190} INFO - [2024-12-11T05:23:23.756+0000] {dagbag.py:588} INFO - Filling up the DagBag from /home/airflow/.local/lib/python3.12/site-packages/airflow/example_dags/example_sensors.py
[2024-12-11T05:23:23.779+0000] {processor.py:925} INFO - DAG(s) 'example_sensors' retrieved from /home/airflow/.local/lib/python3.12/site-packages/airflow/example_dags/example_sensors.py
[2024-12-11T05:23:23.841+0000] {logging_mixin.py:190} INFO - [2024-12-11T05:23:23.841+0000] {dag.py:3239} INFO - Sync 1 DAGs
[2024-12-11T05:23:23.876+0000] {logging_mixin.py:190} INFO - [2024-12-11T05:23:23.875+0000] {dag.py:4180} INFO - Setting next_dagrun for example_sensors to None, run_after=None
[2024-12-11T05:23:23.918+0000] {processor.py:208} INFO - Processing /home/airflow/.local/lib/python3.12/site-packages/airflow/example_dags/example_sensors.py took 0.179 seconds
[2024-12-11T05:24:53.535+0000] {processor.py:186} INFO - Started process (PID=1435) to work on /home/airflow/.local/lib/python3.12/site-packages/airflow/example_dags/example_sensors.py
[2024-12-11T05:24:53.537+0000] {processor.py:914} INFO - Processing file /home/airflow/.local/lib/python3.12/site-packages/airflow/example_dags/example_sensors.py for tasks to queue
[2024-12-11T05:24:53.539+0000] {logging_mixin.py:190} INFO - [2024-12-11T05:24:53.539+0000] {dagbag.py:588} INFO - Filling up the DagBag from /home/airflow/.local/lib/python3.12/site-packages/airflow/example_dags/example_sensors.py
[2024-12-11T05:24:53.562+0000] {processor.py:925} INFO - DAG(s) 'example_sensors' retrieved from /home/airflow/.local/lib/python3.12/site-packages/airflow/example_dags/example_sensors.py
[2024-12-11T05:24:53.614+0000] {logging_mixin.py:190} INFO - [2024-12-11T05:24:53.613+0000] {dag.py:3239} INFO - Sync 1 DAGs
[2024-12-11T05:24:53.654+0000] {logging_mixin.py:190} INFO - [2024-12-11T05:24:53.654+0000] {dag.py:4180} INFO - Setting next_dagrun for example_sensors to None, run_after=None
[2024-12-11T05:24:53.694+0000] {processor.py:208} INFO - Processing /home/airflow/.local/lib/python3.12/site-packages/airflow/example_dags/example_sensors.py took 0.170 seconds
[2024-12-11T05:25:27.996+0000] {processor.py:186} INFO - Started process (PID=1497) to work on /home/airflow/.local/lib/python3.12/site-packages/airflow/example_dags/example_sensors.py
[2024-12-11T05:25:28.001+0000] {processor.py:914} INFO - Processing file /home/airflow/.local/lib/python3.12/site-packages/airflow/example_dags/example_sensors.py for tasks to queue
[2024-12-11T05:25:28.009+0000] {logging_mixin.py:190} INFO - [2024-12-11T05:25:28.005+0000] {dagbag.py:588} INFO - Filling up the DagBag from /home/airflow/.local/lib/python3.12/site-packages/airflow/example_dags/example_sensors.py
[2024-12-11T05:25:28.093+0000] {processor.py:925} INFO - DAG(s) 'example_sensors' retrieved from /home/airflow/.local/lib/python3.12/site-packages/airflow/example_dags/example_sensors.py
[2024-12-11T05:25:28.195+0000] {logging_mixin.py:190} INFO - [2024-12-11T05:25:28.194+0000] {dag.py:3239} INFO - Sync 1 DAGs
[2024-12-11T05:25:28.250+0000] {logging_mixin.py:190} INFO - [2024-12-11T05:25:28.249+0000] {dag.py:4180} INFO - Setting next_dagrun for example_sensors to None, run_after=None
[2024-12-11T05:25:28.349+0000] {processor.py:208} INFO - Processing /home/airflow/.local/lib/python3.12/site-packages/airflow/example_dags/example_sensors.py took 0.379 seconds
[2024-12-11T05:26:00.945+0000] {processor.py:186} INFO - Started process (PID=1560) to work on /home/airflow/.local/lib/python3.12/site-packages/airflow/example_dags/example_sensors.py
[2024-12-11T05:26:00.948+0000] {processor.py:914} INFO - Processing file /home/airflow/.local/lib/python3.12/site-packages/airflow/example_dags/example_sensors.py for tasks to queue
[2024-12-11T05:26:00.954+0000] {logging_mixin.py:190} INFO - [2024-12-11T05:26:00.952+0000] {dagbag.py:588} INFO - Filling up the DagBag from /home/airflow/.local/lib/python3.12/site-packages/airflow/example_dags/example_sensors.py
[2024-12-11T05:26:01.001+0000] {processor.py:925} INFO - DAG(s) 'example_sensors' retrieved from /home/airflow/.local/lib/python3.12/site-packages/airflow/example_dags/example_sensors.py
[2024-12-11T05:26:01.087+0000] {logging_mixin.py:190} INFO - [2024-12-11T05:26:01.086+0000] {dag.py:3239} INFO - Sync 1 DAGs
[2024-12-11T05:26:01.125+0000] {logging_mixin.py:190} INFO - [2024-12-11T05:26:01.124+0000] {dag.py:4180} INFO - Setting next_dagrun for example_sensors to None, run_after=None
[2024-12-11T05:26:01.189+0000] {processor.py:208} INFO - Processing /home/airflow/.local/lib/python3.12/site-packages/airflow/example_dags/example_sensors.py took 0.263 seconds
[2024-12-11T05:27:24.358+0000] {processor.py:186} INFO - Started process (PID=1647) to work on /home/airflow/.local/lib/python3.12/site-packages/airflow/example_dags/example_sensors.py
[2024-12-11T05:27:24.361+0000] {processor.py:914} INFO - Processing file /home/airflow/.local/lib/python3.12/site-packages/airflow/example_dags/example_sensors.py for tasks to queue
[2024-12-11T05:27:24.366+0000] {logging_mixin.py:190} INFO - [2024-12-11T05:27:24.365+0000] {dagbag.py:588} INFO - Filling up the DagBag from /home/airflow/.local/lib/python3.12/site-packages/airflow/example_dags/example_sensors.py
[2024-12-11T05:27:24.410+0000] {processor.py:925} INFO - DAG(s) 'example_sensors' retrieved from /home/airflow/.local/lib/python3.12/site-packages/airflow/example_dags/example_sensors.py
[2024-12-11T05:27:24.516+0000] {logging_mixin.py:190} INFO - [2024-12-11T05:27:24.515+0000] {dag.py:3239} INFO - Sync 1 DAGs
[2024-12-11T05:27:24.579+0000] {logging_mixin.py:190} INFO - [2024-12-11T05:27:24.578+0000] {dag.py:4180} INFO - Setting next_dagrun for example_sensors to None, run_after=None
[2024-12-11T05:27:24.663+0000] {processor.py:208} INFO - Processing /home/airflow/.local/lib/python3.12/site-packages/airflow/example_dags/example_sensors.py took 0.327 seconds
[2024-12-11T05:28:28.789+0000] {processor.py:186} INFO - Started process (PID=1718) to work on /home/airflow/.local/lib/python3.12/site-packages/airflow/example_dags/example_sensors.py
[2024-12-11T05:28:28.836+0000] {processor.py:914} INFO - Processing file /home/airflow/.local/lib/python3.12/site-packages/airflow/example_dags/example_sensors.py for tasks to queue
[2024-12-11T05:28:28.877+0000] {logging_mixin.py:190} INFO - [2024-12-11T05:28:28.864+0000] {dagbag.py:588} INFO - Filling up the DagBag from /home/airflow/.local/lib/python3.12/site-packages/airflow/example_dags/example_sensors.py
[2024-12-11T05:28:29.475+0000] {processor.py:925} INFO - DAG(s) 'example_sensors' retrieved from /home/airflow/.local/lib/python3.12/site-packages/airflow/example_dags/example_sensors.py
[2024-12-11T05:28:30.104+0000] {logging_mixin.py:190} INFO - [2024-12-11T05:28:30.102+0000] {dag.py:3239} INFO - Sync 1 DAGs
[2024-12-11T05:28:30.523+0000] {logging_mixin.py:190} INFO - [2024-12-11T05:28:30.521+0000] {dag.py:4180} INFO - Setting next_dagrun for example_sensors to None, run_after=None
[2024-12-11T05:28:30.867+0000] {processor.py:208} INFO - Processing /home/airflow/.local/lib/python3.12/site-packages/airflow/example_dags/example_sensors.py took 2.224 seconds
