[2024-12-11T04:56:03.589+0000] {processor.py:186} INFO - Started process (PID=98) to work on /home/airflow/.local/lib/python3.12/site-packages/airflow/example_dags/example_task_group.py
[2024-12-11T04:56:03.592+0000] {processor.py:914} INFO - Processing file /home/airflow/.local/lib/python3.12/site-packages/airflow/example_dags/example_task_group.py for tasks to queue
[2024-12-11T04:56:03.603+0000] {logging_mixin.py:190} INFO - [2024-12-11T04:56:03.601+0000] {dagbag.py:588} INFO - Filling up the DagBag from /home/airflow/.local/lib/python3.12/site-packages/airflow/example_dags/example_task_group.py
[2024-12-11T04:56:03.649+0000] {processor.py:925} INFO - DAG(s) 'example_task_group' retrieved from /home/airflow/.local/lib/python3.12/site-packages/airflow/example_dags/example_task_group.py
[2024-12-11T04:56:04.468+0000] {logging_mixin.py:190} INFO - [2024-12-11T04:56:04.456+0000] {override.py:1911} INFO - Created Permission View: can delete on DAG:example_task_group
[2024-12-11T04:56:04.506+0000] {logging_mixin.py:190} INFO - [2024-12-11T04:56:04.506+0000] {override.py:1911} INFO - Created Permission View: can read on DAG:example_task_group
[2024-12-11T04:56:04.535+0000] {logging_mixin.py:190} INFO - [2024-12-11T04:56:04.534+0000] {override.py:1911} INFO - Created Permission View: can edit on DAG:example_task_group
[2024-12-11T04:56:04.569+0000] {logging_mixin.py:190} INFO - [2024-12-11T04:56:04.568+0000] {override.py:1911} INFO - Created Permission View: can delete on DAG Run:example_task_group
[2024-12-11T04:56:04.601+0000] {logging_mixin.py:190} INFO - [2024-12-11T04:56:04.600+0000] {override.py:1911} INFO - Created Permission View: can read on DAG Run:example_task_group
[2024-12-11T04:56:04.629+0000] {logging_mixin.py:190} INFO - [2024-12-11T04:56:04.629+0000] {override.py:1911} INFO - Created Permission View: menu access on DAG Run:example_task_group
[2024-12-11T04:56:04.667+0000] {logging_mixin.py:190} INFO - [2024-12-11T04:56:04.664+0000] {override.py:1911} INFO - Created Permission View: can create on DAG Run:example_task_group
[2024-12-11T04:56:04.670+0000] {logging_mixin.py:190} INFO - [2024-12-11T04:56:04.669+0000] {dag.py:3239} INFO - Sync 1 DAGs
[2024-12-11T04:56:04.739+0000] {logging_mixin.py:190} INFO - [2024-12-11T04:56:04.739+0000] {dag.py:3262} INFO - Creating ORM DAG for example_task_group
[2024-12-11T04:56:04.751+0000] {logging_mixin.py:190} INFO - [2024-12-11T04:56:04.751+0000] {dag.py:4180} INFO - Setting next_dagrun for example_task_group to None, run_after=None
[2024-12-11T04:56:04.840+0000] {processor.py:208} INFO - Processing /home/airflow/.local/lib/python3.12/site-packages/airflow/example_dags/example_task_group.py took 1.273 seconds
[2024-12-11T04:56:45.332+0000] {processor.py:186} INFO - Started process (PID=162) to work on /home/airflow/.local/lib/python3.12/site-packages/airflow/example_dags/example_task_group.py
[2024-12-11T04:56:45.335+0000] {processor.py:914} INFO - Processing file /home/airflow/.local/lib/python3.12/site-packages/airflow/example_dags/example_task_group.py for tasks to queue
[2024-12-11T04:56:45.341+0000] {logging_mixin.py:190} INFO - [2024-12-11T04:56:45.340+0000] {dagbag.py:588} INFO - Filling up the DagBag from /home/airflow/.local/lib/python3.12/site-packages/airflow/example_dags/example_task_group.py
[2024-12-11T04:56:45.367+0000] {processor.py:925} INFO - DAG(s) 'example_task_group' retrieved from /home/airflow/.local/lib/python3.12/site-packages/airflow/example_dags/example_task_group.py
[2024-12-11T04:56:45.431+0000] {logging_mixin.py:190} INFO - [2024-12-11T04:56:45.431+0000] {dag.py:3239} INFO - Sync 1 DAGs
[2024-12-11T04:56:45.472+0000] {logging_mixin.py:190} INFO - [2024-12-11T04:56:45.471+0000] {dag.py:4180} INFO - Setting next_dagrun for example_task_group to None, run_after=None
[2024-12-11T04:56:45.532+0000] {processor.py:208} INFO - Processing /home/airflow/.local/lib/python3.12/site-packages/airflow/example_dags/example_task_group.py took 0.216 seconds
[2024-12-11T05:00:51.467+0000] {processor.py:186} INFO - Started process (PID=236) to work on /home/airflow/.local/lib/python3.12/site-packages/airflow/example_dags/example_task_group.py
[2024-12-11T05:00:51.471+0000] {processor.py:914} INFO - Processing file /home/airflow/.local/lib/python3.12/site-packages/airflow/example_dags/example_task_group.py for tasks to queue
[2024-12-11T05:00:51.477+0000] {logging_mixin.py:190} INFO - [2024-12-11T05:00:51.476+0000] {dagbag.py:588} INFO - Filling up the DagBag from /home/airflow/.local/lib/python3.12/site-packages/airflow/example_dags/example_task_group.py
[2024-12-11T05:00:51.500+0000] {processor.py:925} INFO - DAG(s) 'example_task_group' retrieved from /home/airflow/.local/lib/python3.12/site-packages/airflow/example_dags/example_task_group.py
[2024-12-11T05:00:51.560+0000] {logging_mixin.py:190} INFO - [2024-12-11T05:00:51.560+0000] {dag.py:3239} INFO - Sync 1 DAGs
[2024-12-11T05:00:51.599+0000] {logging_mixin.py:190} INFO - [2024-12-11T05:00:51.598+0000] {dag.py:4180} INFO - Setting next_dagrun for example_task_group to None, run_after=None
[2024-12-11T05:00:51.658+0000] {processor.py:208} INFO - Processing /home/airflow/.local/lib/python3.12/site-packages/airflow/example_dags/example_task_group.py took 0.223 seconds
[2024-12-11T05:01:22.976+0000] {processor.py:186} INFO - Started process (PID=299) to work on /home/airflow/.local/lib/python3.12/site-packages/airflow/example_dags/example_task_group.py
[2024-12-11T05:01:22.979+0000] {processor.py:914} INFO - Processing file /home/airflow/.local/lib/python3.12/site-packages/airflow/example_dags/example_task_group.py for tasks to queue
[2024-12-11T05:01:22.986+0000] {logging_mixin.py:190} INFO - [2024-12-11T05:01:22.985+0000] {dagbag.py:588} INFO - Filling up the DagBag from /home/airflow/.local/lib/python3.12/site-packages/airflow/example_dags/example_task_group.py
[2024-12-11T05:01:23.016+0000] {processor.py:925} INFO - DAG(s) 'example_task_group' retrieved from /home/airflow/.local/lib/python3.12/site-packages/airflow/example_dags/example_task_group.py
[2024-12-11T05:01:23.103+0000] {logging_mixin.py:190} INFO - [2024-12-11T05:01:23.103+0000] {dag.py:3239} INFO - Sync 1 DAGs
[2024-12-11T05:01:23.154+0000] {logging_mixin.py:190} INFO - [2024-12-11T05:01:23.153+0000] {dag.py:4180} INFO - Setting next_dagrun for example_task_group to None, run_after=None
[2024-12-11T05:01:23.214+0000] {processor.py:208} INFO - Processing /home/airflow/.local/lib/python3.12/site-packages/airflow/example_dags/example_task_group.py took 0.255 seconds
[2024-12-11T05:03:17.499+0000] {processor.py:186} INFO - Started process (PID=330) to work on /home/airflow/.local/lib/python3.12/site-packages/airflow/example_dags/example_task_group.py
[2024-12-11T05:03:17.502+0000] {processor.py:914} INFO - Processing file /home/airflow/.local/lib/python3.12/site-packages/airflow/example_dags/example_task_group.py for tasks to queue
[2024-12-11T05:03:17.517+0000] {logging_mixin.py:190} INFO - [2024-12-11T05:03:17.506+0000] {dagbag.py:588} INFO - Filling up the DagBag from /home/airflow/.local/lib/python3.12/site-packages/airflow/example_dags/example_task_group.py
[2024-12-11T05:03:17.587+0000] {processor.py:925} INFO - DAG(s) 'example_task_group' retrieved from /home/airflow/.local/lib/python3.12/site-packages/airflow/example_dags/example_task_group.py
[2024-12-11T05:03:17.741+0000] {logging_mixin.py:190} INFO - [2024-12-11T05:03:17.740+0000] {dag.py:3239} INFO - Sync 1 DAGs
[2024-12-11T05:03:17.802+0000] {logging_mixin.py:190} INFO - [2024-12-11T05:03:17.802+0000] {dag.py:4180} INFO - Setting next_dagrun for example_task_group to None, run_after=None
[2024-12-11T05:03:17.886+0000] {processor.py:208} INFO - Processing /home/airflow/.local/lib/python3.12/site-packages/airflow/example_dags/example_task_group.py took 0.414 seconds
[2024-12-11T05:03:48.543+0000] {processor.py:186} INFO - Started process (PID=392) to work on /home/airflow/.local/lib/python3.12/site-packages/airflow/example_dags/example_task_group.py
[2024-12-11T05:03:48.547+0000] {processor.py:914} INFO - Processing file /home/airflow/.local/lib/python3.12/site-packages/airflow/example_dags/example_task_group.py for tasks to queue
[2024-12-11T05:03:48.552+0000] {logging_mixin.py:190} INFO - [2024-12-11T05:03:48.551+0000] {dagbag.py:588} INFO - Filling up the DagBag from /home/airflow/.local/lib/python3.12/site-packages/airflow/example_dags/example_task_group.py
[2024-12-11T05:03:48.591+0000] {processor.py:925} INFO - DAG(s) 'example_task_group' retrieved from /home/airflow/.local/lib/python3.12/site-packages/airflow/example_dags/example_task_group.py
[2024-12-11T05:03:48.669+0000] {logging_mixin.py:190} INFO - [2024-12-11T05:03:48.668+0000] {dag.py:3239} INFO - Sync 1 DAGs
[2024-12-11T05:03:48.721+0000] {logging_mixin.py:190} INFO - [2024-12-11T05:03:48.720+0000] {dag.py:4180} INFO - Setting next_dagrun for example_task_group to None, run_after=None
[2024-12-11T05:03:48.780+0000] {processor.py:208} INFO - Processing /home/airflow/.local/lib/python3.12/site-packages/airflow/example_dags/example_task_group.py took 0.264 seconds
[2024-12-11T05:05:37.894+0000] {processor.py:186} INFO - Started process (PID=461) to work on /home/airflow/.local/lib/python3.12/site-packages/airflow/example_dags/example_task_group.py
[2024-12-11T05:05:37.897+0000] {processor.py:914} INFO - Processing file /home/airflow/.local/lib/python3.12/site-packages/airflow/example_dags/example_task_group.py for tasks to queue
[2024-12-11T05:05:37.900+0000] {logging_mixin.py:190} INFO - [2024-12-11T05:05:37.899+0000] {dagbag.py:588} INFO - Filling up the DagBag from /home/airflow/.local/lib/python3.12/site-packages/airflow/example_dags/example_task_group.py
[2024-12-11T05:05:37.917+0000] {processor.py:925} INFO - DAG(s) 'example_task_group' retrieved from /home/airflow/.local/lib/python3.12/site-packages/airflow/example_dags/example_task_group.py
[2024-12-11T05:05:37.963+0000] {logging_mixin.py:190} INFO - [2024-12-11T05:05:37.962+0000] {dag.py:3239} INFO - Sync 1 DAGs
[2024-12-11T05:05:38.001+0000] {logging_mixin.py:190} INFO - [2024-12-11T05:05:38.001+0000] {dag.py:4180} INFO - Setting next_dagrun for example_task_group to None, run_after=None
[2024-12-11T05:05:38.048+0000] {processor.py:208} INFO - Processing /home/airflow/.local/lib/python3.12/site-packages/airflow/example_dags/example_task_group.py took 0.166 seconds
[2024-12-11T05:06:10.617+0000] {processor.py:186} INFO - Started process (PID=524) to work on /home/airflow/.local/lib/python3.12/site-packages/airflow/example_dags/example_task_group.py
[2024-12-11T05:06:10.620+0000] {processor.py:914} INFO - Processing file /home/airflow/.local/lib/python3.12/site-packages/airflow/example_dags/example_task_group.py for tasks to queue
[2024-12-11T05:06:10.624+0000] {logging_mixin.py:190} INFO - [2024-12-11T05:06:10.623+0000] {dagbag.py:588} INFO - Filling up the DagBag from /home/airflow/.local/lib/python3.12/site-packages/airflow/example_dags/example_task_group.py
[2024-12-11T05:06:10.657+0000] {processor.py:925} INFO - DAG(s) 'example_task_group' retrieved from /home/airflow/.local/lib/python3.12/site-packages/airflow/example_dags/example_task_group.py
[2024-12-11T05:06:10.738+0000] {logging_mixin.py:190} INFO - [2024-12-11T05:06:10.738+0000] {dag.py:3239} INFO - Sync 1 DAGs
[2024-12-11T05:06:10.794+0000] {logging_mixin.py:190} INFO - [2024-12-11T05:06:10.792+0000] {dag.py:4180} INFO - Setting next_dagrun for example_task_group to None, run_after=None
[2024-12-11T05:06:10.852+0000] {processor.py:208} INFO - Processing /home/airflow/.local/lib/python3.12/site-packages/airflow/example_dags/example_task_group.py took 0.269 seconds
[2024-12-11T05:07:33.271+0000] {processor.py:186} INFO - Started process (PID=580) to work on /home/airflow/.local/lib/python3.12/site-packages/airflow/example_dags/example_task_group.py
[2024-12-11T05:07:33.274+0000] {processor.py:914} INFO - Processing file /home/airflow/.local/lib/python3.12/site-packages/airflow/example_dags/example_task_group.py for tasks to queue
[2024-12-11T05:07:33.277+0000] {logging_mixin.py:190} INFO - [2024-12-11T05:07:33.277+0000] {dagbag.py:588} INFO - Filling up the DagBag from /home/airflow/.local/lib/python3.12/site-packages/airflow/example_dags/example_task_group.py
[2024-12-11T05:07:33.302+0000] {processor.py:925} INFO - DAG(s) 'example_task_group' retrieved from /home/airflow/.local/lib/python3.12/site-packages/airflow/example_dags/example_task_group.py
[2024-12-11T05:07:33.364+0000] {logging_mixin.py:190} INFO - [2024-12-11T05:07:33.364+0000] {dag.py:3239} INFO - Sync 1 DAGs
[2024-12-11T05:07:33.398+0000] {logging_mixin.py:190} INFO - [2024-12-11T05:07:33.398+0000] {dag.py:4180} INFO - Setting next_dagrun for example_task_group to None, run_after=None
[2024-12-11T05:07:33.448+0000] {processor.py:208} INFO - Processing /home/airflow/.local/lib/python3.12/site-packages/airflow/example_dags/example_task_group.py took 0.199 seconds
[2024-12-11T05:08:05.440+0000] {processor.py:186} INFO - Started process (PID=643) to work on /home/airflow/.local/lib/python3.12/site-packages/airflow/example_dags/example_task_group.py
[2024-12-11T05:08:05.441+0000] {processor.py:914} INFO - Processing file /home/airflow/.local/lib/python3.12/site-packages/airflow/example_dags/example_task_group.py for tasks to queue
[2024-12-11T05:08:05.444+0000] {logging_mixin.py:190} INFO - [2024-12-11T05:08:05.443+0000] {dagbag.py:588} INFO - Filling up the DagBag from /home/airflow/.local/lib/python3.12/site-packages/airflow/example_dags/example_task_group.py
[2024-12-11T05:08:05.459+0000] {processor.py:925} INFO - DAG(s) 'example_task_group' retrieved from /home/airflow/.local/lib/python3.12/site-packages/airflow/example_dags/example_task_group.py
[2024-12-11T05:08:05.497+0000] {logging_mixin.py:190} INFO - [2024-12-11T05:08:05.496+0000] {dag.py:3239} INFO - Sync 1 DAGs
[2024-12-11T05:08:05.525+0000] {logging_mixin.py:190} INFO - [2024-12-11T05:08:05.524+0000] {dag.py:4180} INFO - Setting next_dagrun for example_task_group to None, run_after=None
[2024-12-11T05:08:05.561+0000] {processor.py:208} INFO - Processing /home/airflow/.local/lib/python3.12/site-packages/airflow/example_dags/example_task_group.py took 0.131 seconds
[2024-12-11T05:09:22.928+0000] {processor.py:186} INFO - Started process (PID=711) to work on /home/airflow/.local/lib/python3.12/site-packages/airflow/example_dags/example_task_group.py
[2024-12-11T05:09:22.932+0000] {processor.py:914} INFO - Processing file /home/airflow/.local/lib/python3.12/site-packages/airflow/example_dags/example_task_group.py for tasks to queue
[2024-12-11T05:09:22.936+0000] {logging_mixin.py:190} INFO - [2024-12-11T05:09:22.935+0000] {dagbag.py:588} INFO - Filling up the DagBag from /home/airflow/.local/lib/python3.12/site-packages/airflow/example_dags/example_task_group.py
[2024-12-11T05:09:22.981+0000] {processor.py:925} INFO - DAG(s) 'example_task_group' retrieved from /home/airflow/.local/lib/python3.12/site-packages/airflow/example_dags/example_task_group.py
[2024-12-11T05:09:23.047+0000] {logging_mixin.py:190} INFO - [2024-12-11T05:09:23.047+0000] {dag.py:3239} INFO - Sync 1 DAGs
[2024-12-11T05:09:23.100+0000] {logging_mixin.py:190} INFO - [2024-12-11T05:09:23.099+0000] {dag.py:4180} INFO - Setting next_dagrun for example_task_group to None, run_after=None
[2024-12-11T05:09:23.154+0000] {processor.py:208} INFO - Processing /home/airflow/.local/lib/python3.12/site-packages/airflow/example_dags/example_task_group.py took 0.245 seconds
[2024-12-11T05:09:53.278+0000] {processor.py:186} INFO - Started process (PID=774) to work on /home/airflow/.local/lib/python3.12/site-packages/airflow/example_dags/example_task_group.py
[2024-12-11T05:09:53.281+0000] {processor.py:914} INFO - Processing file /home/airflow/.local/lib/python3.12/site-packages/airflow/example_dags/example_task_group.py for tasks to queue
[2024-12-11T05:09:53.284+0000] {logging_mixin.py:190} INFO - [2024-12-11T05:09:53.283+0000] {dagbag.py:588} INFO - Filling up the DagBag from /home/airflow/.local/lib/python3.12/site-packages/airflow/example_dags/example_task_group.py
[2024-12-11T05:09:53.308+0000] {processor.py:925} INFO - DAG(s) 'example_task_group' retrieved from /home/airflow/.local/lib/python3.12/site-packages/airflow/example_dags/example_task_group.py
[2024-12-11T05:09:53.355+0000] {logging_mixin.py:190} INFO - [2024-12-11T05:09:53.354+0000] {dag.py:3239} INFO - Sync 1 DAGs
[2024-12-11T05:09:53.391+0000] {logging_mixin.py:190} INFO - [2024-12-11T05:09:53.390+0000] {dag.py:4180} INFO - Setting next_dagrun for example_task_group to None, run_after=None
[2024-12-11T05:09:53.436+0000] {processor.py:208} INFO - Processing /home/airflow/.local/lib/python3.12/site-packages/airflow/example_dags/example_task_group.py took 0.172 seconds
[2024-12-11T05:10:24.417+0000] {processor.py:186} INFO - Started process (PID=837) to work on /home/airflow/.local/lib/python3.12/site-packages/airflow/example_dags/example_task_group.py
[2024-12-11T05:10:24.419+0000] {processor.py:914} INFO - Processing file /home/airflow/.local/lib/python3.12/site-packages/airflow/example_dags/example_task_group.py for tasks to queue
[2024-12-11T05:10:24.424+0000] {logging_mixin.py:190} INFO - [2024-12-11T05:10:24.423+0000] {dagbag.py:588} INFO - Filling up the DagBag from /home/airflow/.local/lib/python3.12/site-packages/airflow/example_dags/example_task_group.py
[2024-12-11T05:10:24.452+0000] {processor.py:925} INFO - DAG(s) 'example_task_group' retrieved from /home/airflow/.local/lib/python3.12/site-packages/airflow/example_dags/example_task_group.py
[2024-12-11T05:10:24.518+0000] {logging_mixin.py:190} INFO - [2024-12-11T05:10:24.517+0000] {dag.py:3239} INFO - Sync 1 DAGs
[2024-12-11T05:10:24.551+0000] {logging_mixin.py:190} INFO - [2024-12-11T05:10:24.550+0000] {dag.py:4180} INFO - Setting next_dagrun for example_task_group to None, run_after=None
[2024-12-11T05:10:24.596+0000] {processor.py:208} INFO - Processing /home/airflow/.local/lib/python3.12/site-packages/airflow/example_dags/example_task_group.py took 0.192 seconds
[2024-12-11T05:10:55.757+0000] {processor.py:186} INFO - Started process (PID=902) to work on /home/airflow/.local/lib/python3.12/site-packages/airflow/example_dags/example_task_group.py
[2024-12-11T05:10:55.759+0000] {processor.py:914} INFO - Processing file /home/airflow/.local/lib/python3.12/site-packages/airflow/example_dags/example_task_group.py for tasks to queue
[2024-12-11T05:10:55.765+0000] {logging_mixin.py:190} INFO - [2024-12-11T05:10:55.763+0000] {dagbag.py:588} INFO - Filling up the DagBag from /home/airflow/.local/lib/python3.12/site-packages/airflow/example_dags/example_task_group.py
[2024-12-11T05:10:55.813+0000] {processor.py:925} INFO - DAG(s) 'example_task_group' retrieved from /home/airflow/.local/lib/python3.12/site-packages/airflow/example_dags/example_task_group.py
[2024-12-11T05:10:55.887+0000] {logging_mixin.py:190} INFO - [2024-12-11T05:10:55.886+0000] {dag.py:3239} INFO - Sync 1 DAGs
[2024-12-11T05:10:55.933+0000] {logging_mixin.py:190} INFO - [2024-12-11T05:10:55.932+0000] {dag.py:4180} INFO - Setting next_dagrun for example_task_group to None, run_after=None
[2024-12-11T05:10:55.991+0000] {processor.py:208} INFO - Processing /home/airflow/.local/lib/python3.12/site-packages/airflow/example_dags/example_task_group.py took 0.250 seconds
[2024-12-11T05:17:20.413+0000] {processor.py:186} INFO - Started process (PID=945) to work on /home/airflow/.local/lib/python3.12/site-packages/airflow/example_dags/example_task_group.py
[2024-12-11T05:17:20.417+0000] {processor.py:914} INFO - Processing file /home/airflow/.local/lib/python3.12/site-packages/airflow/example_dags/example_task_group.py for tasks to queue
[2024-12-11T05:17:20.422+0000] {logging_mixin.py:190} INFO - [2024-12-11T05:17:20.421+0000] {dagbag.py:588} INFO - Filling up the DagBag from /home/airflow/.local/lib/python3.12/site-packages/airflow/example_dags/example_task_group.py
[2024-12-11T05:17:20.477+0000] {processor.py:925} INFO - DAG(s) 'example_task_group' retrieved from /home/airflow/.local/lib/python3.12/site-packages/airflow/example_dags/example_task_group.py
[2024-12-11T05:17:20.548+0000] {logging_mixin.py:190} INFO - [2024-12-11T05:17:20.548+0000] {dag.py:3239} INFO - Sync 1 DAGs
[2024-12-11T05:17:20.589+0000] {logging_mixin.py:190} INFO - [2024-12-11T05:17:20.588+0000] {dag.py:4180} INFO - Setting next_dagrun for example_task_group to None, run_after=None
[2024-12-11T05:17:20.651+0000] {processor.py:208} INFO - Processing /home/airflow/.local/lib/python3.12/site-packages/airflow/example_dags/example_task_group.py took 0.261 seconds
[2024-12-11T05:17:51.465+0000] {processor.py:186} INFO - Started process (PID=1008) to work on /home/airflow/.local/lib/python3.12/site-packages/airflow/example_dags/example_task_group.py
[2024-12-11T05:17:51.467+0000] {processor.py:914} INFO - Processing file /home/airflow/.local/lib/python3.12/site-packages/airflow/example_dags/example_task_group.py for tasks to queue
[2024-12-11T05:17:51.472+0000] {logging_mixin.py:190} INFO - [2024-12-11T05:17:51.471+0000] {dagbag.py:588} INFO - Filling up the DagBag from /home/airflow/.local/lib/python3.12/site-packages/airflow/example_dags/example_task_group.py
[2024-12-11T05:17:51.498+0000] {processor.py:925} INFO - DAG(s) 'example_task_group' retrieved from /home/airflow/.local/lib/python3.12/site-packages/airflow/example_dags/example_task_group.py
[2024-12-11T05:17:51.558+0000] {logging_mixin.py:190} INFO - [2024-12-11T05:17:51.557+0000] {dag.py:3239} INFO - Sync 1 DAGs
[2024-12-11T05:17:51.605+0000] {logging_mixin.py:190} INFO - [2024-12-11T05:17:51.604+0000] {dag.py:4180} INFO - Setting next_dagrun for example_task_group to None, run_after=None
[2024-12-11T05:17:51.661+0000] {processor.py:208} INFO - Processing /home/airflow/.local/lib/python3.12/site-packages/airflow/example_dags/example_task_group.py took 0.209 seconds
[2024-12-11T05:18:22.562+0000] {processor.py:186} INFO - Started process (PID=1070) to work on /home/airflow/.local/lib/python3.12/site-packages/airflow/example_dags/example_task_group.py
[2024-12-11T05:18:22.564+0000] {processor.py:914} INFO - Processing file /home/airflow/.local/lib/python3.12/site-packages/airflow/example_dags/example_task_group.py for tasks to queue
[2024-12-11T05:18:22.568+0000] {logging_mixin.py:190} INFO - [2024-12-11T05:18:22.567+0000] {dagbag.py:588} INFO - Filling up the DagBag from /home/airflow/.local/lib/python3.12/site-packages/airflow/example_dags/example_task_group.py
[2024-12-11T05:18:22.590+0000] {processor.py:925} INFO - DAG(s) 'example_task_group' retrieved from /home/airflow/.local/lib/python3.12/site-packages/airflow/example_dags/example_task_group.py
[2024-12-11T05:18:22.637+0000] {logging_mixin.py:190} INFO - [2024-12-11T05:18:22.636+0000] {dag.py:3239} INFO - Sync 1 DAGs
[2024-12-11T05:18:22.674+0000] {logging_mixin.py:190} INFO - [2024-12-11T05:18:22.674+0000] {dag.py:4180} INFO - Setting next_dagrun for example_task_group to None, run_after=None
[2024-12-11T05:18:22.716+0000] {processor.py:208} INFO - Processing /home/airflow/.local/lib/python3.12/site-packages/airflow/example_dags/example_task_group.py took 0.172 seconds
[2024-12-11T05:18:54.717+0000] {processor.py:186} INFO - Started process (PID=1134) to work on /home/airflow/.local/lib/python3.12/site-packages/airflow/example_dags/example_task_group.py
[2024-12-11T05:18:54.719+0000] {processor.py:914} INFO - Processing file /home/airflow/.local/lib/python3.12/site-packages/airflow/example_dags/example_task_group.py for tasks to queue
[2024-12-11T05:18:54.723+0000] {logging_mixin.py:190} INFO - [2024-12-11T05:18:54.722+0000] {dagbag.py:588} INFO - Filling up the DagBag from /home/airflow/.local/lib/python3.12/site-packages/airflow/example_dags/example_task_group.py
[2024-12-11T05:18:54.744+0000] {processor.py:925} INFO - DAG(s) 'example_task_group' retrieved from /home/airflow/.local/lib/python3.12/site-packages/airflow/example_dags/example_task_group.py
[2024-12-11T05:18:54.790+0000] {logging_mixin.py:190} INFO - [2024-12-11T05:18:54.789+0000] {dag.py:3239} INFO - Sync 1 DAGs
[2024-12-11T05:18:54.818+0000] {logging_mixin.py:190} INFO - [2024-12-11T05:18:54.818+0000] {dag.py:4180} INFO - Setting next_dagrun for example_task_group to None, run_after=None
[2024-12-11T05:18:54.859+0000] {processor.py:208} INFO - Processing /home/airflow/.local/lib/python3.12/site-packages/airflow/example_dags/example_task_group.py took 0.153 seconds
[2024-12-11T05:19:25.338+0000] {processor.py:186} INFO - Started process (PID=1197) to work on /home/airflow/.local/lib/python3.12/site-packages/airflow/example_dags/example_task_group.py
[2024-12-11T05:19:25.340+0000] {processor.py:914} INFO - Processing file /home/airflow/.local/lib/python3.12/site-packages/airflow/example_dags/example_task_group.py for tasks to queue
[2024-12-11T05:19:25.343+0000] {logging_mixin.py:190} INFO - [2024-12-11T05:19:25.342+0000] {dagbag.py:588} INFO - Filling up the DagBag from /home/airflow/.local/lib/python3.12/site-packages/airflow/example_dags/example_task_group.py
[2024-12-11T05:19:25.359+0000] {processor.py:925} INFO - DAG(s) 'example_task_group' retrieved from /home/airflow/.local/lib/python3.12/site-packages/airflow/example_dags/example_task_group.py
[2024-12-11T05:19:25.397+0000] {logging_mixin.py:190} INFO - [2024-12-11T05:19:25.396+0000] {dag.py:3239} INFO - Sync 1 DAGs
[2024-12-11T05:19:25.423+0000] {logging_mixin.py:190} INFO - [2024-12-11T05:19:25.423+0000] {dag.py:4180} INFO - Setting next_dagrun for example_task_group to None, run_after=None
[2024-12-11T05:19:25.457+0000] {processor.py:208} INFO - Processing /home/airflow/.local/lib/python3.12/site-packages/airflow/example_dags/example_task_group.py took 0.131 seconds
[2024-12-11T05:20:01.296+0000] {processor.py:186} INFO - Started process (PID=1258) to work on /home/airflow/.local/lib/python3.12/site-packages/airflow/example_dags/example_task_group.py
[2024-12-11T05:20:01.299+0000] {processor.py:914} INFO - Processing file /home/airflow/.local/lib/python3.12/site-packages/airflow/example_dags/example_task_group.py for tasks to queue
[2024-12-11T05:20:01.303+0000] {logging_mixin.py:190} INFO - [2024-12-11T05:20:01.302+0000] {dagbag.py:588} INFO - Filling up the DagBag from /home/airflow/.local/lib/python3.12/site-packages/airflow/example_dags/example_task_group.py
[2024-12-11T05:20:01.333+0000] {processor.py:925} INFO - DAG(s) 'example_task_group' retrieved from /home/airflow/.local/lib/python3.12/site-packages/airflow/example_dags/example_task_group.py
[2024-12-11T05:20:01.439+0000] {logging_mixin.py:190} INFO - [2024-12-11T05:20:01.439+0000] {dag.py:3239} INFO - Sync 1 DAGs
[2024-12-11T05:20:01.502+0000] {logging_mixin.py:190} INFO - [2024-12-11T05:20:01.501+0000] {dag.py:4180} INFO - Setting next_dagrun for example_task_group to None, run_after=None
[2024-12-11T05:20:01.586+0000] {processor.py:208} INFO - Processing /home/airflow/.local/lib/python3.12/site-packages/airflow/example_dags/example_task_group.py took 0.316 seconds
[2024-12-11T05:20:36.171+0000] {processor.py:186} INFO - Started process (PID=1321) to work on /home/airflow/.local/lib/python3.12/site-packages/airflow/example_dags/example_task_group.py
[2024-12-11T05:20:36.175+0000] {processor.py:914} INFO - Processing file /home/airflow/.local/lib/python3.12/site-packages/airflow/example_dags/example_task_group.py for tasks to queue
[2024-12-11T05:20:36.181+0000] {logging_mixin.py:190} INFO - [2024-12-11T05:20:36.179+0000] {dagbag.py:588} INFO - Filling up the DagBag from /home/airflow/.local/lib/python3.12/site-packages/airflow/example_dags/example_task_group.py
[2024-12-11T05:20:36.309+0000] {processor.py:925} INFO - DAG(s) 'example_task_group' retrieved from /home/airflow/.local/lib/python3.12/site-packages/airflow/example_dags/example_task_group.py
[2024-12-11T05:23:20.715+0000] {processor.py:186} INFO - Started process (PID=1356) to work on /home/airflow/.local/lib/python3.12/site-packages/airflow/example_dags/example_task_group.py
[2024-12-11T05:23:20.717+0000] {processor.py:914} INFO - Processing file /home/airflow/.local/lib/python3.12/site-packages/airflow/example_dags/example_task_group.py for tasks to queue
[2024-12-11T05:23:20.720+0000] {logging_mixin.py:190} INFO - [2024-12-11T05:23:20.719+0000] {dagbag.py:588} INFO - Filling up the DagBag from /home/airflow/.local/lib/python3.12/site-packages/airflow/example_dags/example_task_group.py
[2024-12-11T05:23:20.740+0000] {processor.py:925} INFO - DAG(s) 'example_task_group' retrieved from /home/airflow/.local/lib/python3.12/site-packages/airflow/example_dags/example_task_group.py
[2024-12-11T05:23:21.029+0000] {logging_mixin.py:190} INFO - [2024-12-11T05:23:21.029+0000] {dag.py:3239} INFO - Sync 1 DAGs
[2024-12-11T05:23:21.071+0000] {logging_mixin.py:190} INFO - [2024-12-11T05:23:21.071+0000] {dag.py:4180} INFO - Setting next_dagrun for example_task_group to None, run_after=None
[2024-12-11T05:23:21.124+0000] {processor.py:208} INFO - Processing /home/airflow/.local/lib/python3.12/site-packages/airflow/example_dags/example_task_group.py took 0.422 seconds
[2024-12-11T05:24:50.722+0000] {processor.py:186} INFO - Started process (PID=1429) to work on /home/airflow/.local/lib/python3.12/site-packages/airflow/example_dags/example_task_group.py
[2024-12-11T05:24:50.724+0000] {processor.py:914} INFO - Processing file /home/airflow/.local/lib/python3.12/site-packages/airflow/example_dags/example_task_group.py for tasks to queue
[2024-12-11T05:24:50.727+0000] {logging_mixin.py:190} INFO - [2024-12-11T05:24:50.726+0000] {dagbag.py:588} INFO - Filling up the DagBag from /home/airflow/.local/lib/python3.12/site-packages/airflow/example_dags/example_task_group.py
[2024-12-11T05:24:50.744+0000] {processor.py:925} INFO - DAG(s) 'example_task_group' retrieved from /home/airflow/.local/lib/python3.12/site-packages/airflow/example_dags/example_task_group.py
[2024-12-11T05:24:50.783+0000] {logging_mixin.py:190} INFO - [2024-12-11T05:24:50.783+0000] {dag.py:3239} INFO - Sync 1 DAGs
[2024-12-11T05:24:50.817+0000] {logging_mixin.py:190} INFO - [2024-12-11T05:24:50.817+0000] {dag.py:4180} INFO - Setting next_dagrun for example_task_group to None, run_after=None
[2024-12-11T05:24:50.854+0000] {processor.py:208} INFO - Processing /home/airflow/.local/lib/python3.12/site-packages/airflow/example_dags/example_task_group.py took 0.144 seconds
[2024-12-11T05:25:24.338+0000] {processor.py:186} INFO - Started process (PID=1492) to work on /home/airflow/.local/lib/python3.12/site-packages/airflow/example_dags/example_task_group.py
[2024-12-11T05:25:24.341+0000] {processor.py:914} INFO - Processing file /home/airflow/.local/lib/python3.12/site-packages/airflow/example_dags/example_task_group.py for tasks to queue
[2024-12-11T05:25:24.345+0000] {logging_mixin.py:190} INFO - [2024-12-11T05:25:24.344+0000] {dagbag.py:588} INFO - Filling up the DagBag from /home/airflow/.local/lib/python3.12/site-packages/airflow/example_dags/example_task_group.py
[2024-12-11T05:25:24.369+0000] {processor.py:925} INFO - DAG(s) 'example_task_group' retrieved from /home/airflow/.local/lib/python3.12/site-packages/airflow/example_dags/example_task_group.py
[2024-12-11T05:25:24.423+0000] {logging_mixin.py:190} INFO - [2024-12-11T05:25:24.423+0000] {dag.py:3239} INFO - Sync 1 DAGs
[2024-12-11T05:25:24.459+0000] {logging_mixin.py:190} INFO - [2024-12-11T05:25:24.458+0000] {dag.py:4180} INFO - Setting next_dagrun for example_task_group to None, run_after=None
[2024-12-11T05:25:24.514+0000] {processor.py:208} INFO - Processing /home/airflow/.local/lib/python3.12/site-packages/airflow/example_dags/example_task_group.py took 0.189 seconds
[2024-12-11T05:25:54.725+0000] {processor.py:186} INFO - Started process (PID=1555) to work on /home/airflow/.local/lib/python3.12/site-packages/airflow/example_dags/example_task_group.py
[2024-12-11T05:25:54.727+0000] {processor.py:914} INFO - Processing file /home/airflow/.local/lib/python3.12/site-packages/airflow/example_dags/example_task_group.py for tasks to queue
[2024-12-11T05:25:54.730+0000] {logging_mixin.py:190} INFO - [2024-12-11T05:25:54.729+0000] {dagbag.py:588} INFO - Filling up the DagBag from /home/airflow/.local/lib/python3.12/site-packages/airflow/example_dags/example_task_group.py
[2024-12-11T05:25:54.751+0000] {processor.py:925} INFO - DAG(s) 'example_task_group' retrieved from /home/airflow/.local/lib/python3.12/site-packages/airflow/example_dags/example_task_group.py
[2024-12-11T05:25:54.801+0000] {logging_mixin.py:190} INFO - [2024-12-11T05:25:54.800+0000] {dag.py:3239} INFO - Sync 1 DAGs
[2024-12-11T05:25:54.844+0000] {logging_mixin.py:190} INFO - [2024-12-11T05:25:54.844+0000] {dag.py:4180} INFO - Setting next_dagrun for example_task_group to None, run_after=None
[2024-12-11T05:25:54.913+0000] {processor.py:208} INFO - Processing /home/airflow/.local/lib/python3.12/site-packages/airflow/example_dags/example_task_group.py took 0.205 seconds
[2024-12-11T05:26:25.626+0000] {processor.py:186} INFO - Started process (PID=1617) to work on /home/airflow/.local/lib/python3.12/site-packages/airflow/example_dags/example_task_group.py
[2024-12-11T05:26:25.629+0000] {processor.py:914} INFO - Processing file /home/airflow/.local/lib/python3.12/site-packages/airflow/example_dags/example_task_group.py for tasks to queue
[2024-12-11T05:26:25.633+0000] {logging_mixin.py:190} INFO - [2024-12-11T05:26:25.632+0000] {dagbag.py:588} INFO - Filling up the DagBag from /home/airflow/.local/lib/python3.12/site-packages/airflow/example_dags/example_task_group.py
[2024-12-11T05:26:25.657+0000] {processor.py:925} INFO - DAG(s) 'example_task_group' retrieved from /home/airflow/.local/lib/python3.12/site-packages/airflow/example_dags/example_task_group.py
[2024-12-11T05:26:25.773+0000] {logging_mixin.py:190} INFO - [2024-12-11T05:26:25.772+0000] {dag.py:3239} INFO - Sync 1 DAGs
[2024-12-11T05:26:25.840+0000] {logging_mixin.py:190} INFO - [2024-12-11T05:26:25.840+0000] {dag.py:4180} INFO - Setting next_dagrun for example_task_group to None, run_after=None
[2024-12-11T05:26:25.889+0000] {processor.py:208} INFO - Processing /home/airflow/.local/lib/python3.12/site-packages/airflow/example_dags/example_task_group.py took 0.281 seconds
[2024-12-11T05:27:23.481+0000] {processor.py:186} INFO - Started process (PID=1643) to work on /home/airflow/.local/lib/python3.12/site-packages/airflow/example_dags/example_task_group.py
[2024-12-11T05:27:23.484+0000] {processor.py:914} INFO - Processing file /home/airflow/.local/lib/python3.12/site-packages/airflow/example_dags/example_task_group.py for tasks to queue
[2024-12-11T05:27:23.486+0000] {logging_mixin.py:190} INFO - [2024-12-11T05:27:23.486+0000] {dagbag.py:588} INFO - Filling up the DagBag from /home/airflow/.local/lib/python3.12/site-packages/airflow/example_dags/example_task_group.py
[2024-12-11T05:27:23.508+0000] {processor.py:925} INFO - DAG(s) 'example_task_group' retrieved from /home/airflow/.local/lib/python3.12/site-packages/airflow/example_dags/example_task_group.py
[2024-12-11T05:27:23.562+0000] {logging_mixin.py:190} INFO - [2024-12-11T05:27:23.561+0000] {dag.py:3239} INFO - Sync 1 DAGs
[2024-12-11T05:27:23.605+0000] {logging_mixin.py:190} INFO - [2024-12-11T05:27:23.604+0000] {dag.py:4180} INFO - Setting next_dagrun for example_task_group to None, run_after=None
[2024-12-11T05:27:23.657+0000] {processor.py:208} INFO - Processing /home/airflow/.local/lib/python3.12/site-packages/airflow/example_dags/example_task_group.py took 0.187 seconds
[2024-12-11T05:28:25.731+0000] {processor.py:186} INFO - Started process (PID=1714) to work on /home/airflow/.local/lib/python3.12/site-packages/airflow/example_dags/example_task_group.py
[2024-12-11T05:28:25.747+0000] {processor.py:914} INFO - Processing file /home/airflow/.local/lib/python3.12/site-packages/airflow/example_dags/example_task_group.py for tasks to queue
[2024-12-11T05:28:25.764+0000] {logging_mixin.py:190} INFO - [2024-12-11T05:28:25.759+0000] {dagbag.py:588} INFO - Filling up the DagBag from /home/airflow/.local/lib/python3.12/site-packages/airflow/example_dags/example_task_group.py
[2024-12-11T05:28:25.994+0000] {processor.py:925} INFO - DAG(s) 'example_task_group' retrieved from /home/airflow/.local/lib/python3.12/site-packages/airflow/example_dags/example_task_group.py
[2024-12-11T05:28:26.443+0000] {logging_mixin.py:190} INFO - [2024-12-11T05:28:26.441+0000] {dag.py:3239} INFO - Sync 1 DAGs
[2024-12-11T05:28:26.718+0000] {logging_mixin.py:190} INFO - [2024-12-11T05:28:26.716+0000] {dag.py:4180} INFO - Setting next_dagrun for example_task_group to None, run_after=None
[2024-12-11T05:28:26.814+0000] {processor.py:208} INFO - Processing /home/airflow/.local/lib/python3.12/site-packages/airflow/example_dags/example_task_group.py took 1.392 seconds
