[2024-12-11T04:56:33.702+0000] {processor.py:186} INFO - Started process (PID=135) to work on /home/airflow/.local/lib/python3.12/site-packages/airflow/example_dags/example_latest_only_with_trigger.py
[2024-12-11T04:56:33.708+0000] {processor.py:914} INFO - Processing file /home/airflow/.local/lib/python3.12/site-packages/airflow/example_dags/example_latest_only_with_trigger.py for tasks to queue
[2024-12-11T04:56:33.715+0000] {logging_mixin.py:190} INFO - [2024-12-11T04:56:33.714+0000] {dagbag.py:588} INFO - Filling up the DagBag from /home/airflow/.local/lib/python3.12/site-packages/airflow/example_dags/example_latest_only_with_trigger.py
[2024-12-11T04:56:33.749+0000] {processor.py:925} INFO - DAG(s) 'latest_only_with_trigger' retrieved from /home/airflow/.local/lib/python3.12/site-packages/airflow/example_dags/example_latest_only_with_trigger.py
[2024-12-11T04:56:34.117+0000] {logging_mixin.py:190} INFO - [2024-12-11T04:56:34.115+0000] {override.py:1911} INFO - Created Permission View: can delete on DAG:latest_only_with_trigger
[2024-12-11T04:56:34.177+0000] {logging_mixin.py:190} INFO - [2024-12-11T04:56:34.174+0000] {override.py:1911} INFO - Created Permission View: can read on DAG:latest_only_with_trigger
[2024-12-11T04:56:34.221+0000] {logging_mixin.py:190} INFO - [2024-12-11T04:56:34.219+0000] {override.py:1911} INFO - Created Permission View: can edit on DAG:latest_only_with_trigger
[2024-12-11T04:56:34.251+0000] {logging_mixin.py:190} INFO - [2024-12-11T04:56:34.250+0000] {override.py:1911} INFO - Created Permission View: can delete on DAG Run:latest_only_with_trigger
[2024-12-11T04:56:34.275+0000] {logging_mixin.py:190} INFO - [2024-12-11T04:56:34.274+0000] {override.py:1911} INFO - Created Permission View: can read on DAG Run:latest_only_with_trigger
[2024-12-11T04:56:34.306+0000] {logging_mixin.py:190} INFO - [2024-12-11T04:56:34.305+0000] {override.py:1911} INFO - Created Permission View: menu access on DAG Run:latest_only_with_trigger
[2024-12-11T04:56:34.345+0000] {logging_mixin.py:190} INFO - [2024-12-11T04:56:34.344+0000] {override.py:1911} INFO - Created Permission View: can create on DAG Run:latest_only_with_trigger
[2024-12-11T04:56:34.347+0000] {logging_mixin.py:190} INFO - [2024-12-11T04:56:34.346+0000] {dag.py:3239} INFO - Sync 1 DAGs
[2024-12-11T04:56:34.417+0000] {logging_mixin.py:190} INFO - [2024-12-11T04:56:34.416+0000] {dag.py:3262} INFO - Creating ORM DAG for latest_only_with_trigger
[2024-12-11T04:56:34.453+0000] {logging_mixin.py:190} INFO - [2024-12-11T04:56:34.453+0000] {dag.py:4180} INFO - Setting next_dagrun for latest_only_with_trigger to 2024-12-11 00:00:00+00:00, run_after=2024-12-11 04:00:00+00:00
[2024-12-11T04:56:34.532+0000] {processor.py:208} INFO - Processing /home/airflow/.local/lib/python3.12/site-packages/airflow/example_dags/example_latest_only_with_trigger.py took 0.850 seconds
[2024-12-11T04:57:04.820+0000] {processor.py:186} INFO - Started process (PID=198) to work on /home/airflow/.local/lib/python3.12/site-packages/airflow/example_dags/example_latest_only_with_trigger.py
[2024-12-11T04:57:04.824+0000] {processor.py:914} INFO - Processing file /home/airflow/.local/lib/python3.12/site-packages/airflow/example_dags/example_latest_only_with_trigger.py for tasks to queue
[2024-12-11T04:57:04.831+0000] {logging_mixin.py:190} INFO - [2024-12-11T04:57:04.830+0000] {dagbag.py:588} INFO - Filling up the DagBag from /home/airflow/.local/lib/python3.12/site-packages/airflow/example_dags/example_latest_only_with_trigger.py
[2024-12-11T04:57:04.853+0000] {processor.py:925} INFO - DAG(s) 'latest_only_with_trigger' retrieved from /home/airflow/.local/lib/python3.12/site-packages/airflow/example_dags/example_latest_only_with_trigger.py
[2024-12-11T04:57:04.917+0000] {logging_mixin.py:190} INFO - [2024-12-11T04:57:04.917+0000] {dag.py:3239} INFO - Sync 1 DAGs
[2024-12-11T04:57:04.988+0000] {logging_mixin.py:190} INFO - [2024-12-11T04:57:04.987+0000] {dag.py:4180} INFO - Setting next_dagrun for latest_only_with_trigger to 2024-12-11 00:00:00+00:00, run_after=2024-12-11 04:00:00+00:00
[2024-12-11T04:57:05.034+0000] {processor.py:208} INFO - Processing /home/airflow/.local/lib/python3.12/site-packages/airflow/example_dags/example_latest_only_with_trigger.py took 0.235 seconds
[2024-12-11T05:01:03.510+0000] {processor.py:186} INFO - Started process (PID=266) to work on /home/airflow/.local/lib/python3.12/site-packages/airflow/example_dags/example_latest_only_with_trigger.py
[2024-12-11T05:01:03.513+0000] {processor.py:914} INFO - Processing file /home/airflow/.local/lib/python3.12/site-packages/airflow/example_dags/example_latest_only_with_trigger.py for tasks to queue
[2024-12-11T05:01:03.520+0000] {logging_mixin.py:190} INFO - [2024-12-11T05:01:03.518+0000] {dagbag.py:588} INFO - Filling up the DagBag from /home/airflow/.local/lib/python3.12/site-packages/airflow/example_dags/example_latest_only_with_trigger.py
[2024-12-11T05:01:03.536+0000] {processor.py:925} INFO - DAG(s) 'latest_only_with_trigger' retrieved from /home/airflow/.local/lib/python3.12/site-packages/airflow/example_dags/example_latest_only_with_trigger.py
[2024-12-11T05:01:03.587+0000] {logging_mixin.py:190} INFO - [2024-12-11T05:01:03.587+0000] {dag.py:3239} INFO - Sync 1 DAGs
[2024-12-11T05:01:03.672+0000] {logging_mixin.py:190} INFO - [2024-12-11T05:01:03.672+0000] {dag.py:4180} INFO - Setting next_dagrun for latest_only_with_trigger to 2024-12-11 00:00:00+00:00, run_after=2024-12-11 04:00:00+00:00
[2024-12-11T05:01:03.738+0000] {processor.py:208} INFO - Processing /home/airflow/.local/lib/python3.12/site-packages/airflow/example_dags/example_latest_only_with_trigger.py took 0.241 seconds
[2024-12-11T05:03:26.317+0000] {processor.py:186} INFO - Started process (PID=357) to work on /home/airflow/.local/lib/python3.12/site-packages/airflow/example_dags/example_latest_only_with_trigger.py
[2024-12-11T05:03:26.320+0000] {processor.py:914} INFO - Processing file /home/airflow/.local/lib/python3.12/site-packages/airflow/example_dags/example_latest_only_with_trigger.py for tasks to queue
[2024-12-11T05:03:26.324+0000] {logging_mixin.py:190} INFO - [2024-12-11T05:03:26.323+0000] {dagbag.py:588} INFO - Filling up the DagBag from /home/airflow/.local/lib/python3.12/site-packages/airflow/example_dags/example_latest_only_with_trigger.py
[2024-12-11T05:03:26.344+0000] {processor.py:925} INFO - DAG(s) 'latest_only_with_trigger' retrieved from /home/airflow/.local/lib/python3.12/site-packages/airflow/example_dags/example_latest_only_with_trigger.py
[2024-12-11T05:03:26.400+0000] {logging_mixin.py:190} INFO - [2024-12-11T05:03:26.400+0000] {dag.py:3239} INFO - Sync 1 DAGs
[2024-12-11T05:03:26.466+0000] {logging_mixin.py:190} INFO - [2024-12-11T05:03:26.466+0000] {dag.py:4180} INFO - Setting next_dagrun for latest_only_with_trigger to 2024-12-11 00:00:00+00:00, run_after=2024-12-11 04:00:00+00:00
[2024-12-11T05:03:26.520+0000] {processor.py:208} INFO - Processing /home/airflow/.local/lib/python3.12/site-packages/airflow/example_dags/example_latest_only_with_trigger.py took 0.218 seconds
[2024-12-11T05:04:03.959+0000] {processor.py:186} INFO - Started process (PID=419) to work on /home/airflow/.local/lib/python3.12/site-packages/airflow/example_dags/example_latest_only_with_trigger.py
[2024-12-11T05:04:03.962+0000] {processor.py:914} INFO - Processing file /home/airflow/.local/lib/python3.12/site-packages/airflow/example_dags/example_latest_only_with_trigger.py for tasks to queue
[2024-12-11T05:04:03.965+0000] {logging_mixin.py:190} INFO - [2024-12-11T05:04:03.964+0000] {dagbag.py:588} INFO - Filling up the DagBag from /home/airflow/.local/lib/python3.12/site-packages/airflow/example_dags/example_latest_only_with_trigger.py
[2024-12-11T05:04:03.992+0000] {processor.py:925} INFO - DAG(s) 'latest_only_with_trigger' retrieved from /home/airflow/.local/lib/python3.12/site-packages/airflow/example_dags/example_latest_only_with_trigger.py
[2024-12-11T05:04:04.045+0000] {logging_mixin.py:190} INFO - [2024-12-11T05:04:04.044+0000] {dag.py:3239} INFO - Sync 1 DAGs
[2024-12-11T05:04:04.116+0000] {logging_mixin.py:190} INFO - [2024-12-11T05:04:04.116+0000] {dag.py:4180} INFO - Setting next_dagrun for latest_only_with_trigger to 2024-12-11 00:00:00+00:00, run_after=2024-12-11 04:00:00+00:00
[2024-12-11T05:04:04.163+0000] {processor.py:208} INFO - Processing /home/airflow/.local/lib/python3.12/site-packages/airflow/example_dags/example_latest_only_with_trigger.py took 0.226 seconds
[2024-12-11T05:05:42.318+0000] {processor.py:186} INFO - Started process (PID=488) to work on /home/airflow/.local/lib/python3.12/site-packages/airflow/example_dags/example_latest_only_with_trigger.py
[2024-12-11T05:05:42.320+0000] {processor.py:914} INFO - Processing file /home/airflow/.local/lib/python3.12/site-packages/airflow/example_dags/example_latest_only_with_trigger.py for tasks to queue
[2024-12-11T05:05:42.322+0000] {logging_mixin.py:190} INFO - [2024-12-11T05:05:42.322+0000] {dagbag.py:588} INFO - Filling up the DagBag from /home/airflow/.local/lib/python3.12/site-packages/airflow/example_dags/example_latest_only_with_trigger.py
[2024-12-11T05:05:42.337+0000] {processor.py:925} INFO - DAG(s) 'latest_only_with_trigger' retrieved from /home/airflow/.local/lib/python3.12/site-packages/airflow/example_dags/example_latest_only_with_trigger.py
[2024-12-11T05:05:42.372+0000] {logging_mixin.py:190} INFO - [2024-12-11T05:05:42.372+0000] {dag.py:3239} INFO - Sync 1 DAGs
[2024-12-11T05:05:42.414+0000] {logging_mixin.py:190} INFO - [2024-12-11T05:05:42.414+0000] {dag.py:4180} INFO - Setting next_dagrun for latest_only_with_trigger to 2024-12-11 00:00:00+00:00, run_after=2024-12-11 04:00:00+00:00
[2024-12-11T05:05:42.455+0000] {processor.py:208} INFO - Processing /home/airflow/.local/lib/python3.12/site-packages/airflow/example_dags/example_latest_only_with_trigger.py took 0.147 seconds
[2024-12-11T05:06:21.527+0000] {processor.py:186} INFO - Started process (PID=551) to work on /home/airflow/.local/lib/python3.12/site-packages/airflow/example_dags/example_latest_only_with_trigger.py
[2024-12-11T05:06:21.530+0000] {processor.py:914} INFO - Processing file /home/airflow/.local/lib/python3.12/site-packages/airflow/example_dags/example_latest_only_with_trigger.py for tasks to queue
[2024-12-11T05:06:21.533+0000] {logging_mixin.py:190} INFO - [2024-12-11T05:06:21.533+0000] {dagbag.py:588} INFO - Filling up the DagBag from /home/airflow/.local/lib/python3.12/site-packages/airflow/example_dags/example_latest_only_with_trigger.py
[2024-12-11T05:06:21.556+0000] {processor.py:925} INFO - DAG(s) 'latest_only_with_trigger' retrieved from /home/airflow/.local/lib/python3.12/site-packages/airflow/example_dags/example_latest_only_with_trigger.py
[2024-12-11T05:06:21.632+0000] {logging_mixin.py:190} INFO - [2024-12-11T05:06:21.631+0000] {dag.py:3239} INFO - Sync 1 DAGs
[2024-12-11T05:06:21.712+0000] {logging_mixin.py:190} INFO - [2024-12-11T05:06:21.712+0000] {dag.py:4180} INFO - Setting next_dagrun for latest_only_with_trigger to 2024-12-11 00:00:00+00:00, run_after=2024-12-11 04:00:00+00:00
[2024-12-11T05:06:21.783+0000] {processor.py:208} INFO - Processing /home/airflow/.local/lib/python3.12/site-packages/airflow/example_dags/example_latest_only_with_trigger.py took 0.271 seconds
[2024-12-11T05:07:40.205+0000] {processor.py:186} INFO - Started process (PID=608) to work on /home/airflow/.local/lib/python3.12/site-packages/airflow/example_dags/example_latest_only_with_trigger.py
[2024-12-11T05:07:40.208+0000] {processor.py:914} INFO - Processing file /home/airflow/.local/lib/python3.12/site-packages/airflow/example_dags/example_latest_only_with_trigger.py for tasks to queue
[2024-12-11T05:07:40.210+0000] {logging_mixin.py:190} INFO - [2024-12-11T05:07:40.210+0000] {dagbag.py:588} INFO - Filling up the DagBag from /home/airflow/.local/lib/python3.12/site-packages/airflow/example_dags/example_latest_only_with_trigger.py
[2024-12-11T05:07:40.229+0000] {processor.py:925} INFO - DAG(s) 'latest_only_with_trigger' retrieved from /home/airflow/.local/lib/python3.12/site-packages/airflow/example_dags/example_latest_only_with_trigger.py
[2024-12-11T05:07:40.270+0000] {logging_mixin.py:190} INFO - [2024-12-11T05:07:40.269+0000] {dag.py:3239} INFO - Sync 1 DAGs
[2024-12-11T05:07:40.329+0000] {logging_mixin.py:190} INFO - [2024-12-11T05:07:40.328+0000] {dag.py:4180} INFO - Setting next_dagrun for latest_only_with_trigger to 2024-12-11 00:00:00+00:00, run_after=2024-12-11 04:00:00+00:00
[2024-12-11T05:07:40.372+0000] {processor.py:208} INFO - Processing /home/airflow/.local/lib/python3.12/site-packages/airflow/example_dags/example_latest_only_with_trigger.py took 0.176 seconds
[2024-12-11T05:08:12.327+0000] {processor.py:186} INFO - Started process (PID=671) to work on /home/airflow/.local/lib/python3.12/site-packages/airflow/example_dags/example_latest_only_with_trigger.py
[2024-12-11T05:08:12.330+0000] {processor.py:914} INFO - Processing file /home/airflow/.local/lib/python3.12/site-packages/airflow/example_dags/example_latest_only_with_trigger.py for tasks to queue
[2024-12-11T05:08:12.333+0000] {logging_mixin.py:190} INFO - [2024-12-11T05:08:12.332+0000] {dagbag.py:588} INFO - Filling up the DagBag from /home/airflow/.local/lib/python3.12/site-packages/airflow/example_dags/example_latest_only_with_trigger.py
[2024-12-11T05:08:12.355+0000] {processor.py:925} INFO - DAG(s) 'latest_only_with_trigger' retrieved from /home/airflow/.local/lib/python3.12/site-packages/airflow/example_dags/example_latest_only_with_trigger.py
[2024-12-11T05:08:12.411+0000] {logging_mixin.py:190} INFO - [2024-12-11T05:08:12.410+0000] {dag.py:3239} INFO - Sync 1 DAGs
[2024-12-11T05:08:12.467+0000] {logging_mixin.py:190} INFO - [2024-12-11T05:08:12.467+0000] {dag.py:4180} INFO - Setting next_dagrun for latest_only_with_trigger to 2024-12-11 00:00:00+00:00, run_after=2024-12-11 04:00:00+00:00
[2024-12-11T05:08:12.509+0000] {processor.py:208} INFO - Processing /home/airflow/.local/lib/python3.12/site-packages/airflow/example_dags/example_latest_only_with_trigger.py took 0.201 seconds
[2024-12-11T05:09:35.683+0000] {processor.py:186} INFO - Started process (PID=748) to work on /home/airflow/.local/lib/python3.12/site-packages/airflow/example_dags/example_latest_only_with_trigger.py
[2024-12-11T05:09:35.686+0000] {processor.py:914} INFO - Processing file /home/airflow/.local/lib/python3.12/site-packages/airflow/example_dags/example_latest_only_with_trigger.py for tasks to queue
[2024-12-11T05:09:35.688+0000] {logging_mixin.py:190} INFO - [2024-12-11T05:09:35.687+0000] {dagbag.py:588} INFO - Filling up the DagBag from /home/airflow/.local/lib/python3.12/site-packages/airflow/example_dags/example_latest_only_with_trigger.py
[2024-12-11T05:09:35.710+0000] {processor.py:925} INFO - DAG(s) 'latest_only_with_trigger' retrieved from /home/airflow/.local/lib/python3.12/site-packages/airflow/example_dags/example_latest_only_with_trigger.py
[2024-12-11T05:09:35.791+0000] {logging_mixin.py:190} INFO - [2024-12-11T05:09:35.790+0000] {dag.py:3239} INFO - Sync 1 DAGs
[2024-12-11T05:09:35.981+0000] {logging_mixin.py:190} INFO - [2024-12-11T05:09:35.980+0000] {dag.py:4180} INFO - Setting next_dagrun for latest_only_with_trigger to 2024-12-11 00:00:00+00:00, run_after=2024-12-11 04:00:00+00:00
[2024-12-11T05:09:36.039+0000] {processor.py:208} INFO - Processing /home/airflow/.local/lib/python3.12/site-packages/airflow/example_dags/example_latest_only_with_trigger.py took 0.369 seconds
[2024-12-11T05:10:06.849+0000] {processor.py:186} INFO - Started process (PID=811) to work on /home/airflow/.local/lib/python3.12/site-packages/airflow/example_dags/example_latest_only_with_trigger.py
[2024-12-11T05:10:06.851+0000] {processor.py:914} INFO - Processing file /home/airflow/.local/lib/python3.12/site-packages/airflow/example_dags/example_latest_only_with_trigger.py for tasks to queue
[2024-12-11T05:10:06.854+0000] {logging_mixin.py:190} INFO - [2024-12-11T05:10:06.853+0000] {dagbag.py:588} INFO - Filling up the DagBag from /home/airflow/.local/lib/python3.12/site-packages/airflow/example_dags/example_latest_only_with_trigger.py
[2024-12-11T05:10:06.869+0000] {processor.py:925} INFO - DAG(s) 'latest_only_with_trigger' retrieved from /home/airflow/.local/lib/python3.12/site-packages/airflow/example_dags/example_latest_only_with_trigger.py
[2024-12-11T05:10:06.921+0000] {logging_mixin.py:190} INFO - [2024-12-11T05:10:06.920+0000] {dag.py:3239} INFO - Sync 1 DAGs
[2024-12-11T05:10:06.977+0000] {logging_mixin.py:190} INFO - [2024-12-11T05:10:06.977+0000] {dag.py:4180} INFO - Setting next_dagrun for latest_only_with_trigger to 2024-12-11 00:00:00+00:00, run_after=2024-12-11 04:00:00+00:00
[2024-12-11T05:10:07.022+0000] {processor.py:208} INFO - Processing /home/airflow/.local/lib/python3.12/site-packages/airflow/example_dags/example_latest_only_with_trigger.py took 0.182 seconds
[2024-12-11T05:10:42.435+0000] {processor.py:186} INFO - Started process (PID=874) to work on /home/airflow/.local/lib/python3.12/site-packages/airflow/example_dags/example_latest_only_with_trigger.py
[2024-12-11T05:10:42.440+0000] {processor.py:914} INFO - Processing file /home/airflow/.local/lib/python3.12/site-packages/airflow/example_dags/example_latest_only_with_trigger.py for tasks to queue
[2024-12-11T05:10:42.444+0000] {logging_mixin.py:190} INFO - [2024-12-11T05:10:42.443+0000] {dagbag.py:588} INFO - Filling up the DagBag from /home/airflow/.local/lib/python3.12/site-packages/airflow/example_dags/example_latest_only_with_trigger.py
[2024-12-11T05:10:42.484+0000] {processor.py:925} INFO - DAG(s) 'latest_only_with_trigger' retrieved from /home/airflow/.local/lib/python3.12/site-packages/airflow/example_dags/example_latest_only_with_trigger.py
[2024-12-11T05:10:42.576+0000] {logging_mixin.py:190} INFO - [2024-12-11T05:10:42.575+0000] {dag.py:3239} INFO - Sync 1 DAGs
[2024-12-11T05:10:42.665+0000] {logging_mixin.py:190} INFO - [2024-12-11T05:10:42.665+0000] {dag.py:4180} INFO - Setting next_dagrun for latest_only_with_trigger to 2024-12-11 00:00:00+00:00, run_after=2024-12-11 04:00:00+00:00
[2024-12-11T05:10:42.715+0000] {processor.py:208} INFO - Processing /home/airflow/.local/lib/python3.12/site-packages/airflow/example_dags/example_latest_only_with_trigger.py took 0.296 seconds
[2024-12-11T05:17:34.791+0000] {processor.py:186} INFO - Started process (PID=969) to work on /home/airflow/.local/lib/python3.12/site-packages/airflow/example_dags/example_latest_only_with_trigger.py
[2024-12-11T05:17:34.794+0000] {processor.py:914} INFO - Processing file /home/airflow/.local/lib/python3.12/site-packages/airflow/example_dags/example_latest_only_with_trigger.py for tasks to queue
[2024-12-11T05:17:34.797+0000] {logging_mixin.py:190} INFO - [2024-12-11T05:17:34.796+0000] {dagbag.py:588} INFO - Filling up the DagBag from /home/airflow/.local/lib/python3.12/site-packages/airflow/example_dags/example_latest_only_with_trigger.py
[2024-12-11T05:17:34.816+0000] {processor.py:925} INFO - DAG(s) 'latest_only_with_trigger' retrieved from /home/airflow/.local/lib/python3.12/site-packages/airflow/example_dags/example_latest_only_with_trigger.py
[2024-12-11T05:17:34.871+0000] {logging_mixin.py:190} INFO - [2024-12-11T05:17:34.870+0000] {dag.py:3239} INFO - Sync 1 DAGs
[2024-12-11T05:17:34.944+0000] {logging_mixin.py:190} INFO - [2024-12-11T05:17:34.944+0000] {dag.py:4180} INFO - Setting next_dagrun for latest_only_with_trigger to 2024-12-11 00:00:00+00:00, run_after=2024-12-11 04:00:00+00:00
[2024-12-11T05:17:34.986+0000] {processor.py:208} INFO - Processing /home/airflow/.local/lib/python3.12/site-packages/airflow/example_dags/example_latest_only_with_trigger.py took 0.206 seconds
[2024-12-11T05:18:05.287+0000] {processor.py:186} INFO - Started process (PID=1032) to work on /home/airflow/.local/lib/python3.12/site-packages/airflow/example_dags/example_latest_only_with_trigger.py
[2024-12-11T05:18:05.289+0000] {processor.py:914} INFO - Processing file /home/airflow/.local/lib/python3.12/site-packages/airflow/example_dags/example_latest_only_with_trigger.py for tasks to queue
[2024-12-11T05:18:05.291+0000] {logging_mixin.py:190} INFO - [2024-12-11T05:18:05.291+0000] {dagbag.py:588} INFO - Filling up the DagBag from /home/airflow/.local/lib/python3.12/site-packages/airflow/example_dags/example_latest_only_with_trigger.py
[2024-12-11T05:18:05.310+0000] {processor.py:925} INFO - DAG(s) 'latest_only_with_trigger' retrieved from /home/airflow/.local/lib/python3.12/site-packages/airflow/example_dags/example_latest_only_with_trigger.py
[2024-12-11T05:18:05.363+0000] {logging_mixin.py:190} INFO - [2024-12-11T05:18:05.362+0000] {dag.py:3239} INFO - Sync 1 DAGs
[2024-12-11T05:18:05.421+0000] {logging_mixin.py:190} INFO - [2024-12-11T05:18:05.421+0000] {dag.py:4180} INFO - Setting next_dagrun for latest_only_with_trigger to 2024-12-11 00:00:00+00:00, run_after=2024-12-11 04:00:00+00:00
[2024-12-11T05:18:05.467+0000] {processor.py:208} INFO - Processing /home/airflow/.local/lib/python3.12/site-packages/airflow/example_dags/example_latest_only_with_trigger.py took 0.192 seconds
[2024-12-11T05:18:35.787+0000] {processor.py:186} INFO - Started process (PID=1094) to work on /home/airflow/.local/lib/python3.12/site-packages/airflow/example_dags/example_latest_only_with_trigger.py
[2024-12-11T05:18:35.789+0000] {processor.py:914} INFO - Processing file /home/airflow/.local/lib/python3.12/site-packages/airflow/example_dags/example_latest_only_with_trigger.py for tasks to queue
[2024-12-11T05:18:35.792+0000] {logging_mixin.py:190} INFO - [2024-12-11T05:18:35.791+0000] {dagbag.py:588} INFO - Filling up the DagBag from /home/airflow/.local/lib/python3.12/site-packages/airflow/example_dags/example_latest_only_with_trigger.py
[2024-12-11T05:18:35.811+0000] {processor.py:925} INFO - DAG(s) 'latest_only_with_trigger' retrieved from /home/airflow/.local/lib/python3.12/site-packages/airflow/example_dags/example_latest_only_with_trigger.py
[2024-12-11T05:18:35.867+0000] {logging_mixin.py:190} INFO - [2024-12-11T05:18:35.867+0000] {dag.py:3239} INFO - Sync 1 DAGs
[2024-12-11T05:18:35.932+0000] {logging_mixin.py:190} INFO - [2024-12-11T05:18:35.931+0000] {dag.py:4180} INFO - Setting next_dagrun for latest_only_with_trigger to 2024-12-11 00:00:00+00:00, run_after=2024-12-11 04:00:00+00:00
[2024-12-11T05:18:35.982+0000] {processor.py:208} INFO - Processing /home/airflow/.local/lib/python3.12/site-packages/airflow/example_dags/example_latest_only_with_trigger.py took 0.207 seconds
[2024-12-11T05:19:06.809+0000] {processor.py:186} INFO - Started process (PID=1157) to work on /home/airflow/.local/lib/python3.12/site-packages/airflow/example_dags/example_latest_only_with_trigger.py
[2024-12-11T05:19:06.811+0000] {processor.py:914} INFO - Processing file /home/airflow/.local/lib/python3.12/site-packages/airflow/example_dags/example_latest_only_with_trigger.py for tasks to queue
[2024-12-11T05:19:06.813+0000] {logging_mixin.py:190} INFO - [2024-12-11T05:19:06.813+0000] {dagbag.py:588} INFO - Filling up the DagBag from /home/airflow/.local/lib/python3.12/site-packages/airflow/example_dags/example_latest_only_with_trigger.py
[2024-12-11T05:19:06.833+0000] {processor.py:925} INFO - DAG(s) 'latest_only_with_trigger' retrieved from /home/airflow/.local/lib/python3.12/site-packages/airflow/example_dags/example_latest_only_with_trigger.py
[2024-12-11T05:19:06.870+0000] {logging_mixin.py:190} INFO - [2024-12-11T05:19:06.869+0000] {dag.py:3239} INFO - Sync 1 DAGs
[2024-12-11T05:19:06.915+0000] {logging_mixin.py:190} INFO - [2024-12-11T05:19:06.915+0000] {dag.py:4180} INFO - Setting next_dagrun for latest_only_with_trigger to 2024-12-11 00:00:00+00:00, run_after=2024-12-11 04:00:00+00:00
[2024-12-11T05:19:06.954+0000] {processor.py:208} INFO - Processing /home/airflow/.local/lib/python3.12/site-packages/airflow/example_dags/example_latest_only_with_trigger.py took 0.158 seconds
[2024-12-11T05:19:37.233+0000] {processor.py:186} INFO - Started process (PID=1220) to work on /home/airflow/.local/lib/python3.12/site-packages/airflow/example_dags/example_latest_only_with_trigger.py
[2024-12-11T05:19:37.238+0000] {processor.py:914} INFO - Processing file /home/airflow/.local/lib/python3.12/site-packages/airflow/example_dags/example_latest_only_with_trigger.py for tasks to queue
[2024-12-11T05:19:37.242+0000] {logging_mixin.py:190} INFO - [2024-12-11T05:19:37.241+0000] {dagbag.py:588} INFO - Filling up the DagBag from /home/airflow/.local/lib/python3.12/site-packages/airflow/example_dags/example_latest_only_with_trigger.py
[2024-12-11T05:19:37.298+0000] {processor.py:925} INFO - DAG(s) 'latest_only_with_trigger' retrieved from /home/airflow/.local/lib/python3.12/site-packages/airflow/example_dags/example_latest_only_with_trigger.py
[2024-12-11T05:19:37.398+0000] {logging_mixin.py:190} INFO - [2024-12-11T05:19:37.397+0000] {dag.py:3239} INFO - Sync 1 DAGs
[2024-12-11T05:19:37.533+0000] {logging_mixin.py:190} INFO - [2024-12-11T05:19:37.533+0000] {dag.py:4180} INFO - Setting next_dagrun for latest_only_with_trigger to 2024-12-11 00:00:00+00:00, run_after=2024-12-11 04:00:00+00:00
[2024-12-11T05:19:37.598+0000] {processor.py:208} INFO - Processing /home/airflow/.local/lib/python3.12/site-packages/airflow/example_dags/example_latest_only_with_trigger.py took 0.388 seconds
[2024-12-11T05:20:07.711+0000] {processor.py:186} INFO - Started process (PID=1283) to work on /home/airflow/.local/lib/python3.12/site-packages/airflow/example_dags/example_latest_only_with_trigger.py
[2024-12-11T05:20:07.713+0000] {processor.py:914} INFO - Processing file /home/airflow/.local/lib/python3.12/site-packages/airflow/example_dags/example_latest_only_with_trigger.py for tasks to queue
[2024-12-11T05:20:07.716+0000] {logging_mixin.py:190} INFO - [2024-12-11T05:20:07.715+0000] {dagbag.py:588} INFO - Filling up the DagBag from /home/airflow/.local/lib/python3.12/site-packages/airflow/example_dags/example_latest_only_with_trigger.py
[2024-12-11T05:20:07.733+0000] {processor.py:925} INFO - DAG(s) 'latest_only_with_trigger' retrieved from /home/airflow/.local/lib/python3.12/site-packages/airflow/example_dags/example_latest_only_with_trigger.py
[2024-12-11T05:20:07.779+0000] {logging_mixin.py:190} INFO - [2024-12-11T05:20:07.778+0000] {dag.py:3239} INFO - Sync 1 DAGs
[2024-12-11T05:20:07.829+0000] {logging_mixin.py:190} INFO - [2024-12-11T05:20:07.828+0000] {dag.py:4180} INFO - Setting next_dagrun for latest_only_with_trigger to 2024-12-11 00:00:00+00:00, run_after=2024-12-11 04:00:00+00:00
[2024-12-11T05:20:07.871+0000] {processor.py:208} INFO - Processing /home/airflow/.local/lib/python3.12/site-packages/airflow/example_dags/example_latest_only_with_trigger.py took 0.172 seconds
[2024-12-11T05:23:25.675+0000] {processor.py:186} INFO - Started process (PID=1370) to work on /home/airflow/.local/lib/python3.12/site-packages/airflow/example_dags/example_latest_only_with_trigger.py
[2024-12-11T05:23:25.677+0000] {processor.py:914} INFO - Processing file /home/airflow/.local/lib/python3.12/site-packages/airflow/example_dags/example_latest_only_with_trigger.py for tasks to queue
[2024-12-11T05:23:25.680+0000] {logging_mixin.py:190} INFO - [2024-12-11T05:23:25.679+0000] {dagbag.py:588} INFO - Filling up the DagBag from /home/airflow/.local/lib/python3.12/site-packages/airflow/example_dags/example_latest_only_with_trigger.py
[2024-12-11T05:23:25.698+0000] {processor.py:925} INFO - DAG(s) 'latest_only_with_trigger' retrieved from /home/airflow/.local/lib/python3.12/site-packages/airflow/example_dags/example_latest_only_with_trigger.py
[2024-12-11T05:23:25.743+0000] {logging_mixin.py:190} INFO - [2024-12-11T05:23:25.743+0000] {dag.py:3239} INFO - Sync 1 DAGs
[2024-12-11T05:23:25.795+0000] {logging_mixin.py:190} INFO - [2024-12-11T05:23:25.794+0000] {dag.py:4180} INFO - Setting next_dagrun for latest_only_with_trigger to 2024-12-11 00:00:00+00:00, run_after=2024-12-11 04:00:00+00:00
[2024-12-11T05:23:25.842+0000] {processor.py:208} INFO - Processing /home/airflow/.local/lib/python3.12/site-packages/airflow/example_dags/example_latest_only_with_trigger.py took 0.177 seconds
[2024-12-11T05:24:57.031+0000] {processor.py:186} INFO - Started process (PID=1459) to work on /home/airflow/.local/lib/python3.12/site-packages/airflow/example_dags/example_latest_only_with_trigger.py
[2024-12-11T05:24:57.033+0000] {processor.py:914} INFO - Processing file /home/airflow/.local/lib/python3.12/site-packages/airflow/example_dags/example_latest_only_with_trigger.py for tasks to queue
[2024-12-11T05:24:57.035+0000] {logging_mixin.py:190} INFO - [2024-12-11T05:24:57.034+0000] {dagbag.py:588} INFO - Filling up the DagBag from /home/airflow/.local/lib/python3.12/site-packages/airflow/example_dags/example_latest_only_with_trigger.py
[2024-12-11T05:24:57.049+0000] {processor.py:925} INFO - DAG(s) 'latest_only_with_trigger' retrieved from /home/airflow/.local/lib/python3.12/site-packages/airflow/example_dags/example_latest_only_with_trigger.py
[2024-12-11T05:24:57.082+0000] {logging_mixin.py:190} INFO - [2024-12-11T05:24:57.082+0000] {dag.py:3239} INFO - Sync 1 DAGs
[2024-12-11T05:24:57.127+0000] {logging_mixin.py:190} INFO - [2024-12-11T05:24:57.127+0000] {dag.py:4180} INFO - Setting next_dagrun for latest_only_with_trigger to 2024-12-11 00:00:00+00:00, run_after=2024-12-11 04:00:00+00:00
[2024-12-11T05:24:57.168+0000] {processor.py:208} INFO - Processing /home/airflow/.local/lib/python3.12/site-packages/airflow/example_dags/example_latest_only_with_trigger.py took 0.145 seconds
[2024-12-11T05:25:33.914+0000] {processor.py:186} INFO - Started process (PID=1522) to work on /home/airflow/.local/lib/python3.12/site-packages/airflow/example_dags/example_latest_only_with_trigger.py
[2024-12-11T05:25:33.918+0000] {processor.py:914} INFO - Processing file /home/airflow/.local/lib/python3.12/site-packages/airflow/example_dags/example_latest_only_with_trigger.py for tasks to queue
[2024-12-11T05:25:33.922+0000] {logging_mixin.py:190} INFO - [2024-12-11T05:25:33.921+0000] {dagbag.py:588} INFO - Filling up the DagBag from /home/airflow/.local/lib/python3.12/site-packages/airflow/example_dags/example_latest_only_with_trigger.py
[2024-12-11T05:25:33.948+0000] {processor.py:925} INFO - DAG(s) 'latest_only_with_trigger' retrieved from /home/airflow/.local/lib/python3.12/site-packages/airflow/example_dags/example_latest_only_with_trigger.py
[2024-12-11T05:25:34.003+0000] {logging_mixin.py:190} INFO - [2024-12-11T05:25:34.002+0000] {dag.py:3239} INFO - Sync 1 DAGs
[2024-12-11T05:25:34.072+0000] {logging_mixin.py:190} INFO - [2024-12-11T05:25:34.071+0000] {dag.py:4180} INFO - Setting next_dagrun for latest_only_with_trigger to 2024-12-11 00:00:00+00:00, run_after=2024-12-11 04:00:00+00:00
[2024-12-11T05:25:34.135+0000] {processor.py:208} INFO - Processing /home/airflow/.local/lib/python3.12/site-packages/airflow/example_dags/example_latest_only_with_trigger.py took 0.238 seconds
[2024-12-11T05:26:07.236+0000] {processor.py:186} INFO - Started process (PID=1585) to work on /home/airflow/.local/lib/python3.12/site-packages/airflow/example_dags/example_latest_only_with_trigger.py
[2024-12-11T05:26:07.238+0000] {processor.py:914} INFO - Processing file /home/airflow/.local/lib/python3.12/site-packages/airflow/example_dags/example_latest_only_with_trigger.py for tasks to queue
[2024-12-11T05:26:07.241+0000] {logging_mixin.py:190} INFO - [2024-12-11T05:26:07.240+0000] {dagbag.py:588} INFO - Filling up the DagBag from /home/airflow/.local/lib/python3.12/site-packages/airflow/example_dags/example_latest_only_with_trigger.py
[2024-12-11T05:26:07.265+0000] {processor.py:925} INFO - DAG(s) 'latest_only_with_trigger' retrieved from /home/airflow/.local/lib/python3.12/site-packages/airflow/example_dags/example_latest_only_with_trigger.py
[2024-12-11T05:26:07.317+0000] {logging_mixin.py:190} INFO - [2024-12-11T05:26:07.317+0000] {dag.py:3239} INFO - Sync 1 DAGs
[2024-12-11T05:26:07.374+0000] {logging_mixin.py:190} INFO - [2024-12-11T05:26:07.373+0000] {dag.py:4180} INFO - Setting next_dagrun for latest_only_with_trigger to 2024-12-11 00:00:00+00:00, run_after=2024-12-11 04:00:00+00:00
[2024-12-11T05:26:07.422+0000] {processor.py:208} INFO - Processing /home/airflow/.local/lib/python3.12/site-packages/airflow/example_dags/example_latest_only_with_trigger.py took 0.202 seconds
[2024-12-11T05:27:30.206+0000] {processor.py:186} INFO - Started process (PID=1671) to work on /home/airflow/.local/lib/python3.12/site-packages/airflow/example_dags/example_latest_only_with_trigger.py
[2024-12-11T05:27:30.208+0000] {processor.py:914} INFO - Processing file /home/airflow/.local/lib/python3.12/site-packages/airflow/example_dags/example_latest_only_with_trigger.py for tasks to queue
[2024-12-11T05:27:30.212+0000] {logging_mixin.py:190} INFO - [2024-12-11T05:27:30.211+0000] {dagbag.py:588} INFO - Filling up the DagBag from /home/airflow/.local/lib/python3.12/site-packages/airflow/example_dags/example_latest_only_with_trigger.py
[2024-12-11T05:27:30.238+0000] {processor.py:925} INFO - DAG(s) 'latest_only_with_trigger' retrieved from /home/airflow/.local/lib/python3.12/site-packages/airflow/example_dags/example_latest_only_with_trigger.py
[2024-12-11T05:27:30.298+0000] {logging_mixin.py:190} INFO - [2024-12-11T05:27:30.297+0000] {dag.py:3239} INFO - Sync 1 DAGs
[2024-12-11T05:27:30.351+0000] {logging_mixin.py:190} INFO - [2024-12-11T05:27:30.350+0000] {dag.py:4180} INFO - Setting next_dagrun for latest_only_with_trigger to 2024-12-11 00:00:00+00:00, run_after=2024-12-11 04:00:00+00:00
[2024-12-11T05:27:30.396+0000] {processor.py:208} INFO - Processing /home/airflow/.local/lib/python3.12/site-packages/airflow/example_dags/example_latest_only_with_trigger.py took 0.206 seconds
