[2024-12-11T04:56:30.773+0000] {processor.py:186} INFO - Started process (PID=128) to work on /home/airflow/.local/lib/python3.12/site-packages/airflow/example_dags/example_bash_operator.py
[2024-12-11T04:56:30.776+0000] {processor.py:914} INFO - Processing file /home/airflow/.local/lib/python3.12/site-packages/airflow/example_dags/example_bash_operator.py for tasks to queue
[2024-12-11T04:56:30.779+0000] {logging_mixin.py:190} INFO - [2024-12-11T04:56:30.779+0000] {dagbag.py:588} INFO - Filling up the DagBag from /home/airflow/.local/lib/python3.12/site-packages/airflow/example_dags/example_bash_operator.py
[2024-12-11T04:56:30.818+0000] {processor.py:925} INFO - DAG(s) 'example_bash_operator' retrieved from /home/airflow/.local/lib/python3.12/site-packages/airflow/example_dags/example_bash_operator.py
[2024-12-11T04:56:31.196+0000] {logging_mixin.py:190} INFO - [2024-12-11T04:56:31.194+0000] {override.py:1911} INFO - Created Permission View: can delete on DAG:example_bash_operator
[2024-12-11T04:56:31.227+0000] {logging_mixin.py:190} INFO - [2024-12-11T04:56:31.226+0000] {override.py:1911} INFO - Created Permission View: can read on DAG:example_bash_operator
[2024-12-11T04:56:31.249+0000] {logging_mixin.py:190} INFO - [2024-12-11T04:56:31.248+0000] {override.py:1911} INFO - Created Permission View: can edit on DAG:example_bash_operator
[2024-12-11T04:56:31.270+0000] {logging_mixin.py:190} INFO - [2024-12-11T04:56:31.270+0000] {override.py:1911} INFO - Created Permission View: can delete on DAG Run:example_bash_operator
[2024-12-11T04:56:31.292+0000] {logging_mixin.py:190} INFO - [2024-12-11T04:56:31.291+0000] {override.py:1911} INFO - Created Permission View: can read on DAG Run:example_bash_operator
[2024-12-11T04:56:31.315+0000] {logging_mixin.py:190} INFO - [2024-12-11T04:56:31.314+0000] {override.py:1911} INFO - Created Permission View: menu access on DAG Run:example_bash_operator
[2024-12-11T04:56:31.336+0000] {logging_mixin.py:190} INFO - [2024-12-11T04:56:31.335+0000] {override.py:1911} INFO - Created Permission View: can create on DAG Run:example_bash_operator
[2024-12-11T04:56:31.338+0000] {logging_mixin.py:190} INFO - [2024-12-11T04:56:31.337+0000] {dag.py:3239} INFO - Sync 1 DAGs
[2024-12-11T04:56:31.373+0000] {logging_mixin.py:190} INFO - [2024-12-11T04:56:31.372+0000] {dag.py:3262} INFO - Creating ORM DAG for example_bash_operator
[2024-12-11T04:56:31.401+0000] {logging_mixin.py:190} INFO - [2024-12-11T04:56:31.401+0000] {dag.py:4180} INFO - Setting next_dagrun for example_bash_operator to 2024-12-10 00:00:00+00:00, run_after=2024-12-11 00:00:00+00:00
[2024-12-11T04:56:31.450+0000] {processor.py:208} INFO - Processing /home/airflow/.local/lib/python3.12/site-packages/airflow/example_dags/example_bash_operator.py took 0.688 seconds
[2024-12-11T04:57:01.779+0000] {processor.py:186} INFO - Started process (PID=191) to work on /home/airflow/.local/lib/python3.12/site-packages/airflow/example_dags/example_bash_operator.py
[2024-12-11T04:57:01.782+0000] {processor.py:914} INFO - Processing file /home/airflow/.local/lib/python3.12/site-packages/airflow/example_dags/example_bash_operator.py for tasks to queue
[2024-12-11T04:57:01.792+0000] {logging_mixin.py:190} INFO - [2024-12-11T04:57:01.791+0000] {dagbag.py:588} INFO - Filling up the DagBag from /home/airflow/.local/lib/python3.12/site-packages/airflow/example_dags/example_bash_operator.py
[2024-12-11T04:57:01.830+0000] {processor.py:925} INFO - DAG(s) 'example_bash_operator' retrieved from /home/airflow/.local/lib/python3.12/site-packages/airflow/example_dags/example_bash_operator.py
[2024-12-11T04:57:01.924+0000] {logging_mixin.py:190} INFO - [2024-12-11T04:57:01.923+0000] {dag.py:3239} INFO - Sync 1 DAGs
[2024-12-11T04:57:02.008+0000] {logging_mixin.py:190} INFO - [2024-12-11T04:57:02.007+0000] {dag.py:4180} INFO - Setting next_dagrun for example_bash_operator to 2024-12-10 00:00:00+00:00, run_after=2024-12-11 00:00:00+00:00
[2024-12-11T04:57:02.076+0000] {processor.py:208} INFO - Processing /home/airflow/.local/lib/python3.12/site-packages/airflow/example_dags/example_bash_operator.py took 0.319 seconds
[2024-12-11T05:01:02.382+0000] {processor.py:186} INFO - Started process (PID=259) to work on /home/airflow/.local/lib/python3.12/site-packages/airflow/example_dags/example_bash_operator.py
[2024-12-11T05:01:02.384+0000] {processor.py:914} INFO - Processing file /home/airflow/.local/lib/python3.12/site-packages/airflow/example_dags/example_bash_operator.py for tasks to queue
[2024-12-11T05:01:02.390+0000] {logging_mixin.py:190} INFO - [2024-12-11T05:01:02.390+0000] {dagbag.py:588} INFO - Filling up the DagBag from /home/airflow/.local/lib/python3.12/site-packages/airflow/example_dags/example_bash_operator.py
[2024-12-11T05:01:02.427+0000] {processor.py:925} INFO - DAG(s) 'example_bash_operator' retrieved from /home/airflow/.local/lib/python3.12/site-packages/airflow/example_dags/example_bash_operator.py
[2024-12-11T05:01:02.492+0000] {logging_mixin.py:190} INFO - [2024-12-11T05:01:02.492+0000] {dag.py:3239} INFO - Sync 1 DAGs
[2024-12-11T05:01:02.559+0000] {logging_mixin.py:190} INFO - [2024-12-11T05:01:02.559+0000] {dag.py:4180} INFO - Setting next_dagrun for example_bash_operator to 2024-12-10 00:00:00+00:00, run_after=2024-12-11 00:00:00+00:00
[2024-12-11T05:01:02.627+0000] {processor.py:208} INFO - Processing /home/airflow/.local/lib/python3.12/site-packages/airflow/example_dags/example_bash_operator.py took 0.257 seconds
[2024-12-11T05:03:24.468+0000] {processor.py:186} INFO - Started process (PID=350) to work on /home/airflow/.local/lib/python3.12/site-packages/airflow/example_dags/example_bash_operator.py
[2024-12-11T05:03:24.476+0000] {processor.py:914} INFO - Processing file /home/airflow/.local/lib/python3.12/site-packages/airflow/example_dags/example_bash_operator.py for tasks to queue
[2024-12-11T05:03:24.480+0000] {logging_mixin.py:190} INFO - [2024-12-11T05:03:24.479+0000] {dagbag.py:588} INFO - Filling up the DagBag from /home/airflow/.local/lib/python3.12/site-packages/airflow/example_dags/example_bash_operator.py
[2024-12-11T05:03:24.514+0000] {processor.py:925} INFO - DAG(s) 'example_bash_operator' retrieved from /home/airflow/.local/lib/python3.12/site-packages/airflow/example_dags/example_bash_operator.py
[2024-12-11T05:03:24.582+0000] {logging_mixin.py:190} INFO - [2024-12-11T05:03:24.582+0000] {dag.py:3239} INFO - Sync 1 DAGs
[2024-12-11T05:03:24.652+0000] {logging_mixin.py:190} INFO - [2024-12-11T05:03:24.652+0000] {dag.py:4180} INFO - Setting next_dagrun for example_bash_operator to 2024-12-10 00:00:00+00:00, run_after=2024-12-11 00:00:00+00:00
[2024-12-11T05:03:24.727+0000] {processor.py:208} INFO - Processing /home/airflow/.local/lib/python3.12/site-packages/airflow/example_dags/example_bash_operator.py took 0.273 seconds
[2024-12-11T05:03:59.121+0000] {processor.py:186} INFO - Started process (PID=412) to work on /home/airflow/.local/lib/python3.12/site-packages/airflow/example_dags/example_bash_operator.py
[2024-12-11T05:03:59.126+0000] {processor.py:914} INFO - Processing file /home/airflow/.local/lib/python3.12/site-packages/airflow/example_dags/example_bash_operator.py for tasks to queue
[2024-12-11T05:03:59.132+0000] {logging_mixin.py:190} INFO - [2024-12-11T05:03:59.130+0000] {dagbag.py:588} INFO - Filling up the DagBag from /home/airflow/.local/lib/python3.12/site-packages/airflow/example_dags/example_bash_operator.py
[2024-12-11T05:03:59.201+0000] {processor.py:925} INFO - DAG(s) 'example_bash_operator' retrieved from /home/airflow/.local/lib/python3.12/site-packages/airflow/example_dags/example_bash_operator.py
[2024-12-11T05:03:59.324+0000] {logging_mixin.py:190} INFO - [2024-12-11T05:03:59.324+0000] {dag.py:3239} INFO - Sync 1 DAGs
[2024-12-11T05:03:59.451+0000] {logging_mixin.py:190} INFO - [2024-12-11T05:03:59.450+0000] {dag.py:4180} INFO - Setting next_dagrun for example_bash_operator to 2024-12-10 00:00:00+00:00, run_after=2024-12-11 00:00:00+00:00
[2024-12-11T05:03:59.543+0000] {processor.py:208} INFO - Processing /home/airflow/.local/lib/python3.12/site-packages/airflow/example_dags/example_bash_operator.py took 0.447 seconds
[2024-12-11T05:05:41.256+0000] {processor.py:186} INFO - Started process (PID=481) to work on /home/airflow/.local/lib/python3.12/site-packages/airflow/example_dags/example_bash_operator.py
[2024-12-11T05:05:41.258+0000] {processor.py:914} INFO - Processing file /home/airflow/.local/lib/python3.12/site-packages/airflow/example_dags/example_bash_operator.py for tasks to queue
[2024-12-11T05:05:41.263+0000] {logging_mixin.py:190} INFO - [2024-12-11T05:05:41.261+0000] {dagbag.py:588} INFO - Filling up the DagBag from /home/airflow/.local/lib/python3.12/site-packages/airflow/example_dags/example_bash_operator.py
[2024-12-11T05:05:41.301+0000] {processor.py:925} INFO - DAG(s) 'example_bash_operator' retrieved from /home/airflow/.local/lib/python3.12/site-packages/airflow/example_dags/example_bash_operator.py
[2024-12-11T05:05:41.370+0000] {logging_mixin.py:190} INFO - [2024-12-11T05:05:41.369+0000] {dag.py:3239} INFO - Sync 1 DAGs
[2024-12-11T05:05:41.440+0000] {logging_mixin.py:190} INFO - [2024-12-11T05:05:41.437+0000] {dag.py:4180} INFO - Setting next_dagrun for example_bash_operator to 2024-12-10 00:00:00+00:00, run_after=2024-12-11 00:00:00+00:00
[2024-12-11T05:05:41.492+0000] {processor.py:208} INFO - Processing /home/airflow/.local/lib/python3.12/site-packages/airflow/example_dags/example_bash_operator.py took 0.254 seconds
[2024-12-11T05:06:20.103+0000] {processor.py:186} INFO - Started process (PID=544) to work on /home/airflow/.local/lib/python3.12/site-packages/airflow/example_dags/example_bash_operator.py
[2024-12-11T05:06:20.105+0000] {processor.py:914} INFO - Processing file /home/airflow/.local/lib/python3.12/site-packages/airflow/example_dags/example_bash_operator.py for tasks to queue
[2024-12-11T05:06:20.109+0000] {logging_mixin.py:190} INFO - [2024-12-11T05:06:20.108+0000] {dagbag.py:588} INFO - Filling up the DagBag from /home/airflow/.local/lib/python3.12/site-packages/airflow/example_dags/example_bash_operator.py
[2024-12-11T05:06:20.146+0000] {processor.py:925} INFO - DAG(s) 'example_bash_operator' retrieved from /home/airflow/.local/lib/python3.12/site-packages/airflow/example_dags/example_bash_operator.py
[2024-12-11T05:06:20.226+0000] {logging_mixin.py:190} INFO - [2024-12-11T05:06:20.226+0000] {dag.py:3239} INFO - Sync 1 DAGs
[2024-12-11T05:06:20.307+0000] {logging_mixin.py:190} INFO - [2024-12-11T05:06:20.306+0000] {dag.py:4180} INFO - Setting next_dagrun for example_bash_operator to 2024-12-10 00:00:00+00:00, run_after=2024-12-11 00:00:00+00:00
[2024-12-11T05:06:20.355+0000] {processor.py:208} INFO - Processing /home/airflow/.local/lib/python3.12/site-packages/airflow/example_dags/example_bash_operator.py took 0.269 seconds
[2024-12-11T05:07:39.187+0000] {processor.py:186} INFO - Started process (PID=601) to work on /home/airflow/.local/lib/python3.12/site-packages/airflow/example_dags/example_bash_operator.py
[2024-12-11T05:07:39.189+0000] {processor.py:914} INFO - Processing file /home/airflow/.local/lib/python3.12/site-packages/airflow/example_dags/example_bash_operator.py for tasks to queue
[2024-12-11T05:07:39.192+0000] {logging_mixin.py:190} INFO - [2024-12-11T05:07:39.191+0000] {dagbag.py:588} INFO - Filling up the DagBag from /home/airflow/.local/lib/python3.12/site-packages/airflow/example_dags/example_bash_operator.py
[2024-12-11T05:07:39.241+0000] {processor.py:925} INFO - DAG(s) 'example_bash_operator' retrieved from /home/airflow/.local/lib/python3.12/site-packages/airflow/example_dags/example_bash_operator.py
[2024-12-11T05:07:39.307+0000] {logging_mixin.py:190} INFO - [2024-12-11T05:07:39.307+0000] {dag.py:3239} INFO - Sync 1 DAGs
[2024-12-11T05:07:39.357+0000] {logging_mixin.py:190} INFO - [2024-12-11T05:07:39.356+0000] {dag.py:4180} INFO - Setting next_dagrun for example_bash_operator to 2024-12-10 00:00:00+00:00, run_after=2024-12-11 00:00:00+00:00
[2024-12-11T05:07:39.396+0000] {processor.py:208} INFO - Processing /home/airflow/.local/lib/python3.12/site-packages/airflow/example_dags/example_bash_operator.py took 0.223 seconds
[2024-12-11T05:08:11.239+0000] {processor.py:186} INFO - Started process (PID=664) to work on /home/airflow/.local/lib/python3.12/site-packages/airflow/example_dags/example_bash_operator.py
[2024-12-11T05:08:11.241+0000] {processor.py:914} INFO - Processing file /home/airflow/.local/lib/python3.12/site-packages/airflow/example_dags/example_bash_operator.py for tasks to queue
[2024-12-11T05:08:11.245+0000] {logging_mixin.py:190} INFO - [2024-12-11T05:08:11.244+0000] {dagbag.py:588} INFO - Filling up the DagBag from /home/airflow/.local/lib/python3.12/site-packages/airflow/example_dags/example_bash_operator.py
[2024-12-11T05:08:11.282+0000] {processor.py:925} INFO - DAG(s) 'example_bash_operator' retrieved from /home/airflow/.local/lib/python3.12/site-packages/airflow/example_dags/example_bash_operator.py
[2024-12-11T05:08:11.392+0000] {logging_mixin.py:190} INFO - [2024-12-11T05:08:11.391+0000] {dag.py:3239} INFO - Sync 1 DAGs
[2024-12-11T05:08:11.461+0000] {logging_mixin.py:190} INFO - [2024-12-11T05:08:11.460+0000] {dag.py:4180} INFO - Setting next_dagrun for example_bash_operator to 2024-12-10 00:00:00+00:00, run_after=2024-12-11 00:00:00+00:00
[2024-12-11T05:08:11.505+0000] {processor.py:208} INFO - Processing /home/airflow/.local/lib/python3.12/site-packages/airflow/example_dags/example_bash_operator.py took 0.280 seconds
[2024-12-11T05:09:34.021+0000] {processor.py:186} INFO - Started process (PID=741) to work on /home/airflow/.local/lib/python3.12/site-packages/airflow/example_dags/example_bash_operator.py
[2024-12-11T05:09:34.023+0000] {processor.py:914} INFO - Processing file /home/airflow/.local/lib/python3.12/site-packages/airflow/example_dags/example_bash_operator.py for tasks to queue
[2024-12-11T05:09:34.026+0000] {logging_mixin.py:190} INFO - [2024-12-11T05:09:34.026+0000] {dagbag.py:588} INFO - Filling up the DagBag from /home/airflow/.local/lib/python3.12/site-packages/airflow/example_dags/example_bash_operator.py
[2024-12-11T05:09:34.063+0000] {processor.py:925} INFO - DAG(s) 'example_bash_operator' retrieved from /home/airflow/.local/lib/python3.12/site-packages/airflow/example_dags/example_bash_operator.py
[2024-12-11T05:09:34.128+0000] {logging_mixin.py:190} INFO - [2024-12-11T05:09:34.127+0000] {dag.py:3239} INFO - Sync 1 DAGs
[2024-12-11T05:09:34.182+0000] {logging_mixin.py:190} INFO - [2024-12-11T05:09:34.182+0000] {dag.py:4180} INFO - Setting next_dagrun for example_bash_operator to 2024-12-10 00:00:00+00:00, run_after=2024-12-11 00:00:00+00:00
[2024-12-11T05:09:34.226+0000] {processor.py:208} INFO - Processing /home/airflow/.local/lib/python3.12/site-packages/airflow/example_dags/example_bash_operator.py took 0.218 seconds
[2024-12-11T05:10:04.864+0000] {processor.py:186} INFO - Started process (PID=804) to work on /home/airflow/.local/lib/python3.12/site-packages/airflow/example_dags/example_bash_operator.py
[2024-12-11T05:10:04.867+0000] {processor.py:914} INFO - Processing file /home/airflow/.local/lib/python3.12/site-packages/airflow/example_dags/example_bash_operator.py for tasks to queue
[2024-12-11T05:10:04.870+0000] {logging_mixin.py:190} INFO - [2024-12-11T05:10:04.869+0000] {dagbag.py:588} INFO - Filling up the DagBag from /home/airflow/.local/lib/python3.12/site-packages/airflow/example_dags/example_bash_operator.py
[2024-12-11T05:10:04.903+0000] {processor.py:925} INFO - DAG(s) 'example_bash_operator' retrieved from /home/airflow/.local/lib/python3.12/site-packages/airflow/example_dags/example_bash_operator.py
[2024-12-11T05:10:04.969+0000] {logging_mixin.py:190} INFO - [2024-12-11T05:10:04.968+0000] {dag.py:3239} INFO - Sync 1 DAGs
[2024-12-11T05:10:05.029+0000] {logging_mixin.py:190} INFO - [2024-12-11T05:10:05.028+0000] {dag.py:4180} INFO - Setting next_dagrun for example_bash_operator to 2024-12-10 00:00:00+00:00, run_after=2024-12-11 00:00:00+00:00
[2024-12-11T05:10:05.072+0000] {processor.py:208} INFO - Processing /home/airflow/.local/lib/python3.12/site-packages/airflow/example_dags/example_bash_operator.py took 0.222 seconds
[2024-12-11T05:10:40.536+0000] {processor.py:186} INFO - Started process (PID=867) to work on /home/airflow/.local/lib/python3.12/site-packages/airflow/example_dags/example_bash_operator.py
[2024-12-11T05:10:40.539+0000] {processor.py:914} INFO - Processing file /home/airflow/.local/lib/python3.12/site-packages/airflow/example_dags/example_bash_operator.py for tasks to queue
[2024-12-11T05:10:40.543+0000] {logging_mixin.py:190} INFO - [2024-12-11T05:10:40.542+0000] {dagbag.py:588} INFO - Filling up the DagBag from /home/airflow/.local/lib/python3.12/site-packages/airflow/example_dags/example_bash_operator.py
[2024-12-11T05:10:40.586+0000] {processor.py:925} INFO - DAG(s) 'example_bash_operator' retrieved from /home/airflow/.local/lib/python3.12/site-packages/airflow/example_dags/example_bash_operator.py
[2024-12-11T05:10:40.698+0000] {logging_mixin.py:190} INFO - [2024-12-11T05:10:40.697+0000] {dag.py:3239} INFO - Sync 1 DAGs
[2024-12-11T05:10:40.811+0000] {logging_mixin.py:190} INFO - [2024-12-11T05:10:40.810+0000] {dag.py:4180} INFO - Setting next_dagrun for example_bash_operator to 2024-12-10 00:00:00+00:00, run_after=2024-12-11 00:00:00+00:00
[2024-12-11T05:10:40.883+0000] {processor.py:208} INFO - Processing /home/airflow/.local/lib/python3.12/site-packages/airflow/example_dags/example_bash_operator.py took 0.368 seconds
[2024-12-11T05:17:32.806+0000] {processor.py:186} INFO - Started process (PID=962) to work on /home/airflow/.local/lib/python3.12/site-packages/airflow/example_dags/example_bash_operator.py
[2024-12-11T05:17:32.809+0000] {processor.py:914} INFO - Processing file /home/airflow/.local/lib/python3.12/site-packages/airflow/example_dags/example_bash_operator.py for tasks to queue
[2024-12-11T05:17:32.818+0000] {logging_mixin.py:190} INFO - [2024-12-11T05:17:32.816+0000] {dagbag.py:588} INFO - Filling up the DagBag from /home/airflow/.local/lib/python3.12/site-packages/airflow/example_dags/example_bash_operator.py
[2024-12-11T05:17:32.874+0000] {processor.py:925} INFO - DAG(s) 'example_bash_operator' retrieved from /home/airflow/.local/lib/python3.12/site-packages/airflow/example_dags/example_bash_operator.py
[2024-12-11T05:17:32.992+0000] {logging_mixin.py:190} INFO - [2024-12-11T05:17:32.991+0000] {dag.py:3239} INFO - Sync 1 DAGs
[2024-12-11T05:17:33.075+0000] {logging_mixin.py:190} INFO - [2024-12-11T05:17:33.075+0000] {dag.py:4180} INFO - Setting next_dagrun for example_bash_operator to 2024-12-10 00:00:00+00:00, run_after=2024-12-11 00:00:00+00:00
[2024-12-11T05:17:33.139+0000] {processor.py:208} INFO - Processing /home/airflow/.local/lib/python3.12/site-packages/airflow/example_dags/example_bash_operator.py took 0.356 seconds
[2024-12-11T05:18:03.571+0000] {processor.py:186} INFO - Started process (PID=1024) to work on /home/airflow/.local/lib/python3.12/site-packages/airflow/example_dags/example_bash_operator.py
[2024-12-11T05:18:03.573+0000] {processor.py:914} INFO - Processing file /home/airflow/.local/lib/python3.12/site-packages/airflow/example_dags/example_bash_operator.py for tasks to queue
[2024-12-11T05:18:03.576+0000] {logging_mixin.py:190} INFO - [2024-12-11T05:18:03.575+0000] {dagbag.py:588} INFO - Filling up the DagBag from /home/airflow/.local/lib/python3.12/site-packages/airflow/example_dags/example_bash_operator.py
[2024-12-11T05:18:03.601+0000] {processor.py:925} INFO - DAG(s) 'example_bash_operator' retrieved from /home/airflow/.local/lib/python3.12/site-packages/airflow/example_dags/example_bash_operator.py
[2024-12-11T05:18:03.656+0000] {logging_mixin.py:190} INFO - [2024-12-11T05:18:03.656+0000] {dag.py:3239} INFO - Sync 1 DAGs
[2024-12-11T05:18:03.703+0000] {logging_mixin.py:190} INFO - [2024-12-11T05:18:03.703+0000] {dag.py:4180} INFO - Setting next_dagrun for example_bash_operator to 2024-12-10 00:00:00+00:00, run_after=2024-12-11 00:00:00+00:00
[2024-12-11T05:18:03.737+0000] {processor.py:208} INFO - Processing /home/airflow/.local/lib/python3.12/site-packages/airflow/example_dags/example_bash_operator.py took 0.177 seconds
[2024-12-11T05:18:34.168+0000] {processor.py:186} INFO - Started process (PID=1087) to work on /home/airflow/.local/lib/python3.12/site-packages/airflow/example_dags/example_bash_operator.py
[2024-12-11T05:18:34.170+0000] {processor.py:914} INFO - Processing file /home/airflow/.local/lib/python3.12/site-packages/airflow/example_dags/example_bash_operator.py for tasks to queue
[2024-12-11T05:18:34.173+0000] {logging_mixin.py:190} INFO - [2024-12-11T05:18:34.172+0000] {dagbag.py:588} INFO - Filling up the DagBag from /home/airflow/.local/lib/python3.12/site-packages/airflow/example_dags/example_bash_operator.py
[2024-12-11T05:18:34.226+0000] {processor.py:925} INFO - DAG(s) 'example_bash_operator' retrieved from /home/airflow/.local/lib/python3.12/site-packages/airflow/example_dags/example_bash_operator.py
[2024-12-11T05:18:34.364+0000] {logging_mixin.py:190} INFO - [2024-12-11T05:18:34.363+0000] {dag.py:3239} INFO - Sync 1 DAGs
[2024-12-11T05:18:34.480+0000] {logging_mixin.py:190} INFO - [2024-12-11T05:18:34.479+0000] {dag.py:4180} INFO - Setting next_dagrun for example_bash_operator to 2024-12-10 00:00:00+00:00, run_after=2024-12-11 00:00:00+00:00
[2024-12-11T05:18:34.539+0000] {processor.py:208} INFO - Processing /home/airflow/.local/lib/python3.12/site-packages/airflow/example_dags/example_bash_operator.py took 0.381 seconds
[2024-12-11T05:19:05.055+0000] {processor.py:186} INFO - Started process (PID=1150) to work on /home/airflow/.local/lib/python3.12/site-packages/airflow/example_dags/example_bash_operator.py
[2024-12-11T05:19:05.058+0000] {processor.py:914} INFO - Processing file /home/airflow/.local/lib/python3.12/site-packages/airflow/example_dags/example_bash_operator.py for tasks to queue
[2024-12-11T05:19:05.061+0000] {logging_mixin.py:190} INFO - [2024-12-11T05:19:05.061+0000] {dagbag.py:588} INFO - Filling up the DagBag from /home/airflow/.local/lib/python3.12/site-packages/airflow/example_dags/example_bash_operator.py
[2024-12-11T05:19:05.100+0000] {processor.py:925} INFO - DAG(s) 'example_bash_operator' retrieved from /home/airflow/.local/lib/python3.12/site-packages/airflow/example_dags/example_bash_operator.py
[2024-12-11T05:19:05.154+0000] {logging_mixin.py:190} INFO - [2024-12-11T05:19:05.153+0000] {dag.py:3239} INFO - Sync 1 DAGs
[2024-12-11T05:19:05.203+0000] {logging_mixin.py:190} INFO - [2024-12-11T05:19:05.203+0000] {dag.py:4180} INFO - Setting next_dagrun for example_bash_operator to 2024-12-10 00:00:00+00:00, run_after=2024-12-11 00:00:00+00:00
[2024-12-11T05:19:05.243+0000] {processor.py:208} INFO - Processing /home/airflow/.local/lib/python3.12/site-packages/airflow/example_dags/example_bash_operator.py took 0.200 seconds
[2024-12-11T05:19:35.718+0000] {processor.py:186} INFO - Started process (PID=1213) to work on /home/airflow/.local/lib/python3.12/site-packages/airflow/example_dags/example_bash_operator.py
[2024-12-11T05:19:35.720+0000] {processor.py:914} INFO - Processing file /home/airflow/.local/lib/python3.12/site-packages/airflow/example_dags/example_bash_operator.py for tasks to queue
[2024-12-11T05:19:35.723+0000] {logging_mixin.py:190} INFO - [2024-12-11T05:19:35.722+0000] {dagbag.py:588} INFO - Filling up the DagBag from /home/airflow/.local/lib/python3.12/site-packages/airflow/example_dags/example_bash_operator.py
[2024-12-11T05:19:35.764+0000] {processor.py:925} INFO - DAG(s) 'example_bash_operator' retrieved from /home/airflow/.local/lib/python3.12/site-packages/airflow/example_dags/example_bash_operator.py
[2024-12-11T05:19:35.868+0000] {logging_mixin.py:190} INFO - [2024-12-11T05:19:35.867+0000] {dag.py:3239} INFO - Sync 1 DAGs
[2024-12-11T05:19:35.971+0000] {logging_mixin.py:190} INFO - [2024-12-11T05:19:35.970+0000] {dag.py:4180} INFO - Setting next_dagrun for example_bash_operator to 2024-12-10 00:00:00+00:00, run_after=2024-12-11 00:00:00+00:00
[2024-12-11T05:19:36.032+0000] {processor.py:208} INFO - Processing /home/airflow/.local/lib/python3.12/site-packages/airflow/example_dags/example_bash_operator.py took 0.329 seconds
[2024-12-11T05:20:06.813+0000] {processor.py:186} INFO - Started process (PID=1276) to work on /home/airflow/.local/lib/python3.12/site-packages/airflow/example_dags/example_bash_operator.py
[2024-12-11T05:20:06.815+0000] {processor.py:914} INFO - Processing file /home/airflow/.local/lib/python3.12/site-packages/airflow/example_dags/example_bash_operator.py for tasks to queue
[2024-12-11T05:20:06.819+0000] {logging_mixin.py:190} INFO - [2024-12-11T05:20:06.818+0000] {dagbag.py:588} INFO - Filling up the DagBag from /home/airflow/.local/lib/python3.12/site-packages/airflow/example_dags/example_bash_operator.py
[2024-12-11T05:20:06.854+0000] {processor.py:925} INFO - DAG(s) 'example_bash_operator' retrieved from /home/airflow/.local/lib/python3.12/site-packages/airflow/example_dags/example_bash_operator.py
[2024-12-11T05:20:06.930+0000] {logging_mixin.py:190} INFO - [2024-12-11T05:20:06.930+0000] {dag.py:3239} INFO - Sync 1 DAGs
[2024-12-11T05:20:06.986+0000] {logging_mixin.py:190} INFO - [2024-12-11T05:20:06.986+0000] {dag.py:4180} INFO - Setting next_dagrun for example_bash_operator to 2024-12-10 00:00:00+00:00, run_after=2024-12-11 00:00:00+00:00
[2024-12-11T05:20:07.030+0000] {processor.py:208} INFO - Processing /home/airflow/.local/lib/python3.12/site-packages/airflow/example_dags/example_bash_operator.py took 0.230 seconds
[2024-12-11T05:23:13.778+0000] {processor.py:186} INFO - Started process (PID=1339) to work on /home/airflow/.local/lib/python3.12/site-packages/airflow/example_dags/example_bash_operator.py
[2024-12-11T05:23:13.781+0000] {processor.py:914} INFO - Processing file /home/airflow/.local/lib/python3.12/site-packages/airflow/example_dags/example_bash_operator.py for tasks to queue
[2024-12-11T05:23:13.785+0000] {logging_mixin.py:190} INFO - [2024-12-11T05:23:13.784+0000] {dagbag.py:588} INFO - Filling up the DagBag from /home/airflow/.local/lib/python3.12/site-packages/airflow/example_dags/example_bash_operator.py
[2024-12-11T05:23:13.830+0000] {processor.py:925} INFO - DAG(s) 'example_bash_operator' retrieved from /home/airflow/.local/lib/python3.12/site-packages/airflow/example_dags/example_bash_operator.py
[2024-12-11T05:23:13.919+0000] {logging_mixin.py:190} INFO - [2024-12-11T05:23:13.919+0000] {dag.py:3239} INFO - Sync 1 DAGs
[2024-12-11T05:23:14.004+0000] {logging_mixin.py:190} INFO - [2024-12-11T05:23:14.003+0000] {dag.py:4180} INFO - Setting next_dagrun for example_bash_operator to 2024-12-10 00:00:00+00:00, run_after=2024-12-11 00:00:00+00:00
[2024-12-11T05:23:14.063+0000] {processor.py:208} INFO - Processing /home/airflow/.local/lib/python3.12/site-packages/airflow/example_dags/example_bash_operator.py took 0.300 seconds
[2024-12-11T05:23:45.259+0000] {processor.py:186} INFO - Started process (PID=1402) to work on /home/airflow/.local/lib/python3.12/site-packages/airflow/example_dags/example_bash_operator.py
[2024-12-11T05:23:45.261+0000] {processor.py:914} INFO - Processing file /home/airflow/.local/lib/python3.12/site-packages/airflow/example_dags/example_bash_operator.py for tasks to queue
[2024-12-11T05:23:45.265+0000] {logging_mixin.py:190} INFO - [2024-12-11T05:23:45.264+0000] {dagbag.py:588} INFO - Filling up the DagBag from /home/airflow/.local/lib/python3.12/site-packages/airflow/example_dags/example_bash_operator.py
[2024-12-11T05:23:45.330+0000] {processor.py:925} INFO - DAG(s) 'example_bash_operator' retrieved from /home/airflow/.local/lib/python3.12/site-packages/airflow/example_dags/example_bash_operator.py
[2024-12-11T05:23:45.443+0000] {logging_mixin.py:190} INFO - [2024-12-11T05:23:45.442+0000] {dag.py:3239} INFO - Sync 1 DAGs
[2024-12-11T05:23:45.539+0000] {logging_mixin.py:190} INFO - [2024-12-11T05:23:45.538+0000] {dag.py:4180} INFO - Setting next_dagrun for example_bash_operator to 2024-12-10 00:00:00+00:00, run_after=2024-12-11 00:00:00+00:00
[2024-12-11T05:23:45.591+0000] {processor.py:208} INFO - Processing /home/airflow/.local/lib/python3.12/site-packages/airflow/example_dags/example_bash_operator.py took 0.350 seconds
[2024-12-11T05:24:56.136+0000] {processor.py:186} INFO - Started process (PID=1452) to work on /home/airflow/.local/lib/python3.12/site-packages/airflow/example_dags/example_bash_operator.py
[2024-12-11T05:24:56.138+0000] {processor.py:914} INFO - Processing file /home/airflow/.local/lib/python3.12/site-packages/airflow/example_dags/example_bash_operator.py for tasks to queue
[2024-12-11T05:24:56.141+0000] {logging_mixin.py:190} INFO - [2024-12-11T05:24:56.140+0000] {dagbag.py:588} INFO - Filling up the DagBag from /home/airflow/.local/lib/python3.12/site-packages/airflow/example_dags/example_bash_operator.py
[2024-12-11T05:24:56.167+0000] {processor.py:925} INFO - DAG(s) 'example_bash_operator' retrieved from /home/airflow/.local/lib/python3.12/site-packages/airflow/example_dags/example_bash_operator.py
[2024-12-11T05:24:56.235+0000] {logging_mixin.py:190} INFO - [2024-12-11T05:24:56.234+0000] {dag.py:3239} INFO - Sync 1 DAGs
[2024-12-11T05:24:56.305+0000] {logging_mixin.py:190} INFO - [2024-12-11T05:24:56.304+0000] {dag.py:4180} INFO - Setting next_dagrun for example_bash_operator to 2024-12-10 00:00:00+00:00, run_after=2024-12-11 00:00:00+00:00
[2024-12-11T05:24:56.339+0000] {processor.py:208} INFO - Processing /home/airflow/.local/lib/python3.12/site-packages/airflow/example_dags/example_bash_operator.py took 0.214 seconds
[2024-12-11T05:25:32.786+0000] {processor.py:186} INFO - Started process (PID=1515) to work on /home/airflow/.local/lib/python3.12/site-packages/airflow/example_dags/example_bash_operator.py
[2024-12-11T05:25:32.789+0000] {processor.py:914} INFO - Processing file /home/airflow/.local/lib/python3.12/site-packages/airflow/example_dags/example_bash_operator.py for tasks to queue
[2024-12-11T05:25:32.793+0000] {logging_mixin.py:190} INFO - [2024-12-11T05:25:32.792+0000] {dagbag.py:588} INFO - Filling up the DagBag from /home/airflow/.local/lib/python3.12/site-packages/airflow/example_dags/example_bash_operator.py
[2024-12-11T05:25:32.830+0000] {processor.py:925} INFO - DAG(s) 'example_bash_operator' retrieved from /home/airflow/.local/lib/python3.12/site-packages/airflow/example_dags/example_bash_operator.py
[2024-12-11T05:25:32.919+0000] {logging_mixin.py:190} INFO - [2024-12-11T05:25:32.916+0000] {dag.py:3239} INFO - Sync 1 DAGs
[2024-12-11T05:25:33.004+0000] {logging_mixin.py:190} INFO - [2024-12-11T05:25:33.003+0000] {dag.py:4180} INFO - Setting next_dagrun for example_bash_operator to 2024-12-10 00:00:00+00:00, run_after=2024-12-11 00:00:00+00:00
[2024-12-11T05:25:33.062+0000] {processor.py:208} INFO - Processing /home/airflow/.local/lib/python3.12/site-packages/airflow/example_dags/example_bash_operator.py took 0.293 seconds
[2024-12-11T05:26:05.631+0000] {processor.py:186} INFO - Started process (PID=1578) to work on /home/airflow/.local/lib/python3.12/site-packages/airflow/example_dags/example_bash_operator.py
[2024-12-11T05:26:05.633+0000] {processor.py:914} INFO - Processing file /home/airflow/.local/lib/python3.12/site-packages/airflow/example_dags/example_bash_operator.py for tasks to queue
[2024-12-11T05:26:05.636+0000] {logging_mixin.py:190} INFO - [2024-12-11T05:26:05.635+0000] {dagbag.py:588} INFO - Filling up the DagBag from /home/airflow/.local/lib/python3.12/site-packages/airflow/example_dags/example_bash_operator.py
[2024-12-11T05:26:05.668+0000] {processor.py:925} INFO - DAG(s) 'example_bash_operator' retrieved from /home/airflow/.local/lib/python3.12/site-packages/airflow/example_dags/example_bash_operator.py
[2024-12-11T05:26:05.726+0000] {logging_mixin.py:190} INFO - [2024-12-11T05:26:05.725+0000] {dag.py:3239} INFO - Sync 1 DAGs
[2024-12-11T05:26:05.779+0000] {logging_mixin.py:190} INFO - [2024-12-11T05:26:05.779+0000] {dag.py:4180} INFO - Setting next_dagrun for example_bash_operator to 2024-12-10 00:00:00+00:00, run_after=2024-12-11 00:00:00+00:00
[2024-12-11T05:26:05.832+0000] {processor.py:208} INFO - Processing /home/airflow/.local/lib/python3.12/site-packages/airflow/example_dags/example_bash_operator.py took 0.214 seconds
[2024-12-11T05:27:28.764+0000] {processor.py:186} INFO - Started process (PID=1664) to work on /home/airflow/.local/lib/python3.12/site-packages/airflow/example_dags/example_bash_operator.py
[2024-12-11T05:27:28.767+0000] {processor.py:914} INFO - Processing file /home/airflow/.local/lib/python3.12/site-packages/airflow/example_dags/example_bash_operator.py for tasks to queue
[2024-12-11T05:27:28.769+0000] {logging_mixin.py:190} INFO - [2024-12-11T05:27:28.769+0000] {dagbag.py:588} INFO - Filling up the DagBag from /home/airflow/.local/lib/python3.12/site-packages/airflow/example_dags/example_bash_operator.py
[2024-12-11T05:27:28.800+0000] {processor.py:925} INFO - DAG(s) 'example_bash_operator' retrieved from /home/airflow/.local/lib/python3.12/site-packages/airflow/example_dags/example_bash_operator.py
[2024-12-11T05:27:28.885+0000] {logging_mixin.py:190} INFO - [2024-12-11T05:27:28.884+0000] {dag.py:3239} INFO - Sync 1 DAGs
[2024-12-11T05:27:28.968+0000] {logging_mixin.py:190} INFO - [2024-12-11T05:27:28.967+0000] {dag.py:4180} INFO - Setting next_dagrun for example_bash_operator to 2024-12-10 00:00:00+00:00, run_after=2024-12-11 00:00:00+00:00
[2024-12-11T05:27:29.021+0000] {processor.py:208} INFO - Processing /home/airflow/.local/lib/python3.12/site-packages/airflow/example_dags/example_bash_operator.py took 0.270 seconds
