[2024-12-11T04:56:02.365+0000] {processor.py:186} INFO - Started process (PID=96) to work on /home/airflow/.local/lib/python3.12/site-packages/airflow/example_dags/example_display_name.py
[2024-12-11T04:56:02.369+0000] {processor.py:914} INFO - Processing file /home/airflow/.local/lib/python3.12/site-packages/airflow/example_dags/example_display_name.py for tasks to queue
[2024-12-11T04:56:02.379+0000] {logging_mixin.py:190} INFO - [2024-12-11T04:56:02.378+0000] {dagbag.py:588} INFO - Filling up the DagBag from /home/airflow/.local/lib/python3.12/site-packages/airflow/example_dags/example_display_name.py
[2024-12-11T04:56:02.408+0000] {processor.py:925} INFO - DAG(s) 'example_display_name' retrieved from /home/airflow/.local/lib/python3.12/site-packages/airflow/example_dags/example_display_name.py
[2024-12-11T04:56:03.007+0000] {logging_mixin.py:190} INFO - [2024-12-11T04:56:03.004+0000] {override.py:1911} INFO - Created Permission View: can delete on DAG:example_display_name
[2024-12-11T04:56:03.047+0000] {logging_mixin.py:190} INFO - [2024-12-11T04:56:03.046+0000] {override.py:1911} INFO - Created Permission View: can read on DAG:example_display_name
[2024-12-11T04:56:03.074+0000] {logging_mixin.py:190} INFO - [2024-12-11T04:56:03.073+0000] {override.py:1911} INFO - Created Permission View: can edit on DAG:example_display_name
[2024-12-11T04:56:03.104+0000] {logging_mixin.py:190} INFO - [2024-12-11T04:56:03.102+0000] {override.py:1911} INFO - Created Permission View: can delete on DAG Run:example_display_name
[2024-12-11T04:56:03.144+0000] {logging_mixin.py:190} INFO - [2024-12-11T04:56:03.141+0000] {override.py:1911} INFO - Created Permission View: can read on DAG Run:example_display_name
[2024-12-11T04:56:03.175+0000] {logging_mixin.py:190} INFO - [2024-12-11T04:56:03.173+0000] {override.py:1911} INFO - Created Permission View: menu access on DAG Run:example_display_name
[2024-12-11T04:56:03.213+0000] {logging_mixin.py:190} INFO - [2024-12-11T04:56:03.212+0000] {override.py:1911} INFO - Created Permission View: can create on DAG Run:example_display_name
[2024-12-11T04:56:03.218+0000] {logging_mixin.py:190} INFO - [2024-12-11T04:56:03.218+0000] {dag.py:3239} INFO - Sync 1 DAGs
[2024-12-11T04:56:03.279+0000] {logging_mixin.py:190} INFO - [2024-12-11T04:56:03.278+0000] {dag.py:3262} INFO - Creating ORM DAG for example_display_name
[2024-12-11T04:56:03.281+0000] {logging_mixin.py:190} INFO - [2024-12-11T04:56:03.281+0000] {dag.py:4180} INFO - Setting next_dagrun for example_display_name to None, run_after=None
[2024-12-11T04:56:03.413+0000] {processor.py:208} INFO - Processing /home/airflow/.local/lib/python3.12/site-packages/airflow/example_dags/example_display_name.py took 1.067 seconds
[2024-12-11T04:56:44.158+0000] {processor.py:186} INFO - Started process (PID=160) to work on /home/airflow/.local/lib/python3.12/site-packages/airflow/example_dags/example_display_name.py
[2024-12-11T04:56:44.162+0000] {processor.py:914} INFO - Processing file /home/airflow/.local/lib/python3.12/site-packages/airflow/example_dags/example_display_name.py for tasks to queue
[2024-12-11T04:56:44.172+0000] {logging_mixin.py:190} INFO - [2024-12-11T04:56:44.171+0000] {dagbag.py:588} INFO - Filling up the DagBag from /home/airflow/.local/lib/python3.12/site-packages/airflow/example_dags/example_display_name.py
[2024-12-11T04:56:44.199+0000] {processor.py:925} INFO - DAG(s) 'example_display_name' retrieved from /home/airflow/.local/lib/python3.12/site-packages/airflow/example_dags/example_display_name.py
[2024-12-11T04:56:44.283+0000] {logging_mixin.py:190} INFO - [2024-12-11T04:56:44.282+0000] {dag.py:3239} INFO - Sync 1 DAGs
[2024-12-11T04:56:44.363+0000] {logging_mixin.py:190} INFO - [2024-12-11T04:56:44.362+0000] {dag.py:4180} INFO - Setting next_dagrun for example_display_name to None, run_after=None
[2024-12-11T04:56:44.490+0000] {processor.py:208} INFO - Processing /home/airflow/.local/lib/python3.12/site-packages/airflow/example_dags/example_display_name.py took 0.349 seconds
[2024-12-11T05:00:50.689+0000] {processor.py:186} INFO - Started process (PID=234) to work on /home/airflow/.local/lib/python3.12/site-packages/airflow/example_dags/example_display_name.py
[2024-12-11T05:00:50.692+0000] {processor.py:914} INFO - Processing file /home/airflow/.local/lib/python3.12/site-packages/airflow/example_dags/example_display_name.py for tasks to queue
[2024-12-11T05:00:50.699+0000] {logging_mixin.py:190} INFO - [2024-12-11T05:00:50.698+0000] {dagbag.py:588} INFO - Filling up the DagBag from /home/airflow/.local/lib/python3.12/site-packages/airflow/example_dags/example_display_name.py
[2024-12-11T05:00:50.719+0000] {processor.py:925} INFO - DAG(s) 'example_display_name' retrieved from /home/airflow/.local/lib/python3.12/site-packages/airflow/example_dags/example_display_name.py
[2024-12-11T05:00:50.790+0000] {logging_mixin.py:190} INFO - [2024-12-11T05:00:50.790+0000] {dag.py:3239} INFO - Sync 1 DAGs
[2024-12-11T05:00:50.849+0000] {logging_mixin.py:190} INFO - [2024-12-11T05:00:50.848+0000] {dag.py:4180} INFO - Setting next_dagrun for example_display_name to None, run_after=None
[2024-12-11T05:00:50.922+0000] {processor.py:208} INFO - Processing /home/airflow/.local/lib/python3.12/site-packages/airflow/example_dags/example_display_name.py took 0.248 seconds
[2024-12-11T05:01:22.117+0000] {processor.py:186} INFO - Started process (PID=296) to work on /home/airflow/.local/lib/python3.12/site-packages/airflow/example_dags/example_display_name.py
[2024-12-11T05:01:22.119+0000] {processor.py:914} INFO - Processing file /home/airflow/.local/lib/python3.12/site-packages/airflow/example_dags/example_display_name.py for tasks to queue
[2024-12-11T05:01:22.125+0000] {logging_mixin.py:190} INFO - [2024-12-11T05:01:22.124+0000] {dagbag.py:588} INFO - Filling up the DagBag from /home/airflow/.local/lib/python3.12/site-packages/airflow/example_dags/example_display_name.py
[2024-12-11T05:01:22.186+0000] {processor.py:925} INFO - DAG(s) 'example_display_name' retrieved from /home/airflow/.local/lib/python3.12/site-packages/airflow/example_dags/example_display_name.py
[2024-12-11T05:01:22.274+0000] {logging_mixin.py:190} INFO - [2024-12-11T05:01:22.273+0000] {dag.py:3239} INFO - Sync 1 DAGs
[2024-12-11T05:01:22.324+0000] {logging_mixin.py:190} INFO - [2024-12-11T05:01:22.322+0000] {dag.py:4180} INFO - Setting next_dagrun for example_display_name to None, run_after=None
[2024-12-11T05:01:22.407+0000] {processor.py:208} INFO - Processing /home/airflow/.local/lib/python3.12/site-packages/airflow/example_dags/example_display_name.py took 0.323 seconds
[2024-12-11T05:03:16.625+0000] {processor.py:186} INFO - Started process (PID=328) to work on /home/airflow/.local/lib/python3.12/site-packages/airflow/example_dags/example_display_name.py
[2024-12-11T05:03:16.630+0000] {processor.py:914} INFO - Processing file /home/airflow/.local/lib/python3.12/site-packages/airflow/example_dags/example_display_name.py for tasks to queue
[2024-12-11T05:03:16.656+0000] {logging_mixin.py:190} INFO - [2024-12-11T05:03:16.655+0000] {dagbag.py:588} INFO - Filling up the DagBag from /home/airflow/.local/lib/python3.12/site-packages/airflow/example_dags/example_display_name.py
[2024-12-11T05:03:16.738+0000] {processor.py:925} INFO - DAG(s) 'example_display_name' retrieved from /home/airflow/.local/lib/python3.12/site-packages/airflow/example_dags/example_display_name.py
[2024-12-11T05:03:16.850+0000] {logging_mixin.py:190} INFO - [2024-12-11T05:03:16.849+0000] {dag.py:3239} INFO - Sync 1 DAGs
[2024-12-11T05:03:16.958+0000] {logging_mixin.py:190} INFO - [2024-12-11T05:03:16.958+0000] {dag.py:4180} INFO - Setting next_dagrun for example_display_name to None, run_after=None
[2024-12-11T05:03:17.155+0000] {processor.py:208} INFO - Processing /home/airflow/.local/lib/python3.12/site-packages/airflow/example_dags/example_display_name.py took 0.578 seconds
[2024-12-11T05:03:47.969+0000] {processor.py:186} INFO - Started process (PID=390) to work on /home/airflow/.local/lib/python3.12/site-packages/airflow/example_dags/example_display_name.py
[2024-12-11T05:03:47.985+0000] {processor.py:914} INFO - Processing file /home/airflow/.local/lib/python3.12/site-packages/airflow/example_dags/example_display_name.py for tasks to queue
[2024-12-11T05:03:47.991+0000] {logging_mixin.py:190} INFO - [2024-12-11T05:03:47.990+0000] {dagbag.py:588} INFO - Filling up the DagBag from /home/airflow/.local/lib/python3.12/site-packages/airflow/example_dags/example_display_name.py
[2024-12-11T05:03:48.035+0000] {processor.py:925} INFO - DAG(s) 'example_display_name' retrieved from /home/airflow/.local/lib/python3.12/site-packages/airflow/example_dags/example_display_name.py
[2024-12-11T05:03:48.129+0000] {logging_mixin.py:190} INFO - [2024-12-11T05:03:48.128+0000] {dag.py:3239} INFO - Sync 1 DAGs
[2024-12-11T05:03:48.210+0000] {logging_mixin.py:190} INFO - [2024-12-11T05:03:48.209+0000] {dag.py:4180} INFO - Setting next_dagrun for example_display_name to None, run_after=None
[2024-12-11T05:03:48.280+0000] {processor.py:208} INFO - Processing /home/airflow/.local/lib/python3.12/site-packages/airflow/example_dags/example_display_name.py took 0.344 seconds
[2024-12-11T05:05:37.581+0000] {processor.py:186} INFO - Started process (PID=459) to work on /home/airflow/.local/lib/python3.12/site-packages/airflow/example_dags/example_display_name.py
[2024-12-11T05:05:37.583+0000] {processor.py:914} INFO - Processing file /home/airflow/.local/lib/python3.12/site-packages/airflow/example_dags/example_display_name.py for tasks to queue
[2024-12-11T05:05:37.586+0000] {logging_mixin.py:190} INFO - [2024-12-11T05:05:37.586+0000] {dagbag.py:588} INFO - Filling up the DagBag from /home/airflow/.local/lib/python3.12/site-packages/airflow/example_dags/example_display_name.py
[2024-12-11T05:05:37.603+0000] {processor.py:925} INFO - DAG(s) 'example_display_name' retrieved from /home/airflow/.local/lib/python3.12/site-packages/airflow/example_dags/example_display_name.py
[2024-12-11T05:05:37.646+0000] {logging_mixin.py:190} INFO - [2024-12-11T05:05:37.646+0000] {dag.py:3239} INFO - Sync 1 DAGs
[2024-12-11T05:05:37.678+0000] {logging_mixin.py:190} INFO - [2024-12-11T05:05:37.677+0000] {dag.py:4180} INFO - Setting next_dagrun for example_display_name to None, run_after=None
[2024-12-11T05:05:37.716+0000] {processor.py:208} INFO - Processing /home/airflow/.local/lib/python3.12/site-packages/airflow/example_dags/example_display_name.py took 0.145 seconds
[2024-12-11T05:06:09.928+0000] {processor.py:186} INFO - Started process (PID=522) to work on /home/airflow/.local/lib/python3.12/site-packages/airflow/example_dags/example_display_name.py
[2024-12-11T05:06:09.935+0000] {processor.py:914} INFO - Processing file /home/airflow/.local/lib/python3.12/site-packages/airflow/example_dags/example_display_name.py for tasks to queue
[2024-12-11T05:06:09.940+0000] {logging_mixin.py:190} INFO - [2024-12-11T05:06:09.938+0000] {dagbag.py:588} INFO - Filling up the DagBag from /home/airflow/.local/lib/python3.12/site-packages/airflow/example_dags/example_display_name.py
[2024-12-11T05:06:09.968+0000] {processor.py:925} INFO - DAG(s) 'example_display_name' retrieved from /home/airflow/.local/lib/python3.12/site-packages/airflow/example_dags/example_display_name.py
[2024-12-11T05:06:10.024+0000] {logging_mixin.py:190} INFO - [2024-12-11T05:06:10.023+0000] {dag.py:3239} INFO - Sync 1 DAGs
[2024-12-11T05:06:10.066+0000] {logging_mixin.py:190} INFO - [2024-12-11T05:06:10.065+0000] {dag.py:4180} INFO - Setting next_dagrun for example_display_name to None, run_after=None
[2024-12-11T05:06:10.121+0000] {processor.py:208} INFO - Processing /home/airflow/.local/lib/python3.12/site-packages/airflow/example_dags/example_display_name.py took 0.215 seconds
[2024-12-11T05:07:32.780+0000] {processor.py:186} INFO - Started process (PID=578) to work on /home/airflow/.local/lib/python3.12/site-packages/airflow/example_dags/example_display_name.py
[2024-12-11T05:07:32.783+0000] {processor.py:914} INFO - Processing file /home/airflow/.local/lib/python3.12/site-packages/airflow/example_dags/example_display_name.py for tasks to queue
[2024-12-11T05:07:32.785+0000] {logging_mixin.py:190} INFO - [2024-12-11T05:07:32.785+0000] {dagbag.py:588} INFO - Filling up the DagBag from /home/airflow/.local/lib/python3.12/site-packages/airflow/example_dags/example_display_name.py
[2024-12-11T05:07:32.802+0000] {processor.py:925} INFO - DAG(s) 'example_display_name' retrieved from /home/airflow/.local/lib/python3.12/site-packages/airflow/example_dags/example_display_name.py
[2024-12-11T05:07:32.838+0000] {logging_mixin.py:190} INFO - [2024-12-11T05:07:32.838+0000] {dag.py:3239} INFO - Sync 1 DAGs
[2024-12-11T05:07:32.870+0000] {logging_mixin.py:190} INFO - [2024-12-11T05:07:32.869+0000] {dag.py:4180} INFO - Setting next_dagrun for example_display_name to None, run_after=None
[2024-12-11T05:07:32.914+0000] {processor.py:208} INFO - Processing /home/airflow/.local/lib/python3.12/site-packages/airflow/example_dags/example_display_name.py took 0.146 seconds
[2024-12-11T05:08:04.924+0000] {processor.py:186} INFO - Started process (PID=641) to work on /home/airflow/.local/lib/python3.12/site-packages/airflow/example_dags/example_display_name.py
[2024-12-11T05:08:04.927+0000] {processor.py:914} INFO - Processing file /home/airflow/.local/lib/python3.12/site-packages/airflow/example_dags/example_display_name.py for tasks to queue
[2024-12-11T05:08:04.930+0000] {logging_mixin.py:190} INFO - [2024-12-11T05:08:04.929+0000] {dagbag.py:588} INFO - Filling up the DagBag from /home/airflow/.local/lib/python3.12/site-packages/airflow/example_dags/example_display_name.py
[2024-12-11T05:08:04.949+0000] {processor.py:925} INFO - DAG(s) 'example_display_name' retrieved from /home/airflow/.local/lib/python3.12/site-packages/airflow/example_dags/example_display_name.py
[2024-12-11T05:08:04.995+0000] {logging_mixin.py:190} INFO - [2024-12-11T05:08:04.994+0000] {dag.py:3239} INFO - Sync 1 DAGs
[2024-12-11T05:08:05.032+0000] {logging_mixin.py:190} INFO - [2024-12-11T05:08:05.032+0000] {dag.py:4180} INFO - Setting next_dagrun for example_display_name to None, run_after=None
[2024-12-11T05:08:05.073+0000] {processor.py:208} INFO - Processing /home/airflow/.local/lib/python3.12/site-packages/airflow/example_dags/example_display_name.py took 0.160 seconds
[2024-12-11T05:09:21.719+0000] {processor.py:186} INFO - Started process (PID=709) to work on /home/airflow/.local/lib/python3.12/site-packages/airflow/example_dags/example_display_name.py
[2024-12-11T05:09:21.721+0000] {processor.py:914} INFO - Processing file /home/airflow/.local/lib/python3.12/site-packages/airflow/example_dags/example_display_name.py for tasks to queue
[2024-12-11T05:09:21.734+0000] {logging_mixin.py:190} INFO - [2024-12-11T05:09:21.733+0000] {dagbag.py:588} INFO - Filling up the DagBag from /home/airflow/.local/lib/python3.12/site-packages/airflow/example_dags/example_display_name.py
[2024-12-11T05:09:21.778+0000] {processor.py:925} INFO - DAG(s) 'example_display_name' retrieved from /home/airflow/.local/lib/python3.12/site-packages/airflow/example_dags/example_display_name.py
[2024-12-11T05:09:21.868+0000] {logging_mixin.py:190} INFO - [2024-12-11T05:09:21.865+0000] {dag.py:3239} INFO - Sync 1 DAGs
[2024-12-11T05:09:21.950+0000] {logging_mixin.py:190} INFO - [2024-12-11T05:09:21.949+0000] {dag.py:4180} INFO - Setting next_dagrun for example_display_name to None, run_after=None
[2024-12-11T05:09:22.070+0000] {processor.py:208} INFO - Processing /home/airflow/.local/lib/python3.12/site-packages/airflow/example_dags/example_display_name.py took 0.376 seconds
[2024-12-11T05:09:52.959+0000] {processor.py:186} INFO - Started process (PID=771) to work on /home/airflow/.local/lib/python3.12/site-packages/airflow/example_dags/example_display_name.py
[2024-12-11T05:09:52.961+0000] {processor.py:914} INFO - Processing file /home/airflow/.local/lib/python3.12/site-packages/airflow/example_dags/example_display_name.py for tasks to queue
[2024-12-11T05:09:52.964+0000] {logging_mixin.py:190} INFO - [2024-12-11T05:09:52.963+0000] {dagbag.py:588} INFO - Filling up the DagBag from /home/airflow/.local/lib/python3.12/site-packages/airflow/example_dags/example_display_name.py
[2024-12-11T05:09:52.981+0000] {processor.py:925} INFO - DAG(s) 'example_display_name' retrieved from /home/airflow/.local/lib/python3.12/site-packages/airflow/example_dags/example_display_name.py
[2024-12-11T05:09:53.025+0000] {logging_mixin.py:190} INFO - [2024-12-11T05:09:53.025+0000] {dag.py:3239} INFO - Sync 1 DAGs
[2024-12-11T05:09:53.057+0000] {logging_mixin.py:190} INFO - [2024-12-11T05:09:53.057+0000] {dag.py:4180} INFO - Setting next_dagrun for example_display_name to None, run_after=None
[2024-12-11T05:09:53.098+0000] {processor.py:208} INFO - Processing /home/airflow/.local/lib/python3.12/site-packages/airflow/example_dags/example_display_name.py took 0.153 seconds
[2024-12-11T05:10:23.218+0000] {processor.py:186} INFO - Started process (PID=834) to work on /home/airflow/.local/lib/python3.12/site-packages/airflow/example_dags/example_display_name.py
[2024-12-11T05:10:23.224+0000] {processor.py:914} INFO - Processing file /home/airflow/.local/lib/python3.12/site-packages/airflow/example_dags/example_display_name.py for tasks to queue
[2024-12-11T05:10:23.229+0000] {logging_mixin.py:190} INFO - [2024-12-11T05:10:23.228+0000] {dagbag.py:588} INFO - Filling up the DagBag from /home/airflow/.local/lib/python3.12/site-packages/airflow/example_dags/example_display_name.py
[2024-12-11T05:10:23.250+0000] {processor.py:925} INFO - DAG(s) 'example_display_name' retrieved from /home/airflow/.local/lib/python3.12/site-packages/airflow/example_dags/example_display_name.py
[2024-12-11T05:10:23.312+0000] {logging_mixin.py:190} INFO - [2024-12-11T05:10:23.311+0000] {dag.py:3239} INFO - Sync 1 DAGs
[2024-12-11T05:10:23.370+0000] {logging_mixin.py:190} INFO - [2024-12-11T05:10:23.369+0000] {dag.py:4180} INFO - Setting next_dagrun for example_display_name to None, run_after=None
[2024-12-11T05:10:23.435+0000] {processor.py:208} INFO - Processing /home/airflow/.local/lib/python3.12/site-packages/airflow/example_dags/example_display_name.py took 0.231 seconds
[2024-12-11T05:10:53.901+0000] {processor.py:186} INFO - Started process (PID=897) to work on /home/airflow/.local/lib/python3.12/site-packages/airflow/example_dags/example_display_name.py
[2024-12-11T05:10:53.904+0000] {processor.py:914} INFO - Processing file /home/airflow/.local/lib/python3.12/site-packages/airflow/example_dags/example_display_name.py for tasks to queue
[2024-12-11T05:10:53.915+0000] {logging_mixin.py:190} INFO - [2024-12-11T05:10:53.914+0000] {dagbag.py:588} INFO - Filling up the DagBag from /home/airflow/.local/lib/python3.12/site-packages/airflow/example_dags/example_display_name.py
[2024-12-11T05:10:53.965+0000] {processor.py:925} INFO - DAG(s) 'example_display_name' retrieved from /home/airflow/.local/lib/python3.12/site-packages/airflow/example_dags/example_display_name.py
[2024-12-11T05:10:54.060+0000] {logging_mixin.py:190} INFO - [2024-12-11T05:10:54.059+0000] {dag.py:3239} INFO - Sync 1 DAGs
[2024-12-11T05:10:54.149+0000] {logging_mixin.py:190} INFO - [2024-12-11T05:10:54.145+0000] {dag.py:4180} INFO - Setting next_dagrun for example_display_name to None, run_after=None
[2024-12-11T05:10:54.252+0000] {processor.py:208} INFO - Processing /home/airflow/.local/lib/python3.12/site-packages/airflow/example_dags/example_display_name.py took 0.375 seconds
[2024-12-11T05:17:19.296+0000] {processor.py:186} INFO - Started process (PID=943) to work on /home/airflow/.local/lib/python3.12/site-packages/airflow/example_dags/example_display_name.py
[2024-12-11T05:17:19.299+0000] {processor.py:914} INFO - Processing file /home/airflow/.local/lib/python3.12/site-packages/airflow/example_dags/example_display_name.py for tasks to queue
[2024-12-11T05:17:19.303+0000] {logging_mixin.py:190} INFO - [2024-12-11T05:17:19.302+0000] {dagbag.py:588} INFO - Filling up the DagBag from /home/airflow/.local/lib/python3.12/site-packages/airflow/example_dags/example_display_name.py
[2024-12-11T05:17:19.371+0000] {processor.py:925} INFO - DAG(s) 'example_display_name' retrieved from /home/airflow/.local/lib/python3.12/site-packages/airflow/example_dags/example_display_name.py
[2024-12-11T05:17:19.463+0000] {logging_mixin.py:190} INFO - [2024-12-11T05:17:19.461+0000] {dag.py:3239} INFO - Sync 1 DAGs
[2024-12-11T05:17:19.540+0000] {logging_mixin.py:190} INFO - [2024-12-11T05:17:19.540+0000] {dag.py:4180} INFO - Setting next_dagrun for example_display_name to None, run_after=None
[2024-12-11T05:17:19.634+0000] {processor.py:208} INFO - Processing /home/airflow/.local/lib/python3.12/site-packages/airflow/example_dags/example_display_name.py took 0.351 seconds
[2024-12-11T05:17:49.961+0000] {processor.py:186} INFO - Started process (PID=1005) to work on /home/airflow/.local/lib/python3.12/site-packages/airflow/example_dags/example_display_name.py
[2024-12-11T05:17:49.963+0000] {processor.py:914} INFO - Processing file /home/airflow/.local/lib/python3.12/site-packages/airflow/example_dags/example_display_name.py for tasks to queue
[2024-12-11T05:17:49.969+0000] {logging_mixin.py:190} INFO - [2024-12-11T05:17:49.968+0000] {dagbag.py:588} INFO - Filling up the DagBag from /home/airflow/.local/lib/python3.12/site-packages/airflow/example_dags/example_display_name.py
[2024-12-11T05:17:49.996+0000] {processor.py:925} INFO - DAG(s) 'example_display_name' retrieved from /home/airflow/.local/lib/python3.12/site-packages/airflow/example_dags/example_display_name.py
[2024-12-11T05:17:50.058+0000] {logging_mixin.py:190} INFO - [2024-12-11T05:17:50.056+0000] {dag.py:3239} INFO - Sync 1 DAGs
[2024-12-11T05:17:50.128+0000] {logging_mixin.py:190} INFO - [2024-12-11T05:17:50.127+0000] {dag.py:4180} INFO - Setting next_dagrun for example_display_name to None, run_after=None
[2024-12-11T05:17:50.191+0000] {processor.py:208} INFO - Processing /home/airflow/.local/lib/python3.12/site-packages/airflow/example_dags/example_display_name.py took 0.246 seconds
[2024-12-11T05:18:22.356+0000] {processor.py:186} INFO - Started process (PID=1068) to work on /home/airflow/.local/lib/python3.12/site-packages/airflow/example_dags/example_display_name.py
[2024-12-11T05:18:22.358+0000] {processor.py:914} INFO - Processing file /home/airflow/.local/lib/python3.12/site-packages/airflow/example_dags/example_display_name.py for tasks to queue
[2024-12-11T05:18:22.360+0000] {logging_mixin.py:190} INFO - [2024-12-11T05:18:22.359+0000] {dagbag.py:588} INFO - Filling up the DagBag from /home/airflow/.local/lib/python3.12/site-packages/airflow/example_dags/example_display_name.py
[2024-12-11T05:18:22.373+0000] {processor.py:925} INFO - DAG(s) 'example_display_name' retrieved from /home/airflow/.local/lib/python3.12/site-packages/airflow/example_dags/example_display_name.py
[2024-12-11T05:18:22.413+0000] {logging_mixin.py:190} INFO - [2024-12-11T05:18:22.412+0000] {dag.py:3239} INFO - Sync 1 DAGs
[2024-12-11T05:18:22.442+0000] {logging_mixin.py:190} INFO - [2024-12-11T05:18:22.441+0000] {dag.py:4180} INFO - Setting next_dagrun for example_display_name to None, run_after=None
[2024-12-11T05:18:22.479+0000] {processor.py:208} INFO - Processing /home/airflow/.local/lib/python3.12/site-packages/airflow/example_dags/example_display_name.py took 0.132 seconds
[2024-12-11T05:18:54.490+0000] {processor.py:186} INFO - Started process (PID=1132) to work on /home/airflow/.local/lib/python3.12/site-packages/airflow/example_dags/example_display_name.py
[2024-12-11T05:18:54.492+0000] {processor.py:914} INFO - Processing file /home/airflow/.local/lib/python3.12/site-packages/airflow/example_dags/example_display_name.py for tasks to queue
[2024-12-11T05:18:54.494+0000] {logging_mixin.py:190} INFO - [2024-12-11T05:18:54.493+0000] {dagbag.py:588} INFO - Filling up the DagBag from /home/airflow/.local/lib/python3.12/site-packages/airflow/example_dags/example_display_name.py
[2024-12-11T05:18:54.512+0000] {processor.py:925} INFO - DAG(s) 'example_display_name' retrieved from /home/airflow/.local/lib/python3.12/site-packages/airflow/example_dags/example_display_name.py
[2024-12-11T05:18:54.548+0000] {logging_mixin.py:190} INFO - [2024-12-11T05:18:54.548+0000] {dag.py:3239} INFO - Sync 1 DAGs
[2024-12-11T05:18:54.582+0000] {logging_mixin.py:190} INFO - [2024-12-11T05:18:54.581+0000] {dag.py:4180} INFO - Setting next_dagrun for example_display_name to None, run_after=None
[2024-12-11T05:18:54.631+0000] {processor.py:208} INFO - Processing /home/airflow/.local/lib/python3.12/site-packages/airflow/example_dags/example_display_name.py took 0.152 seconds
[2024-12-11T05:19:24.754+0000] {processor.py:186} INFO - Started process (PID=1194) to work on /home/airflow/.local/lib/python3.12/site-packages/airflow/example_dags/example_display_name.py
[2024-12-11T05:19:24.756+0000] {processor.py:914} INFO - Processing file /home/airflow/.local/lib/python3.12/site-packages/airflow/example_dags/example_display_name.py for tasks to queue
[2024-12-11T05:19:24.759+0000] {logging_mixin.py:190} INFO - [2024-12-11T05:19:24.758+0000] {dagbag.py:588} INFO - Filling up the DagBag from /home/airflow/.local/lib/python3.12/site-packages/airflow/example_dags/example_display_name.py
[2024-12-11T05:19:24.774+0000] {processor.py:925} INFO - DAG(s) 'example_display_name' retrieved from /home/airflow/.local/lib/python3.12/site-packages/airflow/example_dags/example_display_name.py
[2024-12-11T05:19:24.808+0000] {logging_mixin.py:190} INFO - [2024-12-11T05:19:24.807+0000] {dag.py:3239} INFO - Sync 1 DAGs
[2024-12-11T05:19:24.835+0000] {logging_mixin.py:190} INFO - [2024-12-11T05:19:24.835+0000] {dag.py:4180} INFO - Setting next_dagrun for example_display_name to None, run_after=None
[2024-12-11T05:19:24.870+0000] {processor.py:208} INFO - Processing /home/airflow/.local/lib/python3.12/site-packages/airflow/example_dags/example_display_name.py took 0.128 seconds
[2024-12-11T05:20:00.200+0000] {processor.py:186} INFO - Started process (PID=1256) to work on /home/airflow/.local/lib/python3.12/site-packages/airflow/example_dags/example_display_name.py
[2024-12-11T05:20:00.203+0000] {processor.py:914} INFO - Processing file /home/airflow/.local/lib/python3.12/site-packages/airflow/example_dags/example_display_name.py for tasks to queue
[2024-12-11T05:20:00.207+0000] {logging_mixin.py:190} INFO - [2024-12-11T05:20:00.206+0000] {dagbag.py:588} INFO - Filling up the DagBag from /home/airflow/.local/lib/python3.12/site-packages/airflow/example_dags/example_display_name.py
[2024-12-11T05:20:00.251+0000] {processor.py:925} INFO - DAG(s) 'example_display_name' retrieved from /home/airflow/.local/lib/python3.12/site-packages/airflow/example_dags/example_display_name.py
[2024-12-11T05:20:00.528+0000] {logging_mixin.py:190} INFO - [2024-12-11T05:20:00.528+0000] {dag.py:3239} INFO - Sync 1 DAGs
[2024-12-11T05:20:00.601+0000] {logging_mixin.py:190} INFO - [2024-12-11T05:20:00.600+0000] {dag.py:4180} INFO - Setting next_dagrun for example_display_name to None, run_after=None
[2024-12-11T05:20:00.697+0000] {processor.py:208} INFO - Processing /home/airflow/.local/lib/python3.12/site-packages/airflow/example_dags/example_display_name.py took 0.518 seconds
[2024-12-11T05:20:31.285+0000] {processor.py:186} INFO - Started process (PID=1318) to work on /home/airflow/.local/lib/python3.12/site-packages/airflow/example_dags/example_display_name.py
[2024-12-11T05:20:31.287+0000] {processor.py:914} INFO - Processing file /home/airflow/.local/lib/python3.12/site-packages/airflow/example_dags/example_display_name.py for tasks to queue
[2024-12-11T05:20:31.291+0000] {logging_mixin.py:190} INFO - [2024-12-11T05:20:31.290+0000] {dagbag.py:588} INFO - Filling up the DagBag from /home/airflow/.local/lib/python3.12/site-packages/airflow/example_dags/example_display_name.py
[2024-12-11T05:20:31.318+0000] {processor.py:925} INFO - DAG(s) 'example_display_name' retrieved from /home/airflow/.local/lib/python3.12/site-packages/airflow/example_dags/example_display_name.py
[2024-12-11T05:20:31.388+0000] {logging_mixin.py:190} INFO - [2024-12-11T05:20:31.387+0000] {dag.py:3239} INFO - Sync 1 DAGs
[2024-12-11T05:20:31.435+0000] {logging_mixin.py:190} INFO - [2024-12-11T05:20:31.434+0000] {dag.py:4180} INFO - Setting next_dagrun for example_display_name to None, run_after=None
[2024-12-11T05:20:31.485+0000] {processor.py:208} INFO - Processing /home/airflow/.local/lib/python3.12/site-packages/airflow/example_dags/example_display_name.py took 0.214 seconds
[2024-12-11T05:23:20.433+0000] {processor.py:186} INFO - Started process (PID=1354) to work on /home/airflow/.local/lib/python3.12/site-packages/airflow/example_dags/example_display_name.py
[2024-12-11T05:23:20.436+0000] {processor.py:914} INFO - Processing file /home/airflow/.local/lib/python3.12/site-packages/airflow/example_dags/example_display_name.py for tasks to queue
[2024-12-11T05:23:20.440+0000] {logging_mixin.py:190} INFO - [2024-12-11T05:23:20.439+0000] {dagbag.py:588} INFO - Filling up the DagBag from /home/airflow/.local/lib/python3.12/site-packages/airflow/example_dags/example_display_name.py
[2024-12-11T05:23:20.459+0000] {processor.py:925} INFO - DAG(s) 'example_display_name' retrieved from /home/airflow/.local/lib/python3.12/site-packages/airflow/example_dags/example_display_name.py
[2024-12-11T05:23:20.502+0000] {logging_mixin.py:190} INFO - [2024-12-11T05:23:20.502+0000] {dag.py:3239} INFO - Sync 1 DAGs
[2024-12-11T05:23:20.542+0000] {logging_mixin.py:190} INFO - [2024-12-11T05:23:20.542+0000] {dag.py:4180} INFO - Setting next_dagrun for example_display_name to None, run_after=None
[2024-12-11T05:23:20.591+0000] {processor.py:208} INFO - Processing /home/airflow/.local/lib/python3.12/site-packages/airflow/example_dags/example_display_name.py took 0.170 seconds
[2024-12-11T05:24:50.333+0000] {processor.py:186} INFO - Started process (PID=1427) to work on /home/airflow/.local/lib/python3.12/site-packages/airflow/example_dags/example_display_name.py
[2024-12-11T05:24:50.335+0000] {processor.py:914} INFO - Processing file /home/airflow/.local/lib/python3.12/site-packages/airflow/example_dags/example_display_name.py for tasks to queue
[2024-12-11T05:24:50.338+0000] {logging_mixin.py:190} INFO - [2024-12-11T05:24:50.338+0000] {dagbag.py:588} INFO - Filling up the DagBag from /home/airflow/.local/lib/python3.12/site-packages/airflow/example_dags/example_display_name.py
[2024-12-11T05:24:50.353+0000] {processor.py:925} INFO - DAG(s) 'example_display_name' retrieved from /home/airflow/.local/lib/python3.12/site-packages/airflow/example_dags/example_display_name.py
[2024-12-11T05:24:50.398+0000] {logging_mixin.py:190} INFO - [2024-12-11T05:24:50.397+0000] {dag.py:3239} INFO - Sync 1 DAGs
[2024-12-11T05:24:50.428+0000] {logging_mixin.py:190} INFO - [2024-12-11T05:24:50.427+0000] {dag.py:4180} INFO - Setting next_dagrun for example_display_name to None, run_after=None
[2024-12-11T05:24:50.462+0000] {processor.py:208} INFO - Processing /home/airflow/.local/lib/python3.12/site-packages/airflow/example_dags/example_display_name.py took 0.143 seconds
[2024-12-11T05:25:23.754+0000] {processor.py:186} INFO - Started process (PID=1490) to work on /home/airflow/.local/lib/python3.12/site-packages/airflow/example_dags/example_display_name.py
[2024-12-11T05:25:23.756+0000] {processor.py:914} INFO - Processing file /home/airflow/.local/lib/python3.12/site-packages/airflow/example_dags/example_display_name.py for tasks to queue
[2024-12-11T05:25:23.760+0000] {logging_mixin.py:190} INFO - [2024-12-11T05:25:23.759+0000] {dagbag.py:588} INFO - Filling up the DagBag from /home/airflow/.local/lib/python3.12/site-packages/airflow/example_dags/example_display_name.py
[2024-12-11T05:25:23.779+0000] {processor.py:925} INFO - DAG(s) 'example_display_name' retrieved from /home/airflow/.local/lib/python3.12/site-packages/airflow/example_dags/example_display_name.py
[2024-12-11T05:25:23.827+0000] {logging_mixin.py:190} INFO - [2024-12-11T05:25:23.826+0000] {dag.py:3239} INFO - Sync 1 DAGs
[2024-12-11T05:25:23.866+0000] {logging_mixin.py:190} INFO - [2024-12-11T05:25:23.866+0000] {dag.py:4180} INFO - Setting next_dagrun for example_display_name to None, run_after=None
[2024-12-11T05:25:23.920+0000] {processor.py:208} INFO - Processing /home/airflow/.local/lib/python3.12/site-packages/airflow/example_dags/example_display_name.py took 0.179 seconds
[2024-12-11T05:25:54.103+0000] {processor.py:186} INFO - Started process (PID=1553) to work on /home/airflow/.local/lib/python3.12/site-packages/airflow/example_dags/example_display_name.py
[2024-12-11T05:25:54.106+0000] {processor.py:914} INFO - Processing file /home/airflow/.local/lib/python3.12/site-packages/airflow/example_dags/example_display_name.py for tasks to queue
[2024-12-11T05:25:54.109+0000] {logging_mixin.py:190} INFO - [2024-12-11T05:25:54.108+0000] {dagbag.py:588} INFO - Filling up the DagBag from /home/airflow/.local/lib/python3.12/site-packages/airflow/example_dags/example_display_name.py
[2024-12-11T05:25:54.127+0000] {processor.py:925} INFO - DAG(s) 'example_display_name' retrieved from /home/airflow/.local/lib/python3.12/site-packages/airflow/example_dags/example_display_name.py
[2024-12-11T05:25:54.175+0000] {logging_mixin.py:190} INFO - [2024-12-11T05:25:54.175+0000] {dag.py:3239} INFO - Sync 1 DAGs
[2024-12-11T05:25:54.228+0000] {logging_mixin.py:190} INFO - [2024-12-11T05:25:54.228+0000] {dag.py:4180} INFO - Setting next_dagrun for example_display_name to None, run_after=None
[2024-12-11T05:25:54.299+0000] {processor.py:208} INFO - Processing /home/airflow/.local/lib/python3.12/site-packages/airflow/example_dags/example_display_name.py took 0.213 seconds
[2024-12-11T05:26:25.159+0000] {processor.py:186} INFO - Started process (PID=1615) to work on /home/airflow/.local/lib/python3.12/site-packages/airflow/example_dags/example_display_name.py
[2024-12-11T05:26:25.162+0000] {processor.py:914} INFO - Processing file /home/airflow/.local/lib/python3.12/site-packages/airflow/example_dags/example_display_name.py for tasks to queue
[2024-12-11T05:26:25.168+0000] {logging_mixin.py:190} INFO - [2024-12-11T05:26:25.167+0000] {dagbag.py:588} INFO - Filling up the DagBag from /home/airflow/.local/lib/python3.12/site-packages/airflow/example_dags/example_display_name.py
[2024-12-11T05:26:25.206+0000] {processor.py:925} INFO - DAG(s) 'example_display_name' retrieved from /home/airflow/.local/lib/python3.12/site-packages/airflow/example_dags/example_display_name.py
[2024-12-11T05:26:25.313+0000] {logging_mixin.py:190} INFO - [2024-12-11T05:26:25.311+0000] {dag.py:3239} INFO - Sync 1 DAGs
[2024-12-11T05:26:25.392+0000] {logging_mixin.py:190} INFO - [2024-12-11T05:26:25.391+0000] {dag.py:4180} INFO - Setting next_dagrun for example_display_name to None, run_after=None
[2024-12-11T05:26:25.489+0000] {processor.py:208} INFO - Processing /home/airflow/.local/lib/python3.12/site-packages/airflow/example_dags/example_display_name.py took 0.355 seconds
[2024-12-11T05:27:23.010+0000] {processor.py:186} INFO - Started process (PID=1641) to work on /home/airflow/.local/lib/python3.12/site-packages/airflow/example_dags/example_display_name.py
[2024-12-11T05:27:23.013+0000] {processor.py:914} INFO - Processing file /home/airflow/.local/lib/python3.12/site-packages/airflow/example_dags/example_display_name.py for tasks to queue
[2024-12-11T05:27:23.019+0000] {logging_mixin.py:190} INFO - [2024-12-11T05:27:23.018+0000] {dagbag.py:588} INFO - Filling up the DagBag from /home/airflow/.local/lib/python3.12/site-packages/airflow/example_dags/example_display_name.py
[2024-12-11T05:27:23.052+0000] {processor.py:925} INFO - DAG(s) 'example_display_name' retrieved from /home/airflow/.local/lib/python3.12/site-packages/airflow/example_dags/example_display_name.py
[2024-12-11T05:27:23.131+0000] {logging_mixin.py:190} INFO - [2024-12-11T05:27:23.130+0000] {dag.py:3239} INFO - Sync 1 DAGs
[2024-12-11T05:27:23.184+0000] {logging_mixin.py:190} INFO - [2024-12-11T05:27:23.183+0000] {dag.py:4180} INFO - Setting next_dagrun for example_display_name to None, run_after=None
[2024-12-11T05:27:23.238+0000] {processor.py:208} INFO - Processing /home/airflow/.local/lib/python3.12/site-packages/airflow/example_dags/example_display_name.py took 0.249 seconds
[2024-12-11T05:28:24.208+0000] {processor.py:186} INFO - Started process (PID=1712) to work on /home/airflow/.local/lib/python3.12/site-packages/airflow/example_dags/example_display_name.py
[2024-12-11T05:28:24.216+0000] {processor.py:914} INFO - Processing file /home/airflow/.local/lib/python3.12/site-packages/airflow/example_dags/example_display_name.py for tasks to queue
[2024-12-11T05:28:24.227+0000] {logging_mixin.py:190} INFO - [2024-12-11T05:28:24.226+0000] {dagbag.py:588} INFO - Filling up the DagBag from /home/airflow/.local/lib/python3.12/site-packages/airflow/example_dags/example_display_name.py
[2024-12-11T05:28:24.277+0000] {processor.py:925} INFO - DAG(s) 'example_display_name' retrieved from /home/airflow/.local/lib/python3.12/site-packages/airflow/example_dags/example_display_name.py
[2024-12-11T05:28:24.358+0000] {logging_mixin.py:190} INFO - [2024-12-11T05:28:24.358+0000] {dag.py:3239} INFO - Sync 1 DAGs
[2024-12-11T05:28:24.428+0000] {logging_mixin.py:190} INFO - [2024-12-11T05:28:24.427+0000] {dag.py:4180} INFO - Setting next_dagrun for example_display_name to None, run_after=None
[2024-12-11T05:28:24.505+0000] {processor.py:208} INFO - Processing /home/airflow/.local/lib/python3.12/site-packages/airflow/example_dags/example_display_name.py took 0.337 seconds
