[2024-12-11T04:56:34.834+0000] {processor.py:186} INFO - Started process (PID=138) to work on /home/airflow/.local/lib/python3.12/site-packages/airflow/example_dags/example_subdag_operator.py
[2024-12-11T04:56:34.838+0000] {processor.py:914} INFO - Processing file /home/airflow/.local/lib/python3.12/site-packages/airflow/example_dags/example_subdag_operator.py for tasks to queue
[2024-12-11T04:56:34.845+0000] {logging_mixin.py:190} INFO - [2024-12-11T04:56:34.844+0000] {dagbag.py:588} INFO - Filling up the DagBag from /home/airflow/.local/lib/python3.12/site-packages/airflow/example_dags/example_subdag_operator.py
[2024-12-11T04:56:34.938+0000] {processor.py:925} INFO - DAG(s) 'example_subdag_operator.section-1', 'example_subdag_operator.section-2', 'example_subdag_operator' retrieved from /home/airflow/.local/lib/python3.12/site-packages/airflow/example_dags/example_subdag_operator.py
[2024-12-11T04:56:35.352+0000] {logging_mixin.py:190} INFO - [2024-12-11T04:56:35.350+0000] {override.py:1911} INFO - Created Permission View: can delete on DAG:example_subdag_operator
[2024-12-11T04:56:35.393+0000] {logging_mixin.py:190} INFO - [2024-12-11T04:56:35.392+0000] {override.py:1911} INFO - Created Permission View: can read on DAG:example_subdag_operator
[2024-12-11T04:56:35.467+0000] {logging_mixin.py:190} INFO - [2024-12-11T04:56:35.466+0000] {override.py:1911} INFO - Created Permission View: can edit on DAG:example_subdag_operator
[2024-12-11T04:56:35.507+0000] {logging_mixin.py:190} INFO - [2024-12-11T04:56:35.506+0000] {override.py:1911} INFO - Created Permission View: can delete on DAG Run:example_subdag_operator
[2024-12-11T04:56:35.535+0000] {logging_mixin.py:190} INFO - [2024-12-11T04:56:35.534+0000] {override.py:1911} INFO - Created Permission View: can read on DAG Run:example_subdag_operator
[2024-12-11T04:56:35.566+0000] {logging_mixin.py:190} INFO - [2024-12-11T04:56:35.565+0000] {override.py:1911} INFO - Created Permission View: menu access on DAG Run:example_subdag_operator
[2024-12-11T04:56:35.589+0000] {logging_mixin.py:190} INFO - [2024-12-11T04:56:35.589+0000] {override.py:1911} INFO - Created Permission View: can create on DAG Run:example_subdag_operator
[2024-12-11T04:56:35.594+0000] {logging_mixin.py:190} INFO - [2024-12-11T04:56:35.592+0000] {dag.py:3239} INFO - Sync 3 DAGs
[2024-12-11T04:56:35.645+0000] {logging_mixin.py:190} INFO - [2024-12-11T04:56:35.644+0000] {dag.py:3262} INFO - Creating ORM DAG for example_subdag_operator.section-2
[2024-12-11T04:56:35.653+0000] {logging_mixin.py:190} INFO - [2024-12-11T04:56:35.653+0000] {dag.py:3262} INFO - Creating ORM DAG for example_subdag_operator
[2024-12-11T04:56:35.656+0000] {logging_mixin.py:190} INFO - [2024-12-11T04:56:35.655+0000] {dag.py:3262} INFO - Creating ORM DAG for example_subdag_operator.section-1
[2024-12-11T04:56:35.686+0000] {logging_mixin.py:190} INFO - [2024-12-11T04:56:35.685+0000] {dag.py:4180} INFO - Setting next_dagrun for example_subdag_operator to 2022-01-01 00:00:00+00:00, run_after=2022-01-01 00:00:00+00:00
[2024-12-11T04:56:35.689+0000] {logging_mixin.py:190} INFO - [2024-12-11T04:56:35.688+0000] {dag.py:4180} INFO - Setting next_dagrun for example_subdag_operator.section-1 to None, run_after=None
[2024-12-11T04:56:35.694+0000] {logging_mixin.py:190} INFO - [2024-12-11T04:56:35.691+0000] {dag.py:4180} INFO - Setting next_dagrun for example_subdag_operator.section-2 to None, run_after=None
[2024-12-11T04:56:35.725+0000] {logging_mixin.py:190} INFO - [2024-12-11T04:56:35.725+0000] {dag.py:3239} INFO - Sync 2 DAGs
[2024-12-11T04:56:35.749+0000] {logging_mixin.py:190} INFO - [2024-12-11T04:56:35.748+0000] {dag.py:4180} INFO - Setting next_dagrun for example_subdag_operator.section-1 to None, run_after=None
[2024-12-11T04:56:35.763+0000] {logging_mixin.py:190} INFO - [2024-12-11T04:56:35.763+0000] {dag.py:4180} INFO - Setting next_dagrun for example_subdag_operator.section-2 to None, run_after=None
[2024-12-11T04:56:35.814+0000] {processor.py:208} INFO - Processing /home/airflow/.local/lib/python3.12/site-packages/airflow/example_dags/example_subdag_operator.py took 0.996 seconds
[2024-12-11T04:57:06.179+0000] {processor.py:186} INFO - Started process (PID=201) to work on /home/airflow/.local/lib/python3.12/site-packages/airflow/example_dags/example_subdag_operator.py
[2024-12-11T04:57:06.182+0000] {processor.py:914} INFO - Processing file /home/airflow/.local/lib/python3.12/site-packages/airflow/example_dags/example_subdag_operator.py for tasks to queue
[2024-12-11T04:57:06.188+0000] {logging_mixin.py:190} INFO - [2024-12-11T04:57:06.187+0000] {dagbag.py:588} INFO - Filling up the DagBag from /home/airflow/.local/lib/python3.12/site-packages/airflow/example_dags/example_subdag_operator.py
[2024-12-11T04:57:06.258+0000] {processor.py:925} INFO - DAG(s) 'example_subdag_operator.section-1', 'example_subdag_operator.section-2', 'example_subdag_operator' retrieved from /home/airflow/.local/lib/python3.12/site-packages/airflow/example_dags/example_subdag_operator.py
[2024-12-11T04:57:06.302+0000] {logging_mixin.py:190} INFO - [2024-12-11T04:57:06.301+0000] {dag.py:3239} INFO - Sync 3 DAGs
[2024-12-11T04:57:06.389+0000] {logging_mixin.py:190} INFO - [2024-12-11T04:57:06.389+0000] {dag.py:4180} INFO - Setting next_dagrun for example_subdag_operator to 2022-01-01 00:00:00+00:00, run_after=2022-01-01 00:00:00+00:00
[2024-12-11T04:57:06.401+0000] {logging_mixin.py:190} INFO - [2024-12-11T04:57:06.401+0000] {dag.py:4180} INFO - Setting next_dagrun for example_subdag_operator.section-1 to None, run_after=None
[2024-12-11T04:57:06.405+0000] {logging_mixin.py:190} INFO - [2024-12-11T04:57:06.405+0000] {dag.py:4180} INFO - Setting next_dagrun for example_subdag_operator.section-2 to None, run_after=None
[2024-12-11T04:57:06.429+0000] {logging_mixin.py:190} INFO - [2024-12-11T04:57:06.429+0000] {dag.py:3239} INFO - Sync 2 DAGs
[2024-12-11T04:57:06.446+0000] {logging_mixin.py:190} INFO - [2024-12-11T04:57:06.446+0000] {dag.py:4180} INFO - Setting next_dagrun for example_subdag_operator.section-1 to None, run_after=None
[2024-12-11T04:57:06.448+0000] {logging_mixin.py:190} INFO - [2024-12-11T04:57:06.447+0000] {dag.py:4180} INFO - Setting next_dagrun for example_subdag_operator.section-2 to None, run_after=None
[2024-12-11T04:57:06.475+0000] {processor.py:208} INFO - Processing /home/airflow/.local/lib/python3.12/site-packages/airflow/example_dags/example_subdag_operator.py took 0.312 seconds
[2024-12-11T05:01:03.998+0000] {processor.py:186} INFO - Started process (PID=269) to work on /home/airflow/.local/lib/python3.12/site-packages/airflow/example_dags/example_subdag_operator.py
[2024-12-11T05:01:04.001+0000] {processor.py:914} INFO - Processing file /home/airflow/.local/lib/python3.12/site-packages/airflow/example_dags/example_subdag_operator.py for tasks to queue
[2024-12-11T05:01:04.007+0000] {logging_mixin.py:190} INFO - [2024-12-11T05:01:04.006+0000] {dagbag.py:588} INFO - Filling up the DagBag from /home/airflow/.local/lib/python3.12/site-packages/airflow/example_dags/example_subdag_operator.py
[2024-12-11T05:01:04.088+0000] {processor.py:925} INFO - DAG(s) 'example_subdag_operator.section-1', 'example_subdag_operator.section-2', 'example_subdag_operator' retrieved from /home/airflow/.local/lib/python3.12/site-packages/airflow/example_dags/example_subdag_operator.py
[2024-12-11T05:01:04.138+0000] {logging_mixin.py:190} INFO - [2024-12-11T05:01:04.137+0000] {dag.py:3239} INFO - Sync 3 DAGs
[2024-12-11T05:01:04.203+0000] {logging_mixin.py:190} INFO - [2024-12-11T05:01:04.202+0000] {dag.py:4180} INFO - Setting next_dagrun for example_subdag_operator to 2022-01-01 00:00:00+00:00, run_after=2022-01-01 00:00:00+00:00
[2024-12-11T05:01:04.212+0000] {logging_mixin.py:190} INFO - [2024-12-11T05:01:04.212+0000] {dag.py:4180} INFO - Setting next_dagrun for example_subdag_operator.section-1 to None, run_after=None
[2024-12-11T05:01:04.216+0000] {logging_mixin.py:190} INFO - [2024-12-11T05:01:04.216+0000] {dag.py:4180} INFO - Setting next_dagrun for example_subdag_operator.section-2 to None, run_after=None
[2024-12-11T05:01:04.241+0000] {logging_mixin.py:190} INFO - [2024-12-11T05:01:04.240+0000] {dag.py:3239} INFO - Sync 2 DAGs
[2024-12-11T05:01:04.257+0000] {logging_mixin.py:190} INFO - [2024-12-11T05:01:04.256+0000] {dag.py:4180} INFO - Setting next_dagrun for example_subdag_operator.section-1 to None, run_after=None
[2024-12-11T05:01:04.259+0000] {logging_mixin.py:190} INFO - [2024-12-11T05:01:04.258+0000] {dag.py:4180} INFO - Setting next_dagrun for example_subdag_operator.section-2 to None, run_after=None
[2024-12-11T05:01:04.288+0000] {processor.py:208} INFO - Processing /home/airflow/.local/lib/python3.12/site-packages/airflow/example_dags/example_subdag_operator.py took 0.302 seconds
[2024-12-11T05:03:26.827+0000] {processor.py:186} INFO - Started process (PID=360) to work on /home/airflow/.local/lib/python3.12/site-packages/airflow/example_dags/example_subdag_operator.py
[2024-12-11T05:03:26.831+0000] {processor.py:914} INFO - Processing file /home/airflow/.local/lib/python3.12/site-packages/airflow/example_dags/example_subdag_operator.py for tasks to queue
[2024-12-11T05:03:26.834+0000] {logging_mixin.py:190} INFO - [2024-12-11T05:03:26.833+0000] {dagbag.py:588} INFO - Filling up the DagBag from /home/airflow/.local/lib/python3.12/site-packages/airflow/example_dags/example_subdag_operator.py
[2024-12-11T05:03:26.933+0000] {processor.py:925} INFO - DAG(s) 'example_subdag_operator.section-1', 'example_subdag_operator.section-2', 'example_subdag_operator' retrieved from /home/airflow/.local/lib/python3.12/site-packages/airflow/example_dags/example_subdag_operator.py
[2024-12-11T05:03:26.990+0000] {logging_mixin.py:190} INFO - [2024-12-11T05:03:26.989+0000] {dag.py:3239} INFO - Sync 3 DAGs
[2024-12-11T05:03:27.063+0000] {logging_mixin.py:190} INFO - [2024-12-11T05:03:27.063+0000] {dag.py:4180} INFO - Setting next_dagrun for example_subdag_operator to 2022-01-01 00:00:00+00:00, run_after=2022-01-01 00:00:00+00:00
[2024-12-11T05:03:27.074+0000] {logging_mixin.py:190} INFO - [2024-12-11T05:03:27.073+0000] {dag.py:4180} INFO - Setting next_dagrun for example_subdag_operator.section-1 to None, run_after=None
[2024-12-11T05:03:27.079+0000] {logging_mixin.py:190} INFO - [2024-12-11T05:03:27.078+0000] {dag.py:4180} INFO - Setting next_dagrun for example_subdag_operator.section-2 to None, run_after=None
[2024-12-11T05:03:27.099+0000] {logging_mixin.py:190} INFO - [2024-12-11T05:03:27.098+0000] {dag.py:3239} INFO - Sync 2 DAGs
[2024-12-11T05:03:27.116+0000] {logging_mixin.py:190} INFO - [2024-12-11T05:03:27.115+0000] {dag.py:4180} INFO - Setting next_dagrun for example_subdag_operator.section-1 to None, run_after=None
[2024-12-11T05:03:27.118+0000] {logging_mixin.py:190} INFO - [2024-12-11T05:03:27.117+0000] {dag.py:4180} INFO - Setting next_dagrun for example_subdag_operator.section-2 to None, run_after=None
[2024-12-11T05:03:27.147+0000] {processor.py:208} INFO - Processing /home/airflow/.local/lib/python3.12/site-packages/airflow/example_dags/example_subdag_operator.py took 0.336 seconds
[2024-12-11T05:05:26.549+0000] {processor.py:186} INFO - Started process (PID=433) to work on /home/airflow/.local/lib/python3.12/site-packages/airflow/example_dags/example_subdag_operator.py
[2024-12-11T05:05:26.554+0000] {processor.py:914} INFO - Processing file /home/airflow/.local/lib/python3.12/site-packages/airflow/example_dags/example_subdag_operator.py for tasks to queue
[2024-12-11T05:05:26.559+0000] {logging_mixin.py:190} INFO - [2024-12-11T05:05:26.557+0000] {dagbag.py:588} INFO - Filling up the DagBag from /home/airflow/.local/lib/python3.12/site-packages/airflow/example_dags/example_subdag_operator.py
[2024-12-11T05:05:27.127+0000] {processor.py:925} INFO - DAG(s) 'example_subdag_operator.section-1', 'example_subdag_operator.section-2', 'example_subdag_operator' retrieved from /home/airflow/.local/lib/python3.12/site-packages/airflow/example_dags/example_subdag_operator.py
[2024-12-11T05:05:27.235+0000] {logging_mixin.py:190} INFO - [2024-12-11T05:05:27.228+0000] {dag.py:3239} INFO - Sync 3 DAGs
[2024-12-11T05:05:27.357+0000] {logging_mixin.py:190} INFO - [2024-12-11T05:05:27.356+0000] {dag.py:4180} INFO - Setting next_dagrun for example_subdag_operator to 2022-01-01 00:00:00+00:00, run_after=2022-01-01 00:00:00+00:00
[2024-12-11T05:05:27.374+0000] {logging_mixin.py:190} INFO - [2024-12-11T05:05:27.374+0000] {dag.py:4180} INFO - Setting next_dagrun for example_subdag_operator.section-1 to None, run_after=None
[2024-12-11T05:05:27.380+0000] {logging_mixin.py:190} INFO - [2024-12-11T05:05:27.379+0000] {dag.py:4180} INFO - Setting next_dagrun for example_subdag_operator.section-2 to None, run_after=None
[2024-12-11T05:05:27.442+0000] {logging_mixin.py:190} INFO - [2024-12-11T05:05:27.441+0000] {dag.py:3239} INFO - Sync 2 DAGs
[2024-12-11T05:05:27.461+0000] {logging_mixin.py:190} INFO - [2024-12-11T05:05:27.460+0000] {dag.py:4180} INFO - Setting next_dagrun for example_subdag_operator.section-1 to None, run_after=None
[2024-12-11T05:05:27.463+0000] {logging_mixin.py:190} INFO - [2024-12-11T05:05:27.462+0000] {dag.py:4180} INFO - Setting next_dagrun for example_subdag_operator.section-2 to None, run_after=None
[2024-12-11T05:05:27.509+0000] {processor.py:208} INFO - Processing /home/airflow/.local/lib/python3.12/site-packages/airflow/example_dags/example_subdag_operator.py took 0.981 seconds
[2024-12-11T05:05:58.090+0000] {processor.py:186} INFO - Started process (PID=494) to work on /home/airflow/.local/lib/python3.12/site-packages/airflow/example_dags/example_subdag_operator.py
[2024-12-11T05:05:58.092+0000] {processor.py:914} INFO - Processing file /home/airflow/.local/lib/python3.12/site-packages/airflow/example_dags/example_subdag_operator.py for tasks to queue
[2024-12-11T05:05:58.094+0000] {logging_mixin.py:190} INFO - [2024-12-11T05:05:58.094+0000] {dagbag.py:588} INFO - Filling up the DagBag from /home/airflow/.local/lib/python3.12/site-packages/airflow/example_dags/example_subdag_operator.py
[2024-12-11T05:05:58.144+0000] {processor.py:925} INFO - DAG(s) 'example_subdag_operator.section-1', 'example_subdag_operator.section-2', 'example_subdag_operator' retrieved from /home/airflow/.local/lib/python3.12/site-packages/airflow/example_dags/example_subdag_operator.py
[2024-12-11T05:05:58.178+0000] {logging_mixin.py:190} INFO - [2024-12-11T05:05:58.177+0000] {dag.py:3239} INFO - Sync 3 DAGs
[2024-12-11T05:05:58.225+0000] {logging_mixin.py:190} INFO - [2024-12-11T05:05:58.225+0000] {dag.py:4180} INFO - Setting next_dagrun for example_subdag_operator to 2022-01-01 00:00:00+00:00, run_after=2022-01-01 00:00:00+00:00
[2024-12-11T05:05:58.233+0000] {logging_mixin.py:190} INFO - [2024-12-11T05:05:58.232+0000] {dag.py:4180} INFO - Setting next_dagrun for example_subdag_operator.section-1 to None, run_after=None
[2024-12-11T05:05:58.236+0000] {logging_mixin.py:190} INFO - [2024-12-11T05:05:58.236+0000] {dag.py:4180} INFO - Setting next_dagrun for example_subdag_operator.section-2 to None, run_after=None
[2024-12-11T05:05:58.252+0000] {logging_mixin.py:190} INFO - [2024-12-11T05:05:58.251+0000] {dag.py:3239} INFO - Sync 2 DAGs
[2024-12-11T05:05:58.265+0000] {logging_mixin.py:190} INFO - [2024-12-11T05:05:58.264+0000] {dag.py:4180} INFO - Setting next_dagrun for example_subdag_operator.section-1 to None, run_after=None
[2024-12-11T05:05:58.266+0000] {logging_mixin.py:190} INFO - [2024-12-11T05:05:58.266+0000] {dag.py:4180} INFO - Setting next_dagrun for example_subdag_operator.section-2 to None, run_after=None
[2024-12-11T05:05:58.288+0000] {processor.py:208} INFO - Processing /home/airflow/.local/lib/python3.12/site-packages/airflow/example_dags/example_subdag_operator.py took 0.208 seconds
[2024-12-11T05:07:22.465+0000] {processor.py:186} INFO - Started process (PID=557) to work on /home/airflow/.local/lib/python3.12/site-packages/airflow/example_dags/example_subdag_operator.py
[2024-12-11T05:07:22.471+0000] {processor.py:914} INFO - Processing file /home/airflow/.local/lib/python3.12/site-packages/airflow/example_dags/example_subdag_operator.py for tasks to queue
[2024-12-11T05:07:22.475+0000] {logging_mixin.py:190} INFO - [2024-12-11T05:07:22.474+0000] {dagbag.py:588} INFO - Filling up the DagBag from /home/airflow/.local/lib/python3.12/site-packages/airflow/example_dags/example_subdag_operator.py
[2024-12-11T05:07:23.307+0000] {processor.py:925} INFO - DAG(s) 'example_subdag_operator.section-1', 'example_subdag_operator.section-2', 'example_subdag_operator' retrieved from /home/airflow/.local/lib/python3.12/site-packages/airflow/example_dags/example_subdag_operator.py
[2024-12-11T05:07:23.364+0000] {logging_mixin.py:190} INFO - [2024-12-11T05:07:23.364+0000] {dag.py:3239} INFO - Sync 3 DAGs
[2024-12-11T05:07:23.455+0000] {logging_mixin.py:190} INFO - [2024-12-11T05:07:23.453+0000] {dag.py:4180} INFO - Setting next_dagrun for example_subdag_operator to 2022-01-01 00:00:00+00:00, run_after=2022-01-01 00:00:00+00:00
[2024-12-11T05:07:23.467+0000] {logging_mixin.py:190} INFO - [2024-12-11T05:07:23.466+0000] {dag.py:4180} INFO - Setting next_dagrun for example_subdag_operator.section-1 to None, run_after=None
[2024-12-11T05:07:23.472+0000] {logging_mixin.py:190} INFO - [2024-12-11T05:07:23.471+0000] {dag.py:4180} INFO - Setting next_dagrun for example_subdag_operator.section-2 to None, run_after=None
[2024-12-11T05:07:23.504+0000] {logging_mixin.py:190} INFO - [2024-12-11T05:07:23.503+0000] {dag.py:3239} INFO - Sync 2 DAGs
[2024-12-11T05:07:23.520+0000] {logging_mixin.py:190} INFO - [2024-12-11T05:07:23.520+0000] {dag.py:4180} INFO - Setting next_dagrun for example_subdag_operator.section-1 to None, run_after=None
[2024-12-11T05:07:23.523+0000] {logging_mixin.py:190} INFO - [2024-12-11T05:07:23.522+0000] {dag.py:4180} INFO - Setting next_dagrun for example_subdag_operator.section-2 to None, run_after=None
[2024-12-11T05:07:23.562+0000] {processor.py:208} INFO - Processing /home/airflow/.local/lib/python3.12/site-packages/airflow/example_dags/example_subdag_operator.py took 1.123 seconds
[2024-12-11T05:07:54.555+0000] {processor.py:186} INFO - Started process (PID=621) to work on /home/airflow/.local/lib/python3.12/site-packages/airflow/example_dags/example_subdag_operator.py
[2024-12-11T05:07:54.557+0000] {processor.py:914} INFO - Processing file /home/airflow/.local/lib/python3.12/site-packages/airflow/example_dags/example_subdag_operator.py for tasks to queue
[2024-12-11T05:07:54.559+0000] {logging_mixin.py:190} INFO - [2024-12-11T05:07:54.559+0000] {dagbag.py:588} INFO - Filling up the DagBag from /home/airflow/.local/lib/python3.12/site-packages/airflow/example_dags/example_subdag_operator.py
[2024-12-11T05:07:54.611+0000] {processor.py:925} INFO - DAG(s) 'example_subdag_operator.section-1', 'example_subdag_operator.section-2', 'example_subdag_operator' retrieved from /home/airflow/.local/lib/python3.12/site-packages/airflow/example_dags/example_subdag_operator.py
[2024-12-11T05:07:54.650+0000] {logging_mixin.py:190} INFO - [2024-12-11T05:07:54.649+0000] {dag.py:3239} INFO - Sync 3 DAGs
[2024-12-11T05:07:54.705+0000] {logging_mixin.py:190} INFO - [2024-12-11T05:07:54.705+0000] {dag.py:4180} INFO - Setting next_dagrun for example_subdag_operator to 2022-01-01 00:00:00+00:00, run_after=2022-01-01 00:00:00+00:00
[2024-12-11T05:07:54.712+0000] {logging_mixin.py:190} INFO - [2024-12-11T05:07:54.712+0000] {dag.py:4180} INFO - Setting next_dagrun for example_subdag_operator.section-1 to None, run_after=None
[2024-12-11T05:07:54.716+0000] {logging_mixin.py:190} INFO - [2024-12-11T05:07:54.715+0000] {dag.py:4180} INFO - Setting next_dagrun for example_subdag_operator.section-2 to None, run_after=None
[2024-12-11T05:07:54.729+0000] {logging_mixin.py:190} INFO - [2024-12-11T05:07:54.729+0000] {dag.py:3239} INFO - Sync 2 DAGs
[2024-12-11T05:07:54.740+0000] {logging_mixin.py:190} INFO - [2024-12-11T05:07:54.739+0000] {dag.py:4180} INFO - Setting next_dagrun for example_subdag_operator.section-1 to None, run_after=None
[2024-12-11T05:07:54.741+0000] {logging_mixin.py:190} INFO - [2024-12-11T05:07:54.741+0000] {dag.py:4180} INFO - Setting next_dagrun for example_subdag_operator.section-2 to None, run_after=None
[2024-12-11T05:07:54.765+0000] {processor.py:208} INFO - Processing /home/airflow/.local/lib/python3.12/site-packages/airflow/example_dags/example_subdag_operator.py took 0.221 seconds
[2024-12-11T05:08:25.180+0000] {processor.py:186} INFO - Started process (PID=684) to work on /home/airflow/.local/lib/python3.12/site-packages/airflow/example_dags/example_subdag_operator.py
[2024-12-11T05:08:25.182+0000] {processor.py:914} INFO - Processing file /home/airflow/.local/lib/python3.12/site-packages/airflow/example_dags/example_subdag_operator.py for tasks to queue
[2024-12-11T05:08:25.186+0000] {logging_mixin.py:190} INFO - [2024-12-11T05:08:25.185+0000] {dagbag.py:588} INFO - Filling up the DagBag from /home/airflow/.local/lib/python3.12/site-packages/airflow/example_dags/example_subdag_operator.py
[2024-12-11T05:08:25.257+0000] {processor.py:925} INFO - DAG(s) 'example_subdag_operator.section-1', 'example_subdag_operator.section-2', 'example_subdag_operator' retrieved from /home/airflow/.local/lib/python3.12/site-packages/airflow/example_dags/example_subdag_operator.py
[2024-12-11T05:08:25.298+0000] {logging_mixin.py:190} INFO - [2024-12-11T05:08:25.297+0000] {dag.py:3239} INFO - Sync 3 DAGs
[2024-12-11T05:08:25.359+0000] {logging_mixin.py:190} INFO - [2024-12-11T05:08:25.358+0000] {dag.py:4180} INFO - Setting next_dagrun for example_subdag_operator to 2022-01-01 00:00:00+00:00, run_after=2022-01-01 00:00:00+00:00
[2024-12-11T05:08:25.367+0000] {logging_mixin.py:190} INFO - [2024-12-11T05:08:25.367+0000] {dag.py:4180} INFO - Setting next_dagrun for example_subdag_operator.section-1 to None, run_after=None
[2024-12-11T05:08:25.370+0000] {logging_mixin.py:190} INFO - [2024-12-11T05:08:25.370+0000] {dag.py:4180} INFO - Setting next_dagrun for example_subdag_operator.section-2 to None, run_after=None
[2024-12-11T05:08:25.386+0000] {logging_mixin.py:190} INFO - [2024-12-11T05:08:25.385+0000] {dag.py:3239} INFO - Sync 2 DAGs
[2024-12-11T05:08:25.398+0000] {logging_mixin.py:190} INFO - [2024-12-11T05:08:25.397+0000] {dag.py:4180} INFO - Setting next_dagrun for example_subdag_operator.section-1 to None, run_after=None
[2024-12-11T05:08:25.399+0000] {logging_mixin.py:190} INFO - [2024-12-11T05:08:25.399+0000] {dag.py:4180} INFO - Setting next_dagrun for example_subdag_operator.section-2 to None, run_after=None
[2024-12-11T05:08:25.420+0000] {processor.py:208} INFO - Processing /home/airflow/.local/lib/python3.12/site-packages/airflow/example_dags/example_subdag_operator.py took 0.255 seconds
[2024-12-11T05:09:36.703+0000] {processor.py:186} INFO - Started process (PID=751) to work on /home/airflow/.local/lib/python3.12/site-packages/airflow/example_dags/example_subdag_operator.py
[2024-12-11T05:09:36.707+0000] {processor.py:914} INFO - Processing file /home/airflow/.local/lib/python3.12/site-packages/airflow/example_dags/example_subdag_operator.py for tasks to queue
[2024-12-11T05:09:36.711+0000] {logging_mixin.py:190} INFO - [2024-12-11T05:09:36.710+0000] {dagbag.py:588} INFO - Filling up the DagBag from /home/airflow/.local/lib/python3.12/site-packages/airflow/example_dags/example_subdag_operator.py
[2024-12-11T05:09:36.796+0000] {processor.py:925} INFO - DAG(s) 'example_subdag_operator.section-1', 'example_subdag_operator.section-2', 'example_subdag_operator' retrieved from /home/airflow/.local/lib/python3.12/site-packages/airflow/example_dags/example_subdag_operator.py
[2024-12-11T05:09:36.849+0000] {logging_mixin.py:190} INFO - [2024-12-11T05:09:36.848+0000] {dag.py:3239} INFO - Sync 3 DAGs
[2024-12-11T05:09:36.915+0000] {logging_mixin.py:190} INFO - [2024-12-11T05:09:36.914+0000] {dag.py:4180} INFO - Setting next_dagrun for example_subdag_operator to 2022-01-01 00:00:00+00:00, run_after=2022-01-01 00:00:00+00:00
[2024-12-11T05:09:36.926+0000] {logging_mixin.py:190} INFO - [2024-12-11T05:09:36.925+0000] {dag.py:4180} INFO - Setting next_dagrun for example_subdag_operator.section-1 to None, run_after=None
[2024-12-11T05:09:36.932+0000] {logging_mixin.py:190} INFO - [2024-12-11T05:09:36.931+0000] {dag.py:4180} INFO - Setting next_dagrun for example_subdag_operator.section-2 to None, run_after=None
[2024-12-11T05:09:36.951+0000] {logging_mixin.py:190} INFO - [2024-12-11T05:09:36.950+0000] {dag.py:3239} INFO - Sync 2 DAGs
[2024-12-11T05:09:36.970+0000] {logging_mixin.py:190} INFO - [2024-12-11T05:09:36.970+0000] {dag.py:4180} INFO - Setting next_dagrun for example_subdag_operator.section-1 to None, run_after=None
[2024-12-11T05:09:36.972+0000] {logging_mixin.py:190} INFO - [2024-12-11T05:09:36.971+0000] {dag.py:4180} INFO - Setting next_dagrun for example_subdag_operator.section-2 to None, run_after=None
[2024-12-11T05:09:37.019+0000] {processor.py:208} INFO - Processing /home/airflow/.local/lib/python3.12/site-packages/airflow/example_dags/example_subdag_operator.py took 0.347 seconds
[2024-12-11T05:10:07.120+0000] {processor.py:186} INFO - Started process (PID=814) to work on /home/airflow/.local/lib/python3.12/site-packages/airflow/example_dags/example_subdag_operator.py
[2024-12-11T05:10:07.122+0000] {processor.py:914} INFO - Processing file /home/airflow/.local/lib/python3.12/site-packages/airflow/example_dags/example_subdag_operator.py for tasks to queue
[2024-12-11T05:10:07.125+0000] {logging_mixin.py:190} INFO - [2024-12-11T05:10:07.124+0000] {dagbag.py:588} INFO - Filling up the DagBag from /home/airflow/.local/lib/python3.12/site-packages/airflow/example_dags/example_subdag_operator.py
[2024-12-11T05:10:07.189+0000] {processor.py:925} INFO - DAG(s) 'example_subdag_operator.section-1', 'example_subdag_operator.section-2', 'example_subdag_operator' retrieved from /home/airflow/.local/lib/python3.12/site-packages/airflow/example_dags/example_subdag_operator.py
[2024-12-11T05:10:07.234+0000] {logging_mixin.py:190} INFO - [2024-12-11T05:10:07.233+0000] {dag.py:3239} INFO - Sync 3 DAGs
[2024-12-11T05:10:07.293+0000] {logging_mixin.py:190} INFO - [2024-12-11T05:10:07.293+0000] {dag.py:4180} INFO - Setting next_dagrun for example_subdag_operator to 2022-01-01 00:00:00+00:00, run_after=2022-01-01 00:00:00+00:00
[2024-12-11T05:10:07.304+0000] {logging_mixin.py:190} INFO - [2024-12-11T05:10:07.303+0000] {dag.py:4180} INFO - Setting next_dagrun for example_subdag_operator.section-1 to None, run_after=None
[2024-12-11T05:10:07.307+0000] {logging_mixin.py:190} INFO - [2024-12-11T05:10:07.307+0000] {dag.py:4180} INFO - Setting next_dagrun for example_subdag_operator.section-2 to None, run_after=None
[2024-12-11T05:10:07.324+0000] {logging_mixin.py:190} INFO - [2024-12-11T05:10:07.323+0000] {dag.py:3239} INFO - Sync 2 DAGs
[2024-12-11T05:10:07.337+0000] {logging_mixin.py:190} INFO - [2024-12-11T05:10:07.337+0000] {dag.py:4180} INFO - Setting next_dagrun for example_subdag_operator.section-1 to None, run_after=None
[2024-12-11T05:10:07.339+0000] {logging_mixin.py:190} INFO - [2024-12-11T05:10:07.338+0000] {dag.py:4180} INFO - Setting next_dagrun for example_subdag_operator.section-2 to None, run_after=None
[2024-12-11T05:10:07.365+0000] {processor.py:208} INFO - Processing /home/airflow/.local/lib/python3.12/site-packages/airflow/example_dags/example_subdag_operator.py took 0.259 seconds
[2024-12-11T05:10:43.187+0000] {processor.py:186} INFO - Started process (PID=877) to work on /home/airflow/.local/lib/python3.12/site-packages/airflow/example_dags/example_subdag_operator.py
[2024-12-11T05:10:43.190+0000] {processor.py:914} INFO - Processing file /home/airflow/.local/lib/python3.12/site-packages/airflow/example_dags/example_subdag_operator.py for tasks to queue
[2024-12-11T05:10:43.193+0000] {logging_mixin.py:190} INFO - [2024-12-11T05:10:43.192+0000] {dagbag.py:588} INFO - Filling up the DagBag from /home/airflow/.local/lib/python3.12/site-packages/airflow/example_dags/example_subdag_operator.py
[2024-12-11T05:10:43.299+0000] {processor.py:925} INFO - DAG(s) 'example_subdag_operator.section-1', 'example_subdag_operator.section-2', 'example_subdag_operator' retrieved from /home/airflow/.local/lib/python3.12/site-packages/airflow/example_dags/example_subdag_operator.py
[2024-12-11T05:10:43.353+0000] {logging_mixin.py:190} INFO - [2024-12-11T05:10:43.352+0000] {dag.py:3239} INFO - Sync 3 DAGs
[2024-12-11T05:10:43.432+0000] {logging_mixin.py:190} INFO - [2024-12-11T05:10:43.431+0000] {dag.py:4180} INFO - Setting next_dagrun for example_subdag_operator to 2022-01-01 00:00:00+00:00, run_after=2022-01-01 00:00:00+00:00
[2024-12-11T05:10:43.445+0000] {logging_mixin.py:190} INFO - [2024-12-11T05:10:43.444+0000] {dag.py:4180} INFO - Setting next_dagrun for example_subdag_operator.section-1 to None, run_after=None
[2024-12-11T05:10:43.450+0000] {logging_mixin.py:190} INFO - [2024-12-11T05:10:43.449+0000] {dag.py:4180} INFO - Setting next_dagrun for example_subdag_operator.section-2 to None, run_after=None
[2024-12-11T05:10:43.473+0000] {logging_mixin.py:190} INFO - [2024-12-11T05:10:43.473+0000] {dag.py:3239} INFO - Sync 2 DAGs
[2024-12-11T05:10:43.491+0000] {logging_mixin.py:190} INFO - [2024-12-11T05:10:43.490+0000] {dag.py:4180} INFO - Setting next_dagrun for example_subdag_operator.section-1 to None, run_after=None
[2024-12-11T05:10:43.493+0000] {logging_mixin.py:190} INFO - [2024-12-11T05:10:43.492+0000] {dag.py:4180} INFO - Setting next_dagrun for example_subdag_operator.section-2 to None, run_after=None
[2024-12-11T05:10:43.528+0000] {processor.py:208} INFO - Processing /home/airflow/.local/lib/python3.12/site-packages/airflow/example_dags/example_subdag_operator.py took 0.355 seconds
[2024-12-11T05:17:35.243+0000] {processor.py:186} INFO - Started process (PID=972) to work on /home/airflow/.local/lib/python3.12/site-packages/airflow/example_dags/example_subdag_operator.py
[2024-12-11T05:17:35.246+0000] {processor.py:914} INFO - Processing file /home/airflow/.local/lib/python3.12/site-packages/airflow/example_dags/example_subdag_operator.py for tasks to queue
[2024-12-11T05:17:35.248+0000] {logging_mixin.py:190} INFO - [2024-12-11T05:17:35.248+0000] {dagbag.py:588} INFO - Filling up the DagBag from /home/airflow/.local/lib/python3.12/site-packages/airflow/example_dags/example_subdag_operator.py
[2024-12-11T05:17:35.307+0000] {processor.py:925} INFO - DAG(s) 'example_subdag_operator.section-1', 'example_subdag_operator.section-2', 'example_subdag_operator' retrieved from /home/airflow/.local/lib/python3.12/site-packages/airflow/example_dags/example_subdag_operator.py
[2024-12-11T05:17:35.345+0000] {logging_mixin.py:190} INFO - [2024-12-11T05:17:35.344+0000] {dag.py:3239} INFO - Sync 3 DAGs
[2024-12-11T05:17:35.410+0000] {logging_mixin.py:190} INFO - [2024-12-11T05:17:35.410+0000] {dag.py:4180} INFO - Setting next_dagrun for example_subdag_operator to 2022-01-01 00:00:00+00:00, run_after=2022-01-01 00:00:00+00:00
[2024-12-11T05:17:35.419+0000] {logging_mixin.py:190} INFO - [2024-12-11T05:17:35.419+0000] {dag.py:4180} INFO - Setting next_dagrun for example_subdag_operator.section-1 to None, run_after=None
[2024-12-11T05:17:35.423+0000] {logging_mixin.py:190} INFO - [2024-12-11T05:17:35.422+0000] {dag.py:4180} INFO - Setting next_dagrun for example_subdag_operator.section-2 to None, run_after=None
[2024-12-11T05:17:35.440+0000] {logging_mixin.py:190} INFO - [2024-12-11T05:17:35.440+0000] {dag.py:3239} INFO - Sync 2 DAGs
[2024-12-11T05:17:35.453+0000] {logging_mixin.py:190} INFO - [2024-12-11T05:17:35.452+0000] {dag.py:4180} INFO - Setting next_dagrun for example_subdag_operator.section-1 to None, run_after=None
[2024-12-11T05:17:35.454+0000] {logging_mixin.py:190} INFO - [2024-12-11T05:17:35.454+0000] {dag.py:4180} INFO - Setting next_dagrun for example_subdag_operator.section-2 to None, run_after=None
[2024-12-11T05:17:35.481+0000] {processor.py:208} INFO - Processing /home/airflow/.local/lib/python3.12/site-packages/airflow/example_dags/example_subdag_operator.py took 0.250 seconds
[2024-12-11T05:18:06.027+0000] {processor.py:186} INFO - Started process (PID=1035) to work on /home/airflow/.local/lib/python3.12/site-packages/airflow/example_dags/example_subdag_operator.py
[2024-12-11T05:18:06.031+0000] {processor.py:914} INFO - Processing file /home/airflow/.local/lib/python3.12/site-packages/airflow/example_dags/example_subdag_operator.py for tasks to queue
[2024-12-11T05:18:06.036+0000] {logging_mixin.py:190} INFO - [2024-12-11T05:18:06.036+0000] {dagbag.py:588} INFO - Filling up the DagBag from /home/airflow/.local/lib/python3.12/site-packages/airflow/example_dags/example_subdag_operator.py
[2024-12-11T05:18:06.108+0000] {processor.py:925} INFO - DAG(s) 'example_subdag_operator.section-1', 'example_subdag_operator.section-2', 'example_subdag_operator' retrieved from /home/airflow/.local/lib/python3.12/site-packages/airflow/example_dags/example_subdag_operator.py
[2024-12-11T05:18:06.141+0000] {logging_mixin.py:190} INFO - [2024-12-11T05:18:06.140+0000] {dag.py:3239} INFO - Sync 3 DAGs
[2024-12-11T05:18:06.195+0000] {logging_mixin.py:190} INFO - [2024-12-11T05:18:06.194+0000] {dag.py:4180} INFO - Setting next_dagrun for example_subdag_operator to 2022-01-01 00:00:00+00:00, run_after=2022-01-01 00:00:00+00:00
[2024-12-11T05:18:06.202+0000] {logging_mixin.py:190} INFO - [2024-12-11T05:18:06.202+0000] {dag.py:4180} INFO - Setting next_dagrun for example_subdag_operator.section-1 to None, run_after=None
[2024-12-11T05:18:06.206+0000] {logging_mixin.py:190} INFO - [2024-12-11T05:18:06.205+0000] {dag.py:4180} INFO - Setting next_dagrun for example_subdag_operator.section-2 to None, run_after=None
[2024-12-11T05:18:06.220+0000] {logging_mixin.py:190} INFO - [2024-12-11T05:18:06.220+0000] {dag.py:3239} INFO - Sync 2 DAGs
[2024-12-11T05:18:06.231+0000] {logging_mixin.py:190} INFO - [2024-12-11T05:18:06.230+0000] {dag.py:4180} INFO - Setting next_dagrun for example_subdag_operator.section-1 to None, run_after=None
[2024-12-11T05:18:06.232+0000] {logging_mixin.py:190} INFO - [2024-12-11T05:18:06.232+0000] {dag.py:4180} INFO - Setting next_dagrun for example_subdag_operator.section-2 to None, run_after=None
[2024-12-11T05:18:06.256+0000] {processor.py:208} INFO - Processing /home/airflow/.local/lib/python3.12/site-packages/airflow/example_dags/example_subdag_operator.py took 0.249 seconds
[2024-12-11T05:18:37.110+0000] {processor.py:186} INFO - Started process (PID=1097) to work on /home/airflow/.local/lib/python3.12/site-packages/airflow/example_dags/example_subdag_operator.py
[2024-12-11T05:18:37.112+0000] {processor.py:914} INFO - Processing file /home/airflow/.local/lib/python3.12/site-packages/airflow/example_dags/example_subdag_operator.py for tasks to queue
[2024-12-11T05:18:37.116+0000] {logging_mixin.py:190} INFO - [2024-12-11T05:18:37.115+0000] {dagbag.py:588} INFO - Filling up the DagBag from /home/airflow/.local/lib/python3.12/site-packages/airflow/example_dags/example_subdag_operator.py
[2024-12-11T05:18:37.187+0000] {processor.py:925} INFO - DAG(s) 'example_subdag_operator.section-1', 'example_subdag_operator.section-2', 'example_subdag_operator' retrieved from /home/airflow/.local/lib/python3.12/site-packages/airflow/example_dags/example_subdag_operator.py
[2024-12-11T05:18:37.234+0000] {logging_mixin.py:190} INFO - [2024-12-11T05:18:37.233+0000] {dag.py:3239} INFO - Sync 3 DAGs
[2024-12-11T05:18:37.348+0000] {logging_mixin.py:190} INFO - [2024-12-11T05:18:37.347+0000] {dag.py:4180} INFO - Setting next_dagrun for example_subdag_operator to 2022-01-01 00:00:00+00:00, run_after=2022-01-01 00:00:00+00:00
[2024-12-11T05:18:37.370+0000] {logging_mixin.py:190} INFO - [2024-12-11T05:18:37.370+0000] {dag.py:4180} INFO - Setting next_dagrun for example_subdag_operator.section-1 to None, run_after=None
[2024-12-11T05:18:37.376+0000] {logging_mixin.py:190} INFO - [2024-12-11T05:18:37.375+0000] {dag.py:4180} INFO - Setting next_dagrun for example_subdag_operator.section-2 to None, run_after=None
[2024-12-11T05:18:37.408+0000] {logging_mixin.py:190} INFO - [2024-12-11T05:18:37.407+0000] {dag.py:3239} INFO - Sync 2 DAGs
[2024-12-11T05:18:37.464+0000] {logging_mixin.py:190} INFO - [2024-12-11T05:18:37.463+0000] {dag.py:4180} INFO - Setting next_dagrun for example_subdag_operator.section-1 to None, run_after=None
[2024-12-11T05:18:37.465+0000] {logging_mixin.py:190} INFO - [2024-12-11T05:18:37.465+0000] {dag.py:4180} INFO - Setting next_dagrun for example_subdag_operator.section-2 to None, run_after=None
[2024-12-11T05:18:37.500+0000] {processor.py:208} INFO - Processing /home/airflow/.local/lib/python3.12/site-packages/airflow/example_dags/example_subdag_operator.py took 0.407 seconds
[2024-12-11T05:19:08.046+0000] {processor.py:186} INFO - Started process (PID=1160) to work on /home/airflow/.local/lib/python3.12/site-packages/airflow/example_dags/example_subdag_operator.py
[2024-12-11T05:19:08.048+0000] {processor.py:914} INFO - Processing file /home/airflow/.local/lib/python3.12/site-packages/airflow/example_dags/example_subdag_operator.py for tasks to queue
[2024-12-11T05:19:08.051+0000] {logging_mixin.py:190} INFO - [2024-12-11T05:19:08.050+0000] {dagbag.py:588} INFO - Filling up the DagBag from /home/airflow/.local/lib/python3.12/site-packages/airflow/example_dags/example_subdag_operator.py
[2024-12-11T05:19:08.098+0000] {processor.py:925} INFO - DAG(s) 'example_subdag_operator.section-1', 'example_subdag_operator.section-2', 'example_subdag_operator' retrieved from /home/airflow/.local/lib/python3.12/site-packages/airflow/example_dags/example_subdag_operator.py
[2024-12-11T05:19:08.120+0000] {logging_mixin.py:190} INFO - [2024-12-11T05:19:08.120+0000] {dag.py:3239} INFO - Sync 3 DAGs
[2024-12-11T05:19:08.159+0000] {logging_mixin.py:190} INFO - [2024-12-11T05:19:08.158+0000] {dag.py:4180} INFO - Setting next_dagrun for example_subdag_operator to 2022-01-01 00:00:00+00:00, run_after=2022-01-01 00:00:00+00:00
[2024-12-11T05:19:08.167+0000] {logging_mixin.py:190} INFO - [2024-12-11T05:19:08.166+0000] {dag.py:4180} INFO - Setting next_dagrun for example_subdag_operator.section-1 to None, run_after=None
[2024-12-11T05:19:08.170+0000] {logging_mixin.py:190} INFO - [2024-12-11T05:19:08.170+0000] {dag.py:4180} INFO - Setting next_dagrun for example_subdag_operator.section-2 to None, run_after=None
[2024-12-11T05:19:08.187+0000] {logging_mixin.py:190} INFO - [2024-12-11T05:19:08.186+0000] {dag.py:3239} INFO - Sync 2 DAGs
[2024-12-11T05:19:08.201+0000] {logging_mixin.py:190} INFO - [2024-12-11T05:19:08.201+0000] {dag.py:4180} INFO - Setting next_dagrun for example_subdag_operator.section-1 to None, run_after=None
[2024-12-11T05:19:08.203+0000] {logging_mixin.py:190} INFO - [2024-12-11T05:19:08.202+0000] {dag.py:4180} INFO - Setting next_dagrun for example_subdag_operator.section-2 to None, run_after=None
[2024-12-11T05:19:08.233+0000] {processor.py:208} INFO - Processing /home/airflow/.local/lib/python3.12/site-packages/airflow/example_dags/example_subdag_operator.py took 0.197 seconds
[2024-12-11T05:19:38.747+0000] {processor.py:186} INFO - Started process (PID=1224) to work on /home/airflow/.local/lib/python3.12/site-packages/airflow/example_dags/example_subdag_operator.py
[2024-12-11T05:19:38.750+0000] {processor.py:914} INFO - Processing file /home/airflow/.local/lib/python3.12/site-packages/airflow/example_dags/example_subdag_operator.py for tasks to queue
[2024-12-11T05:19:38.753+0000] {logging_mixin.py:190} INFO - [2024-12-11T05:19:38.752+0000] {dagbag.py:588} INFO - Filling up the DagBag from /home/airflow/.local/lib/python3.12/site-packages/airflow/example_dags/example_subdag_operator.py
[2024-12-11T05:19:38.861+0000] {processor.py:925} INFO - DAG(s) 'example_subdag_operator.section-1', 'example_subdag_operator.section-2', 'example_subdag_operator' retrieved from /home/airflow/.local/lib/python3.12/site-packages/airflow/example_dags/example_subdag_operator.py
[2024-12-11T05:19:38.933+0000] {logging_mixin.py:190} INFO - [2024-12-11T05:19:38.932+0000] {dag.py:3239} INFO - Sync 3 DAGs
[2024-12-11T05:19:39.000+0000] {logging_mixin.py:190} INFO - [2024-12-11T05:19:38.999+0000] {dag.py:4180} INFO - Setting next_dagrun for example_subdag_operator to 2022-01-01 00:00:00+00:00, run_after=2022-01-01 00:00:00+00:00
[2024-12-11T05:19:39.015+0000] {logging_mixin.py:190} INFO - [2024-12-11T05:19:39.015+0000] {dag.py:4180} INFO - Setting next_dagrun for example_subdag_operator.section-1 to None, run_after=None
[2024-12-11T05:19:39.026+0000] {logging_mixin.py:190} INFO - [2024-12-11T05:19:39.025+0000] {dag.py:4180} INFO - Setting next_dagrun for example_subdag_operator.section-2 to None, run_after=None
[2024-12-11T05:19:39.046+0000] {logging_mixin.py:190} INFO - [2024-12-11T05:19:39.045+0000] {dag.py:3239} INFO - Sync 2 DAGs
[2024-12-11T05:19:39.062+0000] {logging_mixin.py:190} INFO - [2024-12-11T05:19:39.062+0000] {dag.py:4180} INFO - Setting next_dagrun for example_subdag_operator.section-1 to None, run_after=None
[2024-12-11T05:19:39.064+0000] {logging_mixin.py:190} INFO - [2024-12-11T05:19:39.064+0000] {dag.py:4180} INFO - Setting next_dagrun for example_subdag_operator.section-2 to None, run_after=None
[2024-12-11T05:19:39.098+0000] {processor.py:208} INFO - Processing /home/airflow/.local/lib/python3.12/site-packages/airflow/example_dags/example_subdag_operator.py took 0.374 seconds
[2024-12-11T05:20:09.338+0000] {processor.py:186} INFO - Started process (PID=1287) to work on /home/airflow/.local/lib/python3.12/site-packages/airflow/example_dags/example_subdag_operator.py
[2024-12-11T05:20:09.341+0000] {processor.py:914} INFO - Processing file /home/airflow/.local/lib/python3.12/site-packages/airflow/example_dags/example_subdag_operator.py for tasks to queue
[2024-12-11T05:20:09.344+0000] {logging_mixin.py:190} INFO - [2024-12-11T05:20:09.343+0000] {dagbag.py:588} INFO - Filling up the DagBag from /home/airflow/.local/lib/python3.12/site-packages/airflow/example_dags/example_subdag_operator.py
[2024-12-11T05:20:09.407+0000] {processor.py:925} INFO - DAG(s) 'example_subdag_operator.section-1', 'example_subdag_operator.section-2', 'example_subdag_operator' retrieved from /home/airflow/.local/lib/python3.12/site-packages/airflow/example_dags/example_subdag_operator.py
[2024-12-11T05:20:09.443+0000] {logging_mixin.py:190} INFO - [2024-12-11T05:20:09.442+0000] {dag.py:3239} INFO - Sync 3 DAGs
[2024-12-11T05:20:09.496+0000] {logging_mixin.py:190} INFO - [2024-12-11T05:20:09.496+0000] {dag.py:4180} INFO - Setting next_dagrun for example_subdag_operator to 2022-01-01 00:00:00+00:00, run_after=2022-01-01 00:00:00+00:00
[2024-12-11T05:20:09.505+0000] {logging_mixin.py:190} INFO - [2024-12-11T05:20:09.505+0000] {dag.py:4180} INFO - Setting next_dagrun for example_subdag_operator.section-1 to None, run_after=None
[2024-12-11T05:20:09.509+0000] {logging_mixin.py:190} INFO - [2024-12-11T05:20:09.509+0000] {dag.py:4180} INFO - Setting next_dagrun for example_subdag_operator.section-2 to None, run_after=None
[2024-12-11T05:20:09.528+0000] {logging_mixin.py:190} INFO - [2024-12-11T05:20:09.527+0000] {dag.py:3239} INFO - Sync 2 DAGs
[2024-12-11T05:20:09.541+0000] {logging_mixin.py:190} INFO - [2024-12-11T05:20:09.541+0000] {dag.py:4180} INFO - Setting next_dagrun for example_subdag_operator.section-1 to None, run_after=None
[2024-12-11T05:20:09.542+0000] {logging_mixin.py:190} INFO - [2024-12-11T05:20:09.542+0000] {dag.py:4180} INFO - Setting next_dagrun for example_subdag_operator.section-2 to None, run_after=None
[2024-12-11T05:20:09.569+0000] {processor.py:208} INFO - Processing /home/airflow/.local/lib/python3.12/site-packages/airflow/example_dags/example_subdag_operator.py took 0.249 seconds
[2024-12-11T05:23:26.073+0000] {processor.py:186} INFO - Started process (PID=1373) to work on /home/airflow/.local/lib/python3.12/site-packages/airflow/example_dags/example_subdag_operator.py
[2024-12-11T05:23:26.076+0000] {processor.py:914} INFO - Processing file /home/airflow/.local/lib/python3.12/site-packages/airflow/example_dags/example_subdag_operator.py for tasks to queue
[2024-12-11T05:23:26.079+0000] {logging_mixin.py:190} INFO - [2024-12-11T05:23:26.078+0000] {dagbag.py:588} INFO - Filling up the DagBag from /home/airflow/.local/lib/python3.12/site-packages/airflow/example_dags/example_subdag_operator.py
[2024-12-11T05:23:26.146+0000] {processor.py:925} INFO - DAG(s) 'example_subdag_operator.section-1', 'example_subdag_operator.section-2', 'example_subdag_operator' retrieved from /home/airflow/.local/lib/python3.12/site-packages/airflow/example_dags/example_subdag_operator.py
[2024-12-11T05:23:26.180+0000] {logging_mixin.py:190} INFO - [2024-12-11T05:23:26.180+0000] {dag.py:3239} INFO - Sync 3 DAGs
[2024-12-11T05:23:26.249+0000] {logging_mixin.py:190} INFO - [2024-12-11T05:23:26.249+0000] {dag.py:4180} INFO - Setting next_dagrun for example_subdag_operator to 2022-01-01 00:00:00+00:00, run_after=2022-01-01 00:00:00+00:00
[2024-12-11T05:23:26.261+0000] {logging_mixin.py:190} INFO - [2024-12-11T05:23:26.261+0000] {dag.py:4180} INFO - Setting next_dagrun for example_subdag_operator.section-1 to None, run_after=None
[2024-12-11T05:23:26.267+0000] {logging_mixin.py:190} INFO - [2024-12-11T05:23:26.266+0000] {dag.py:4180} INFO - Setting next_dagrun for example_subdag_operator.section-2 to None, run_after=None
[2024-12-11T05:23:26.291+0000] {logging_mixin.py:190} INFO - [2024-12-11T05:23:26.291+0000] {dag.py:3239} INFO - Sync 2 DAGs
[2024-12-11T05:23:26.314+0000] {logging_mixin.py:190} INFO - [2024-12-11T05:23:26.313+0000] {dag.py:4180} INFO - Setting next_dagrun for example_subdag_operator.section-1 to None, run_after=None
[2024-12-11T05:23:26.315+0000] {logging_mixin.py:190} INFO - [2024-12-11T05:23:26.315+0000] {dag.py:4180} INFO - Setting next_dagrun for example_subdag_operator.section-2 to None, run_after=None
[2024-12-11T05:23:26.350+0000] {processor.py:208} INFO - Processing /home/airflow/.local/lib/python3.12/site-packages/airflow/example_dags/example_subdag_operator.py took 0.288 seconds
[2024-12-11T05:24:57.274+0000] {processor.py:186} INFO - Started process (PID=1462) to work on /home/airflow/.local/lib/python3.12/site-packages/airflow/example_dags/example_subdag_operator.py
[2024-12-11T05:24:57.277+0000] {processor.py:914} INFO - Processing file /home/airflow/.local/lib/python3.12/site-packages/airflow/example_dags/example_subdag_operator.py for tasks to queue
[2024-12-11T05:24:57.280+0000] {logging_mixin.py:190} INFO - [2024-12-11T05:24:57.279+0000] {dagbag.py:588} INFO - Filling up the DagBag from /home/airflow/.local/lib/python3.12/site-packages/airflow/example_dags/example_subdag_operator.py
[2024-12-11T05:24:57.335+0000] {processor.py:925} INFO - DAG(s) 'example_subdag_operator.section-1', 'example_subdag_operator.section-2', 'example_subdag_operator' retrieved from /home/airflow/.local/lib/python3.12/site-packages/airflow/example_dags/example_subdag_operator.py
[2024-12-11T05:24:57.376+0000] {logging_mixin.py:190} INFO - [2024-12-11T05:24:57.375+0000] {dag.py:3239} INFO - Sync 3 DAGs
[2024-12-11T05:24:57.436+0000] {logging_mixin.py:190} INFO - [2024-12-11T05:24:57.435+0000] {dag.py:4180} INFO - Setting next_dagrun for example_subdag_operator to 2022-01-01 00:00:00+00:00, run_after=2022-01-01 00:00:00+00:00
[2024-12-11T05:24:57.444+0000] {logging_mixin.py:190} INFO - [2024-12-11T05:24:57.443+0000] {dag.py:4180} INFO - Setting next_dagrun for example_subdag_operator.section-1 to None, run_after=None
[2024-12-11T05:24:57.448+0000] {logging_mixin.py:190} INFO - [2024-12-11T05:24:57.447+0000] {dag.py:4180} INFO - Setting next_dagrun for example_subdag_operator.section-2 to None, run_after=None
[2024-12-11T05:24:57.465+0000] {logging_mixin.py:190} INFO - [2024-12-11T05:24:57.464+0000] {dag.py:3239} INFO - Sync 2 DAGs
[2024-12-11T05:24:57.480+0000] {logging_mixin.py:190} INFO - [2024-12-11T05:24:57.480+0000] {dag.py:4180} INFO - Setting next_dagrun for example_subdag_operator.section-1 to None, run_after=None
[2024-12-11T05:24:57.482+0000] {logging_mixin.py:190} INFO - [2024-12-11T05:24:57.481+0000] {dag.py:4180} INFO - Setting next_dagrun for example_subdag_operator.section-2 to None, run_after=None
[2024-12-11T05:24:57.506+0000] {processor.py:208} INFO - Processing /home/airflow/.local/lib/python3.12/site-packages/airflow/example_dags/example_subdag_operator.py took 0.241 seconds
[2024-12-11T05:25:34.468+0000] {processor.py:186} INFO - Started process (PID=1525) to work on /home/airflow/.local/lib/python3.12/site-packages/airflow/example_dags/example_subdag_operator.py
[2024-12-11T05:25:34.472+0000] {processor.py:914} INFO - Processing file /home/airflow/.local/lib/python3.12/site-packages/airflow/example_dags/example_subdag_operator.py for tasks to queue
[2024-12-11T05:25:34.479+0000] {logging_mixin.py:190} INFO - [2024-12-11T05:25:34.478+0000] {dagbag.py:588} INFO - Filling up the DagBag from /home/airflow/.local/lib/python3.12/site-packages/airflow/example_dags/example_subdag_operator.py
[2024-12-11T05:25:34.560+0000] {processor.py:925} INFO - DAG(s) 'example_subdag_operator.section-1', 'example_subdag_operator.section-2', 'example_subdag_operator' retrieved from /home/airflow/.local/lib/python3.12/site-packages/airflow/example_dags/example_subdag_operator.py
[2024-12-11T05:25:34.606+0000] {logging_mixin.py:190} INFO - [2024-12-11T05:25:34.606+0000] {dag.py:3239} INFO - Sync 3 DAGs
[2024-12-11T05:25:34.672+0000] {logging_mixin.py:190} INFO - [2024-12-11T05:25:34.672+0000] {dag.py:4180} INFO - Setting next_dagrun for example_subdag_operator to 2022-01-01 00:00:00+00:00, run_after=2022-01-01 00:00:00+00:00
[2024-12-11T05:25:34.684+0000] {logging_mixin.py:190} INFO - [2024-12-11T05:25:34.683+0000] {dag.py:4180} INFO - Setting next_dagrun for example_subdag_operator.section-1 to None, run_after=None
[2024-12-11T05:25:34.689+0000] {logging_mixin.py:190} INFO - [2024-12-11T05:25:34.688+0000] {dag.py:4180} INFO - Setting next_dagrun for example_subdag_operator.section-2 to None, run_after=None
[2024-12-11T05:25:34.713+0000] {logging_mixin.py:190} INFO - [2024-12-11T05:25:34.713+0000] {dag.py:3239} INFO - Sync 2 DAGs
[2024-12-11T05:25:34.730+0000] {logging_mixin.py:190} INFO - [2024-12-11T05:25:34.730+0000] {dag.py:4180} INFO - Setting next_dagrun for example_subdag_operator.section-1 to None, run_after=None
[2024-12-11T05:25:34.733+0000] {logging_mixin.py:190} INFO - [2024-12-11T05:25:34.732+0000] {dag.py:4180} INFO - Setting next_dagrun for example_subdag_operator.section-2 to None, run_after=None
[2024-12-11T05:25:34.767+0000] {processor.py:208} INFO - Processing /home/airflow/.local/lib/python3.12/site-packages/airflow/example_dags/example_subdag_operator.py took 0.322 seconds
[2024-12-11T05:26:07.719+0000] {processor.py:186} INFO - Started process (PID=1588) to work on /home/airflow/.local/lib/python3.12/site-packages/airflow/example_dags/example_subdag_operator.py
[2024-12-11T05:26:07.722+0000] {processor.py:914} INFO - Processing file /home/airflow/.local/lib/python3.12/site-packages/airflow/example_dags/example_subdag_operator.py for tasks to queue
[2024-12-11T05:26:07.724+0000] {logging_mixin.py:190} INFO - [2024-12-11T05:26:07.724+0000] {dagbag.py:588} INFO - Filling up the DagBag from /home/airflow/.local/lib/python3.12/site-packages/airflow/example_dags/example_subdag_operator.py
[2024-12-11T05:26:07.785+0000] {processor.py:925} INFO - DAG(s) 'example_subdag_operator.section-1', 'example_subdag_operator.section-2', 'example_subdag_operator' retrieved from /home/airflow/.local/lib/python3.12/site-packages/airflow/example_dags/example_subdag_operator.py
[2024-12-11T05:26:07.830+0000] {logging_mixin.py:190} INFO - [2024-12-11T05:26:07.829+0000] {dag.py:3239} INFO - Sync 3 DAGs
[2024-12-11T05:26:07.922+0000] {logging_mixin.py:190} INFO - [2024-12-11T05:26:07.920+0000] {dag.py:4180} INFO - Setting next_dagrun for example_subdag_operator to 2022-01-01 00:00:00+00:00, run_after=2022-01-01 00:00:00+00:00
[2024-12-11T05:26:07.939+0000] {logging_mixin.py:190} INFO - [2024-12-11T05:26:07.938+0000] {dag.py:4180} INFO - Setting next_dagrun for example_subdag_operator.section-1 to None, run_after=None
[2024-12-11T05:26:07.947+0000] {logging_mixin.py:190} INFO - [2024-12-11T05:26:07.945+0000] {dag.py:4180} INFO - Setting next_dagrun for example_subdag_operator.section-2 to None, run_after=None
[2024-12-11T05:26:07.975+0000] {logging_mixin.py:190} INFO - [2024-12-11T05:26:07.974+0000] {dag.py:3239} INFO - Sync 2 DAGs
[2024-12-11T05:26:07.995+0000] {logging_mixin.py:190} INFO - [2024-12-11T05:26:07.994+0000] {dag.py:4180} INFO - Setting next_dagrun for example_subdag_operator.section-1 to None, run_after=None
[2024-12-11T05:26:07.998+0000] {logging_mixin.py:190} INFO - [2024-12-11T05:26:07.997+0000] {dag.py:4180} INFO - Setting next_dagrun for example_subdag_operator.section-2 to None, run_after=None
[2024-12-11T05:26:08.040+0000] {processor.py:208} INFO - Processing /home/airflow/.local/lib/python3.12/site-packages/airflow/example_dags/example_subdag_operator.py took 0.335 seconds
[2024-12-11T05:27:30.534+0000] {processor.py:186} INFO - Started process (PID=1674) to work on /home/airflow/.local/lib/python3.12/site-packages/airflow/example_dags/example_subdag_operator.py
[2024-12-11T05:27:30.535+0000] {processor.py:914} INFO - Processing file /home/airflow/.local/lib/python3.12/site-packages/airflow/example_dags/example_subdag_operator.py for tasks to queue
[2024-12-11T05:27:30.539+0000] {logging_mixin.py:190} INFO - [2024-12-11T05:27:30.538+0000] {dagbag.py:588} INFO - Filling up the DagBag from /home/airflow/.local/lib/python3.12/site-packages/airflow/example_dags/example_subdag_operator.py
[2024-12-11T05:27:30.601+0000] {processor.py:925} INFO - DAG(s) 'example_subdag_operator.section-1', 'example_subdag_operator.section-2', 'example_subdag_operator' retrieved from /home/airflow/.local/lib/python3.12/site-packages/airflow/example_dags/example_subdag_operator.py
[2024-12-11T05:27:30.643+0000] {logging_mixin.py:190} INFO - [2024-12-11T05:27:30.642+0000] {dag.py:3239} INFO - Sync 3 DAGs
[2024-12-11T05:27:30.713+0000] {logging_mixin.py:190} INFO - [2024-12-11T05:27:30.712+0000] {dag.py:4180} INFO - Setting next_dagrun for example_subdag_operator to 2022-01-01 00:00:00+00:00, run_after=2022-01-01 00:00:00+00:00
[2024-12-11T05:27:30.726+0000] {logging_mixin.py:190} INFO - [2024-12-11T05:27:30.726+0000] {dag.py:4180} INFO - Setting next_dagrun for example_subdag_operator.section-1 to None, run_after=None
[2024-12-11T05:27:30.752+0000] {logging_mixin.py:190} INFO - [2024-12-11T05:27:30.751+0000] {dag.py:4180} INFO - Setting next_dagrun for example_subdag_operator.section-2 to None, run_after=None
[2024-12-11T05:27:30.775+0000] {logging_mixin.py:190} INFO - [2024-12-11T05:27:30.775+0000] {dag.py:3239} INFO - Sync 2 DAGs
[2024-12-11T05:27:30.788+0000] {logging_mixin.py:190} INFO - [2024-12-11T05:27:30.787+0000] {dag.py:4180} INFO - Setting next_dagrun for example_subdag_operator.section-1 to None, run_after=None
[2024-12-11T05:27:30.789+0000] {logging_mixin.py:190} INFO - [2024-12-11T05:27:30.789+0000] {dag.py:4180} INFO - Setting next_dagrun for example_subdag_operator.section-2 to None, run_after=None
[2024-12-11T05:27:30.814+0000] {processor.py:208} INFO - Processing /home/airflow/.local/lib/python3.12/site-packages/airflow/example_dags/example_subdag_operator.py took 0.272 seconds
