[2024-12-11T04:56:01.952+0000] {processor.py:186} INFO - Started process (PID=95) to work on /home/airflow/.local/lib/python3.12/site-packages/airflow/example_dags/example_dag_decorator.py
[2024-12-11T04:56:01.954+0000] {processor.py:914} INFO - Processing file /home/airflow/.local/lib/python3.12/site-packages/airflow/example_dags/example_dag_decorator.py for tasks to queue
[2024-12-11T04:56:01.959+0000] {logging_mixin.py:190} INFO - [2024-12-11T04:56:01.958+0000] {dagbag.py:588} INFO - Filling up the DagBag from /home/airflow/.local/lib/python3.12/site-packages/airflow/example_dags/example_dag_decorator.py
[2024-12-11T04:56:02.000+0000] {processor.py:925} INFO - DAG(s) 'example_dag_decorator' retrieved from /home/airflow/.local/lib/python3.12/site-packages/airflow/example_dags/example_dag_decorator.py
[2024-12-11T04:56:02.701+0000] {logging_mixin.py:190} INFO - [2024-12-11T04:56:02.698+0000] {override.py:1911} INFO - Created Permission View: can delete on DAG:example_dag_decorator
[2024-12-11T04:56:02.745+0000] {logging_mixin.py:190} INFO - [2024-12-11T04:56:02.743+0000] {override.py:1911} INFO - Created Permission View: can read on DAG:example_dag_decorator
[2024-12-11T04:56:02.801+0000] {logging_mixin.py:190} INFO - [2024-12-11T04:56:02.800+0000] {override.py:1911} INFO - Created Permission View: can edit on DAG:example_dag_decorator
[2024-12-11T04:56:02.898+0000] {logging_mixin.py:190} INFO - [2024-12-11T04:56:02.897+0000] {override.py:1911} INFO - Created Permission View: can delete on DAG Run:example_dag_decorator
[2024-12-11T04:56:02.937+0000] {logging_mixin.py:190} INFO - [2024-12-11T04:56:02.936+0000] {override.py:1911} INFO - Created Permission View: can read on DAG Run:example_dag_decorator
[2024-12-11T04:56:02.974+0000] {logging_mixin.py:190} INFO - [2024-12-11T04:56:02.972+0000] {override.py:1911} INFO - Created Permission View: menu access on DAG Run:example_dag_decorator
[2024-12-11T04:56:03.007+0000] {logging_mixin.py:190} INFO - [2024-12-11T04:56:03.006+0000] {override.py:1911} INFO - Created Permission View: can create on DAG Run:example_dag_decorator
[2024-12-11T04:56:03.009+0000] {logging_mixin.py:190} INFO - [2024-12-11T04:56:03.009+0000] {dag.py:3239} INFO - Sync 1 DAGs
[2024-12-11T04:56:03.101+0000] {logging_mixin.py:190} INFO - [2024-12-11T04:56:03.096+0000] {dag.py:3262} INFO - Creating ORM DAG for example_dag_decorator
[2024-12-11T04:56:03.106+0000] {logging_mixin.py:190} INFO - [2024-12-11T04:56:03.105+0000] {dag.py:4180} INFO - Setting next_dagrun for example_dag_decorator to None, run_after=None
[2024-12-11T04:56:03.191+0000] {processor.py:208} INFO - Processing /home/airflow/.local/lib/python3.12/site-packages/airflow/example_dags/example_dag_decorator.py took 1.253 seconds
[2024-12-11T04:56:44.095+0000] {processor.py:186} INFO - Started process (PID=159) to work on /home/airflow/.local/lib/python3.12/site-packages/airflow/example_dags/example_dag_decorator.py
[2024-12-11T04:56:44.097+0000] {processor.py:914} INFO - Processing file /home/airflow/.local/lib/python3.12/site-packages/airflow/example_dags/example_dag_decorator.py for tasks to queue
[2024-12-11T04:56:44.103+0000] {logging_mixin.py:190} INFO - [2024-12-11T04:56:44.102+0000] {dagbag.py:588} INFO - Filling up the DagBag from /home/airflow/.local/lib/python3.12/site-packages/airflow/example_dags/example_dag_decorator.py
[2024-12-11T04:56:44.142+0000] {processor.py:925} INFO - DAG(s) 'example_dag_decorator' retrieved from /home/airflow/.local/lib/python3.12/site-packages/airflow/example_dags/example_dag_decorator.py
[2024-12-11T04:56:45.121+0000] {logging_mixin.py:190} INFO - [2024-12-11T04:56:45.120+0000] {dag.py:3239} INFO - Sync 1 DAGs
[2024-12-11T04:56:45.186+0000] {logging_mixin.py:190} INFO - [2024-12-11T04:56:45.181+0000] {dag.py:4180} INFO - Setting next_dagrun for example_dag_decorator to None, run_after=None
[2024-12-11T04:56:45.273+0000] {processor.py:208} INFO - Processing /home/airflow/.local/lib/python3.12/site-packages/airflow/example_dags/example_dag_decorator.py took 1.195 seconds
[2024-12-11T05:00:50.098+0000] {processor.py:186} INFO - Started process (PID=233) to work on /home/airflow/.local/lib/python3.12/site-packages/airflow/example_dags/example_dag_decorator.py
[2024-12-11T05:00:50.101+0000] {processor.py:914} INFO - Processing file /home/airflow/.local/lib/python3.12/site-packages/airflow/example_dags/example_dag_decorator.py for tasks to queue
[2024-12-11T05:00:50.107+0000] {logging_mixin.py:190} INFO - [2024-12-11T05:00:50.106+0000] {dagbag.py:588} INFO - Filling up the DagBag from /home/airflow/.local/lib/python3.12/site-packages/airflow/example_dags/example_dag_decorator.py
[2024-12-11T05:00:50.160+0000] {processor.py:925} INFO - DAG(s) 'example_dag_decorator' retrieved from /home/airflow/.local/lib/python3.12/site-packages/airflow/example_dags/example_dag_decorator.py
[2024-12-11T05:00:51.102+0000] {logging_mixin.py:190} INFO - [2024-12-11T05:00:51.101+0000] {dag.py:3239} INFO - Sync 1 DAGs
[2024-12-11T05:00:51.185+0000] {logging_mixin.py:190} INFO - [2024-12-11T05:00:51.185+0000] {dag.py:4180} INFO - Setting next_dagrun for example_dag_decorator to None, run_after=None
[2024-12-11T05:00:51.256+0000] {processor.py:208} INFO - Processing /home/airflow/.local/lib/python3.12/site-packages/airflow/example_dags/example_dag_decorator.py took 1.175 seconds
[2024-12-11T05:01:22.263+0000] {processor.py:186} INFO - Started process (PID=297) to work on /home/airflow/.local/lib/python3.12/site-packages/airflow/example_dags/example_dag_decorator.py
[2024-12-11T05:01:22.266+0000] {processor.py:914} INFO - Processing file /home/airflow/.local/lib/python3.12/site-packages/airflow/example_dags/example_dag_decorator.py for tasks to queue
[2024-12-11T05:01:22.272+0000] {logging_mixin.py:190} INFO - [2024-12-11T05:01:22.271+0000] {dagbag.py:588} INFO - Filling up the DagBag from /home/airflow/.local/lib/python3.12/site-packages/airflow/example_dags/example_dag_decorator.py
[2024-12-11T05:01:22.310+0000] {processor.py:925} INFO - DAG(s) 'example_dag_decorator' retrieved from /home/airflow/.local/lib/python3.12/site-packages/airflow/example_dags/example_dag_decorator.py
[2024-12-11T05:01:23.066+0000] {logging_mixin.py:190} INFO - [2024-12-11T05:01:23.060+0000] {dag.py:3239} INFO - Sync 1 DAGs
[2024-12-11T05:01:23.122+0000] {logging_mixin.py:190} INFO - [2024-12-11T05:01:23.118+0000] {dag.py:4180} INFO - Setting next_dagrun for example_dag_decorator to None, run_after=None
[2024-12-11T05:01:23.180+0000] {processor.py:208} INFO - Processing /home/airflow/.local/lib/python3.12/site-packages/airflow/example_dags/example_dag_decorator.py took 0.951 seconds
[2024-12-11T05:03:16.082+0000] {processor.py:186} INFO - Started process (PID=322) to work on /home/airflow/.local/lib/python3.12/site-packages/airflow/example_dags/example_dag_decorator.py
[2024-12-11T05:03:16.099+0000] {processor.py:914} INFO - Processing file /home/airflow/.local/lib/python3.12/site-packages/airflow/example_dags/example_dag_decorator.py for tasks to queue
[2024-12-11T05:03:16.107+0000] {logging_mixin.py:190} INFO - [2024-12-11T05:03:16.106+0000] {dagbag.py:588} INFO - Filling up the DagBag from /home/airflow/.local/lib/python3.12/site-packages/airflow/example_dags/example_dag_decorator.py
[2024-12-11T05:03:16.203+0000] {processor.py:925} INFO - DAG(s) 'example_dag_decorator' retrieved from /home/airflow/.local/lib/python3.12/site-packages/airflow/example_dags/example_dag_decorator.py
[2024-12-11T05:03:16.365+0000] {logging_mixin.py:190} INFO - [2024-12-11T05:03:16.364+0000] {dag.py:3239} INFO - Sync 1 DAGs
[2024-12-11T05:03:16.502+0000] {logging_mixin.py:190} INFO - [2024-12-11T05:03:16.501+0000] {dag.py:4180} INFO - Setting next_dagrun for example_dag_decorator to None, run_after=None
[2024-12-11T05:03:16.646+0000] {processor.py:208} INFO - Processing /home/airflow/.local/lib/python3.12/site-packages/airflow/example_dags/example_dag_decorator.py took 0.603 seconds
[2024-12-11T05:03:47.355+0000] {processor.py:186} INFO - Started process (PID=384) to work on /home/airflow/.local/lib/python3.12/site-packages/airflow/example_dags/example_dag_decorator.py
[2024-12-11T05:03:47.371+0000] {processor.py:914} INFO - Processing file /home/airflow/.local/lib/python3.12/site-packages/airflow/example_dags/example_dag_decorator.py for tasks to queue
[2024-12-11T05:03:47.388+0000] {logging_mixin.py:190} INFO - [2024-12-11T05:03:47.377+0000] {dagbag.py:588} INFO - Filling up the DagBag from /home/airflow/.local/lib/python3.12/site-packages/airflow/example_dags/example_dag_decorator.py
[2024-12-11T05:03:47.479+0000] {processor.py:925} INFO - DAG(s) 'example_dag_decorator' retrieved from /home/airflow/.local/lib/python3.12/site-packages/airflow/example_dags/example_dag_decorator.py
[2024-12-11T05:03:48.242+0000] {logging_mixin.py:190} INFO - [2024-12-11T05:03:48.241+0000] {dag.py:3239} INFO - Sync 1 DAGs
[2024-12-11T05:03:48.281+0000] {logging_mixin.py:190} INFO - [2024-12-11T05:03:48.280+0000] {dag.py:4180} INFO - Setting next_dagrun for example_dag_decorator to None, run_after=None
[2024-12-11T05:03:48.379+0000] {processor.py:208} INFO - Processing /home/airflow/.local/lib/python3.12/site-packages/airflow/example_dags/example_dag_decorator.py took 1.058 seconds
[2024-12-11T05:05:37.364+0000] {processor.py:186} INFO - Started process (PID=458) to work on /home/airflow/.local/lib/python3.12/site-packages/airflow/example_dags/example_dag_decorator.py
[2024-12-11T05:05:37.366+0000] {processor.py:914} INFO - Processing file /home/airflow/.local/lib/python3.12/site-packages/airflow/example_dags/example_dag_decorator.py for tasks to queue
[2024-12-11T05:05:37.369+0000] {logging_mixin.py:190} INFO - [2024-12-11T05:05:37.368+0000] {dagbag.py:588} INFO - Filling up the DagBag from /home/airflow/.local/lib/python3.12/site-packages/airflow/example_dags/example_dag_decorator.py
[2024-12-11T05:05:37.390+0000] {processor.py:925} INFO - DAG(s) 'example_dag_decorator' retrieved from /home/airflow/.local/lib/python3.12/site-packages/airflow/example_dags/example_dag_decorator.py
[2024-12-11T05:05:37.438+0000] {logging_mixin.py:190} INFO - [2024-12-11T05:05:37.437+0000] {dag.py:3239} INFO - Sync 1 DAGs
[2024-12-11T05:05:37.472+0000] {logging_mixin.py:190} INFO - [2024-12-11T05:05:37.472+0000] {dag.py:4180} INFO - Setting next_dagrun for example_dag_decorator to None, run_after=None
[2024-12-11T05:05:37.510+0000] {processor.py:208} INFO - Processing /home/airflow/.local/lib/python3.12/site-packages/airflow/example_dags/example_dag_decorator.py took 0.156 seconds
[2024-12-11T05:06:09.147+0000] {processor.py:186} INFO - Started process (PID=521) to work on /home/airflow/.local/lib/python3.12/site-packages/airflow/example_dags/example_dag_decorator.py
[2024-12-11T05:06:09.149+0000] {processor.py:914} INFO - Processing file /home/airflow/.local/lib/python3.12/site-packages/airflow/example_dags/example_dag_decorator.py for tasks to queue
[2024-12-11T05:06:09.152+0000] {logging_mixin.py:190} INFO - [2024-12-11T05:06:09.151+0000] {dagbag.py:588} INFO - Filling up the DagBag from /home/airflow/.local/lib/python3.12/site-packages/airflow/example_dags/example_dag_decorator.py
[2024-12-11T05:06:09.189+0000] {processor.py:925} INFO - DAG(s) 'example_dag_decorator' retrieved from /home/airflow/.local/lib/python3.12/site-packages/airflow/example_dags/example_dag_decorator.py
[2024-12-11T05:06:09.652+0000] {logging_mixin.py:190} INFO - [2024-12-11T05:06:09.651+0000] {dag.py:3239} INFO - Sync 1 DAGs
[2024-12-11T05:06:09.711+0000] {logging_mixin.py:190} INFO - [2024-12-11T05:06:09.710+0000] {dag.py:4180} INFO - Setting next_dagrun for example_dag_decorator to None, run_after=None
[2024-12-11T05:06:09.803+0000] {processor.py:208} INFO - Processing /home/airflow/.local/lib/python3.12/site-packages/airflow/example_dags/example_dag_decorator.py took 0.674 seconds
[2024-12-11T05:07:32.684+0000] {processor.py:186} INFO - Started process (PID=577) to work on /home/airflow/.local/lib/python3.12/site-packages/airflow/example_dags/example_dag_decorator.py
[2024-12-11T05:07:32.686+0000] {processor.py:914} INFO - Processing file /home/airflow/.local/lib/python3.12/site-packages/airflow/example_dags/example_dag_decorator.py for tasks to queue
[2024-12-11T05:07:32.689+0000] {logging_mixin.py:190} INFO - [2024-12-11T05:07:32.688+0000] {dagbag.py:588} INFO - Filling up the DagBag from /home/airflow/.local/lib/python3.12/site-packages/airflow/example_dags/example_dag_decorator.py
[2024-12-11T05:07:32.713+0000] {processor.py:925} INFO - DAG(s) 'example_dag_decorator' retrieved from /home/airflow/.local/lib/python3.12/site-packages/airflow/example_dags/example_dag_decorator.py
[2024-12-11T05:07:33.087+0000] {logging_mixin.py:190} INFO - [2024-12-11T05:07:33.087+0000] {dag.py:3239} INFO - Sync 1 DAGs
[2024-12-11T05:07:33.121+0000] {logging_mixin.py:190} INFO - [2024-12-11T05:07:33.121+0000] {dag.py:4180} INFO - Setting next_dagrun for example_dag_decorator to None, run_after=None
[2024-12-11T05:07:33.162+0000] {processor.py:208} INFO - Processing /home/airflow/.local/lib/python3.12/site-packages/airflow/example_dags/example_dag_decorator.py took 0.489 seconds
[2024-12-11T05:08:04.886+0000] {processor.py:186} INFO - Started process (PID=640) to work on /home/airflow/.local/lib/python3.12/site-packages/airflow/example_dags/example_dag_decorator.py
[2024-12-11T05:08:04.888+0000] {processor.py:914} INFO - Processing file /home/airflow/.local/lib/python3.12/site-packages/airflow/example_dags/example_dag_decorator.py for tasks to queue
[2024-12-11T05:08:04.891+0000] {logging_mixin.py:190} INFO - [2024-12-11T05:08:04.891+0000] {dagbag.py:588} INFO - Filling up the DagBag from /home/airflow/.local/lib/python3.12/site-packages/airflow/example_dags/example_dag_decorator.py
[2024-12-11T05:08:04.921+0000] {processor.py:925} INFO - DAG(s) 'example_dag_decorator' retrieved from /home/airflow/.local/lib/python3.12/site-packages/airflow/example_dags/example_dag_decorator.py
[2024-12-11T05:08:05.285+0000] {logging_mixin.py:190} INFO - [2024-12-11T05:08:05.284+0000] {dag.py:3239} INFO - Sync 1 DAGs
[2024-12-11T05:08:05.313+0000] {logging_mixin.py:190} INFO - [2024-12-11T05:08:05.312+0000] {dag.py:4180} INFO - Setting next_dagrun for example_dag_decorator to None, run_after=None
[2024-12-11T05:08:05.358+0000] {processor.py:208} INFO - Processing /home/airflow/.local/lib/python3.12/site-packages/airflow/example_dags/example_dag_decorator.py took 0.483 seconds
[2024-12-11T05:09:21.468+0000] {processor.py:186} INFO - Started process (PID=708) to work on /home/airflow/.local/lib/python3.12/site-packages/airflow/example_dags/example_dag_decorator.py
[2024-12-11T05:09:21.472+0000] {processor.py:914} INFO - Processing file /home/airflow/.local/lib/python3.12/site-packages/airflow/example_dags/example_dag_decorator.py for tasks to queue
[2024-12-11T05:09:21.484+0000] {logging_mixin.py:190} INFO - [2024-12-11T05:09:21.478+0000] {dagbag.py:588} INFO - Filling up the DagBag from /home/airflow/.local/lib/python3.12/site-packages/airflow/example_dags/example_dag_decorator.py
[2024-12-11T05:09:21.558+0000] {processor.py:925} INFO - DAG(s) 'example_dag_decorator' retrieved from /home/airflow/.local/lib/python3.12/site-packages/airflow/example_dags/example_dag_decorator.py
[2024-12-11T05:09:22.610+0000] {logging_mixin.py:190} INFO - [2024-12-11T05:09:22.609+0000] {dag.py:3239} INFO - Sync 1 DAGs
[2024-12-11T05:09:22.692+0000] {logging_mixin.py:190} INFO - [2024-12-11T05:09:22.691+0000] {dag.py:4180} INFO - Setting next_dagrun for example_dag_decorator to None, run_after=None
[2024-12-11T05:09:22.849+0000] {processor.py:208} INFO - Processing /home/airflow/.local/lib/python3.12/site-packages/airflow/example_dags/example_dag_decorator.py took 1.411 seconds
[2024-12-11T05:09:53.178+0000] {processor.py:186} INFO - Started process (PID=773) to work on /home/airflow/.local/lib/python3.12/site-packages/airflow/example_dags/example_dag_decorator.py
[2024-12-11T05:09:53.180+0000] {processor.py:914} INFO - Processing file /home/airflow/.local/lib/python3.12/site-packages/airflow/example_dags/example_dag_decorator.py for tasks to queue
[2024-12-11T05:09:53.183+0000] {logging_mixin.py:190} INFO - [2024-12-11T05:09:53.182+0000] {dagbag.py:588} INFO - Filling up the DagBag from /home/airflow/.local/lib/python3.12/site-packages/airflow/example_dags/example_dag_decorator.py
[2024-12-11T05:09:53.211+0000] {processor.py:925} INFO - DAG(s) 'example_dag_decorator' retrieved from /home/airflow/.local/lib/python3.12/site-packages/airflow/example_dags/example_dag_decorator.py
[2024-12-11T05:09:53.566+0000] {logging_mixin.py:190} INFO - [2024-12-11T05:09:53.566+0000] {dag.py:3239} INFO - Sync 1 DAGs
[2024-12-11T05:09:53.595+0000] {logging_mixin.py:190} INFO - [2024-12-11T05:09:53.595+0000] {dag.py:4180} INFO - Setting next_dagrun for example_dag_decorator to None, run_after=None
[2024-12-11T05:09:53.640+0000] {processor.py:208} INFO - Processing /home/airflow/.local/lib/python3.12/site-packages/airflow/example_dags/example_dag_decorator.py took 0.475 seconds
[2024-12-11T05:10:23.755+0000] {processor.py:186} INFO - Started process (PID=836) to work on /home/airflow/.local/lib/python3.12/site-packages/airflow/example_dags/example_dag_decorator.py
[2024-12-11T05:10:23.758+0000] {processor.py:914} INFO - Processing file /home/airflow/.local/lib/python3.12/site-packages/airflow/example_dags/example_dag_decorator.py for tasks to queue
[2024-12-11T05:10:23.762+0000] {logging_mixin.py:190} INFO - [2024-12-11T05:10:23.761+0000] {dagbag.py:588} INFO - Filling up the DagBag from /home/airflow/.local/lib/python3.12/site-packages/airflow/example_dags/example_dag_decorator.py
[2024-12-11T05:10:23.806+0000] {processor.py:925} INFO - DAG(s) 'example_dag_decorator' retrieved from /home/airflow/.local/lib/python3.12/site-packages/airflow/example_dags/example_dag_decorator.py
[2024-12-11T05:10:24.219+0000] {logging_mixin.py:190} INFO - [2024-12-11T05:10:24.218+0000] {dag.py:3239} INFO - Sync 1 DAGs
[2024-12-11T05:10:24.258+0000] {logging_mixin.py:190} INFO - [2024-12-11T05:10:24.257+0000] {dag.py:4180} INFO - Setting next_dagrun for example_dag_decorator to None, run_after=None
[2024-12-11T05:10:24.316+0000] {processor.py:208} INFO - Processing /home/airflow/.local/lib/python3.12/site-packages/airflow/example_dags/example_dag_decorator.py took 0.576 seconds
[2024-12-11T05:10:54.434+0000] {processor.py:186} INFO - Started process (PID=899) to work on /home/airflow/.local/lib/python3.12/site-packages/airflow/example_dags/example_dag_decorator.py
[2024-12-11T05:10:54.438+0000] {processor.py:914} INFO - Processing file /home/airflow/.local/lib/python3.12/site-packages/airflow/example_dags/example_dag_decorator.py for tasks to queue
[2024-12-11T05:10:54.442+0000] {logging_mixin.py:190} INFO - [2024-12-11T05:10:54.441+0000] {dagbag.py:588} INFO - Filling up the DagBag from /home/airflow/.local/lib/python3.12/site-packages/airflow/example_dags/example_dag_decorator.py
[2024-12-11T05:10:54.487+0000] {processor.py:925} INFO - DAG(s) 'example_dag_decorator' retrieved from /home/airflow/.local/lib/python3.12/site-packages/airflow/example_dags/example_dag_decorator.py
[2024-12-11T05:10:55.090+0000] {logging_mixin.py:190} INFO - [2024-12-11T05:10:55.089+0000] {dag.py:3239} INFO - Sync 1 DAGs
[2024-12-11T05:10:55.137+0000] {logging_mixin.py:190} INFO - [2024-12-11T05:10:55.136+0000] {dag.py:4180} INFO - Setting next_dagrun for example_dag_decorator to None, run_after=None
[2024-12-11T05:10:55.197+0000] {processor.py:208} INFO - Processing /home/airflow/.local/lib/python3.12/site-packages/airflow/example_dags/example_dag_decorator.py took 0.780 seconds
[2024-12-11T05:17:19.064+0000] {processor.py:186} INFO - Started process (PID=942) to work on /home/airflow/.local/lib/python3.12/site-packages/airflow/example_dags/example_dag_decorator.py
[2024-12-11T05:17:19.075+0000] {processor.py:914} INFO - Processing file /home/airflow/.local/lib/python3.12/site-packages/airflow/example_dags/example_dag_decorator.py for tasks to queue
[2024-12-11T05:17:19.090+0000] {logging_mixin.py:190} INFO - [2024-12-11T05:17:19.089+0000] {dagbag.py:588} INFO - Filling up the DagBag from /home/airflow/.local/lib/python3.12/site-packages/airflow/example_dags/example_dag_decorator.py
[2024-12-11T05:17:19.188+0000] {processor.py:925} INFO - DAG(s) 'example_dag_decorator' retrieved from /home/airflow/.local/lib/python3.12/site-packages/airflow/example_dags/example_dag_decorator.py
[2024-12-11T05:17:20.596+0000] {logging_mixin.py:190} INFO - [2024-12-11T05:17:20.595+0000] {dag.py:3239} INFO - Sync 1 DAGs
[2024-12-11T05:17:20.651+0000] {logging_mixin.py:190} INFO - [2024-12-11T05:17:20.650+0000] {dag.py:4180} INFO - Setting next_dagrun for example_dag_decorator to None, run_after=None
[2024-12-11T05:17:20.708+0000] {processor.py:208} INFO - Processing /home/airflow/.local/lib/python3.12/site-packages/airflow/example_dags/example_dag_decorator.py took 1.697 seconds
[2024-12-11T05:17:51.101+0000] {processor.py:186} INFO - Started process (PID=1006) to work on /home/airflow/.local/lib/python3.12/site-packages/airflow/example_dags/example_dag_decorator.py
[2024-12-11T05:17:51.105+0000] {processor.py:914} INFO - Processing file /home/airflow/.local/lib/python3.12/site-packages/airflow/example_dags/example_dag_decorator.py for tasks to queue
[2024-12-11T05:17:51.112+0000] {logging_mixin.py:190} INFO - [2024-12-11T05:17:51.110+0000] {dagbag.py:588} INFO - Filling up the DagBag from /home/airflow/.local/lib/python3.12/site-packages/airflow/example_dags/example_dag_decorator.py
[2024-12-11T05:17:51.170+0000] {processor.py:925} INFO - DAG(s) 'example_dag_decorator' retrieved from /home/airflow/.local/lib/python3.12/site-packages/airflow/example_dags/example_dag_decorator.py
[2024-12-11T05:17:51.616+0000] {logging_mixin.py:190} INFO - [2024-12-11T05:17:51.615+0000] {dag.py:3239} INFO - Sync 1 DAGs
[2024-12-11T05:17:51.658+0000] {logging_mixin.py:190} INFO - [2024-12-11T05:17:51.657+0000] {dag.py:4180} INFO - Setting next_dagrun for example_dag_decorator to None, run_after=None
[2024-12-11T05:17:51.721+0000] {processor.py:208} INFO - Processing /home/airflow/.local/lib/python3.12/site-packages/airflow/example_dags/example_dag_decorator.py took 0.646 seconds
[2024-12-11T05:18:22.636+0000] {processor.py:186} INFO - Started process (PID=1071) to work on /home/airflow/.local/lib/python3.12/site-packages/airflow/example_dags/example_dag_decorator.py
[2024-12-11T05:18:22.638+0000] {processor.py:914} INFO - Processing file /home/airflow/.local/lib/python3.12/site-packages/airflow/example_dags/example_dag_decorator.py for tasks to queue
[2024-12-11T05:18:22.640+0000] {logging_mixin.py:190} INFO - [2024-12-11T05:18:22.640+0000] {dagbag.py:588} INFO - Filling up the DagBag from /home/airflow/.local/lib/python3.12/site-packages/airflow/example_dags/example_dag_decorator.py
[2024-12-11T05:18:22.666+0000] {processor.py:925} INFO - DAG(s) 'example_dag_decorator' retrieved from /home/airflow/.local/lib/python3.12/site-packages/airflow/example_dags/example_dag_decorator.py
[2024-12-11T05:18:23.014+0000] {logging_mixin.py:190} INFO - [2024-12-11T05:18:23.013+0000] {dag.py:3239} INFO - Sync 1 DAGs
[2024-12-11T05:18:23.041+0000] {logging_mixin.py:190} INFO - [2024-12-11T05:18:23.041+0000] {dag.py:4180} INFO - Setting next_dagrun for example_dag_decorator to None, run_after=None
[2024-12-11T05:18:23.078+0000] {processor.py:208} INFO - Processing /home/airflow/.local/lib/python3.12/site-packages/airflow/example_dags/example_dag_decorator.py took 0.453 seconds
[2024-12-11T05:18:54.040+0000] {processor.py:186} INFO - Started process (PID=1131) to work on /home/airflow/.local/lib/python3.12/site-packages/airflow/example_dags/example_dag_decorator.py
[2024-12-11T05:18:54.042+0000] {processor.py:914} INFO - Processing file /home/airflow/.local/lib/python3.12/site-packages/airflow/example_dags/example_dag_decorator.py for tasks to queue
[2024-12-11T05:18:54.044+0000] {logging_mixin.py:190} INFO - [2024-12-11T05:18:54.043+0000] {dagbag.py:588} INFO - Filling up the DagBag from /home/airflow/.local/lib/python3.12/site-packages/airflow/example_dags/example_dag_decorator.py
[2024-12-11T05:18:54.065+0000] {processor.py:925} INFO - DAG(s) 'example_dag_decorator' retrieved from /home/airflow/.local/lib/python3.12/site-packages/airflow/example_dags/example_dag_decorator.py
[2024-12-11T05:18:54.358+0000] {logging_mixin.py:190} INFO - [2024-12-11T05:18:54.358+0000] {dag.py:3239} INFO - Sync 1 DAGs
[2024-12-11T05:18:54.384+0000] {logging_mixin.py:190} INFO - [2024-12-11T05:18:54.384+0000] {dag.py:4180} INFO - Setting next_dagrun for example_dag_decorator to None, run_after=None
[2024-12-11T05:18:54.422+0000] {processor.py:208} INFO - Processing /home/airflow/.local/lib/python3.12/site-packages/airflow/example_dags/example_dag_decorator.py took 0.392 seconds
[2024-12-11T05:19:24.593+0000] {processor.py:186} INFO - Started process (PID=1193) to work on /home/airflow/.local/lib/python3.12/site-packages/airflow/example_dags/example_dag_decorator.py
[2024-12-11T05:19:24.595+0000] {processor.py:914} INFO - Processing file /home/airflow/.local/lib/python3.12/site-packages/airflow/example_dags/example_dag_decorator.py for tasks to queue
[2024-12-11T05:19:24.597+0000] {logging_mixin.py:190} INFO - [2024-12-11T05:19:24.596+0000] {dagbag.py:588} INFO - Filling up the DagBag from /home/airflow/.local/lib/python3.12/site-packages/airflow/example_dags/example_dag_decorator.py
[2024-12-11T05:19:24.619+0000] {processor.py:925} INFO - DAG(s) 'example_dag_decorator' retrieved from /home/airflow/.local/lib/python3.12/site-packages/airflow/example_dags/example_dag_decorator.py
[2024-12-11T05:19:24.969+0000] {logging_mixin.py:190} INFO - [2024-12-11T05:19:24.968+0000] {dag.py:3239} INFO - Sync 1 DAGs
[2024-12-11T05:19:24.997+0000] {logging_mixin.py:190} INFO - [2024-12-11T05:19:24.997+0000] {dag.py:4180} INFO - Setting next_dagrun for example_dag_decorator to None, run_after=None
[2024-12-11T05:19:25.041+0000] {processor.py:208} INFO - Processing /home/airflow/.local/lib/python3.12/site-packages/airflow/example_dags/example_dag_decorator.py took 0.460 seconds
[2024-12-11T05:19:58.787+0000] {processor.py:186} INFO - Started process (PID=1255) to work on /home/airflow/.local/lib/python3.12/site-packages/airflow/example_dags/example_dag_decorator.py
[2024-12-11T05:19:58.790+0000] {processor.py:914} INFO - Processing file /home/airflow/.local/lib/python3.12/site-packages/airflow/example_dags/example_dag_decorator.py for tasks to queue
[2024-12-11T05:19:58.795+0000] {logging_mixin.py:190} INFO - [2024-12-11T05:19:58.794+0000] {dagbag.py:588} INFO - Filling up the DagBag from /home/airflow/.local/lib/python3.12/site-packages/airflow/example_dags/example_dag_decorator.py
[2024-12-11T05:19:58.889+0000] {processor.py:925} INFO - DAG(s) 'example_dag_decorator' retrieved from /home/airflow/.local/lib/python3.12/site-packages/airflow/example_dags/example_dag_decorator.py
[2024-12-11T05:19:59.798+0000] {logging_mixin.py:190} INFO - [2024-12-11T05:19:59.797+0000] {dag.py:3239} INFO - Sync 1 DAGs
[2024-12-11T05:19:59.853+0000] {logging_mixin.py:190} INFO - [2024-12-11T05:19:59.853+0000] {dag.py:4180} INFO - Setting next_dagrun for example_dag_decorator to None, run_after=None
[2024-12-11T05:19:59.939+0000] {processor.py:208} INFO - Processing /home/airflow/.local/lib/python3.12/site-packages/airflow/example_dags/example_dag_decorator.py took 1.188 seconds
[2024-12-11T05:20:30.303+0000] {processor.py:186} INFO - Started process (PID=1317) to work on /home/airflow/.local/lib/python3.12/site-packages/airflow/example_dags/example_dag_decorator.py
[2024-12-11T05:20:30.305+0000] {processor.py:914} INFO - Processing file /home/airflow/.local/lib/python3.12/site-packages/airflow/example_dags/example_dag_decorator.py for tasks to queue
[2024-12-11T05:20:30.317+0000] {logging_mixin.py:190} INFO - [2024-12-11T05:20:30.316+0000] {dagbag.py:588} INFO - Filling up the DagBag from /home/airflow/.local/lib/python3.12/site-packages/airflow/example_dags/example_dag_decorator.py
[2024-12-11T05:20:30.361+0000] {processor.py:925} INFO - DAG(s) 'example_dag_decorator' retrieved from /home/airflow/.local/lib/python3.12/site-packages/airflow/example_dags/example_dag_decorator.py
[2024-12-11T05:20:31.052+0000] {logging_mixin.py:190} INFO - [2024-12-11T05:20:31.050+0000] {dag.py:3239} INFO - Sync 1 DAGs
[2024-12-11T05:20:31.095+0000] {logging_mixin.py:190} INFO - [2024-12-11T05:20:31.094+0000] {dag.py:4180} INFO - Setting next_dagrun for example_dag_decorator to None, run_after=None
[2024-12-11T05:20:31.177+0000] {processor.py:208} INFO - Processing /home/airflow/.local/lib/python3.12/site-packages/airflow/example_dags/example_dag_decorator.py took 0.910 seconds
[2024-12-11T05:23:20.179+0000] {processor.py:186} INFO - Started process (PID=1353) to work on /home/airflow/.local/lib/python3.12/site-packages/airflow/example_dags/example_dag_decorator.py
[2024-12-11T05:23:20.181+0000] {processor.py:914} INFO - Processing file /home/airflow/.local/lib/python3.12/site-packages/airflow/example_dags/example_dag_decorator.py for tasks to queue
[2024-12-11T05:23:20.187+0000] {logging_mixin.py:190} INFO - [2024-12-11T05:23:20.185+0000] {dagbag.py:588} INFO - Filling up the DagBag from /home/airflow/.local/lib/python3.12/site-packages/airflow/example_dags/example_dag_decorator.py
[2024-12-11T05:23:20.225+0000] {processor.py:925} INFO - DAG(s) 'example_dag_decorator' retrieved from /home/airflow/.local/lib/python3.12/site-packages/airflow/example_dags/example_dag_decorator.py
[2024-12-11T05:23:20.543+0000] {logging_mixin.py:190} INFO - [2024-12-11T05:23:20.542+0000] {dag.py:3239} INFO - Sync 1 DAGs
[2024-12-11T05:23:20.575+0000] {logging_mixin.py:190} INFO - [2024-12-11T05:23:20.575+0000] {dag.py:4180} INFO - Setting next_dagrun for example_dag_decorator to None, run_after=None
[2024-12-11T05:23:20.625+0000] {processor.py:208} INFO - Processing /home/airflow/.local/lib/python3.12/site-packages/airflow/example_dags/example_dag_decorator.py took 0.458 seconds
[2024-12-11T05:24:50.323+0000] {processor.py:186} INFO - Started process (PID=1426) to work on /home/airflow/.local/lib/python3.12/site-packages/airflow/example_dags/example_dag_decorator.py
[2024-12-11T05:24:50.325+0000] {processor.py:914} INFO - Processing file /home/airflow/.local/lib/python3.12/site-packages/airflow/example_dags/example_dag_decorator.py for tasks to queue
[2024-12-11T05:24:50.328+0000] {logging_mixin.py:190} INFO - [2024-12-11T05:24:50.327+0000] {dagbag.py:588} INFO - Filling up the DagBag from /home/airflow/.local/lib/python3.12/site-packages/airflow/example_dags/example_dag_decorator.py
[2024-12-11T05:24:50.354+0000] {processor.py:925} INFO - DAG(s) 'example_dag_decorator' retrieved from /home/airflow/.local/lib/python3.12/site-packages/airflow/example_dags/example_dag_decorator.py
[2024-12-11T05:24:50.682+0000] {logging_mixin.py:190} INFO - [2024-12-11T05:24:50.682+0000] {dag.py:3239} INFO - Sync 1 DAGs
[2024-12-11T05:24:50.705+0000] {logging_mixin.py:190} INFO - [2024-12-11T05:24:50.705+0000] {dag.py:4180} INFO - Setting next_dagrun for example_dag_decorator to None, run_after=None
[2024-12-11T05:24:50.744+0000] {processor.py:208} INFO - Processing /home/airflow/.local/lib/python3.12/site-packages/airflow/example_dags/example_dag_decorator.py took 0.429 seconds
[2024-12-11T05:25:22.979+0000] {processor.py:186} INFO - Started process (PID=1489) to work on /home/airflow/.local/lib/python3.12/site-packages/airflow/example_dags/example_dag_decorator.py
[2024-12-11T05:25:22.981+0000] {processor.py:914} INFO - Processing file /home/airflow/.local/lib/python3.12/site-packages/airflow/example_dags/example_dag_decorator.py for tasks to queue
[2024-12-11T05:25:22.985+0000] {logging_mixin.py:190} INFO - [2024-12-11T05:25:22.984+0000] {dagbag.py:588} INFO - Filling up the DagBag from /home/airflow/.local/lib/python3.12/site-packages/airflow/example_dags/example_dag_decorator.py
[2024-12-11T05:25:23.025+0000] {processor.py:925} INFO - DAG(s) 'example_dag_decorator' retrieved from /home/airflow/.local/lib/python3.12/site-packages/airflow/example_dags/example_dag_decorator.py
[2024-12-11T05:25:23.512+0000] {logging_mixin.py:190} INFO - [2024-12-11T05:25:23.512+0000] {dag.py:3239} INFO - Sync 1 DAGs
[2024-12-11T05:25:23.544+0000] {logging_mixin.py:190} INFO - [2024-12-11T05:25:23.543+0000] {dag.py:4180} INFO - Setting next_dagrun for example_dag_decorator to None, run_after=None
[2024-12-11T05:25:23.602+0000] {processor.py:208} INFO - Processing /home/airflow/.local/lib/python3.12/site-packages/airflow/example_dags/example_dag_decorator.py took 0.638 seconds
[2024-12-11T05:25:53.795+0000] {processor.py:186} INFO - Started process (PID=1552) to work on /home/airflow/.local/lib/python3.12/site-packages/airflow/example_dags/example_dag_decorator.py
[2024-12-11T05:25:53.799+0000] {processor.py:914} INFO - Processing file /home/airflow/.local/lib/python3.12/site-packages/airflow/example_dags/example_dag_decorator.py for tasks to queue
[2024-12-11T05:25:53.804+0000] {logging_mixin.py:190} INFO - [2024-12-11T05:25:53.802+0000] {dagbag.py:588} INFO - Filling up the DagBag from /home/airflow/.local/lib/python3.12/site-packages/airflow/example_dags/example_dag_decorator.py
[2024-12-11T05:25:53.836+0000] {processor.py:925} INFO - DAG(s) 'example_dag_decorator' retrieved from /home/airflow/.local/lib/python3.12/site-packages/airflow/example_dags/example_dag_decorator.py
[2024-12-11T05:25:53.905+0000] {logging_mixin.py:190} INFO - [2024-12-11T05:25:53.905+0000] {dag.py:3239} INFO - Sync 1 DAGs
[2024-12-11T05:25:53.950+0000] {logging_mixin.py:190} INFO - [2024-12-11T05:25:53.949+0000] {dag.py:4180} INFO - Setting next_dagrun for example_dag_decorator to None, run_after=None
[2024-12-11T05:25:54.003+0000] {processor.py:208} INFO - Processing /home/airflow/.local/lib/python3.12/site-packages/airflow/example_dags/example_dag_decorator.py took 0.222 seconds
[2024-12-11T05:26:24.153+0000] {processor.py:186} INFO - Started process (PID=1614) to work on /home/airflow/.local/lib/python3.12/site-packages/airflow/example_dags/example_dag_decorator.py
[2024-12-11T05:26:24.156+0000] {processor.py:914} INFO - Processing file /home/airflow/.local/lib/python3.12/site-packages/airflow/example_dags/example_dag_decorator.py for tasks to queue
[2024-12-11T05:26:24.159+0000] {logging_mixin.py:190} INFO - [2024-12-11T05:26:24.158+0000] {dagbag.py:588} INFO - Filling up the DagBag from /home/airflow/.local/lib/python3.12/site-packages/airflow/example_dags/example_dag_decorator.py
[2024-12-11T05:26:24.190+0000] {processor.py:925} INFO - DAG(s) 'example_dag_decorator' retrieved from /home/airflow/.local/lib/python3.12/site-packages/airflow/example_dags/example_dag_decorator.py
[2024-12-11T05:26:24.863+0000] {logging_mixin.py:190} INFO - [2024-12-11T05:26:24.862+0000] {dag.py:3239} INFO - Sync 1 DAGs
[2024-12-11T05:26:24.916+0000] {logging_mixin.py:190} INFO - [2024-12-11T05:26:24.915+0000] {dag.py:4180} INFO - Setting next_dagrun for example_dag_decorator to None, run_after=None
[2024-12-11T05:26:25.011+0000] {processor.py:208} INFO - Processing /home/airflow/.local/lib/python3.12/site-packages/airflow/example_dags/example_dag_decorator.py took 0.869 seconds
[2024-12-11T05:27:22.566+0000] {processor.py:186} INFO - Started process (PID=1640) to work on /home/airflow/.local/lib/python3.12/site-packages/airflow/example_dags/example_dag_decorator.py
[2024-12-11T05:27:22.569+0000] {processor.py:914} INFO - Processing file /home/airflow/.local/lib/python3.12/site-packages/airflow/example_dags/example_dag_decorator.py for tasks to queue
[2024-12-11T05:27:22.573+0000] {logging_mixin.py:190} INFO - [2024-12-11T05:27:22.572+0000] {dagbag.py:588} INFO - Filling up the DagBag from /home/airflow/.local/lib/python3.12/site-packages/airflow/example_dags/example_dag_decorator.py
[2024-12-11T05:27:22.605+0000] {processor.py:925} INFO - DAG(s) 'example_dag_decorator' retrieved from /home/airflow/.local/lib/python3.12/site-packages/airflow/example_dags/example_dag_decorator.py
[2024-12-11T05:27:23.299+0000] {logging_mixin.py:190} INFO - [2024-12-11T05:27:23.299+0000] {dag.py:3239} INFO - Sync 1 DAGs
[2024-12-11T05:27:23.335+0000] {logging_mixin.py:190} INFO - [2024-12-11T05:27:23.334+0000] {dag.py:4180} INFO - Setting next_dagrun for example_dag_decorator to None, run_after=None
[2024-12-11T05:27:23.388+0000] {processor.py:208} INFO - Processing /home/airflow/.local/lib/python3.12/site-packages/airflow/example_dags/example_dag_decorator.py took 0.834 seconds
[2024-12-11T05:28:23.896+0000] {processor.py:186} INFO - Started process (PID=1711) to work on /home/airflow/.local/lib/python3.12/site-packages/airflow/example_dags/example_dag_decorator.py
[2024-12-11T05:28:23.899+0000] {processor.py:914} INFO - Processing file /home/airflow/.local/lib/python3.12/site-packages/airflow/example_dags/example_dag_decorator.py for tasks to queue
[2024-12-11T05:28:23.904+0000] {logging_mixin.py:190} INFO - [2024-12-11T05:28:23.903+0000] {dagbag.py:588} INFO - Filling up the DagBag from /home/airflow/.local/lib/python3.12/site-packages/airflow/example_dags/example_dag_decorator.py
[2024-12-11T05:28:23.941+0000] {processor.py:925} INFO - DAG(s) 'example_dag_decorator' retrieved from /home/airflow/.local/lib/python3.12/site-packages/airflow/example_dags/example_dag_decorator.py
[2024-12-11T05:28:24.525+0000] {logging_mixin.py:190} INFO - [2024-12-11T05:28:24.524+0000] {dag.py:3239} INFO - Sync 1 DAGs
[2024-12-11T05:28:24.570+0000] {logging_mixin.py:190} INFO - [2024-12-11T05:28:24.569+0000] {dag.py:4180} INFO - Setting next_dagrun for example_dag_decorator to None, run_after=None
[2024-12-11T05:28:24.705+0000] {processor.py:208} INFO - Processing /home/airflow/.local/lib/python3.12/site-packages/airflow/example_dags/example_dag_decorator.py took 0.828 seconds
