[2024-12-11T04:56:28.546+0000] {processor.py:186} INFO - Started process (PID=123) to work on /home/airflow/.local/lib/python3.12/site-packages/airflow/example_dags/example_python_operator.py
[2024-12-11T04:56:28.548+0000] {processor.py:914} INFO - Processing file /home/airflow/.local/lib/python3.12/site-packages/airflow/example_dags/example_python_operator.py for tasks to queue
[2024-12-11T04:56:28.555+0000] {logging_mixin.py:190} INFO - [2024-12-11T04:56:28.553+0000] {dagbag.py:588} INFO - Filling up the DagBag from /home/airflow/.local/lib/python3.12/site-packages/airflow/example_dags/example_python_operator.py
[2024-12-11T04:56:28.590+0000] {processor.py:925} INFO - DAG(s) 'example_python_operator' retrieved from /home/airflow/.local/lib/python3.12/site-packages/airflow/example_dags/example_python_operator.py
[2024-12-11T04:56:28.875+0000] {logging_mixin.py:190} INFO - [2024-12-11T04:56:28.873+0000] {override.py:1911} INFO - Created Permission View: can delete on DAG:example_python_operator
[2024-12-11T04:56:28.903+0000] {logging_mixin.py:190} INFO - [2024-12-11T04:56:28.902+0000] {override.py:1911} INFO - Created Permission View: can read on DAG:example_python_operator
[2024-12-11T04:56:28.922+0000] {logging_mixin.py:190} INFO - [2024-12-11T04:56:28.921+0000] {override.py:1911} INFO - Created Permission View: can edit on DAG:example_python_operator
[2024-12-11T04:56:28.943+0000] {logging_mixin.py:190} INFO - [2024-12-11T04:56:28.942+0000] {override.py:1911} INFO - Created Permission View: can delete on DAG Run:example_python_operator
[2024-12-11T04:56:28.963+0000] {logging_mixin.py:190} INFO - [2024-12-11T04:56:28.962+0000] {override.py:1911} INFO - Created Permission View: can read on DAG Run:example_python_operator
[2024-12-11T04:56:28.985+0000] {logging_mixin.py:190} INFO - [2024-12-11T04:56:28.984+0000] {override.py:1911} INFO - Created Permission View: menu access on DAG Run:example_python_operator
[2024-12-11T04:56:29.007+0000] {logging_mixin.py:190} INFO - [2024-12-11T04:56:29.006+0000] {override.py:1911} INFO - Created Permission View: can create on DAG Run:example_python_operator
[2024-12-11T04:56:29.009+0000] {logging_mixin.py:190} INFO - [2024-12-11T04:56:29.008+0000] {dag.py:3239} INFO - Sync 1 DAGs
[2024-12-11T04:56:29.077+0000] {logging_mixin.py:190} INFO - [2024-12-11T04:56:29.076+0000] {dag.py:3262} INFO - Creating ORM DAG for example_python_operator
[2024-12-11T04:56:29.083+0000] {logging_mixin.py:190} INFO - [2024-12-11T04:56:29.083+0000] {dag.py:4180} INFO - Setting next_dagrun for example_python_operator to None, run_after=None
[2024-12-11T04:56:29.173+0000] {processor.py:208} INFO - Processing /home/airflow/.local/lib/python3.12/site-packages/airflow/example_dags/example_python_operator.py took 0.644 seconds
[2024-12-11T04:56:59.503+0000] {processor.py:186} INFO - Started process (PID=186) to work on /home/airflow/.local/lib/python3.12/site-packages/airflow/example_dags/example_python_operator.py
[2024-12-11T04:56:59.516+0000] {processor.py:914} INFO - Processing file /home/airflow/.local/lib/python3.12/site-packages/airflow/example_dags/example_python_operator.py for tasks to queue
[2024-12-11T04:56:59.524+0000] {logging_mixin.py:190} INFO - [2024-12-11T04:56:59.523+0000] {dagbag.py:588} INFO - Filling up the DagBag from /home/airflow/.local/lib/python3.12/site-packages/airflow/example_dags/example_python_operator.py
[2024-12-11T04:56:59.610+0000] {processor.py:925} INFO - DAG(s) 'example_python_operator' retrieved from /home/airflow/.local/lib/python3.12/site-packages/airflow/example_dags/example_python_operator.py
[2024-12-11T04:56:59.682+0000] {logging_mixin.py:190} INFO - [2024-12-11T04:56:59.682+0000] {dag.py:3239} INFO - Sync 1 DAGs
[2024-12-11T04:56:59.732+0000] {logging_mixin.py:190} INFO - [2024-12-11T04:56:59.732+0000] {dag.py:4180} INFO - Setting next_dagrun for example_python_operator to None, run_after=None
[2024-12-11T04:56:59.811+0000] {processor.py:208} INFO - Processing /home/airflow/.local/lib/python3.12/site-packages/airflow/example_dags/example_python_operator.py took 0.328 seconds
[2024-12-11T05:01:01.506+0000] {processor.py:186} INFO - Started process (PID=254) to work on /home/airflow/.local/lib/python3.12/site-packages/airflow/example_dags/example_python_operator.py
[2024-12-11T05:01:01.509+0000] {processor.py:914} INFO - Processing file /home/airflow/.local/lib/python3.12/site-packages/airflow/example_dags/example_python_operator.py for tasks to queue
[2024-12-11T05:01:01.515+0000] {logging_mixin.py:190} INFO - [2024-12-11T05:01:01.514+0000] {dagbag.py:588} INFO - Filling up the DagBag from /home/airflow/.local/lib/python3.12/site-packages/airflow/example_dags/example_python_operator.py
[2024-12-11T05:01:01.551+0000] {processor.py:925} INFO - DAG(s) 'example_python_operator' retrieved from /home/airflow/.local/lib/python3.12/site-packages/airflow/example_dags/example_python_operator.py
[2024-12-11T05:01:01.608+0000] {logging_mixin.py:190} INFO - [2024-12-11T05:01:01.607+0000] {dag.py:3239} INFO - Sync 1 DAGs
[2024-12-11T05:01:01.641+0000] {logging_mixin.py:190} INFO - [2024-12-11T05:01:01.641+0000] {dag.py:4180} INFO - Setting next_dagrun for example_python_operator to None, run_after=None
[2024-12-11T05:01:01.689+0000] {processor.py:208} INFO - Processing /home/airflow/.local/lib/python3.12/site-packages/airflow/example_dags/example_python_operator.py took 0.196 seconds
[2024-12-11T05:03:23.673+0000] {processor.py:186} INFO - Started process (PID=345) to work on /home/airflow/.local/lib/python3.12/site-packages/airflow/example_dags/example_python_operator.py
[2024-12-11T05:03:23.676+0000] {processor.py:914} INFO - Processing file /home/airflow/.local/lib/python3.12/site-packages/airflow/example_dags/example_python_operator.py for tasks to queue
[2024-12-11T05:03:23.680+0000] {logging_mixin.py:190} INFO - [2024-12-11T05:03:23.679+0000] {dagbag.py:588} INFO - Filling up the DagBag from /home/airflow/.local/lib/python3.12/site-packages/airflow/example_dags/example_python_operator.py
[2024-12-11T05:03:23.722+0000] {processor.py:925} INFO - DAG(s) 'example_python_operator' retrieved from /home/airflow/.local/lib/python3.12/site-packages/airflow/example_dags/example_python_operator.py
[2024-12-11T05:03:23.799+0000] {logging_mixin.py:190} INFO - [2024-12-11T05:03:23.798+0000] {dag.py:3239} INFO - Sync 1 DAGs
[2024-12-11T05:03:23.849+0000] {logging_mixin.py:190} INFO - [2024-12-11T05:03:23.848+0000] {dag.py:4180} INFO - Setting next_dagrun for example_python_operator to None, run_after=None
[2024-12-11T05:03:23.903+0000] {processor.py:208} INFO - Processing /home/airflow/.local/lib/python3.12/site-packages/airflow/example_dags/example_python_operator.py took 0.245 seconds
[2024-12-11T05:03:55.167+0000] {processor.py:186} INFO - Started process (PID=407) to work on /home/airflow/.local/lib/python3.12/site-packages/airflow/example_dags/example_python_operator.py
[2024-12-11T05:03:55.170+0000] {processor.py:914} INFO - Processing file /home/airflow/.local/lib/python3.12/site-packages/airflow/example_dags/example_python_operator.py for tasks to queue
[2024-12-11T05:03:55.173+0000] {logging_mixin.py:190} INFO - [2024-12-11T05:03:55.173+0000] {dagbag.py:588} INFO - Filling up the DagBag from /home/airflow/.local/lib/python3.12/site-packages/airflow/example_dags/example_python_operator.py
[2024-12-11T05:03:55.257+0000] {processor.py:925} INFO - DAG(s) 'example_python_operator' retrieved from /home/airflow/.local/lib/python3.12/site-packages/airflow/example_dags/example_python_operator.py
[2024-12-11T05:03:55.977+0000] {logging_mixin.py:190} INFO - [2024-12-11T05:03:55.962+0000] {dag.py:3239} INFO - Sync 1 DAGs
[2024-12-11T05:03:56.036+0000] {logging_mixin.py:190} INFO - [2024-12-11T05:03:56.036+0000] {dag.py:4180} INFO - Setting next_dagrun for example_python_operator to None, run_after=None
[2024-12-11T05:03:56.094+0000] {processor.py:208} INFO - Processing /home/airflow/.local/lib/python3.12/site-packages/airflow/example_dags/example_python_operator.py took 0.946 seconds
[2024-12-11T05:05:40.539+0000] {processor.py:186} INFO - Started process (PID=476) to work on /home/airflow/.local/lib/python3.12/site-packages/airflow/example_dags/example_python_operator.py
[2024-12-11T05:05:40.542+0000] {processor.py:914} INFO - Processing file /home/airflow/.local/lib/python3.12/site-packages/airflow/example_dags/example_python_operator.py for tasks to queue
[2024-12-11T05:05:40.546+0000] {logging_mixin.py:190} INFO - [2024-12-11T05:05:40.545+0000] {dagbag.py:588} INFO - Filling up the DagBag from /home/airflow/.local/lib/python3.12/site-packages/airflow/example_dags/example_python_operator.py
[2024-12-11T05:05:40.577+0000] {processor.py:925} INFO - DAG(s) 'example_python_operator' retrieved from /home/airflow/.local/lib/python3.12/site-packages/airflow/example_dags/example_python_operator.py
[2024-12-11T05:05:40.633+0000] {logging_mixin.py:190} INFO - [2024-12-11T05:05:40.632+0000] {dag.py:3239} INFO - Sync 1 DAGs
[2024-12-11T05:05:40.673+0000] {logging_mixin.py:190} INFO - [2024-12-11T05:05:40.673+0000] {dag.py:4180} INFO - Setting next_dagrun for example_python_operator to None, run_after=None
[2024-12-11T05:05:40.713+0000] {processor.py:208} INFO - Processing /home/airflow/.local/lib/python3.12/site-packages/airflow/example_dags/example_python_operator.py took 0.191 seconds
[2024-12-11T05:06:18.946+0000] {processor.py:186} INFO - Started process (PID=539) to work on /home/airflow/.local/lib/python3.12/site-packages/airflow/example_dags/example_python_operator.py
[2024-12-11T05:06:18.980+0000] {processor.py:914} INFO - Processing file /home/airflow/.local/lib/python3.12/site-packages/airflow/example_dags/example_python_operator.py for tasks to queue
[2024-12-11T05:06:18.985+0000] {logging_mixin.py:190} INFO - [2024-12-11T05:06:18.983+0000] {dagbag.py:588} INFO - Filling up the DagBag from /home/airflow/.local/lib/python3.12/site-packages/airflow/example_dags/example_python_operator.py
[2024-12-11T05:06:19.095+0000] {processor.py:925} INFO - DAG(s) 'example_python_operator' retrieved from /home/airflow/.local/lib/python3.12/site-packages/airflow/example_dags/example_python_operator.py
[2024-12-11T05:06:19.187+0000] {logging_mixin.py:190} INFO - [2024-12-11T05:06:19.187+0000] {dag.py:3239} INFO - Sync 1 DAGs
[2024-12-11T05:06:19.229+0000] {logging_mixin.py:190} INFO - [2024-12-11T05:06:19.228+0000] {dag.py:4180} INFO - Setting next_dagrun for example_python_operator to None, run_after=None
[2024-12-11T05:06:19.282+0000] {processor.py:208} INFO - Processing /home/airflow/.local/lib/python3.12/site-packages/airflow/example_dags/example_python_operator.py took 0.370 seconds
[2024-12-11T05:07:38.375+0000] {processor.py:186} INFO - Started process (PID=596) to work on /home/airflow/.local/lib/python3.12/site-packages/airflow/example_dags/example_python_operator.py
[2024-12-11T05:07:38.377+0000] {processor.py:914} INFO - Processing file /home/airflow/.local/lib/python3.12/site-packages/airflow/example_dags/example_python_operator.py for tasks to queue
[2024-12-11T05:07:38.380+0000] {logging_mixin.py:190} INFO - [2024-12-11T05:07:38.380+0000] {dagbag.py:588} INFO - Filling up the DagBag from /home/airflow/.local/lib/python3.12/site-packages/airflow/example_dags/example_python_operator.py
[2024-12-11T05:07:38.407+0000] {processor.py:925} INFO - DAG(s) 'example_python_operator' retrieved from /home/airflow/.local/lib/python3.12/site-packages/airflow/example_dags/example_python_operator.py
[2024-12-11T05:07:38.463+0000] {logging_mixin.py:190} INFO - [2024-12-11T05:07:38.462+0000] {dag.py:3239} INFO - Sync 1 DAGs
[2024-12-11T05:07:38.493+0000] {logging_mixin.py:190} INFO - [2024-12-11T05:07:38.492+0000] {dag.py:4180} INFO - Setting next_dagrun for example_python_operator to None, run_after=None
[2024-12-11T05:07:38.534+0000] {processor.py:208} INFO - Processing /home/airflow/.local/lib/python3.12/site-packages/airflow/example_dags/example_python_operator.py took 0.171 seconds
[2024-12-11T05:08:10.525+0000] {processor.py:186} INFO - Started process (PID=659) to work on /home/airflow/.local/lib/python3.12/site-packages/airflow/example_dags/example_python_operator.py
[2024-12-11T05:08:10.528+0000] {processor.py:914} INFO - Processing file /home/airflow/.local/lib/python3.12/site-packages/airflow/example_dags/example_python_operator.py for tasks to queue
[2024-12-11T05:08:10.531+0000] {logging_mixin.py:190} INFO - [2024-12-11T05:08:10.530+0000] {dagbag.py:588} INFO - Filling up the DagBag from /home/airflow/.local/lib/python3.12/site-packages/airflow/example_dags/example_python_operator.py
[2024-12-11T05:08:10.560+0000] {processor.py:925} INFO - DAG(s) 'example_python_operator' retrieved from /home/airflow/.local/lib/python3.12/site-packages/airflow/example_dags/example_python_operator.py
[2024-12-11T05:08:10.615+0000] {logging_mixin.py:190} INFO - [2024-12-11T05:08:10.615+0000] {dag.py:3239} INFO - Sync 1 DAGs
[2024-12-11T05:08:10.658+0000] {logging_mixin.py:190} INFO - [2024-12-11T05:08:10.658+0000] {dag.py:4180} INFO - Setting next_dagrun for example_python_operator to None, run_after=None
[2024-12-11T05:08:10.704+0000] {processor.py:208} INFO - Processing /home/airflow/.local/lib/python3.12/site-packages/airflow/example_dags/example_python_operator.py took 0.192 seconds
[2024-12-11T05:09:33.137+0000] {processor.py:186} INFO - Started process (PID=736) to work on /home/airflow/.local/lib/python3.12/site-packages/airflow/example_dags/example_python_operator.py
[2024-12-11T05:09:33.139+0000] {processor.py:914} INFO - Processing file /home/airflow/.local/lib/python3.12/site-packages/airflow/example_dags/example_python_operator.py for tasks to queue
[2024-12-11T05:09:33.142+0000] {logging_mixin.py:190} INFO - [2024-12-11T05:09:33.142+0000] {dagbag.py:588} INFO - Filling up the DagBag from /home/airflow/.local/lib/python3.12/site-packages/airflow/example_dags/example_python_operator.py
[2024-12-11T05:09:33.173+0000] {processor.py:925} INFO - DAG(s) 'example_python_operator' retrieved from /home/airflow/.local/lib/python3.12/site-packages/airflow/example_dags/example_python_operator.py
[2024-12-11T05:09:33.224+0000] {logging_mixin.py:190} INFO - [2024-12-11T05:09:33.223+0000] {dag.py:3239} INFO - Sync 1 DAGs
[2024-12-11T05:09:33.292+0000] {logging_mixin.py:190} INFO - [2024-12-11T05:09:33.291+0000] {dag.py:4180} INFO - Setting next_dagrun for example_python_operator to None, run_after=None
[2024-12-11T05:09:33.343+0000] {processor.py:208} INFO - Processing /home/airflow/.local/lib/python3.12/site-packages/airflow/example_dags/example_python_operator.py took 0.223 seconds
[2024-12-11T05:10:04.230+0000] {processor.py:186} INFO - Started process (PID=799) to work on /home/airflow/.local/lib/python3.12/site-packages/airflow/example_dags/example_python_operator.py
[2024-12-11T05:10:04.233+0000] {processor.py:914} INFO - Processing file /home/airflow/.local/lib/python3.12/site-packages/airflow/example_dags/example_python_operator.py for tasks to queue
[2024-12-11T05:10:04.236+0000] {logging_mixin.py:190} INFO - [2024-12-11T05:10:04.235+0000] {dagbag.py:588} INFO - Filling up the DagBag from /home/airflow/.local/lib/python3.12/site-packages/airflow/example_dags/example_python_operator.py
[2024-12-11T05:10:04.267+0000] {processor.py:925} INFO - DAG(s) 'example_python_operator' retrieved from /home/airflow/.local/lib/python3.12/site-packages/airflow/example_dags/example_python_operator.py
[2024-12-11T05:10:04.321+0000] {logging_mixin.py:190} INFO - [2024-12-11T05:10:04.321+0000] {dag.py:3239} INFO - Sync 1 DAGs
[2024-12-11T05:10:04.360+0000] {logging_mixin.py:190} INFO - [2024-12-11T05:10:04.359+0000] {dag.py:4180} INFO - Setting next_dagrun for example_python_operator to None, run_after=None
[2024-12-11T05:10:04.401+0000] {processor.py:208} INFO - Processing /home/airflow/.local/lib/python3.12/site-packages/airflow/example_dags/example_python_operator.py took 0.183 seconds
[2024-12-11T05:10:39.364+0000] {processor.py:186} INFO - Started process (PID=862) to work on /home/airflow/.local/lib/python3.12/site-packages/airflow/example_dags/example_python_operator.py
[2024-12-11T05:10:39.367+0000] {processor.py:914} INFO - Processing file /home/airflow/.local/lib/python3.12/site-packages/airflow/example_dags/example_python_operator.py for tasks to queue
[2024-12-11T05:10:39.370+0000] {logging_mixin.py:190} INFO - [2024-12-11T05:10:39.369+0000] {dagbag.py:588} INFO - Filling up the DagBag from /home/airflow/.local/lib/python3.12/site-packages/airflow/example_dags/example_python_operator.py
[2024-12-11T05:10:39.407+0000] {processor.py:925} INFO - DAG(s) 'example_python_operator' retrieved from /home/airflow/.local/lib/python3.12/site-packages/airflow/example_dags/example_python_operator.py
[2024-12-11T05:10:39.497+0000] {logging_mixin.py:190} INFO - [2024-12-11T05:10:39.496+0000] {dag.py:3239} INFO - Sync 1 DAGs
[2024-12-11T05:10:39.561+0000] {logging_mixin.py:190} INFO - [2024-12-11T05:10:39.560+0000] {dag.py:4180} INFO - Setting next_dagrun for example_python_operator to None, run_after=None
[2024-12-11T05:10:39.623+0000] {processor.py:208} INFO - Processing /home/airflow/.local/lib/python3.12/site-packages/airflow/example_dags/example_python_operator.py took 0.275 seconds
[2024-12-11T05:17:29.968+0000] {processor.py:186} INFO - Started process (PID=957) to work on /home/airflow/.local/lib/python3.12/site-packages/airflow/example_dags/example_python_operator.py
[2024-12-11T05:17:29.977+0000] {processor.py:914} INFO - Processing file /home/airflow/.local/lib/python3.12/site-packages/airflow/example_dags/example_python_operator.py for tasks to queue
[2024-12-11T05:17:29.983+0000] {logging_mixin.py:190} INFO - [2024-12-11T05:17:29.982+0000] {dagbag.py:588} INFO - Filling up the DagBag from /home/airflow/.local/lib/python3.12/site-packages/airflow/example_dags/example_python_operator.py
[2024-12-11T05:17:30.217+0000] {processor.py:925} INFO - DAG(s) 'example_python_operator' retrieved from /home/airflow/.local/lib/python3.12/site-packages/airflow/example_dags/example_python_operator.py
[2024-12-11T05:17:30.387+0000] {logging_mixin.py:190} INFO - [2024-12-11T05:17:30.385+0000] {dag.py:3239} INFO - Sync 1 DAGs
[2024-12-11T05:17:30.538+0000] {logging_mixin.py:190} INFO - [2024-12-11T05:17:30.537+0000] {dag.py:4180} INFO - Setting next_dagrun for example_python_operator to None, run_after=None
[2024-12-11T05:17:30.631+0000] {processor.py:208} INFO - Processing /home/airflow/.local/lib/python3.12/site-packages/airflow/example_dags/example_python_operator.py took 0.718 seconds
[2024-12-11T05:18:00.954+0000] {processor.py:186} INFO - Started process (PID=1019) to work on /home/airflow/.local/lib/python3.12/site-packages/airflow/example_dags/example_python_operator.py
[2024-12-11T05:18:00.956+0000] {processor.py:914} INFO - Processing file /home/airflow/.local/lib/python3.12/site-packages/airflow/example_dags/example_python_operator.py for tasks to queue
[2024-12-11T05:18:00.958+0000] {logging_mixin.py:190} INFO - [2024-12-11T05:18:00.958+0000] {dagbag.py:588} INFO - Filling up the DagBag from /home/airflow/.local/lib/python3.12/site-packages/airflow/example_dags/example_python_operator.py
[2024-12-11T05:18:00.992+0000] {processor.py:925} INFO - DAG(s) 'example_python_operator' retrieved from /home/airflow/.local/lib/python3.12/site-packages/airflow/example_dags/example_python_operator.py
[2024-12-11T05:18:01.048+0000] {logging_mixin.py:190} INFO - [2024-12-11T05:18:01.047+0000] {dag.py:3239} INFO - Sync 1 DAGs
[2024-12-11T05:18:01.075+0000] {logging_mixin.py:190} INFO - [2024-12-11T05:18:01.075+0000] {dag.py:4180} INFO - Setting next_dagrun for example_python_operator to None, run_after=None
[2024-12-11T05:18:01.116+0000] {processor.py:208} INFO - Processing /home/airflow/.local/lib/python3.12/site-packages/airflow/example_dags/example_python_operator.py took 0.174 seconds
[2024-12-11T05:18:31.350+0000] {processor.py:186} INFO - Started process (PID=1082) to work on /home/airflow/.local/lib/python3.12/site-packages/airflow/example_dags/example_python_operator.py
[2024-12-11T05:18:31.351+0000] {processor.py:914} INFO - Processing file /home/airflow/.local/lib/python3.12/site-packages/airflow/example_dags/example_python_operator.py for tasks to queue
[2024-12-11T05:18:31.353+0000] {logging_mixin.py:190} INFO - [2024-12-11T05:18:31.353+0000] {dagbag.py:588} INFO - Filling up the DagBag from /home/airflow/.local/lib/python3.12/site-packages/airflow/example_dags/example_python_operator.py
[2024-12-11T05:18:31.375+0000] {processor.py:925} INFO - DAG(s) 'example_python_operator' retrieved from /home/airflow/.local/lib/python3.12/site-packages/airflow/example_dags/example_python_operator.py
[2024-12-11T05:18:31.425+0000] {logging_mixin.py:190} INFO - [2024-12-11T05:18:31.425+0000] {dag.py:3239} INFO - Sync 1 DAGs
[2024-12-11T05:18:31.458+0000] {logging_mixin.py:190} INFO - [2024-12-11T05:18:31.457+0000] {dag.py:4180} INFO - Setting next_dagrun for example_python_operator to None, run_after=None
[2024-12-11T05:18:31.500+0000] {processor.py:208} INFO - Processing /home/airflow/.local/lib/python3.12/site-packages/airflow/example_dags/example_python_operator.py took 0.161 seconds
[2024-12-11T05:19:01.602+0000] {processor.py:186} INFO - Started process (PID=1145) to work on /home/airflow/.local/lib/python3.12/site-packages/airflow/example_dags/example_python_operator.py
[2024-12-11T05:19:01.604+0000] {processor.py:914} INFO - Processing file /home/airflow/.local/lib/python3.12/site-packages/airflow/example_dags/example_python_operator.py for tasks to queue
[2024-12-11T05:19:01.606+0000] {logging_mixin.py:190} INFO - [2024-12-11T05:19:01.606+0000] {dagbag.py:588} INFO - Filling up the DagBag from /home/airflow/.local/lib/python3.12/site-packages/airflow/example_dags/example_python_operator.py
[2024-12-11T05:19:01.625+0000] {processor.py:925} INFO - DAG(s) 'example_python_operator' retrieved from /home/airflow/.local/lib/python3.12/site-packages/airflow/example_dags/example_python_operator.py
[2024-12-11T05:19:01.667+0000] {logging_mixin.py:190} INFO - [2024-12-11T05:19:01.666+0000] {dag.py:3239} INFO - Sync 1 DAGs
[2024-12-11T05:19:01.690+0000] {logging_mixin.py:190} INFO - [2024-12-11T05:19:01.690+0000] {dag.py:4180} INFO - Setting next_dagrun for example_python_operator to None, run_after=None
[2024-12-11T05:19:01.728+0000] {processor.py:208} INFO - Processing /home/airflow/.local/lib/python3.12/site-packages/airflow/example_dags/example_python_operator.py took 0.134 seconds
[2024-12-11T05:19:32.098+0000] {processor.py:186} INFO - Started process (PID=1208) to work on /home/airflow/.local/lib/python3.12/site-packages/airflow/example_dags/example_python_operator.py
[2024-12-11T05:19:32.104+0000] {processor.py:914} INFO - Processing file /home/airflow/.local/lib/python3.12/site-packages/airflow/example_dags/example_python_operator.py for tasks to queue
[2024-12-11T05:19:32.113+0000] {logging_mixin.py:190} INFO - [2024-12-11T05:19:32.112+0000] {dagbag.py:588} INFO - Filling up the DagBag from /home/airflow/.local/lib/python3.12/site-packages/airflow/example_dags/example_python_operator.py
[2024-12-11T05:19:32.203+0000] {processor.py:925} INFO - DAG(s) 'example_python_operator' retrieved from /home/airflow/.local/lib/python3.12/site-packages/airflow/example_dags/example_python_operator.py
[2024-12-11T05:19:32.357+0000] {logging_mixin.py:190} INFO - [2024-12-11T05:19:32.356+0000] {dag.py:3239} INFO - Sync 1 DAGs
[2024-12-11T05:19:32.457+0000] {logging_mixin.py:190} INFO - [2024-12-11T05:19:32.456+0000] {dag.py:4180} INFO - Setting next_dagrun for example_python_operator to None, run_after=None
[2024-12-11T05:19:32.573+0000] {processor.py:208} INFO - Processing /home/airflow/.local/lib/python3.12/site-packages/airflow/example_dags/example_python_operator.py took 0.512 seconds
[2024-12-11T05:20:05.922+0000] {processor.py:186} INFO - Started process (PID=1271) to work on /home/airflow/.local/lib/python3.12/site-packages/airflow/example_dags/example_python_operator.py
[2024-12-11T05:20:05.925+0000] {processor.py:914} INFO - Processing file /home/airflow/.local/lib/python3.12/site-packages/airflow/example_dags/example_python_operator.py for tasks to queue
[2024-12-11T05:20:05.927+0000] {logging_mixin.py:190} INFO - [2024-12-11T05:20:05.927+0000] {dagbag.py:588} INFO - Filling up the DagBag from /home/airflow/.local/lib/python3.12/site-packages/airflow/example_dags/example_python_operator.py
[2024-12-11T05:20:05.957+0000] {processor.py:925} INFO - DAG(s) 'example_python_operator' retrieved from /home/airflow/.local/lib/python3.12/site-packages/airflow/example_dags/example_python_operator.py
[2024-12-11T05:20:06.008+0000] {logging_mixin.py:190} INFO - [2024-12-11T05:20:06.008+0000] {dag.py:3239} INFO - Sync 1 DAGs
[2024-12-11T05:20:06.052+0000] {logging_mixin.py:190} INFO - [2024-12-11T05:20:06.051+0000] {dag.py:4180} INFO - Setting next_dagrun for example_python_operator to None, run_after=None
[2024-12-11T05:20:06.115+0000] {processor.py:208} INFO - Processing /home/airflow/.local/lib/python3.12/site-packages/airflow/example_dags/example_python_operator.py took 0.209 seconds
[2024-12-11T05:23:12.822+0000] {processor.py:186} INFO - Started process (PID=1334) to work on /home/airflow/.local/lib/python3.12/site-packages/airflow/example_dags/example_python_operator.py
[2024-12-11T05:23:12.825+0000] {processor.py:914} INFO - Processing file /home/airflow/.local/lib/python3.12/site-packages/airflow/example_dags/example_python_operator.py for tasks to queue
[2024-12-11T05:23:12.829+0000] {logging_mixin.py:190} INFO - [2024-12-11T05:23:12.828+0000] {dagbag.py:588} INFO - Filling up the DagBag from /home/airflow/.local/lib/python3.12/site-packages/airflow/example_dags/example_python_operator.py
[2024-12-11T05:23:12.873+0000] {processor.py:925} INFO - DAG(s) 'example_python_operator' retrieved from /home/airflow/.local/lib/python3.12/site-packages/airflow/example_dags/example_python_operator.py
[2024-12-11T05:23:12.968+0000] {logging_mixin.py:190} INFO - [2024-12-11T05:23:12.967+0000] {dag.py:3239} INFO - Sync 1 DAGs
[2024-12-11T05:23:13.032+0000] {logging_mixin.py:190} INFO - [2024-12-11T05:23:13.032+0000] {dag.py:4180} INFO - Setting next_dagrun for example_python_operator to None, run_after=None
[2024-12-11T05:23:13.107+0000] {processor.py:208} INFO - Processing /home/airflow/.local/lib/python3.12/site-packages/airflow/example_dags/example_python_operator.py took 0.299 seconds
[2024-12-11T05:23:44.029+0000] {processor.py:186} INFO - Started process (PID=1396) to work on /home/airflow/.local/lib/python3.12/site-packages/airflow/example_dags/example_python_operator.py
[2024-12-11T05:23:44.031+0000] {processor.py:914} INFO - Processing file /home/airflow/.local/lib/python3.12/site-packages/airflow/example_dags/example_python_operator.py for tasks to queue
[2024-12-11T05:23:44.035+0000] {logging_mixin.py:190} INFO - [2024-12-11T05:23:44.034+0000] {dagbag.py:588} INFO - Filling up the DagBag from /home/airflow/.local/lib/python3.12/site-packages/airflow/example_dags/example_python_operator.py
[2024-12-11T05:23:44.067+0000] {processor.py:925} INFO - DAG(s) 'example_python_operator' retrieved from /home/airflow/.local/lib/python3.12/site-packages/airflow/example_dags/example_python_operator.py
[2024-12-11T05:23:44.135+0000] {logging_mixin.py:190} INFO - [2024-12-11T05:23:44.134+0000] {dag.py:3239} INFO - Sync 1 DAGs
[2024-12-11T05:23:44.193+0000] {logging_mixin.py:190} INFO - [2024-12-11T05:23:44.192+0000] {dag.py:4180} INFO - Setting next_dagrun for example_python_operator to None, run_after=None
[2024-12-11T05:23:44.259+0000] {processor.py:208} INFO - Processing /home/airflow/.local/lib/python3.12/site-packages/airflow/example_dags/example_python_operator.py took 0.246 seconds
[2024-12-11T05:24:55.431+0000] {processor.py:186} INFO - Started process (PID=1447) to work on /home/airflow/.local/lib/python3.12/site-packages/airflow/example_dags/example_python_operator.py
[2024-12-11T05:24:55.433+0000] {processor.py:914} INFO - Processing file /home/airflow/.local/lib/python3.12/site-packages/airflow/example_dags/example_python_operator.py for tasks to queue
[2024-12-11T05:24:55.435+0000] {logging_mixin.py:190} INFO - [2024-12-11T05:24:55.435+0000] {dagbag.py:588} INFO - Filling up the DagBag from /home/airflow/.local/lib/python3.12/site-packages/airflow/example_dags/example_python_operator.py
[2024-12-11T05:24:55.462+0000] {processor.py:925} INFO - DAG(s) 'example_python_operator' retrieved from /home/airflow/.local/lib/python3.12/site-packages/airflow/example_dags/example_python_operator.py
[2024-12-11T05:24:55.508+0000] {logging_mixin.py:190} INFO - [2024-12-11T05:24:55.507+0000] {dag.py:3239} INFO - Sync 1 DAGs
[2024-12-11T05:24:55.534+0000] {logging_mixin.py:190} INFO - [2024-12-11T05:24:55.533+0000] {dag.py:4180} INFO - Setting next_dagrun for example_python_operator to None, run_after=None
[2024-12-11T05:24:55.571+0000] {processor.py:208} INFO - Processing /home/airflow/.local/lib/python3.12/site-packages/airflow/example_dags/example_python_operator.py took 0.151 seconds
[2024-12-11T05:25:31.737+0000] {processor.py:186} INFO - Started process (PID=1510) to work on /home/airflow/.local/lib/python3.12/site-packages/airflow/example_dags/example_python_operator.py
[2024-12-11T05:25:31.739+0000] {processor.py:914} INFO - Processing file /home/airflow/.local/lib/python3.12/site-packages/airflow/example_dags/example_python_operator.py for tasks to queue
[2024-12-11T05:25:31.741+0000] {logging_mixin.py:190} INFO - [2024-12-11T05:25:31.741+0000] {dagbag.py:588} INFO - Filling up the DagBag from /home/airflow/.local/lib/python3.12/site-packages/airflow/example_dags/example_python_operator.py
[2024-12-11T05:25:31.768+0000] {processor.py:925} INFO - DAG(s) 'example_python_operator' retrieved from /home/airflow/.local/lib/python3.12/site-packages/airflow/example_dags/example_python_operator.py
[2024-12-11T05:25:31.816+0000] {logging_mixin.py:190} INFO - [2024-12-11T05:25:31.815+0000] {dag.py:3239} INFO - Sync 1 DAGs
[2024-12-11T05:25:31.848+0000] {logging_mixin.py:190} INFO - [2024-12-11T05:25:31.847+0000] {dag.py:4180} INFO - Setting next_dagrun for example_python_operator to None, run_after=None
[2024-12-11T05:25:31.888+0000] {processor.py:208} INFO - Processing /home/airflow/.local/lib/python3.12/site-packages/airflow/example_dags/example_python_operator.py took 0.162 seconds
[2024-12-11T05:26:04.116+0000] {processor.py:186} INFO - Started process (PID=1573) to work on /home/airflow/.local/lib/python3.12/site-packages/airflow/example_dags/example_python_operator.py
[2024-12-11T05:26:04.119+0000] {processor.py:914} INFO - Processing file /home/airflow/.local/lib/python3.12/site-packages/airflow/example_dags/example_python_operator.py for tasks to queue
[2024-12-11T05:26:04.125+0000] {logging_mixin.py:190} INFO - [2024-12-11T05:26:04.123+0000] {dagbag.py:588} INFO - Filling up the DagBag from /home/airflow/.local/lib/python3.12/site-packages/airflow/example_dags/example_python_operator.py
[2024-12-11T05:26:04.161+0000] {processor.py:925} INFO - DAG(s) 'example_python_operator' retrieved from /home/airflow/.local/lib/python3.12/site-packages/airflow/example_dags/example_python_operator.py
[2024-12-11T05:26:04.242+0000] {logging_mixin.py:190} INFO - [2024-12-11T05:26:04.241+0000] {dag.py:3239} INFO - Sync 1 DAGs
[2024-12-11T05:26:04.306+0000] {logging_mixin.py:190} INFO - [2024-12-11T05:26:04.306+0000] {dag.py:4180} INFO - Setting next_dagrun for example_python_operator to None, run_after=None
[2024-12-11T05:26:04.361+0000] {processor.py:208} INFO - Processing /home/airflow/.local/lib/python3.12/site-packages/airflow/example_dags/example_python_operator.py took 0.260 seconds
[2024-12-11T05:27:27.565+0000] {processor.py:186} INFO - Started process (PID=1659) to work on /home/airflow/.local/lib/python3.12/site-packages/airflow/example_dags/example_python_operator.py
[2024-12-11T05:27:27.568+0000] {processor.py:914} INFO - Processing file /home/airflow/.local/lib/python3.12/site-packages/airflow/example_dags/example_python_operator.py for tasks to queue
[2024-12-11T05:27:27.571+0000] {logging_mixin.py:190} INFO - [2024-12-11T05:27:27.570+0000] {dagbag.py:588} INFO - Filling up the DagBag from /home/airflow/.local/lib/python3.12/site-packages/airflow/example_dags/example_python_operator.py
[2024-12-11T05:27:27.612+0000] {processor.py:925} INFO - DAG(s) 'example_python_operator' retrieved from /home/airflow/.local/lib/python3.12/site-packages/airflow/example_dags/example_python_operator.py
[2024-12-11T05:27:27.680+0000] {logging_mixin.py:190} INFO - [2024-12-11T05:27:27.679+0000] {dag.py:3239} INFO - Sync 1 DAGs
[2024-12-11T05:27:27.720+0000] {logging_mixin.py:190} INFO - [2024-12-11T05:27:27.720+0000] {dag.py:4180} INFO - Setting next_dagrun for example_python_operator to None, run_after=None
[2024-12-11T05:27:27.787+0000] {processor.py:208} INFO - Processing /home/airflow/.local/lib/python3.12/site-packages/airflow/example_dags/example_python_operator.py took 0.239 seconds
