[2024-12-11T04:55:15.444+0000] {processor.py:186} INFO - Started process (PID=80) to work on /home/airflow/.local/lib/python3.12/site-packages/airflow/example_dags/example_xcom.py
[2024-12-11T04:55:15.451+0000] {processor.py:914} INFO - Processing file /home/airflow/.local/lib/python3.12/site-packages/airflow/example_dags/example_xcom.py for tasks to queue
[2024-12-11T04:55:15.465+0000] {logging_mixin.py:190} INFO - [2024-12-11T04:55:15.461+0000] {dagbag.py:588} INFO - Filling up the DagBag from /home/airflow/.local/lib/python3.12/site-packages/airflow/example_dags/example_xcom.py
[2024-12-11T04:55:15.548+0000] {processor.py:925} INFO - DAG(s) 'example_xcom' retrieved from /home/airflow/.local/lib/python3.12/site-packages/airflow/example_dags/example_xcom.py
[2024-12-11T04:55:17.249+0000] {logging_mixin.py:190} INFO - [2024-12-11T04:55:17.237+0000] {override.py:1911} INFO - Created Permission View: can delete on DAG:example_xcom
[2024-12-11T04:55:17.308+0000] {logging_mixin.py:190} INFO - [2024-12-11T04:55:17.308+0000] {override.py:1911} INFO - Created Permission View: can read on DAG:example_xcom
[2024-12-11T04:55:17.361+0000] {logging_mixin.py:190} INFO - [2024-12-11T04:55:17.360+0000] {override.py:1911} INFO - Created Permission View: can edit on DAG:example_xcom
[2024-12-11T04:55:17.404+0000] {logging_mixin.py:190} INFO - [2024-12-11T04:55:17.404+0000] {override.py:1911} INFO - Created Permission View: can delete on DAG Run:example_xcom
[2024-12-11T04:55:17.468+0000] {logging_mixin.py:190} INFO - [2024-12-11T04:55:17.468+0000] {override.py:1911} INFO - Created Permission View: can read on DAG Run:example_xcom
[2024-12-11T04:55:17.525+0000] {logging_mixin.py:190} INFO - [2024-12-11T04:55:17.524+0000] {override.py:1911} INFO - Created Permission View: menu access on DAG Run:example_xcom
[2024-12-11T04:55:17.582+0000] {logging_mixin.py:190} INFO - [2024-12-11T04:55:17.581+0000] {override.py:1911} INFO - Created Permission View: can create on DAG Run:example_xcom
[2024-12-11T04:55:17.584+0000] {logging_mixin.py:190} INFO - [2024-12-11T04:55:17.584+0000] {dag.py:3239} INFO - Sync 1 DAGs
[2024-12-11T04:55:17.669+0000] {logging_mixin.py:190} INFO - [2024-12-11T04:55:17.668+0000] {dag.py:3262} INFO - Creating ORM DAG for example_xcom
[2024-12-11T04:55:17.731+0000] {logging_mixin.py:190} INFO - [2024-12-11T04:55:17.730+0000] {dag.py:4180} INFO - Setting next_dagrun for example_xcom to 2021-01-01 00:00:00+00:00, run_after=2021-01-01 00:00:00+00:00
[2024-12-11T04:55:17.894+0000] {processor.py:208} INFO - Processing /home/airflow/.local/lib/python3.12/site-packages/airflow/example_dags/example_xcom.py took 2.485 seconds
[2024-12-11T04:56:38.522+0000] {processor.py:186} INFO - Started process (PID=150) to work on /home/airflow/.local/lib/python3.12/site-packages/airflow/example_dags/example_xcom.py
[2024-12-11T04:56:38.532+0000] {processor.py:914} INFO - Processing file /home/airflow/.local/lib/python3.12/site-packages/airflow/example_dags/example_xcom.py for tasks to queue
[2024-12-11T04:56:38.545+0000] {logging_mixin.py:190} INFO - [2024-12-11T04:56:38.543+0000] {dagbag.py:588} INFO - Filling up the DagBag from /home/airflow/.local/lib/python3.12/site-packages/airflow/example_dags/example_xcom.py
[2024-12-11T04:56:38.584+0000] {processor.py:925} INFO - DAG(s) 'example_xcom' retrieved from /home/airflow/.local/lib/python3.12/site-packages/airflow/example_dags/example_xcom.py
[2024-12-11T04:56:38.664+0000] {logging_mixin.py:190} INFO - [2024-12-11T04:56:38.664+0000] {dag.py:3239} INFO - Sync 1 DAGs
[2024-12-11T04:56:38.788+0000] {logging_mixin.py:190} INFO - [2024-12-11T04:56:38.787+0000] {dag.py:4180} INFO - Setting next_dagrun for example_xcom to 2021-01-01 00:00:00+00:00, run_after=2021-01-01 00:00:00+00:00
[2024-12-11T04:56:38.865+0000] {processor.py:208} INFO - Processing /home/airflow/.local/lib/python3.12/site-packages/airflow/example_dags/example_xcom.py took 0.368 seconds
[2024-12-11T04:57:09.288+0000] {processor.py:186} INFO - Started process (PID=213) to work on /home/airflow/.local/lib/python3.12/site-packages/airflow/example_dags/example_xcom.py
[2024-12-11T04:57:09.299+0000] {processor.py:914} INFO - Processing file /home/airflow/.local/lib/python3.12/site-packages/airflow/example_dags/example_xcom.py for tasks to queue
[2024-12-11T04:57:09.306+0000] {logging_mixin.py:190} INFO - [2024-12-11T04:57:09.305+0000] {dagbag.py:588} INFO - Filling up the DagBag from /home/airflow/.local/lib/python3.12/site-packages/airflow/example_dags/example_xcom.py
[2024-12-11T04:57:09.346+0000] {processor.py:925} INFO - DAG(s) 'example_xcom' retrieved from /home/airflow/.local/lib/python3.12/site-packages/airflow/example_dags/example_xcom.py
[2024-12-11T04:57:09.418+0000] {logging_mixin.py:190} INFO - [2024-12-11T04:57:09.417+0000] {dag.py:3239} INFO - Sync 1 DAGs
[2024-12-11T04:57:09.486+0000] {logging_mixin.py:190} INFO - [2024-12-11T04:57:09.486+0000] {dag.py:4180} INFO - Setting next_dagrun for example_xcom to 2021-01-01 00:00:00+00:00, run_after=2021-01-01 00:00:00+00:00
[2024-12-11T04:57:09.533+0000] {processor.py:208} INFO - Processing /home/airflow/.local/lib/python3.12/site-packages/airflow/example_dags/example_xcom.py took 0.264 seconds
[2024-12-11T05:00:48.809+0000] {processor.py:186} INFO - Started process (PID=228) to work on /home/airflow/.local/lib/python3.12/site-packages/airflow/example_dags/example_xcom.py
[2024-12-11T05:00:48.818+0000] {processor.py:914} INFO - Processing file /home/airflow/.local/lib/python3.12/site-packages/airflow/example_dags/example_xcom.py for tasks to queue
[2024-12-11T05:00:48.852+0000] {logging_mixin.py:190} INFO - [2024-12-11T05:00:48.851+0000] {dagbag.py:588} INFO - Filling up the DagBag from /home/airflow/.local/lib/python3.12/site-packages/airflow/example_dags/example_xcom.py
[2024-12-11T05:00:48.899+0000] {processor.py:925} INFO - DAG(s) 'example_xcom' retrieved from /home/airflow/.local/lib/python3.12/site-packages/airflow/example_dags/example_xcom.py
[2024-12-11T05:00:49.024+0000] {logging_mixin.py:190} INFO - [2024-12-11T05:00:49.023+0000] {dag.py:3239} INFO - Sync 1 DAGs
[2024-12-11T05:00:49.103+0000] {logging_mixin.py:190} INFO - [2024-12-11T05:00:49.103+0000] {dag.py:4180} INFO - Setting next_dagrun for example_xcom to 2021-01-01 00:00:00+00:00, run_after=2021-01-01 00:00:00+00:00
[2024-12-11T05:00:49.159+0000] {processor.py:208} INFO - Processing /home/airflow/.local/lib/python3.12/site-packages/airflow/example_dags/example_xcom.py took 0.380 seconds
[2024-12-11T05:01:20.969+0000] {processor.py:186} INFO - Started process (PID=291) to work on /home/airflow/.local/lib/python3.12/site-packages/airflow/example_dags/example_xcom.py
[2024-12-11T05:01:20.974+0000] {processor.py:914} INFO - Processing file /home/airflow/.local/lib/python3.12/site-packages/airflow/example_dags/example_xcom.py for tasks to queue
[2024-12-11T05:01:20.983+0000] {logging_mixin.py:190} INFO - [2024-12-11T05:01:20.981+0000] {dagbag.py:588} INFO - Filling up the DagBag from /home/airflow/.local/lib/python3.12/site-packages/airflow/example_dags/example_xcom.py
[2024-12-11T05:01:21.021+0000] {processor.py:925} INFO - DAG(s) 'example_xcom' retrieved from /home/airflow/.local/lib/python3.12/site-packages/airflow/example_dags/example_xcom.py
[2024-12-11T05:01:21.092+0000] {logging_mixin.py:190} INFO - [2024-12-11T05:01:21.091+0000] {dag.py:3239} INFO - Sync 1 DAGs
[2024-12-11T05:01:21.176+0000] {logging_mixin.py:190} INFO - [2024-12-11T05:01:21.175+0000] {dag.py:4180} INFO - Setting next_dagrun for example_xcom to 2021-01-01 00:00:00+00:00, run_after=2021-01-01 00:00:00+00:00
[2024-12-11T05:01:21.292+0000] {processor.py:208} INFO - Processing /home/airflow/.local/lib/python3.12/site-packages/airflow/example_dags/example_xcom.py took 0.347 seconds
[2024-12-11T05:02:46.486+0000] {processor.py:186} INFO - Started process (PID=313) to work on /home/airflow/.local/lib/python3.12/site-packages/airflow/example_dags/example_xcom.py
[2024-12-11T05:02:46.489+0000] {processor.py:914} INFO - Processing file /home/airflow/.local/lib/python3.12/site-packages/airflow/example_dags/example_xcom.py for tasks to queue
[2024-12-11T05:02:46.493+0000] {logging_mixin.py:190} INFO - [2024-12-11T05:02:46.492+0000] {dagbag.py:588} INFO - Filling up the DagBag from /home/airflow/.local/lib/python3.12/site-packages/airflow/example_dags/example_xcom.py
[2024-12-11T05:02:46.518+0000] {processor.py:925} INFO - DAG(s) 'example_xcom' retrieved from /home/airflow/.local/lib/python3.12/site-packages/airflow/example_dags/example_xcom.py
[2024-12-11T05:02:46.573+0000] {logging_mixin.py:190} INFO - [2024-12-11T05:02:46.573+0000] {dag.py:3239} INFO - Sync 1 DAGs
[2024-12-11T05:02:46.635+0000] {logging_mixin.py:190} INFO - [2024-12-11T05:02:46.635+0000] {dag.py:4180} INFO - Setting next_dagrun for example_xcom to 2021-01-01 00:00:00+00:00, run_after=2021-01-01 00:00:00+00:00
[2024-12-11T05:02:46.683+0000] {processor.py:208} INFO - Processing /home/airflow/.local/lib/python3.12/site-packages/airflow/example_dags/example_xcom.py took 0.210 seconds
[2024-12-11T05:03:28.892+0000] {processor.py:186} INFO - Started process (PID=372) to work on /home/airflow/.local/lib/python3.12/site-packages/airflow/example_dags/example_xcom.py
[2024-12-11T05:03:28.895+0000] {processor.py:914} INFO - Processing file /home/airflow/.local/lib/python3.12/site-packages/airflow/example_dags/example_xcom.py for tasks to queue
[2024-12-11T05:03:28.899+0000] {logging_mixin.py:190} INFO - [2024-12-11T05:03:28.898+0000] {dagbag.py:588} INFO - Filling up the DagBag from /home/airflow/.local/lib/python3.12/site-packages/airflow/example_dags/example_xcom.py
[2024-12-11T05:03:28.936+0000] {processor.py:925} INFO - DAG(s) 'example_xcom' retrieved from /home/airflow/.local/lib/python3.12/site-packages/airflow/example_dags/example_xcom.py
[2024-12-11T05:03:28.991+0000] {logging_mixin.py:190} INFO - [2024-12-11T05:03:28.991+0000] {dag.py:3239} INFO - Sync 1 DAGs
[2024-12-11T05:03:29.056+0000] {logging_mixin.py:190} INFO - [2024-12-11T05:03:29.055+0000] {dag.py:4180} INFO - Setting next_dagrun for example_xcom to 2021-01-01 00:00:00+00:00, run_after=2021-01-01 00:00:00+00:00
[2024-12-11T05:03:29.107+0000] {processor.py:208} INFO - Processing /home/airflow/.local/lib/python3.12/site-packages/airflow/example_dags/example_xcom.py took 0.234 seconds
[2024-12-11T05:04:05.250+0000] {processor.py:186} INFO - Started process (PID=426) to work on /home/airflow/.local/lib/python3.12/site-packages/airflow/example_dags/example_xcom.py
[2024-12-11T05:04:05.252+0000] {processor.py:914} INFO - Processing file /home/airflow/.local/lib/python3.12/site-packages/airflow/example_dags/example_xcom.py for tasks to queue
[2024-12-11T05:04:05.255+0000] {logging_mixin.py:190} INFO - [2024-12-11T05:04:05.254+0000] {dagbag.py:588} INFO - Filling up the DagBag from /home/airflow/.local/lib/python3.12/site-packages/airflow/example_dags/example_xcom.py
[2024-12-11T05:04:05.276+0000] {processor.py:925} INFO - DAG(s) 'example_xcom' retrieved from /home/airflow/.local/lib/python3.12/site-packages/airflow/example_dags/example_xcom.py
[2024-12-11T05:04:05.351+0000] {logging_mixin.py:190} INFO - [2024-12-11T05:04:05.350+0000] {dag.py:3239} INFO - Sync 1 DAGs
[2024-12-11T05:04:05.427+0000] {logging_mixin.py:190} INFO - [2024-12-11T05:04:05.426+0000] {dag.py:4180} INFO - Setting next_dagrun for example_xcom to 2021-01-01 00:00:00+00:00, run_after=2021-01-01 00:00:00+00:00
[2024-12-11T05:04:05.477+0000] {processor.py:208} INFO - Processing /home/airflow/.local/lib/python3.12/site-packages/airflow/example_dags/example_xcom.py took 0.247 seconds
[2024-12-11T05:05:35.208+0000] {processor.py:186} INFO - Started process (PID=450) to work on /home/airflow/.local/lib/python3.12/site-packages/airflow/example_dags/example_xcom.py
[2024-12-11T05:05:35.211+0000] {processor.py:914} INFO - Processing file /home/airflow/.local/lib/python3.12/site-packages/airflow/example_dags/example_xcom.py for tasks to queue
[2024-12-11T05:05:35.213+0000] {logging_mixin.py:190} INFO - [2024-12-11T05:05:35.213+0000] {dagbag.py:588} INFO - Filling up the DagBag from /home/airflow/.local/lib/python3.12/site-packages/airflow/example_dags/example_xcom.py
[2024-12-11T05:05:35.234+0000] {processor.py:925} INFO - DAG(s) 'example_xcom' retrieved from /home/airflow/.local/lib/python3.12/site-packages/airflow/example_dags/example_xcom.py
[2024-12-11T05:05:35.289+0000] {logging_mixin.py:190} INFO - [2024-12-11T05:05:35.288+0000] {dag.py:3239} INFO - Sync 1 DAGs
[2024-12-11T05:05:35.373+0000] {logging_mixin.py:190} INFO - [2024-12-11T05:05:35.373+0000] {dag.py:4180} INFO - Setting next_dagrun for example_xcom to 2021-01-01 00:00:00+00:00, run_after=2021-01-01 00:00:00+00:00
[2024-12-11T05:05:35.424+0000] {processor.py:208} INFO - Processing /home/airflow/.local/lib/python3.12/site-packages/airflow/example_dags/example_xcom.py took 0.228 seconds
[2024-12-11T05:06:06.505+0000] {processor.py:186} INFO - Started process (PID=513) to work on /home/airflow/.local/lib/python3.12/site-packages/airflow/example_dags/example_xcom.py
[2024-12-11T05:06:06.507+0000] {processor.py:914} INFO - Processing file /home/airflow/.local/lib/python3.12/site-packages/airflow/example_dags/example_xcom.py for tasks to queue
[2024-12-11T05:06:06.509+0000] {logging_mixin.py:190} INFO - [2024-12-11T05:06:06.509+0000] {dagbag.py:588} INFO - Filling up the DagBag from /home/airflow/.local/lib/python3.12/site-packages/airflow/example_dags/example_xcom.py
[2024-12-11T05:06:06.528+0000] {processor.py:925} INFO - DAG(s) 'example_xcom' retrieved from /home/airflow/.local/lib/python3.12/site-packages/airflow/example_dags/example_xcom.py
[2024-12-11T05:06:06.574+0000] {logging_mixin.py:190} INFO - [2024-12-11T05:06:06.573+0000] {dag.py:3239} INFO - Sync 1 DAGs
[2024-12-11T05:06:06.633+0000] {logging_mixin.py:190} INFO - [2024-12-11T05:06:06.632+0000] {dag.py:4180} INFO - Setting next_dagrun for example_xcom to 2021-01-01 00:00:00+00:00, run_after=2021-01-01 00:00:00+00:00
[2024-12-11T05:06:06.679+0000] {processor.py:208} INFO - Processing /home/airflow/.local/lib/python3.12/site-packages/airflow/example_dags/example_xcom.py took 0.186 seconds
[2024-12-11T05:07:25.446+0000] {processor.py:186} INFO - Started process (PID=562) to work on /home/airflow/.local/lib/python3.12/site-packages/airflow/example_dags/example_xcom.py
[2024-12-11T05:07:25.452+0000] {processor.py:914} INFO - Processing file /home/airflow/.local/lib/python3.12/site-packages/airflow/example_dags/example_xcom.py for tasks to queue
[2024-12-11T05:07:25.460+0000] {logging_mixin.py:190} INFO - [2024-12-11T05:07:25.456+0000] {dagbag.py:588} INFO - Filling up the DagBag from /home/airflow/.local/lib/python3.12/site-packages/airflow/example_dags/example_xcom.py
[2024-12-11T05:07:25.527+0000] {processor.py:925} INFO - DAG(s) 'example_xcom' retrieved from /home/airflow/.local/lib/python3.12/site-packages/airflow/example_dags/example_xcom.py
[2024-12-11T05:07:26.723+0000] {logging_mixin.py:190} INFO - [2024-12-11T05:07:26.708+0000] {dag.py:3239} INFO - Sync 1 DAGs
[2024-12-11T05:07:26.874+0000] {logging_mixin.py:190} INFO - [2024-12-11T05:07:26.859+0000] {dag.py:4180} INFO - Setting next_dagrun for example_xcom to 2021-01-01 00:00:00+00:00, run_after=2021-01-01 00:00:00+00:00
[2024-12-11T05:07:28.513+0000] {processor.py:208} INFO - Processing /home/airflow/.local/lib/python3.12/site-packages/airflow/example_dags/example_xcom.py took 3.097 seconds
[2024-12-11T05:07:59.358+0000] {processor.py:186} INFO - Started process (PID=625) to work on /home/airflow/.local/lib/python3.12/site-packages/airflow/example_dags/example_xcom.py
[2024-12-11T05:07:59.362+0000] {processor.py:914} INFO - Processing file /home/airflow/.local/lib/python3.12/site-packages/airflow/example_dags/example_xcom.py for tasks to queue
[2024-12-11T05:07:59.366+0000] {logging_mixin.py:190} INFO - [2024-12-11T05:07:59.364+0000] {dagbag.py:588} INFO - Filling up the DagBag from /home/airflow/.local/lib/python3.12/site-packages/airflow/example_dags/example_xcom.py
[2024-12-11T05:07:59.388+0000] {processor.py:925} INFO - DAG(s) 'example_xcom' retrieved from /home/airflow/.local/lib/python3.12/site-packages/airflow/example_dags/example_xcom.py
[2024-12-11T05:07:59.435+0000] {logging_mixin.py:190} INFO - [2024-12-11T05:07:59.435+0000] {dag.py:3239} INFO - Sync 1 DAGs
[2024-12-11T05:07:59.489+0000] {logging_mixin.py:190} INFO - [2024-12-11T05:07:59.488+0000] {dag.py:4180} INFO - Setting next_dagrun for example_xcom to 2021-01-01 00:00:00+00:00, run_after=2021-01-01 00:00:00+00:00
[2024-12-11T05:07:59.534+0000] {processor.py:208} INFO - Processing /home/airflow/.local/lib/python3.12/site-packages/airflow/example_dags/example_xcom.py took 0.193 seconds
[2024-12-11T05:08:30.023+0000] {processor.py:186} INFO - Started process (PID=688) to work on /home/airflow/.local/lib/python3.12/site-packages/airflow/example_dags/example_xcom.py
[2024-12-11T05:08:30.025+0000] {processor.py:914} INFO - Processing file /home/airflow/.local/lib/python3.12/site-packages/airflow/example_dags/example_xcom.py for tasks to queue
[2024-12-11T05:08:30.027+0000] {logging_mixin.py:190} INFO - [2024-12-11T05:08:30.026+0000] {dagbag.py:588} INFO - Filling up the DagBag from /home/airflow/.local/lib/python3.12/site-packages/airflow/example_dags/example_xcom.py
[2024-12-11T05:08:30.042+0000] {processor.py:925} INFO - DAG(s) 'example_xcom' retrieved from /home/airflow/.local/lib/python3.12/site-packages/airflow/example_dags/example_xcom.py
[2024-12-11T05:08:30.079+0000] {logging_mixin.py:190} INFO - [2024-12-11T05:08:30.079+0000] {dag.py:3239} INFO - Sync 1 DAGs
[2024-12-11T05:08:30.122+0000] {logging_mixin.py:190} INFO - [2024-12-11T05:08:30.122+0000] {dag.py:4180} INFO - Setting next_dagrun for example_xcom to 2021-01-01 00:00:00+00:00, run_after=2021-01-01 00:00:00+00:00
[2024-12-11T05:08:30.158+0000] {processor.py:208} INFO - Processing /home/airflow/.local/lib/python3.12/site-packages/airflow/example_dags/example_xcom.py took 0.144 seconds
[2024-12-11T05:09:24.362+0000] {processor.py:186} INFO - Started process (PID=716) to work on /home/airflow/.local/lib/python3.12/site-packages/airflow/example_dags/example_xcom.py
[2024-12-11T05:09:24.366+0000] {processor.py:914} INFO - Processing file /home/airflow/.local/lib/python3.12/site-packages/airflow/example_dags/example_xcom.py for tasks to queue
[2024-12-11T05:09:24.371+0000] {logging_mixin.py:190} INFO - [2024-12-11T05:09:24.370+0000] {dagbag.py:588} INFO - Filling up the DagBag from /home/airflow/.local/lib/python3.12/site-packages/airflow/example_dags/example_xcom.py
[2024-12-11T05:09:24.430+0000] {processor.py:925} INFO - DAG(s) 'example_xcom' retrieved from /home/airflow/.local/lib/python3.12/site-packages/airflow/example_dags/example_xcom.py
[2024-12-11T05:09:24.496+0000] {logging_mixin.py:190} INFO - [2024-12-11T05:09:24.495+0000] {dag.py:3239} INFO - Sync 1 DAGs
[2024-12-11T05:09:24.563+0000] {logging_mixin.py:190} INFO - [2024-12-11T05:09:24.562+0000] {dag.py:4180} INFO - Setting next_dagrun for example_xcom to 2021-01-01 00:00:00+00:00, run_after=2021-01-01 00:00:00+00:00
[2024-12-11T05:09:24.621+0000] {processor.py:208} INFO - Processing /home/airflow/.local/lib/python3.12/site-packages/airflow/example_dags/example_xcom.py took 0.279 seconds
[2024-12-11T05:09:55.198+0000] {processor.py:186} INFO - Started process (PID=779) to work on /home/airflow/.local/lib/python3.12/site-packages/airflow/example_dags/example_xcom.py
[2024-12-11T05:09:55.200+0000] {processor.py:914} INFO - Processing file /home/airflow/.local/lib/python3.12/site-packages/airflow/example_dags/example_xcom.py for tasks to queue
[2024-12-11T05:09:55.204+0000] {logging_mixin.py:190} INFO - [2024-12-11T05:09:55.203+0000] {dagbag.py:588} INFO - Filling up the DagBag from /home/airflow/.local/lib/python3.12/site-packages/airflow/example_dags/example_xcom.py
[2024-12-11T05:09:55.225+0000] {processor.py:925} INFO - DAG(s) 'example_xcom' retrieved from /home/airflow/.local/lib/python3.12/site-packages/airflow/example_dags/example_xcom.py
[2024-12-11T05:09:55.277+0000] {logging_mixin.py:190} INFO - [2024-12-11T05:09:55.276+0000] {dag.py:3239} INFO - Sync 1 DAGs
[2024-12-11T05:09:55.342+0000] {logging_mixin.py:190} INFO - [2024-12-11T05:09:55.341+0000] {dag.py:4180} INFO - Setting next_dagrun for example_xcom to 2021-01-01 00:00:00+00:00, run_after=2021-01-01 00:00:00+00:00
[2024-12-11T05:09:55.391+0000] {processor.py:208} INFO - Processing /home/airflow/.local/lib/python3.12/site-packages/airflow/example_dags/example_xcom.py took 0.207 seconds
[2024-12-11T05:10:25.856+0000] {processor.py:186} INFO - Started process (PID=842) to work on /home/airflow/.local/lib/python3.12/site-packages/airflow/example_dags/example_xcom.py
[2024-12-11T05:10:25.859+0000] {processor.py:914} INFO - Processing file /home/airflow/.local/lib/python3.12/site-packages/airflow/example_dags/example_xcom.py for tasks to queue
[2024-12-11T05:10:25.862+0000] {logging_mixin.py:190} INFO - [2024-12-11T05:10:25.862+0000] {dagbag.py:588} INFO - Filling up the DagBag from /home/airflow/.local/lib/python3.12/site-packages/airflow/example_dags/example_xcom.py
[2024-12-11T05:10:25.882+0000] {processor.py:925} INFO - DAG(s) 'example_xcom' retrieved from /home/airflow/.local/lib/python3.12/site-packages/airflow/example_dags/example_xcom.py
[2024-12-11T05:10:25.938+0000] {logging_mixin.py:190} INFO - [2024-12-11T05:10:25.937+0000] {dag.py:3239} INFO - Sync 1 DAGs
[2024-12-11T05:10:26.007+0000] {logging_mixin.py:190} INFO - [2024-12-11T05:10:26.007+0000] {dag.py:4180} INFO - Setting next_dagrun for example_xcom to 2021-01-01 00:00:00+00:00, run_after=2021-01-01 00:00:00+00:00
[2024-12-11T05:10:26.059+0000] {processor.py:208} INFO - Processing /home/airflow/.local/lib/python3.12/site-packages/airflow/example_dags/example_xcom.py took 0.219 seconds
[2024-12-11T05:10:57.463+0000] {processor.py:186} INFO - Started process (PID=906) to work on /home/airflow/.local/lib/python3.12/site-packages/airflow/example_dags/example_xcom.py
[2024-12-11T05:10:57.465+0000] {processor.py:914} INFO - Processing file /home/airflow/.local/lib/python3.12/site-packages/airflow/example_dags/example_xcom.py for tasks to queue
[2024-12-11T05:10:57.469+0000] {logging_mixin.py:190} INFO - [2024-12-11T05:10:57.468+0000] {dagbag.py:588} INFO - Filling up the DagBag from /home/airflow/.local/lib/python3.12/site-packages/airflow/example_dags/example_xcom.py
[2024-12-11T05:10:57.505+0000] {processor.py:925} INFO - DAG(s) 'example_xcom' retrieved from /home/airflow/.local/lib/python3.12/site-packages/airflow/example_dags/example_xcom.py
[2024-12-11T05:10:57.571+0000] {logging_mixin.py:190} INFO - [2024-12-11T05:10:57.570+0000] {dag.py:3239} INFO - Sync 1 DAGs
[2024-12-11T05:10:57.671+0000] {logging_mixin.py:190} INFO - [2024-12-11T05:10:57.670+0000] {dag.py:4180} INFO - Setting next_dagrun for example_xcom to 2021-01-01 00:00:00+00:00, run_after=2021-01-01 00:00:00+00:00
[2024-12-11T05:10:57.727+0000] {processor.py:208} INFO - Processing /home/airflow/.local/lib/python3.12/site-packages/airflow/example_dags/example_xcom.py took 0.283 seconds
[2024-12-11T05:12:18.022+0000] {processor.py:186} INFO - Started process (PID=928) to work on /home/airflow/.local/lib/python3.12/site-packages/airflow/example_dags/example_xcom.py
[2024-12-11T05:12:18.025+0000] {processor.py:914} INFO - Processing file /home/airflow/.local/lib/python3.12/site-packages/airflow/example_dags/example_xcom.py for tasks to queue
[2024-12-11T05:12:18.029+0000] {logging_mixin.py:190} INFO - [2024-12-11T05:12:18.028+0000] {dagbag.py:588} INFO - Filling up the DagBag from /home/airflow/.local/lib/python3.12/site-packages/airflow/example_dags/example_xcom.py
[2024-12-11T05:12:18.068+0000] {processor.py:925} INFO - DAG(s) 'example_xcom' retrieved from /home/airflow/.local/lib/python3.12/site-packages/airflow/example_dags/example_xcom.py
[2024-12-11T05:12:18.161+0000] {logging_mixin.py:190} INFO - [2024-12-11T05:12:18.160+0000] {dag.py:3239} INFO - Sync 1 DAGs
[2024-12-11T05:12:18.261+0000] {logging_mixin.py:190} INFO - [2024-12-11T05:12:18.260+0000] {dag.py:4180} INFO - Setting next_dagrun for example_xcom to 2021-01-01 00:00:00+00:00, run_after=2021-01-01 00:00:00+00:00
[2024-12-11T05:12:18.396+0000] {processor.py:208} INFO - Processing /home/airflow/.local/lib/python3.12/site-packages/airflow/example_dags/example_xcom.py took 0.400 seconds
[2024-12-11T05:17:36.779+0000] {processor.py:186} INFO - Started process (PID=984) to work on /home/airflow/.local/lib/python3.12/site-packages/airflow/example_dags/example_xcom.py
[2024-12-11T05:17:36.782+0000] {processor.py:914} INFO - Processing file /home/airflow/.local/lib/python3.12/site-packages/airflow/example_dags/example_xcom.py for tasks to queue
[2024-12-11T05:17:36.784+0000] {logging_mixin.py:190} INFO - [2024-12-11T05:17:36.784+0000] {dagbag.py:588} INFO - Filling up the DagBag from /home/airflow/.local/lib/python3.12/site-packages/airflow/example_dags/example_xcom.py
[2024-12-11T05:17:36.800+0000] {processor.py:925} INFO - DAG(s) 'example_xcom' retrieved from /home/airflow/.local/lib/python3.12/site-packages/airflow/example_dags/example_xcom.py
[2024-12-11T05:17:36.843+0000] {logging_mixin.py:190} INFO - [2024-12-11T05:17:36.842+0000] {dag.py:3239} INFO - Sync 1 DAGs
[2024-12-11T05:17:36.901+0000] {logging_mixin.py:190} INFO - [2024-12-11T05:17:36.901+0000] {dag.py:4180} INFO - Setting next_dagrun for example_xcom to 2021-01-01 00:00:00+00:00, run_after=2021-01-01 00:00:00+00:00
[2024-12-11T05:17:36.944+0000] {processor.py:208} INFO - Processing /home/airflow/.local/lib/python3.12/site-packages/airflow/example_dags/example_xcom.py took 0.174 seconds
[2024-12-11T05:18:08.055+0000] {processor.py:186} INFO - Started process (PID=1044) to work on /home/airflow/.local/lib/python3.12/site-packages/airflow/example_dags/example_xcom.py
[2024-12-11T05:18:08.058+0000] {processor.py:914} INFO - Processing file /home/airflow/.local/lib/python3.12/site-packages/airflow/example_dags/example_xcom.py for tasks to queue
[2024-12-11T05:18:08.060+0000] {logging_mixin.py:190} INFO - [2024-12-11T05:18:08.060+0000] {dagbag.py:588} INFO - Filling up the DagBag from /home/airflow/.local/lib/python3.12/site-packages/airflow/example_dags/example_xcom.py
[2024-12-11T05:18:08.089+0000] {processor.py:925} INFO - DAG(s) 'example_xcom' retrieved from /home/airflow/.local/lib/python3.12/site-packages/airflow/example_dags/example_xcom.py
[2024-12-11T05:18:08.134+0000] {logging_mixin.py:190} INFO - [2024-12-11T05:18:08.133+0000] {dag.py:3239} INFO - Sync 1 DAGs
[2024-12-11T05:18:08.197+0000] {logging_mixin.py:190} INFO - [2024-12-11T05:18:08.196+0000] {dag.py:4180} INFO - Setting next_dagrun for example_xcom to 2021-01-01 00:00:00+00:00, run_after=2021-01-01 00:00:00+00:00
[2024-12-11T05:18:08.261+0000] {processor.py:208} INFO - Processing /home/airflow/.local/lib/python3.12/site-packages/airflow/example_dags/example_xcom.py took 0.225 seconds
[2024-12-11T05:18:39.387+0000] {processor.py:186} INFO - Started process (PID=1107) to work on /home/airflow/.local/lib/python3.12/site-packages/airflow/example_dags/example_xcom.py
[2024-12-11T05:18:39.389+0000] {processor.py:914} INFO - Processing file /home/airflow/.local/lib/python3.12/site-packages/airflow/example_dags/example_xcom.py for tasks to queue
[2024-12-11T05:18:39.392+0000] {logging_mixin.py:190} INFO - [2024-12-11T05:18:39.391+0000] {dagbag.py:588} INFO - Filling up the DagBag from /home/airflow/.local/lib/python3.12/site-packages/airflow/example_dags/example_xcom.py
[2024-12-11T05:18:39.424+0000] {processor.py:925} INFO - DAG(s) 'example_xcom' retrieved from /home/airflow/.local/lib/python3.12/site-packages/airflow/example_dags/example_xcom.py
[2024-12-11T05:18:39.474+0000] {logging_mixin.py:190} INFO - [2024-12-11T05:18:39.474+0000] {dag.py:3239} INFO - Sync 1 DAGs
[2024-12-11T05:18:39.530+0000] {logging_mixin.py:190} INFO - [2024-12-11T05:18:39.530+0000] {dag.py:4180} INFO - Setting next_dagrun for example_xcom to 2021-01-01 00:00:00+00:00, run_after=2021-01-01 00:00:00+00:00
[2024-12-11T05:18:39.572+0000] {processor.py:208} INFO - Processing /home/airflow/.local/lib/python3.12/site-packages/airflow/example_dags/example_xcom.py took 0.197 seconds
[2024-12-11T05:19:09.998+0000] {processor.py:186} INFO - Started process (PID=1169) to work on /home/airflow/.local/lib/python3.12/site-packages/airflow/example_dags/example_xcom.py
[2024-12-11T05:19:10.001+0000] {processor.py:914} INFO - Processing file /home/airflow/.local/lib/python3.12/site-packages/airflow/example_dags/example_xcom.py for tasks to queue
[2024-12-11T05:19:10.004+0000] {logging_mixin.py:190} INFO - [2024-12-11T05:19:10.003+0000] {dagbag.py:588} INFO - Filling up the DagBag from /home/airflow/.local/lib/python3.12/site-packages/airflow/example_dags/example_xcom.py
[2024-12-11T05:19:10.027+0000] {processor.py:925} INFO - DAG(s) 'example_xcom' retrieved from /home/airflow/.local/lib/python3.12/site-packages/airflow/example_dags/example_xcom.py
[2024-12-11T05:19:10.076+0000] {logging_mixin.py:190} INFO - [2024-12-11T05:19:10.075+0000] {dag.py:3239} INFO - Sync 1 DAGs
[2024-12-11T05:19:10.136+0000] {logging_mixin.py:190} INFO - [2024-12-11T05:19:10.135+0000] {dag.py:4180} INFO - Setting next_dagrun for example_xcom to 2021-01-01 00:00:00+00:00, run_after=2021-01-01 00:00:00+00:00
[2024-12-11T05:19:10.183+0000] {processor.py:208} INFO - Processing /home/airflow/.local/lib/python3.12/site-packages/airflow/example_dags/example_xcom.py took 0.195 seconds
[2024-12-11T05:19:41.104+0000] {processor.py:186} INFO - Started process (PID=1232) to work on /home/airflow/.local/lib/python3.12/site-packages/airflow/example_dags/example_xcom.py
[2024-12-11T05:19:41.106+0000] {processor.py:914} INFO - Processing file /home/airflow/.local/lib/python3.12/site-packages/airflow/example_dags/example_xcom.py for tasks to queue
[2024-12-11T05:19:41.108+0000] {logging_mixin.py:190} INFO - [2024-12-11T05:19:41.107+0000] {dagbag.py:588} INFO - Filling up the DagBag from /home/airflow/.local/lib/python3.12/site-packages/airflow/example_dags/example_xcom.py
[2024-12-11T05:19:41.127+0000] {processor.py:925} INFO - DAG(s) 'example_xcom' retrieved from /home/airflow/.local/lib/python3.12/site-packages/airflow/example_dags/example_xcom.py
[2024-12-11T05:19:41.177+0000] {logging_mixin.py:190} INFO - [2024-12-11T05:19:41.176+0000] {dag.py:3239} INFO - Sync 1 DAGs
[2024-12-11T05:19:41.220+0000] {logging_mixin.py:190} INFO - [2024-12-11T05:19:41.219+0000] {dag.py:4180} INFO - Setting next_dagrun for example_xcom to 2021-01-01 00:00:00+00:00, run_after=2021-01-01 00:00:00+00:00
[2024-12-11T05:19:41.254+0000] {processor.py:208} INFO - Processing /home/airflow/.local/lib/python3.12/site-packages/airflow/example_dags/example_xcom.py took 0.155 seconds
[2024-12-11T05:20:11.543+0000] {processor.py:186} INFO - Started process (PID=1295) to work on /home/airflow/.local/lib/python3.12/site-packages/airflow/example_dags/example_xcom.py
[2024-12-11T05:20:11.545+0000] {processor.py:914} INFO - Processing file /home/airflow/.local/lib/python3.12/site-packages/airflow/example_dags/example_xcom.py for tasks to queue
[2024-12-11T05:20:11.548+0000] {logging_mixin.py:190} INFO - [2024-12-11T05:20:11.548+0000] {dagbag.py:588} INFO - Filling up the DagBag from /home/airflow/.local/lib/python3.12/site-packages/airflow/example_dags/example_xcom.py
[2024-12-11T05:20:11.570+0000] {processor.py:925} INFO - DAG(s) 'example_xcom' retrieved from /home/airflow/.local/lib/python3.12/site-packages/airflow/example_dags/example_xcom.py
[2024-12-11T05:20:11.627+0000] {logging_mixin.py:190} INFO - [2024-12-11T05:20:11.626+0000] {dag.py:3239} INFO - Sync 1 DAGs
[2024-12-11T05:20:11.680+0000] {logging_mixin.py:190} INFO - [2024-12-11T05:20:11.679+0000] {dag.py:4180} INFO - Setting next_dagrun for example_xcom to 2021-01-01 00:00:00+00:00, run_after=2021-01-01 00:00:00+00:00
[2024-12-11T05:20:11.727+0000] {processor.py:208} INFO - Processing /home/airflow/.local/lib/python3.12/site-packages/airflow/example_dags/example_xcom.py took 0.196 seconds
[2024-12-11T05:23:14.968+0000] {processor.py:186} INFO - Started process (PID=1344) to work on /home/airflow/.local/lib/python3.12/site-packages/airflow/example_dags/example_xcom.py
[2024-12-11T05:23:14.973+0000] {processor.py:914} INFO - Processing file /home/airflow/.local/lib/python3.12/site-packages/airflow/example_dags/example_xcom.py for tasks to queue
[2024-12-11T05:23:14.977+0000] {logging_mixin.py:190} INFO - [2024-12-11T05:23:14.976+0000] {dagbag.py:588} INFO - Filling up the DagBag from /home/airflow/.local/lib/python3.12/site-packages/airflow/example_dags/example_xcom.py
[2024-12-11T05:23:15.029+0000] {processor.py:925} INFO - DAG(s) 'example_xcom' retrieved from /home/airflow/.local/lib/python3.12/site-packages/airflow/example_dags/example_xcom.py
[2024-12-11T05:23:15.100+0000] {logging_mixin.py:190} INFO - [2024-12-11T05:23:15.100+0000] {dag.py:3239} INFO - Sync 1 DAGs
[2024-12-11T05:23:15.212+0000] {logging_mixin.py:190} INFO - [2024-12-11T05:23:15.212+0000] {dag.py:4180} INFO - Setting next_dagrun for example_xcom to 2021-01-01 00:00:00+00:00, run_after=2021-01-01 00:00:00+00:00
[2024-12-11T05:23:15.296+0000] {processor.py:208} INFO - Processing /home/airflow/.local/lib/python3.12/site-packages/airflow/example_dags/example_xcom.py took 0.347 seconds
[2024-12-11T05:23:46.173+0000] {processor.py:186} INFO - Started process (PID=1406) to work on /home/airflow/.local/lib/python3.12/site-packages/airflow/example_dags/example_xcom.py
[2024-12-11T05:23:46.175+0000] {processor.py:914} INFO - Processing file /home/airflow/.local/lib/python3.12/site-packages/airflow/example_dags/example_xcom.py for tasks to queue
[2024-12-11T05:23:46.179+0000] {logging_mixin.py:190} INFO - [2024-12-11T05:23:46.178+0000] {dagbag.py:588} INFO - Filling up the DagBag from /home/airflow/.local/lib/python3.12/site-packages/airflow/example_dags/example_xcom.py
[2024-12-11T05:23:46.201+0000] {processor.py:925} INFO - DAG(s) 'example_xcom' retrieved from /home/airflow/.local/lib/python3.12/site-packages/airflow/example_dags/example_xcom.py
[2024-12-11T05:23:46.263+0000] {logging_mixin.py:190} INFO - [2024-12-11T05:23:46.263+0000] {dag.py:3239} INFO - Sync 1 DAGs
[2024-12-11T05:23:46.324+0000] {logging_mixin.py:190} INFO - [2024-12-11T05:23:46.324+0000] {dag.py:4180} INFO - Setting next_dagrun for example_xcom to 2021-01-01 00:00:00+00:00, run_after=2021-01-01 00:00:00+00:00
[2024-12-11T05:23:46.368+0000] {processor.py:208} INFO - Processing /home/airflow/.local/lib/python3.12/site-packages/airflow/example_dags/example_xcom.py took 0.208 seconds
[2024-12-11T05:24:49.679+0000] {processor.py:186} INFO - Started process (PID=1421) to work on /home/airflow/.local/lib/python3.12/site-packages/airflow/example_dags/example_xcom.py
[2024-12-11T05:24:49.681+0000] {processor.py:914} INFO - Processing file /home/airflow/.local/lib/python3.12/site-packages/airflow/example_dags/example_xcom.py for tasks to queue
[2024-12-11T05:24:49.683+0000] {logging_mixin.py:190} INFO - [2024-12-11T05:24:49.683+0000] {dagbag.py:588} INFO - Filling up the DagBag from /home/airflow/.local/lib/python3.12/site-packages/airflow/example_dags/example_xcom.py
[2024-12-11T05:24:49.706+0000] {processor.py:925} INFO - DAG(s) 'example_xcom' retrieved from /home/airflow/.local/lib/python3.12/site-packages/airflow/example_dags/example_xcom.py
[2024-12-11T05:24:49.758+0000] {logging_mixin.py:190} INFO - [2024-12-11T05:24:49.757+0000] {dag.py:3239} INFO - Sync 1 DAGs
[2024-12-11T05:24:49.814+0000] {logging_mixin.py:190} INFO - [2024-12-11T05:24:49.813+0000] {dag.py:4180} INFO - Setting next_dagrun for example_xcom to 2021-01-01 00:00:00+00:00, run_after=2021-01-01 00:00:00+00:00
[2024-12-11T05:24:49.861+0000] {processor.py:208} INFO - Processing /home/airflow/.local/lib/python3.12/site-packages/airflow/example_dags/example_xcom.py took 0.195 seconds
[2024-12-11T05:25:21.272+0000] {processor.py:186} INFO - Started process (PID=1484) to work on /home/airflow/.local/lib/python3.12/site-packages/airflow/example_dags/example_xcom.py
[2024-12-11T05:25:21.275+0000] {processor.py:914} INFO - Processing file /home/airflow/.local/lib/python3.12/site-packages/airflow/example_dags/example_xcom.py for tasks to queue
[2024-12-11T05:25:21.281+0000] {logging_mixin.py:190} INFO - [2024-12-11T05:25:21.280+0000] {dagbag.py:588} INFO - Filling up the DagBag from /home/airflow/.local/lib/python3.12/site-packages/airflow/example_dags/example_xcom.py
[2024-12-11T05:25:21.312+0000] {processor.py:925} INFO - DAG(s) 'example_xcom' retrieved from /home/airflow/.local/lib/python3.12/site-packages/airflow/example_dags/example_xcom.py
[2024-12-11T05:25:21.371+0000] {logging_mixin.py:190} INFO - [2024-12-11T05:25:21.371+0000] {dag.py:3239} INFO - Sync 1 DAGs
[2024-12-11T05:25:21.435+0000] {logging_mixin.py:190} INFO - [2024-12-11T05:25:21.434+0000] {dag.py:4180} INFO - Setting next_dagrun for example_xcom to 2021-01-01 00:00:00+00:00, run_after=2021-01-01 00:00:00+00:00
[2024-12-11T05:25:21.502+0000] {processor.py:208} INFO - Processing /home/airflow/.local/lib/python3.12/site-packages/airflow/example_dags/example_xcom.py took 0.245 seconds
[2024-12-11T05:25:51.888+0000] {processor.py:186} INFO - Started process (PID=1546) to work on /home/airflow/.local/lib/python3.12/site-packages/airflow/example_dags/example_xcom.py
[2024-12-11T05:25:51.893+0000] {processor.py:914} INFO - Processing file /home/airflow/.local/lib/python3.12/site-packages/airflow/example_dags/example_xcom.py for tasks to queue
[2024-12-11T05:25:51.899+0000] {logging_mixin.py:190} INFO - [2024-12-11T05:25:51.897+0000] {dagbag.py:588} INFO - Filling up the DagBag from /home/airflow/.local/lib/python3.12/site-packages/airflow/example_dags/example_xcom.py
[2024-12-11T05:25:51.936+0000] {processor.py:925} INFO - DAG(s) 'example_xcom' retrieved from /home/airflow/.local/lib/python3.12/site-packages/airflow/example_dags/example_xcom.py
[2024-12-11T05:25:52.030+0000] {logging_mixin.py:190} INFO - [2024-12-11T05:25:52.029+0000] {dag.py:3239} INFO - Sync 1 DAGs
[2024-12-11T05:25:52.120+0000] {logging_mixin.py:190} INFO - [2024-12-11T05:25:52.120+0000] {dag.py:4180} INFO - Setting next_dagrun for example_xcom to 2021-01-01 00:00:00+00:00, run_after=2021-01-01 00:00:00+00:00
[2024-12-11T05:25:52.175+0000] {processor.py:208} INFO - Processing /home/airflow/.local/lib/python3.12/site-packages/airflow/example_dags/example_xcom.py took 0.316 seconds
[2024-12-11T05:26:22.819+0000] {processor.py:186} INFO - Started process (PID=1609) to work on /home/airflow/.local/lib/python3.12/site-packages/airflow/example_dags/example_xcom.py
[2024-12-11T05:26:22.823+0000] {processor.py:914} INFO - Processing file /home/airflow/.local/lib/python3.12/site-packages/airflow/example_dags/example_xcom.py for tasks to queue
[2024-12-11T05:26:22.829+0000] {logging_mixin.py:190} INFO - [2024-12-11T05:26:22.827+0000] {dagbag.py:588} INFO - Filling up the DagBag from /home/airflow/.local/lib/python3.12/site-packages/airflow/example_dags/example_xcom.py
[2024-12-11T05:26:22.868+0000] {processor.py:925} INFO - DAG(s) 'example_xcom' retrieved from /home/airflow/.local/lib/python3.12/site-packages/airflow/example_dags/example_xcom.py
[2024-12-11T05:26:22.968+0000] {logging_mixin.py:190} INFO - [2024-12-11T05:26:22.967+0000] {dag.py:3239} INFO - Sync 1 DAGs
[2024-12-11T05:26:23.079+0000] {logging_mixin.py:190} INFO - [2024-12-11T05:26:23.077+0000] {dag.py:4180} INFO - Setting next_dagrun for example_xcom to 2021-01-01 00:00:00+00:00, run_after=2021-01-01 00:00:00+00:00
[2024-12-11T05:26:23.149+0000] {processor.py:208} INFO - Processing /home/airflow/.local/lib/python3.12/site-packages/airflow/example_dags/example_xcom.py took 0.350 seconds
[2024-12-11T05:27:02.497+0000] {processor.py:186} INFO - Started process (PID=1631) to work on /home/airflow/.local/lib/python3.12/site-packages/airflow/example_dags/example_xcom.py
[2024-12-11T05:27:02.498+0000] {processor.py:914} INFO - Processing file /home/airflow/.local/lib/python3.12/site-packages/airflow/example_dags/example_xcom.py for tasks to queue
[2024-12-11T05:27:02.501+0000] {logging_mixin.py:190} INFO - [2024-12-11T05:27:02.500+0000] {dagbag.py:588} INFO - Filling up the DagBag from /home/airflow/.local/lib/python3.12/site-packages/airflow/example_dags/example_xcom.py
[2024-12-11T05:27:02.519+0000] {processor.py:925} INFO - DAG(s) 'example_xcom' retrieved from /home/airflow/.local/lib/python3.12/site-packages/airflow/example_dags/example_xcom.py
[2024-12-11T05:27:02.560+0000] {logging_mixin.py:190} INFO - [2024-12-11T05:27:02.559+0000] {dag.py:3239} INFO - Sync 1 DAGs
[2024-12-11T05:27:02.622+0000] {logging_mixin.py:190} INFO - [2024-12-11T05:27:02.621+0000] {dag.py:4180} INFO - Setting next_dagrun for example_xcom to 2021-01-01 00:00:00+00:00, run_after=2021-01-01 00:00:00+00:00
[2024-12-11T05:27:02.682+0000] {processor.py:208} INFO - Processing /home/airflow/.local/lib/python3.12/site-packages/airflow/example_dags/example_xcom.py took 0.196 seconds
[2024-12-11T05:28:16.416+0000] {processor.py:186} INFO - Started process (PID=1694) to work on /home/airflow/.local/lib/python3.12/site-packages/airflow/example_dags/example_xcom.py
[2024-12-11T05:28:16.420+0000] {processor.py:914} INFO - Processing file /home/airflow/.local/lib/python3.12/site-packages/airflow/example_dags/example_xcom.py for tasks to queue
[2024-12-11T05:28:16.427+0000] {logging_mixin.py:190} INFO - [2024-12-11T05:28:16.425+0000] {dagbag.py:588} INFO - Filling up the DagBag from /home/airflow/.local/lib/python3.12/site-packages/airflow/example_dags/example_xcom.py
[2024-12-11T05:28:16.491+0000] {processor.py:925} INFO - DAG(s) 'example_xcom' retrieved from /home/airflow/.local/lib/python3.12/site-packages/airflow/example_dags/example_xcom.py
[2024-12-11T05:28:16.629+0000] {logging_mixin.py:190} INFO - [2024-12-11T05:28:16.628+0000] {dag.py:3239} INFO - Sync 1 DAGs
[2024-12-11T05:28:16.770+0000] {logging_mixin.py:190} INFO - [2024-12-11T05:28:16.768+0000] {dag.py:4180} INFO - Setting next_dagrun for example_xcom to 2021-01-01 00:00:00+00:00, run_after=2021-01-01 00:00:00+00:00
[2024-12-11T05:28:16.855+0000] {processor.py:208} INFO - Processing /home/airflow/.local/lib/python3.12/site-packages/airflow/example_dags/example_xcom.py took 0.464 seconds
