[2024-12-11T04:56:29.321+0000] {processor.py:186} INFO - Started process (PID=125) to work on /home/airflow/.local/lib/python3.12/site-packages/airflow/example_dags/example_branch_operator.py
[2024-12-11T04:56:29.324+0000] {processor.py:914} INFO - Processing file /home/airflow/.local/lib/python3.12/site-packages/airflow/example_dags/example_branch_operator.py for tasks to queue
[2024-12-11T04:56:29.330+0000] {logging_mixin.py:190} INFO - [2024-12-11T04:56:29.329+0000] {dagbag.py:588} INFO - Filling up the DagBag from /home/airflow/.local/lib/python3.12/site-packages/airflow/example_dags/example_branch_operator.py
[2024-12-11T04:56:29.395+0000] {processor.py:925} INFO - DAG(s) 'example_branch_operator' retrieved from /home/airflow/.local/lib/python3.12/site-packages/airflow/example_dags/example_branch_operator.py
[2024-12-11T04:56:29.872+0000] {logging_mixin.py:190} INFO - [2024-12-11T04:56:29.870+0000] {override.py:1911} INFO - Created Permission View: can delete on DAG:example_branch_operator
[2024-12-11T04:56:29.912+0000] {logging_mixin.py:190} INFO - [2024-12-11T04:56:29.911+0000] {override.py:1911} INFO - Created Permission View: can read on DAG:example_branch_operator
[2024-12-11T04:56:29.933+0000] {logging_mixin.py:190} INFO - [2024-12-11T04:56:29.932+0000] {override.py:1911} INFO - Created Permission View: can edit on DAG:example_branch_operator
[2024-12-11T04:56:29.957+0000] {logging_mixin.py:190} INFO - [2024-12-11T04:56:29.956+0000] {override.py:1911} INFO - Created Permission View: can delete on DAG Run:example_branch_operator
[2024-12-11T04:56:29.976+0000] {logging_mixin.py:190} INFO - [2024-12-11T04:56:29.975+0000] {override.py:1911} INFO - Created Permission View: can read on DAG Run:example_branch_operator
[2024-12-11T04:56:29.995+0000] {logging_mixin.py:190} INFO - [2024-12-11T04:56:29.994+0000] {override.py:1911} INFO - Created Permission View: menu access on DAG Run:example_branch_operator
[2024-12-11T04:56:30.017+0000] {logging_mixin.py:190} INFO - [2024-12-11T04:56:30.016+0000] {override.py:1911} INFO - Created Permission View: can create on DAG Run:example_branch_operator
[2024-12-11T04:56:30.020+0000] {logging_mixin.py:190} INFO - [2024-12-11T04:56:30.020+0000] {dag.py:3239} INFO - Sync 1 DAGs
[2024-12-11T04:56:30.054+0000] {logging_mixin.py:190} INFO - [2024-12-11T04:56:30.053+0000] {dag.py:3262} INFO - Creating ORM DAG for example_branch_operator
[2024-12-11T04:56:30.076+0000] {logging_mixin.py:190} INFO - [2024-12-11T04:56:30.076+0000] {dag.py:4180} INFO - Setting next_dagrun for example_branch_operator to 2024-12-10 00:00:00+00:00, run_after=2024-12-11 00:00:00+00:00
[2024-12-11T04:56:30.119+0000] {processor.py:208} INFO - Processing /home/airflow/.local/lib/python3.12/site-packages/airflow/example_dags/example_branch_operator.py took 0.824 seconds
[2024-12-11T04:57:00.486+0000] {processor.py:186} INFO - Started process (PID=188) to work on /home/airflow/.local/lib/python3.12/site-packages/airflow/example_dags/example_branch_operator.py
[2024-12-11T04:57:00.489+0000] {processor.py:914} INFO - Processing file /home/airflow/.local/lib/python3.12/site-packages/airflow/example_dags/example_branch_operator.py for tasks to queue
[2024-12-11T04:57:00.496+0000] {logging_mixin.py:190} INFO - [2024-12-11T04:57:00.495+0000] {dagbag.py:588} INFO - Filling up the DagBag from /home/airflow/.local/lib/python3.12/site-packages/airflow/example_dags/example_branch_operator.py
[2024-12-11T04:57:00.563+0000] {processor.py:925} INFO - DAG(s) 'example_branch_operator' retrieved from /home/airflow/.local/lib/python3.12/site-packages/airflow/example_dags/example_branch_operator.py
[2024-12-11T04:57:00.655+0000] {logging_mixin.py:190} INFO - [2024-12-11T04:57:00.655+0000] {dag.py:3239} INFO - Sync 1 DAGs
[2024-12-11T04:57:00.761+0000] {logging_mixin.py:190} INFO - [2024-12-11T04:57:00.757+0000] {dag.py:4180} INFO - Setting next_dagrun for example_branch_operator to 2024-12-10 00:00:00+00:00, run_after=2024-12-11 00:00:00+00:00
[2024-12-11T04:57:00.856+0000] {processor.py:208} INFO - Processing /home/airflow/.local/lib/python3.12/site-packages/airflow/example_dags/example_branch_operator.py took 0.397 seconds
[2024-12-11T05:01:01.856+0000] {processor.py:186} INFO - Started process (PID=256) to work on /home/airflow/.local/lib/python3.12/site-packages/airflow/example_dags/example_branch_operator.py
[2024-12-11T05:01:01.858+0000] {processor.py:914} INFO - Processing file /home/airflow/.local/lib/python3.12/site-packages/airflow/example_dags/example_branch_operator.py for tasks to queue
[2024-12-11T05:01:01.863+0000] {logging_mixin.py:190} INFO - [2024-12-11T05:01:01.863+0000] {dagbag.py:588} INFO - Filling up the DagBag from /home/airflow/.local/lib/python3.12/site-packages/airflow/example_dags/example_branch_operator.py
[2024-12-11T05:01:01.919+0000] {processor.py:925} INFO - DAG(s) 'example_branch_operator' retrieved from /home/airflow/.local/lib/python3.12/site-packages/airflow/example_dags/example_branch_operator.py
[2024-12-11T05:01:01.997+0000] {logging_mixin.py:190} INFO - [2024-12-11T05:01:01.996+0000] {dag.py:3239} INFO - Sync 1 DAGs
[2024-12-11T05:01:02.066+0000] {logging_mixin.py:190} INFO - [2024-12-11T05:01:02.066+0000] {dag.py:4180} INFO - Setting next_dagrun for example_branch_operator to 2024-12-10 00:00:00+00:00, run_after=2024-12-11 00:00:00+00:00
[2024-12-11T05:01:02.116+0000] {processor.py:208} INFO - Processing /home/airflow/.local/lib/python3.12/site-packages/airflow/example_dags/example_branch_operator.py took 0.277 seconds
[2024-12-11T05:03:24.032+0000] {processor.py:186} INFO - Started process (PID=347) to work on /home/airflow/.local/lib/python3.12/site-packages/airflow/example_dags/example_branch_operator.py
[2024-12-11T05:03:24.035+0000] {processor.py:914} INFO - Processing file /home/airflow/.local/lib/python3.12/site-packages/airflow/example_dags/example_branch_operator.py for tasks to queue
[2024-12-11T05:03:24.038+0000] {logging_mixin.py:190} INFO - [2024-12-11T05:03:24.037+0000] {dagbag.py:588} INFO - Filling up the DagBag from /home/airflow/.local/lib/python3.12/site-packages/airflow/example_dags/example_branch_operator.py
[2024-12-11T05:03:24.088+0000] {processor.py:925} INFO - DAG(s) 'example_branch_operator' retrieved from /home/airflow/.local/lib/python3.12/site-packages/airflow/example_dags/example_branch_operator.py
[2024-12-11T05:03:24.178+0000] {logging_mixin.py:190} INFO - [2024-12-11T05:03:24.177+0000] {dag.py:3239} INFO - Sync 1 DAGs
[2024-12-11T05:03:24.255+0000] {logging_mixin.py:190} INFO - [2024-12-11T05:03:24.255+0000] {dag.py:4180} INFO - Setting next_dagrun for example_branch_operator to 2024-12-10 00:00:00+00:00, run_after=2024-12-11 00:00:00+00:00
[2024-12-11T05:03:24.310+0000] {processor.py:208} INFO - Processing /home/airflow/.local/lib/python3.12/site-packages/airflow/example_dags/example_branch_operator.py took 0.292 seconds
[2024-12-11T05:03:57.557+0000] {processor.py:186} INFO - Started process (PID=409) to work on /home/airflow/.local/lib/python3.12/site-packages/airflow/example_dags/example_branch_operator.py
[2024-12-11T05:03:57.560+0000] {processor.py:914} INFO - Processing file /home/airflow/.local/lib/python3.12/site-packages/airflow/example_dags/example_branch_operator.py for tasks to queue
[2024-12-11T05:03:57.592+0000] {logging_mixin.py:190} INFO - [2024-12-11T05:03:57.577+0000] {dagbag.py:588} INFO - Filling up the DagBag from /home/airflow/.local/lib/python3.12/site-packages/airflow/example_dags/example_branch_operator.py
[2024-12-11T05:03:57.764+0000] {processor.py:925} INFO - DAG(s) 'example_branch_operator' retrieved from /home/airflow/.local/lib/python3.12/site-packages/airflow/example_dags/example_branch_operator.py
[2024-12-11T05:03:57.962+0000] {logging_mixin.py:190} INFO - [2024-12-11T05:03:57.962+0000] {dag.py:3239} INFO - Sync 1 DAGs
[2024-12-11T05:03:58.053+0000] {logging_mixin.py:190} INFO - [2024-12-11T05:03:58.052+0000] {dag.py:4180} INFO - Setting next_dagrun for example_branch_operator to 2024-12-10 00:00:00+00:00, run_after=2024-12-11 00:00:00+00:00
[2024-12-11T05:03:58.119+0000] {processor.py:208} INFO - Processing /home/airflow/.local/lib/python3.12/site-packages/airflow/example_dags/example_branch_operator.py took 0.589 seconds
[2024-12-11T05:05:40.794+0000] {processor.py:186} INFO - Started process (PID=478) to work on /home/airflow/.local/lib/python3.12/site-packages/airflow/example_dags/example_branch_operator.py
[2024-12-11T05:05:40.796+0000] {processor.py:914} INFO - Processing file /home/airflow/.local/lib/python3.12/site-packages/airflow/example_dags/example_branch_operator.py for tasks to queue
[2024-12-11T05:05:40.798+0000] {logging_mixin.py:190} INFO - [2024-12-11T05:05:40.797+0000] {dagbag.py:588} INFO - Filling up the DagBag from /home/airflow/.local/lib/python3.12/site-packages/airflow/example_dags/example_branch_operator.py
[2024-12-11T05:05:40.835+0000] {processor.py:925} INFO - DAG(s) 'example_branch_operator' retrieved from /home/airflow/.local/lib/python3.12/site-packages/airflow/example_dags/example_branch_operator.py
[2024-12-11T05:05:40.901+0000] {logging_mixin.py:190} INFO - [2024-12-11T05:05:40.900+0000] {dag.py:3239} INFO - Sync 1 DAGs
[2024-12-11T05:05:40.961+0000] {logging_mixin.py:190} INFO - [2024-12-11T05:05:40.960+0000] {dag.py:4180} INFO - Setting next_dagrun for example_branch_operator to 2024-12-10 00:00:00+00:00, run_after=2024-12-11 00:00:00+00:00
[2024-12-11T05:05:41.003+0000] {processor.py:208} INFO - Processing /home/airflow/.local/lib/python3.12/site-packages/airflow/example_dags/example_branch_operator.py took 0.219 seconds
[2024-12-11T05:06:19.496+0000] {processor.py:186} INFO - Started process (PID=541) to work on /home/airflow/.local/lib/python3.12/site-packages/airflow/example_dags/example_branch_operator.py
[2024-12-11T05:06:19.499+0000] {processor.py:914} INFO - Processing file /home/airflow/.local/lib/python3.12/site-packages/airflow/example_dags/example_branch_operator.py for tasks to queue
[2024-12-11T05:06:19.507+0000] {logging_mixin.py:190} INFO - [2024-12-11T05:06:19.505+0000] {dagbag.py:588} INFO - Filling up the DagBag from /home/airflow/.local/lib/python3.12/site-packages/airflow/example_dags/example_branch_operator.py
[2024-12-11T05:06:19.594+0000] {processor.py:925} INFO - DAG(s) 'example_branch_operator' retrieved from /home/airflow/.local/lib/python3.12/site-packages/airflow/example_dags/example_branch_operator.py
[2024-12-11T05:06:19.732+0000] {logging_mixin.py:190} INFO - [2024-12-11T05:06:19.731+0000] {dag.py:3239} INFO - Sync 1 DAGs
[2024-12-11T05:06:19.835+0000] {logging_mixin.py:190} INFO - [2024-12-11T05:06:19.834+0000] {dag.py:4180} INFO - Setting next_dagrun for example_branch_operator to 2024-12-10 00:00:00+00:00, run_after=2024-12-11 00:00:00+00:00
[2024-12-11T05:06:19.898+0000] {processor.py:208} INFO - Processing /home/airflow/.local/lib/python3.12/site-packages/airflow/example_dags/example_branch_operator.py took 0.422 seconds
[2024-12-11T05:07:38.620+0000] {processor.py:186} INFO - Started process (PID=598) to work on /home/airflow/.local/lib/python3.12/site-packages/airflow/example_dags/example_branch_operator.py
[2024-12-11T05:07:38.621+0000] {processor.py:914} INFO - Processing file /home/airflow/.local/lib/python3.12/site-packages/airflow/example_dags/example_branch_operator.py for tasks to queue
[2024-12-11T05:07:38.624+0000] {logging_mixin.py:190} INFO - [2024-12-11T05:07:38.623+0000] {dagbag.py:588} INFO - Filling up the DagBag from /home/airflow/.local/lib/python3.12/site-packages/airflow/example_dags/example_branch_operator.py
[2024-12-11T05:07:38.658+0000] {processor.py:925} INFO - DAG(s) 'example_branch_operator' retrieved from /home/airflow/.local/lib/python3.12/site-packages/airflow/example_dags/example_branch_operator.py
[2024-12-11T05:07:38.715+0000] {logging_mixin.py:190} INFO - [2024-12-11T05:07:38.715+0000] {dag.py:3239} INFO - Sync 1 DAGs
[2024-12-11T05:07:38.762+0000] {logging_mixin.py:190} INFO - [2024-12-11T05:07:38.761+0000] {dag.py:4180} INFO - Setting next_dagrun for example_branch_operator to 2024-12-10 00:00:00+00:00, run_after=2024-12-11 00:00:00+00:00
[2024-12-11T05:07:38.793+0000] {processor.py:208} INFO - Processing /home/airflow/.local/lib/python3.12/site-packages/airflow/example_dags/example_branch_operator.py took 0.184 seconds
[2024-12-11T05:08:10.794+0000] {processor.py:186} INFO - Started process (PID=661) to work on /home/airflow/.local/lib/python3.12/site-packages/airflow/example_dags/example_branch_operator.py
[2024-12-11T05:08:10.796+0000] {processor.py:914} INFO - Processing file /home/airflow/.local/lib/python3.12/site-packages/airflow/example_dags/example_branch_operator.py for tasks to queue
[2024-12-11T05:08:10.799+0000] {logging_mixin.py:190} INFO - [2024-12-11T05:08:10.798+0000] {dagbag.py:588} INFO - Filling up the DagBag from /home/airflow/.local/lib/python3.12/site-packages/airflow/example_dags/example_branch_operator.py
[2024-12-11T05:08:10.840+0000] {processor.py:925} INFO - DAG(s) 'example_branch_operator' retrieved from /home/airflow/.local/lib/python3.12/site-packages/airflow/example_dags/example_branch_operator.py
[2024-12-11T05:08:10.915+0000] {logging_mixin.py:190} INFO - [2024-12-11T05:08:10.915+0000] {dag.py:3239} INFO - Sync 1 DAGs
[2024-12-11T05:08:10.981+0000] {logging_mixin.py:190} INFO - [2024-12-11T05:08:10.981+0000] {dag.py:4180} INFO - Setting next_dagrun for example_branch_operator to 2024-12-10 00:00:00+00:00, run_after=2024-12-11 00:00:00+00:00
[2024-12-11T05:08:11.033+0000] {processor.py:208} INFO - Processing /home/airflow/.local/lib/python3.12/site-packages/airflow/example_dags/example_branch_operator.py took 0.253 seconds
[2024-12-11T05:09:33.443+0000] {processor.py:186} INFO - Started process (PID=738) to work on /home/airflow/.local/lib/python3.12/site-packages/airflow/example_dags/example_branch_operator.py
[2024-12-11T05:09:33.445+0000] {processor.py:914} INFO - Processing file /home/airflow/.local/lib/python3.12/site-packages/airflow/example_dags/example_branch_operator.py for tasks to queue
[2024-12-11T05:09:33.448+0000] {logging_mixin.py:190} INFO - [2024-12-11T05:09:33.448+0000] {dagbag.py:588} INFO - Filling up the DagBag from /home/airflow/.local/lib/python3.12/site-packages/airflow/example_dags/example_branch_operator.py
[2024-12-11T05:09:33.499+0000] {processor.py:925} INFO - DAG(s) 'example_branch_operator' retrieved from /home/airflow/.local/lib/python3.12/site-packages/airflow/example_dags/example_branch_operator.py
[2024-12-11T05:09:33.587+0000] {logging_mixin.py:190} INFO - [2024-12-11T05:09:33.587+0000] {dag.py:3239} INFO - Sync 1 DAGs
[2024-12-11T05:09:33.673+0000] {logging_mixin.py:190} INFO - [2024-12-11T05:09:33.673+0000] {dag.py:4180} INFO - Setting next_dagrun for example_branch_operator to 2024-12-10 00:00:00+00:00, run_after=2024-12-11 00:00:00+00:00
[2024-12-11T05:09:33.734+0000] {processor.py:208} INFO - Processing /home/airflow/.local/lib/python3.12/site-packages/airflow/example_dags/example_branch_operator.py took 0.306 seconds
[2024-12-11T05:10:04.492+0000] {processor.py:186} INFO - Started process (PID=801) to work on /home/airflow/.local/lib/python3.12/site-packages/airflow/example_dags/example_branch_operator.py
[2024-12-11T05:10:04.494+0000] {processor.py:914} INFO - Processing file /home/airflow/.local/lib/python3.12/site-packages/airflow/example_dags/example_branch_operator.py for tasks to queue
[2024-12-11T05:10:04.498+0000] {logging_mixin.py:190} INFO - [2024-12-11T05:10:04.497+0000] {dagbag.py:588} INFO - Filling up the DagBag from /home/airflow/.local/lib/python3.12/site-packages/airflow/example_dags/example_branch_operator.py
[2024-12-11T05:10:04.555+0000] {processor.py:925} INFO - DAG(s) 'example_branch_operator' retrieved from /home/airflow/.local/lib/python3.12/site-packages/airflow/example_dags/example_branch_operator.py
[2024-12-11T05:10:04.619+0000] {logging_mixin.py:190} INFO - [2024-12-11T05:10:04.618+0000] {dag.py:3239} INFO - Sync 1 DAGs
[2024-12-11T05:10:04.676+0000] {logging_mixin.py:190} INFO - [2024-12-11T05:10:04.676+0000] {dag.py:4180} INFO - Setting next_dagrun for example_branch_operator to 2024-12-10 00:00:00+00:00, run_after=2024-12-11 00:00:00+00:00
[2024-12-11T05:10:04.717+0000] {processor.py:208} INFO - Processing /home/airflow/.local/lib/python3.12/site-packages/airflow/example_dags/example_branch_operator.py took 0.238 seconds
[2024-12-11T05:10:39.754+0000] {processor.py:186} INFO - Started process (PID=864) to work on /home/airflow/.local/lib/python3.12/site-packages/airflow/example_dags/example_branch_operator.py
[2024-12-11T05:10:39.756+0000] {processor.py:914} INFO - Processing file /home/airflow/.local/lib/python3.12/site-packages/airflow/example_dags/example_branch_operator.py for tasks to queue
[2024-12-11T05:10:39.760+0000] {logging_mixin.py:190} INFO - [2024-12-11T05:10:39.759+0000] {dagbag.py:588} INFO - Filling up the DagBag from /home/airflow/.local/lib/python3.12/site-packages/airflow/example_dags/example_branch_operator.py
[2024-12-11T05:10:39.849+0000] {processor.py:925} INFO - DAG(s) 'example_branch_operator' retrieved from /home/airflow/.local/lib/python3.12/site-packages/airflow/example_dags/example_branch_operator.py
[2024-12-11T05:10:39.935+0000] {logging_mixin.py:190} INFO - [2024-12-11T05:10:39.935+0000] {dag.py:3239} INFO - Sync 1 DAGs
[2024-12-11T05:10:40.021+0000] {logging_mixin.py:190} INFO - [2024-12-11T05:10:40.020+0000] {dag.py:4180} INFO - Setting next_dagrun for example_branch_operator to 2024-12-10 00:00:00+00:00, run_after=2024-12-11 00:00:00+00:00
[2024-12-11T05:10:40.083+0000] {processor.py:208} INFO - Processing /home/airflow/.local/lib/python3.12/site-packages/airflow/example_dags/example_branch_operator.py took 0.346 seconds
[2024-12-11T05:17:31.474+0000] {processor.py:186} INFO - Started process (PID=959) to work on /home/airflow/.local/lib/python3.12/site-packages/airflow/example_dags/example_branch_operator.py
[2024-12-11T05:17:31.480+0000] {processor.py:914} INFO - Processing file /home/airflow/.local/lib/python3.12/site-packages/airflow/example_dags/example_branch_operator.py for tasks to queue
[2024-12-11T05:17:31.487+0000] {logging_mixin.py:190} INFO - [2024-12-11T05:17:31.485+0000] {dagbag.py:588} INFO - Filling up the DagBag from /home/airflow/.local/lib/python3.12/site-packages/airflow/example_dags/example_branch_operator.py
[2024-12-11T05:17:31.595+0000] {processor.py:925} INFO - DAG(s) 'example_branch_operator' retrieved from /home/airflow/.local/lib/python3.12/site-packages/airflow/example_dags/example_branch_operator.py
[2024-12-11T05:17:31.763+0000] {logging_mixin.py:190} INFO - [2024-12-11T05:17:31.762+0000] {dag.py:3239} INFO - Sync 1 DAGs
[2024-12-11T05:17:31.873+0000] {logging_mixin.py:190} INFO - [2024-12-11T05:17:31.872+0000] {dag.py:4180} INFO - Setting next_dagrun for example_branch_operator to 2024-12-10 00:00:00+00:00, run_after=2024-12-11 00:00:00+00:00
[2024-12-11T05:17:31.963+0000] {processor.py:208} INFO - Processing /home/airflow/.local/lib/python3.12/site-packages/airflow/example_dags/example_branch_operator.py took 0.508 seconds
[2024-12-11T05:18:02.100+0000] {processor.py:186} INFO - Started process (PID=1021) to work on /home/airflow/.local/lib/python3.12/site-packages/airflow/example_dags/example_branch_operator.py
[2024-12-11T05:18:02.103+0000] {processor.py:914} INFO - Processing file /home/airflow/.local/lib/python3.12/site-packages/airflow/example_dags/example_branch_operator.py for tasks to queue
[2024-12-11T05:18:02.106+0000] {logging_mixin.py:190} INFO - [2024-12-11T05:18:02.105+0000] {dagbag.py:588} INFO - Filling up the DagBag from /home/airflow/.local/lib/python3.12/site-packages/airflow/example_dags/example_branch_operator.py
[2024-12-11T05:18:02.160+0000] {processor.py:925} INFO - DAG(s) 'example_branch_operator' retrieved from /home/airflow/.local/lib/python3.12/site-packages/airflow/example_dags/example_branch_operator.py
[2024-12-11T05:18:02.234+0000] {logging_mixin.py:190} INFO - [2024-12-11T05:18:02.233+0000] {dag.py:3239} INFO - Sync 1 DAGs
[2024-12-11T05:18:02.309+0000] {logging_mixin.py:190} INFO - [2024-12-11T05:18:02.308+0000] {dag.py:4180} INFO - Setting next_dagrun for example_branch_operator to 2024-12-10 00:00:00+00:00, run_after=2024-12-11 00:00:00+00:00
[2024-12-11T05:18:02.348+0000] {processor.py:208} INFO - Processing /home/airflow/.local/lib/python3.12/site-packages/airflow/example_dags/example_branch_operator.py took 0.266 seconds
[2024-12-11T05:18:32.679+0000] {processor.py:186} INFO - Started process (PID=1084) to work on /home/airflow/.local/lib/python3.12/site-packages/airflow/example_dags/example_branch_operator.py
[2024-12-11T05:18:32.683+0000] {processor.py:914} INFO - Processing file /home/airflow/.local/lib/python3.12/site-packages/airflow/example_dags/example_branch_operator.py for tasks to queue
[2024-12-11T05:18:32.692+0000] {logging_mixin.py:190} INFO - [2024-12-11T05:18:32.691+0000] {dagbag.py:588} INFO - Filling up the DagBag from /home/airflow/.local/lib/python3.12/site-packages/airflow/example_dags/example_branch_operator.py
[2024-12-11T05:18:32.758+0000] {processor.py:925} INFO - DAG(s) 'example_branch_operator' retrieved from /home/airflow/.local/lib/python3.12/site-packages/airflow/example_dags/example_branch_operator.py
[2024-12-11T05:18:32.853+0000] {logging_mixin.py:190} INFO - [2024-12-11T05:18:32.852+0000] {dag.py:3239} INFO - Sync 1 DAGs
[2024-12-11T05:18:32.941+0000] {logging_mixin.py:190} INFO - [2024-12-11T05:18:32.940+0000] {dag.py:4180} INFO - Setting next_dagrun for example_branch_operator to 2024-12-10 00:00:00+00:00, run_after=2024-12-11 00:00:00+00:00
[2024-12-11T05:18:33.007+0000] {processor.py:208} INFO - Processing /home/airflow/.local/lib/python3.12/site-packages/airflow/example_dags/example_branch_operator.py took 0.351 seconds
[2024-12-11T05:19:03.643+0000] {processor.py:186} INFO - Started process (PID=1147) to work on /home/airflow/.local/lib/python3.12/site-packages/airflow/example_dags/example_branch_operator.py
[2024-12-11T05:19:03.645+0000] {processor.py:914} INFO - Processing file /home/airflow/.local/lib/python3.12/site-packages/airflow/example_dags/example_branch_operator.py for tasks to queue
[2024-12-11T05:19:03.647+0000] {logging_mixin.py:190} INFO - [2024-12-11T05:19:03.647+0000] {dagbag.py:588} INFO - Filling up the DagBag from /home/airflow/.local/lib/python3.12/site-packages/airflow/example_dags/example_branch_operator.py
[2024-12-11T05:19:03.678+0000] {processor.py:925} INFO - DAG(s) 'example_branch_operator' retrieved from /home/airflow/.local/lib/python3.12/site-packages/airflow/example_dags/example_branch_operator.py
[2024-12-11T05:19:03.738+0000] {logging_mixin.py:190} INFO - [2024-12-11T05:19:03.737+0000] {dag.py:3239} INFO - Sync 1 DAGs
[2024-12-11T05:19:03.785+0000] {logging_mixin.py:190} INFO - [2024-12-11T05:19:03.785+0000] {dag.py:4180} INFO - Setting next_dagrun for example_branch_operator to 2024-12-10 00:00:00+00:00, run_after=2024-12-11 00:00:00+00:00
[2024-12-11T05:19:03.823+0000] {processor.py:208} INFO - Processing /home/airflow/.local/lib/python3.12/site-packages/airflow/example_dags/example_branch_operator.py took 0.190 seconds
[2024-12-11T05:19:34.116+0000] {processor.py:186} INFO - Started process (PID=1210) to work on /home/airflow/.local/lib/python3.12/site-packages/airflow/example_dags/example_branch_operator.py
[2024-12-11T05:19:34.120+0000] {processor.py:914} INFO - Processing file /home/airflow/.local/lib/python3.12/site-packages/airflow/example_dags/example_branch_operator.py for tasks to queue
[2024-12-11T05:19:34.123+0000] {logging_mixin.py:190} INFO - [2024-12-11T05:19:34.122+0000] {dagbag.py:588} INFO - Filling up the DagBag from /home/airflow/.local/lib/python3.12/site-packages/airflow/example_dags/example_branch_operator.py
[2024-12-11T05:19:34.162+0000] {processor.py:925} INFO - DAG(s) 'example_branch_operator' retrieved from /home/airflow/.local/lib/python3.12/site-packages/airflow/example_dags/example_branch_operator.py
[2024-12-11T05:19:34.258+0000] {logging_mixin.py:190} INFO - [2024-12-11T05:19:34.248+0000] {dag.py:3239} INFO - Sync 1 DAGs
[2024-12-11T05:19:34.341+0000] {logging_mixin.py:190} INFO - [2024-12-11T05:19:34.341+0000] {dag.py:4180} INFO - Setting next_dagrun for example_branch_operator to 2024-12-10 00:00:00+00:00, run_after=2024-12-11 00:00:00+00:00
[2024-12-11T05:19:34.387+0000] {processor.py:208} INFO - Processing /home/airflow/.local/lib/python3.12/site-packages/airflow/example_dags/example_branch_operator.py took 0.285 seconds
[2024-12-11T05:20:06.231+0000] {processor.py:186} INFO - Started process (PID=1273) to work on /home/airflow/.local/lib/python3.12/site-packages/airflow/example_dags/example_branch_operator.py
[2024-12-11T05:20:06.234+0000] {processor.py:914} INFO - Processing file /home/airflow/.local/lib/python3.12/site-packages/airflow/example_dags/example_branch_operator.py for tasks to queue
[2024-12-11T05:20:06.238+0000] {logging_mixin.py:190} INFO - [2024-12-11T05:20:06.237+0000] {dagbag.py:588} INFO - Filling up the DagBag from /home/airflow/.local/lib/python3.12/site-packages/airflow/example_dags/example_branch_operator.py
[2024-12-11T05:20:06.305+0000] {processor.py:925} INFO - DAG(s) 'example_branch_operator' retrieved from /home/airflow/.local/lib/python3.12/site-packages/airflow/example_dags/example_branch_operator.py
[2024-12-11T05:20:06.402+0000] {logging_mixin.py:190} INFO - [2024-12-11T05:20:06.401+0000] {dag.py:3239} INFO - Sync 1 DAGs
[2024-12-11T05:20:06.487+0000] {logging_mixin.py:190} INFO - [2024-12-11T05:20:06.486+0000] {dag.py:4180} INFO - Setting next_dagrun for example_branch_operator to 2024-12-10 00:00:00+00:00, run_after=2024-12-11 00:00:00+00:00
[2024-12-11T05:20:06.552+0000] {processor.py:208} INFO - Processing /home/airflow/.local/lib/python3.12/site-packages/airflow/example_dags/example_branch_operator.py took 0.341 seconds
[2024-12-11T05:23:13.234+0000] {processor.py:186} INFO - Started process (PID=1336) to work on /home/airflow/.local/lib/python3.12/site-packages/airflow/example_dags/example_branch_operator.py
[2024-12-11T05:23:13.237+0000] {processor.py:914} INFO - Processing file /home/airflow/.local/lib/python3.12/site-packages/airflow/example_dags/example_branch_operator.py for tasks to queue
[2024-12-11T05:23:13.241+0000] {logging_mixin.py:190} INFO - [2024-12-11T05:23:13.240+0000] {dagbag.py:588} INFO - Filling up the DagBag from /home/airflow/.local/lib/python3.12/site-packages/airflow/example_dags/example_branch_operator.py
[2024-12-11T05:23:13.297+0000] {processor.py:925} INFO - DAG(s) 'example_branch_operator' retrieved from /home/airflow/.local/lib/python3.12/site-packages/airflow/example_dags/example_branch_operator.py
[2024-12-11T05:23:13.423+0000] {logging_mixin.py:190} INFO - [2024-12-11T05:23:13.422+0000] {dag.py:3239} INFO - Sync 1 DAGs
[2024-12-11T05:23:13.539+0000] {logging_mixin.py:190} INFO - [2024-12-11T05:23:13.539+0000] {dag.py:4180} INFO - Setting next_dagrun for example_branch_operator to 2024-12-10 00:00:00+00:00, run_after=2024-12-11 00:00:00+00:00
[2024-12-11T05:23:13.603+0000] {processor.py:208} INFO - Processing /home/airflow/.local/lib/python3.12/site-packages/airflow/example_dags/example_branch_operator.py took 0.388 seconds
[2024-12-11T05:23:44.367+0000] {processor.py:186} INFO - Started process (PID=1398) to work on /home/airflow/.local/lib/python3.12/site-packages/airflow/example_dags/example_branch_operator.py
[2024-12-11T05:23:44.370+0000] {processor.py:914} INFO - Processing file /home/airflow/.local/lib/python3.12/site-packages/airflow/example_dags/example_branch_operator.py for tasks to queue
[2024-12-11T05:23:44.373+0000] {logging_mixin.py:190} INFO - [2024-12-11T05:23:44.372+0000] {dagbag.py:588} INFO - Filling up the DagBag from /home/airflow/.local/lib/python3.12/site-packages/airflow/example_dags/example_branch_operator.py
[2024-12-11T05:23:44.439+0000] {processor.py:925} INFO - DAG(s) 'example_branch_operator' retrieved from /home/airflow/.local/lib/python3.12/site-packages/airflow/example_dags/example_branch_operator.py
[2024-12-11T05:23:44.542+0000] {logging_mixin.py:190} INFO - [2024-12-11T05:23:44.541+0000] {dag.py:3239} INFO - Sync 1 DAGs
[2024-12-11T05:23:44.630+0000] {logging_mixin.py:190} INFO - [2024-12-11T05:23:44.629+0000] {dag.py:4180} INFO - Setting next_dagrun for example_branch_operator to 2024-12-10 00:00:00+00:00, run_after=2024-12-11 00:00:00+00:00
[2024-12-11T05:23:44.684+0000] {processor.py:208} INFO - Processing /home/airflow/.local/lib/python3.12/site-packages/airflow/example_dags/example_branch_operator.py took 0.332 seconds
[2024-12-11T05:24:55.877+0000] {processor.py:186} INFO - Started process (PID=1449) to work on /home/airflow/.local/lib/python3.12/site-packages/airflow/example_dags/example_branch_operator.py
[2024-12-11T05:24:55.878+0000] {processor.py:914} INFO - Processing file /home/airflow/.local/lib/python3.12/site-packages/airflow/example_dags/example_branch_operator.py for tasks to queue
[2024-12-11T05:24:55.881+0000] {logging_mixin.py:190} INFO - [2024-12-11T05:24:55.880+0000] {dagbag.py:588} INFO - Filling up the DagBag from /home/airflow/.local/lib/python3.12/site-packages/airflow/example_dags/example_branch_operator.py
[2024-12-11T05:24:55.918+0000] {processor.py:925} INFO - DAG(s) 'example_branch_operator' retrieved from /home/airflow/.local/lib/python3.12/site-packages/airflow/example_dags/example_branch_operator.py
[2024-12-11T05:24:55.963+0000] {logging_mixin.py:190} INFO - [2024-12-11T05:24:55.963+0000] {dag.py:3239} INFO - Sync 1 DAGs
[2024-12-11T05:24:56.010+0000] {logging_mixin.py:190} INFO - [2024-12-11T05:24:56.010+0000] {dag.py:4180} INFO - Setting next_dagrun for example_branch_operator to 2024-12-10 00:00:00+00:00, run_after=2024-12-11 00:00:00+00:00
[2024-12-11T05:24:56.053+0000] {processor.py:208} INFO - Processing /home/airflow/.local/lib/python3.12/site-packages/airflow/example_dags/example_branch_operator.py took 0.185 seconds
[2024-12-11T05:25:32.019+0000] {processor.py:186} INFO - Started process (PID=1512) to work on /home/airflow/.local/lib/python3.12/site-packages/airflow/example_dags/example_branch_operator.py
[2024-12-11T05:25:32.023+0000] {processor.py:914} INFO - Processing file /home/airflow/.local/lib/python3.12/site-packages/airflow/example_dags/example_branch_operator.py for tasks to queue
[2024-12-11T05:25:32.027+0000] {logging_mixin.py:190} INFO - [2024-12-11T05:25:32.026+0000] {dagbag.py:588} INFO - Filling up the DagBag from /home/airflow/.local/lib/python3.12/site-packages/airflow/example_dags/example_branch_operator.py
[2024-12-11T05:25:32.082+0000] {processor.py:925} INFO - DAG(s) 'example_branch_operator' retrieved from /home/airflow/.local/lib/python3.12/site-packages/airflow/example_dags/example_branch_operator.py
[2024-12-11T05:25:32.168+0000] {logging_mixin.py:190} INFO - [2024-12-11T05:25:32.167+0000] {dag.py:3239} INFO - Sync 1 DAGs
[2024-12-11T05:25:32.234+0000] {logging_mixin.py:190} INFO - [2024-12-11T05:25:32.233+0000] {dag.py:4180} INFO - Setting next_dagrun for example_branch_operator to 2024-12-10 00:00:00+00:00, run_after=2024-12-11 00:00:00+00:00
[2024-12-11T05:25:32.291+0000] {processor.py:208} INFO - Processing /home/airflow/.local/lib/python3.12/site-packages/airflow/example_dags/example_branch_operator.py took 0.290 seconds
[2024-12-11T05:26:04.828+0000] {processor.py:186} INFO - Started process (PID=1575) to work on /home/airflow/.local/lib/python3.12/site-packages/airflow/example_dags/example_branch_operator.py
[2024-12-11T05:26:04.831+0000] {processor.py:914} INFO - Processing file /home/airflow/.local/lib/python3.12/site-packages/airflow/example_dags/example_branch_operator.py for tasks to queue
[2024-12-11T05:26:04.837+0000] {logging_mixin.py:190} INFO - [2024-12-11T05:26:04.835+0000] {dagbag.py:588} INFO - Filling up the DagBag from /home/airflow/.local/lib/python3.12/site-packages/airflow/example_dags/example_branch_operator.py
[2024-12-11T05:26:04.906+0000] {processor.py:925} INFO - DAG(s) 'example_branch_operator' retrieved from /home/airflow/.local/lib/python3.12/site-packages/airflow/example_dags/example_branch_operator.py
[2024-12-11T05:26:05.013+0000] {logging_mixin.py:190} INFO - [2024-12-11T05:26:05.012+0000] {dag.py:3239} INFO - Sync 1 DAGs
[2024-12-11T05:26:05.117+0000] {logging_mixin.py:190} INFO - [2024-12-11T05:26:05.116+0000] {dag.py:4180} INFO - Setting next_dagrun for example_branch_operator to 2024-12-10 00:00:00+00:00, run_after=2024-12-11 00:00:00+00:00
[2024-12-11T05:26:05.192+0000] {processor.py:208} INFO - Processing /home/airflow/.local/lib/python3.12/site-packages/airflow/example_dags/example_branch_operator.py took 0.386 seconds
[2024-12-11T05:27:28.386+0000] {processor.py:186} INFO - Started process (PID=1661) to work on /home/airflow/.local/lib/python3.12/site-packages/airflow/example_dags/example_branch_operator.py
[2024-12-11T05:27:28.391+0000] {processor.py:914} INFO - Processing file /home/airflow/.local/lib/python3.12/site-packages/airflow/example_dags/example_branch_operator.py for tasks to queue
[2024-12-11T05:27:28.397+0000] {logging_mixin.py:190} INFO - [2024-12-11T05:27:28.396+0000] {dagbag.py:588} INFO - Filling up the DagBag from /home/airflow/.local/lib/python3.12/site-packages/airflow/example_dags/example_branch_operator.py
[2024-12-11T05:27:28.480+0000] {processor.py:925} INFO - DAG(s) 'example_branch_operator' retrieved from /home/airflow/.local/lib/python3.12/site-packages/airflow/example_dags/example_branch_operator.py
[2024-12-11T05:27:28.563+0000] {logging_mixin.py:190} INFO - [2024-12-11T05:27:28.563+0000] {dag.py:3239} INFO - Sync 1 DAGs
[2024-12-11T05:27:28.623+0000] {logging_mixin.py:190} INFO - [2024-12-11T05:27:28.623+0000] {dag.py:4180} INFO - Setting next_dagrun for example_branch_operator to 2024-12-10 00:00:00+00:00, run_after=2024-12-11 00:00:00+00:00
[2024-12-11T05:27:28.670+0000] {processor.py:208} INFO - Processing /home/airflow/.local/lib/python3.12/site-packages/airflow/example_dags/example_branch_operator.py took 0.312 seconds
