[2024-12-11T04:56:35.693+0000] {processor.py:186} INFO - Started process (PID=139) to work on /home/airflow/.local/lib/python3.12/site-packages/airflow/example_dags/example_external_task_marker_dag.py
[2024-12-11T04:56:35.696+0000] {processor.py:914} INFO - Processing file /home/airflow/.local/lib/python3.12/site-packages/airflow/example_dags/example_external_task_marker_dag.py for tasks to queue
[2024-12-11T04:56:35.704+0000] {logging_mixin.py:190} INFO - [2024-12-11T04:56:35.703+0000] {dagbag.py:588} INFO - Filling up the DagBag from /home/airflow/.local/lib/python3.12/site-packages/airflow/example_dags/example_external_task_marker_dag.py
[2024-12-11T04:56:35.731+0000] {processor.py:925} INFO - DAG(s) 'example_external_task_marker_child', 'example_external_task_marker_parent' retrieved from /home/airflow/.local/lib/python3.12/site-packages/airflow/example_dags/example_external_task_marker_dag.py
[2024-12-11T04:56:36.088+0000] {logging_mixin.py:190} INFO - [2024-12-11T04:56:36.086+0000] {override.py:1911} INFO - Created Permission View: can delete on DAG:example_external_task_marker_child
[2024-12-11T04:56:36.127+0000] {logging_mixin.py:190} INFO - [2024-12-11T04:56:36.127+0000] {override.py:1911} INFO - Created Permission View: can read on DAG:example_external_task_marker_child
[2024-12-11T04:56:36.154+0000] {logging_mixin.py:190} INFO - [2024-12-11T04:56:36.153+0000] {override.py:1911} INFO - Created Permission View: can edit on DAG:example_external_task_marker_child
[2024-12-11T04:56:36.180+0000] {logging_mixin.py:190} INFO - [2024-12-11T04:56:36.180+0000] {override.py:1911} INFO - Created Permission View: can delete on DAG Run:example_external_task_marker_child
[2024-12-11T04:56:36.223+0000] {logging_mixin.py:190} INFO - [2024-12-11T04:56:36.223+0000] {override.py:1911} INFO - Created Permission View: can read on DAG Run:example_external_task_marker_child
[2024-12-11T04:56:36.254+0000] {logging_mixin.py:190} INFO - [2024-12-11T04:56:36.254+0000] {override.py:1911} INFO - Created Permission View: menu access on DAG Run:example_external_task_marker_child
[2024-12-11T04:56:36.285+0000] {logging_mixin.py:190} INFO - [2024-12-11T04:56:36.284+0000] {override.py:1911} INFO - Created Permission View: can create on DAG Run:example_external_task_marker_child
[2024-12-11T04:56:36.340+0000] {logging_mixin.py:190} INFO - [2024-12-11T04:56:36.339+0000] {override.py:1911} INFO - Created Permission View: can delete on DAG:example_external_task_marker_parent
[2024-12-11T04:56:36.381+0000] {logging_mixin.py:190} INFO - [2024-12-11T04:56:36.381+0000] {override.py:1911} INFO - Created Permission View: can read on DAG:example_external_task_marker_parent
[2024-12-11T04:56:36.409+0000] {logging_mixin.py:190} INFO - [2024-12-11T04:56:36.408+0000] {override.py:1911} INFO - Created Permission View: can edit on DAG:example_external_task_marker_parent
[2024-12-11T04:56:36.435+0000] {logging_mixin.py:190} INFO - [2024-12-11T04:56:36.434+0000] {override.py:1911} INFO - Created Permission View: can delete on DAG Run:example_external_task_marker_parent
[2024-12-11T04:56:36.457+0000] {logging_mixin.py:190} INFO - [2024-12-11T04:56:36.456+0000] {override.py:1911} INFO - Created Permission View: can read on DAG Run:example_external_task_marker_parent
[2024-12-11T04:56:36.481+0000] {logging_mixin.py:190} INFO - [2024-12-11T04:56:36.481+0000] {override.py:1911} INFO - Created Permission View: menu access on DAG Run:example_external_task_marker_parent
[2024-12-11T04:56:36.503+0000] {logging_mixin.py:190} INFO - [2024-12-11T04:56:36.502+0000] {override.py:1911} INFO - Created Permission View: can create on DAG Run:example_external_task_marker_parent
[2024-12-11T04:56:36.504+0000] {logging_mixin.py:190} INFO - [2024-12-11T04:56:36.504+0000] {dag.py:3239} INFO - Sync 2 DAGs
[2024-12-11T04:56:36.549+0000] {logging_mixin.py:190} INFO - [2024-12-11T04:56:36.548+0000] {dag.py:3262} INFO - Creating ORM DAG for example_external_task_marker_parent
[2024-12-11T04:56:36.551+0000] {logging_mixin.py:190} INFO - [2024-12-11T04:56:36.551+0000] {dag.py:3262} INFO - Creating ORM DAG for example_external_task_marker_child
[2024-12-11T04:56:36.554+0000] {logging_mixin.py:190} INFO - [2024-12-11T04:56:36.553+0000] {dag.py:4180} INFO - Setting next_dagrun for example_external_task_marker_child to None, run_after=None
[2024-12-11T04:56:36.557+0000] {logging_mixin.py:190} INFO - [2024-12-11T04:56:36.556+0000] {dag.py:4180} INFO - Setting next_dagrun for example_external_task_marker_parent to None, run_after=None
[2024-12-11T04:56:36.619+0000] {processor.py:208} INFO - Processing /home/airflow/.local/lib/python3.12/site-packages/airflow/example_dags/example_external_task_marker_dag.py took 0.944 seconds
[2024-12-11T04:57:07.537+0000] {processor.py:186} INFO - Started process (PID=202) to work on /home/airflow/.local/lib/python3.12/site-packages/airflow/example_dags/example_external_task_marker_dag.py
[2024-12-11T04:57:07.539+0000] {processor.py:914} INFO - Processing file /home/airflow/.local/lib/python3.12/site-packages/airflow/example_dags/example_external_task_marker_dag.py for tasks to queue
[2024-12-11T04:57:07.545+0000] {logging_mixin.py:190} INFO - [2024-12-11T04:57:07.544+0000] {dagbag.py:588} INFO - Filling up the DagBag from /home/airflow/.local/lib/python3.12/site-packages/airflow/example_dags/example_external_task_marker_dag.py
[2024-12-11T04:57:07.565+0000] {processor.py:925} INFO - DAG(s) 'example_external_task_marker_parent', 'example_external_task_marker_child' retrieved from /home/airflow/.local/lib/python3.12/site-packages/airflow/example_dags/example_external_task_marker_dag.py
[2024-12-11T04:57:07.625+0000] {logging_mixin.py:190} INFO - [2024-12-11T04:57:07.623+0000] {dag.py:3239} INFO - Sync 2 DAGs
[2024-12-11T04:57:07.675+0000] {logging_mixin.py:190} INFO - [2024-12-11T04:57:07.674+0000] {dag.py:4180} INFO - Setting next_dagrun for example_external_task_marker_child to None, run_after=None
[2024-12-11T04:57:07.689+0000] {logging_mixin.py:190} INFO - [2024-12-11T04:57:07.688+0000] {dag.py:4180} INFO - Setting next_dagrun for example_external_task_marker_parent to None, run_after=None
[2024-12-11T04:57:07.748+0000] {processor.py:208} INFO - Processing /home/airflow/.local/lib/python3.12/site-packages/airflow/example_dags/example_external_task_marker_dag.py took 0.226 seconds
[2024-12-11T05:01:04.144+0000] {processor.py:186} INFO - Started process (PID=270) to work on /home/airflow/.local/lib/python3.12/site-packages/airflow/example_dags/example_external_task_marker_dag.py
[2024-12-11T05:01:04.147+0000] {processor.py:914} INFO - Processing file /home/airflow/.local/lib/python3.12/site-packages/airflow/example_dags/example_external_task_marker_dag.py for tasks to queue
[2024-12-11T05:01:04.153+0000] {logging_mixin.py:190} INFO - [2024-12-11T05:01:04.153+0000] {dagbag.py:588} INFO - Filling up the DagBag from /home/airflow/.local/lib/python3.12/site-packages/airflow/example_dags/example_external_task_marker_dag.py
[2024-12-11T05:01:04.169+0000] {processor.py:925} INFO - DAG(s) 'example_external_task_marker_child', 'example_external_task_marker_parent' retrieved from /home/airflow/.local/lib/python3.12/site-packages/airflow/example_dags/example_external_task_marker_dag.py
[2024-12-11T05:01:04.231+0000] {logging_mixin.py:190} INFO - [2024-12-11T05:01:04.229+0000] {dag.py:3239} INFO - Sync 2 DAGs
[2024-12-11T05:01:04.274+0000] {logging_mixin.py:190} INFO - [2024-12-11T05:01:04.274+0000] {dag.py:4180} INFO - Setting next_dagrun for example_external_task_marker_child to None, run_after=None
[2024-12-11T05:01:04.284+0000] {logging_mixin.py:190} INFO - [2024-12-11T05:01:04.283+0000] {dag.py:4180} INFO - Setting next_dagrun for example_external_task_marker_parent to None, run_after=None
[2024-12-11T05:01:04.327+0000] {processor.py:208} INFO - Processing /home/airflow/.local/lib/python3.12/site-packages/airflow/example_dags/example_external_task_marker_dag.py took 0.194 seconds
[2024-12-11T05:03:26.990+0000] {processor.py:186} INFO - Started process (PID=361) to work on /home/airflow/.local/lib/python3.12/site-packages/airflow/example_dags/example_external_task_marker_dag.py
[2024-12-11T05:03:26.993+0000] {processor.py:914} INFO - Processing file /home/airflow/.local/lib/python3.12/site-packages/airflow/example_dags/example_external_task_marker_dag.py for tasks to queue
[2024-12-11T05:03:26.997+0000] {logging_mixin.py:190} INFO - [2024-12-11T05:03:26.996+0000] {dagbag.py:588} INFO - Filling up the DagBag from /home/airflow/.local/lib/python3.12/site-packages/airflow/example_dags/example_external_task_marker_dag.py
[2024-12-11T05:03:27.022+0000] {processor.py:925} INFO - DAG(s) 'example_external_task_marker_parent', 'example_external_task_marker_child' retrieved from /home/airflow/.local/lib/python3.12/site-packages/airflow/example_dags/example_external_task_marker_dag.py
[2024-12-11T05:03:27.087+0000] {logging_mixin.py:190} INFO - [2024-12-11T05:03:27.086+0000] {dag.py:3239} INFO - Sync 2 DAGs
[2024-12-11T05:03:27.128+0000] {logging_mixin.py:190} INFO - [2024-12-11T05:03:27.128+0000] {dag.py:4180} INFO - Setting next_dagrun for example_external_task_marker_child to None, run_after=None
[2024-12-11T05:03:27.138+0000] {logging_mixin.py:190} INFO - [2024-12-11T05:03:27.138+0000] {dag.py:4180} INFO - Setting next_dagrun for example_external_task_marker_parent to None, run_after=None
[2024-12-11T05:03:27.190+0000] {processor.py:208} INFO - Processing /home/airflow/.local/lib/python3.12/site-packages/airflow/example_dags/example_external_task_marker_dag.py took 0.215 seconds
[2024-12-11T05:05:27.656+0000] {processor.py:186} INFO - Started process (PID=434) to work on /home/airflow/.local/lib/python3.12/site-packages/airflow/example_dags/example_external_task_marker_dag.py
[2024-12-11T05:05:27.660+0000] {processor.py:914} INFO - Processing file /home/airflow/.local/lib/python3.12/site-packages/airflow/example_dags/example_external_task_marker_dag.py for tasks to queue
[2024-12-11T05:05:27.665+0000] {logging_mixin.py:190} INFO - [2024-12-11T05:05:27.663+0000] {dagbag.py:588} INFO - Filling up the DagBag from /home/airflow/.local/lib/python3.12/site-packages/airflow/example_dags/example_external_task_marker_dag.py
[2024-12-11T05:05:27.720+0000] {processor.py:925} INFO - DAG(s) 'example_external_task_marker_child', 'example_external_task_marker_parent' retrieved from /home/airflow/.local/lib/python3.12/site-packages/airflow/example_dags/example_external_task_marker_dag.py
[2024-12-11T05:05:32.532+0000] {logging_mixin.py:190} INFO - [2024-12-11T05:05:32.528+0000] {dag.py:3239} INFO - Sync 2 DAGs
[2024-12-11T05:05:32.654+0000] {logging_mixin.py:190} INFO - [2024-12-11T05:05:32.654+0000] {dag.py:4180} INFO - Setting next_dagrun for example_external_task_marker_child to None, run_after=None
[2024-12-11T05:05:32.669+0000] {logging_mixin.py:190} INFO - [2024-12-11T05:05:32.668+0000] {dag.py:4180} INFO - Setting next_dagrun for example_external_task_marker_parent to None, run_after=None
[2024-12-11T05:05:32.747+0000] {processor.py:208} INFO - Processing /home/airflow/.local/lib/python3.12/site-packages/airflow/example_dags/example_external_task_marker_dag.py took 5.121 seconds
[2024-12-11T05:06:03.225+0000] {processor.py:186} INFO - Started process (PID=501) to work on /home/airflow/.local/lib/python3.12/site-packages/airflow/example_dags/example_external_task_marker_dag.py
[2024-12-11T05:06:03.228+0000] {processor.py:914} INFO - Processing file /home/airflow/.local/lib/python3.12/site-packages/airflow/example_dags/example_external_task_marker_dag.py for tasks to queue
[2024-12-11T05:06:03.231+0000] {logging_mixin.py:190} INFO - [2024-12-11T05:06:03.230+0000] {dagbag.py:588} INFO - Filling up the DagBag from /home/airflow/.local/lib/python3.12/site-packages/airflow/example_dags/example_external_task_marker_dag.py
[2024-12-11T05:06:03.257+0000] {processor.py:925} INFO - DAG(s) 'example_external_task_marker_child', 'example_external_task_marker_parent' retrieved from /home/airflow/.local/lib/python3.12/site-packages/airflow/example_dags/example_external_task_marker_dag.py
[2024-12-11T05:06:03.326+0000] {logging_mixin.py:190} INFO - [2024-12-11T05:06:03.325+0000] {dag.py:3239} INFO - Sync 2 DAGs
[2024-12-11T05:06:03.368+0000] {logging_mixin.py:190} INFO - [2024-12-11T05:06:03.367+0000] {dag.py:4180} INFO - Setting next_dagrun for example_external_task_marker_child to None, run_after=None
[2024-12-11T05:06:03.381+0000] {logging_mixin.py:190} INFO - [2024-12-11T05:06:03.380+0000] {dag.py:4180} INFO - Setting next_dagrun for example_external_task_marker_parent to None, run_after=None
[2024-12-11T05:06:03.426+0000] {processor.py:208} INFO - Processing /home/airflow/.local/lib/python3.12/site-packages/airflow/example_dags/example_external_task_marker_dag.py took 0.215 seconds
[2024-12-11T05:07:40.553+0000] {processor.py:186} INFO - Started process (PID=611) to work on /home/airflow/.local/lib/python3.12/site-packages/airflow/example_dags/example_external_task_marker_dag.py
[2024-12-11T05:07:40.555+0000] {processor.py:914} INFO - Processing file /home/airflow/.local/lib/python3.12/site-packages/airflow/example_dags/example_external_task_marker_dag.py for tasks to queue
[2024-12-11T05:07:40.559+0000] {logging_mixin.py:190} INFO - [2024-12-11T05:07:40.558+0000] {dagbag.py:588} INFO - Filling up the DagBag from /home/airflow/.local/lib/python3.12/site-packages/airflow/example_dags/example_external_task_marker_dag.py
[2024-12-11T05:07:40.573+0000] {processor.py:925} INFO - DAG(s) 'example_external_task_marker_parent', 'example_external_task_marker_child' retrieved from /home/airflow/.local/lib/python3.12/site-packages/airflow/example_dags/example_external_task_marker_dag.py
[2024-12-11T05:07:40.618+0000] {logging_mixin.py:190} INFO - [2024-12-11T05:07:40.618+0000] {dag.py:3239} INFO - Sync 2 DAGs
[2024-12-11T05:07:40.645+0000] {logging_mixin.py:190} INFO - [2024-12-11T05:07:40.644+0000] {dag.py:4180} INFO - Setting next_dagrun for example_external_task_marker_child to None, run_after=None
[2024-12-11T05:07:40.653+0000] {logging_mixin.py:190} INFO - [2024-12-11T05:07:40.653+0000] {dag.py:4180} INFO - Setting next_dagrun for example_external_task_marker_parent to None, run_after=None
[2024-12-11T05:07:40.687+0000] {processor.py:208} INFO - Processing /home/airflow/.local/lib/python3.12/site-packages/airflow/example_dags/example_external_task_marker_dag.py took 0.142 seconds
[2024-12-11T05:08:12.641+0000] {processor.py:186} INFO - Started process (PID=674) to work on /home/airflow/.local/lib/python3.12/site-packages/airflow/example_dags/example_external_task_marker_dag.py
[2024-12-11T05:08:12.643+0000] {processor.py:914} INFO - Processing file /home/airflow/.local/lib/python3.12/site-packages/airflow/example_dags/example_external_task_marker_dag.py for tasks to queue
[2024-12-11T05:08:12.647+0000] {logging_mixin.py:190} INFO - [2024-12-11T05:08:12.646+0000] {dagbag.py:588} INFO - Filling up the DagBag from /home/airflow/.local/lib/python3.12/site-packages/airflow/example_dags/example_external_task_marker_dag.py
[2024-12-11T05:08:12.667+0000] {processor.py:925} INFO - DAG(s) 'example_external_task_marker_parent', 'example_external_task_marker_child' retrieved from /home/airflow/.local/lib/python3.12/site-packages/airflow/example_dags/example_external_task_marker_dag.py
[2024-12-11T05:08:12.733+0000] {logging_mixin.py:190} INFO - [2024-12-11T05:08:12.732+0000] {dag.py:3239} INFO - Sync 2 DAGs
[2024-12-11T05:08:12.773+0000] {logging_mixin.py:190} INFO - [2024-12-11T05:08:12.772+0000] {dag.py:4180} INFO - Setting next_dagrun for example_external_task_marker_child to None, run_after=None
[2024-12-11T05:08:12.781+0000] {logging_mixin.py:190} INFO - [2024-12-11T05:08:12.781+0000] {dag.py:4180} INFO - Setting next_dagrun for example_external_task_marker_parent to None, run_after=None
[2024-12-11T05:08:12.822+0000] {processor.py:208} INFO - Processing /home/airflow/.local/lib/python3.12/site-packages/airflow/example_dags/example_external_task_marker_dag.py took 0.193 seconds
[2024-12-11T05:09:36.698+0000] {processor.py:186} INFO - Started process (PID=752) to work on /home/airflow/.local/lib/python3.12/site-packages/airflow/example_dags/example_external_task_marker_dag.py
[2024-12-11T05:09:36.701+0000] {processor.py:914} INFO - Processing file /home/airflow/.local/lib/python3.12/site-packages/airflow/example_dags/example_external_task_marker_dag.py for tasks to queue
[2024-12-11T05:09:36.706+0000] {logging_mixin.py:190} INFO - [2024-12-11T05:09:36.704+0000] {dagbag.py:588} INFO - Filling up the DagBag from /home/airflow/.local/lib/python3.12/site-packages/airflow/example_dags/example_external_task_marker_dag.py
[2024-12-11T05:09:36.739+0000] {processor.py:925} INFO - DAG(s) 'example_external_task_marker_child', 'example_external_task_marker_parent' retrieved from /home/airflow/.local/lib/python3.12/site-packages/airflow/example_dags/example_external_task_marker_dag.py
[2024-12-11T05:09:36.801+0000] {logging_mixin.py:190} INFO - [2024-12-11T05:09:36.801+0000] {dag.py:3239} INFO - Sync 2 DAGs
[2024-12-11T05:09:36.836+0000] {logging_mixin.py:190} INFO - [2024-12-11T05:09:36.835+0000] {dag.py:4180} INFO - Setting next_dagrun for example_external_task_marker_child to None, run_after=None
[2024-12-11T05:09:36.854+0000] {logging_mixin.py:190} INFO - [2024-12-11T05:09:36.854+0000] {dag.py:4180} INFO - Setting next_dagrun for example_external_task_marker_parent to None, run_after=None
[2024-12-11T05:09:36.903+0000] {processor.py:208} INFO - Processing /home/airflow/.local/lib/python3.12/site-packages/airflow/example_dags/example_external_task_marker_dag.py took 0.228 seconds
[2024-12-11T05:10:07.329+0000] {processor.py:186} INFO - Started process (PID=815) to work on /home/airflow/.local/lib/python3.12/site-packages/airflow/example_dags/example_external_task_marker_dag.py
[2024-12-11T05:10:07.332+0000] {processor.py:914} INFO - Processing file /home/airflow/.local/lib/python3.12/site-packages/airflow/example_dags/example_external_task_marker_dag.py for tasks to queue
[2024-12-11T05:10:07.334+0000] {logging_mixin.py:190} INFO - [2024-12-11T05:10:07.334+0000] {dagbag.py:588} INFO - Filling up the DagBag from /home/airflow/.local/lib/python3.12/site-packages/airflow/example_dags/example_external_task_marker_dag.py
[2024-12-11T05:10:07.352+0000] {processor.py:925} INFO - DAG(s) 'example_external_task_marker_child', 'example_external_task_marker_parent' retrieved from /home/airflow/.local/lib/python3.12/site-packages/airflow/example_dags/example_external_task_marker_dag.py
[2024-12-11T05:10:07.407+0000] {logging_mixin.py:190} INFO - [2024-12-11T05:10:07.406+0000] {dag.py:3239} INFO - Sync 2 DAGs
[2024-12-11T05:10:07.443+0000] {logging_mixin.py:190} INFO - [2024-12-11T05:10:07.442+0000] {dag.py:4180} INFO - Setting next_dagrun for example_external_task_marker_child to None, run_after=None
[2024-12-11T05:10:07.451+0000] {logging_mixin.py:190} INFO - [2024-12-11T05:10:07.451+0000] {dag.py:4180} INFO - Setting next_dagrun for example_external_task_marker_parent to None, run_after=None
[2024-12-11T05:10:07.486+0000] {processor.py:208} INFO - Processing /home/airflow/.local/lib/python3.12/site-packages/airflow/example_dags/example_external_task_marker_dag.py took 0.169 seconds
[2024-12-11T05:10:43.207+0000] {processor.py:186} INFO - Started process (PID=878) to work on /home/airflow/.local/lib/python3.12/site-packages/airflow/example_dags/example_external_task_marker_dag.py
[2024-12-11T05:10:43.210+0000] {processor.py:914} INFO - Processing file /home/airflow/.local/lib/python3.12/site-packages/airflow/example_dags/example_external_task_marker_dag.py for tasks to queue
[2024-12-11T05:10:43.213+0000] {logging_mixin.py:190} INFO - [2024-12-11T05:10:43.213+0000] {dagbag.py:588} INFO - Filling up the DagBag from /home/airflow/.local/lib/python3.12/site-packages/airflow/example_dags/example_external_task_marker_dag.py
[2024-12-11T05:10:43.260+0000] {processor.py:925} INFO - DAG(s) 'example_external_task_marker_parent', 'example_external_task_marker_child' retrieved from /home/airflow/.local/lib/python3.12/site-packages/airflow/example_dags/example_external_task_marker_dag.py
[2024-12-11T05:10:43.355+0000] {logging_mixin.py:190} INFO - [2024-12-11T05:10:43.354+0000] {dag.py:3239} INFO - Sync 2 DAGs
[2024-12-11T05:10:43.404+0000] {logging_mixin.py:190} INFO - [2024-12-11T05:10:43.403+0000] {dag.py:4180} INFO - Setting next_dagrun for example_external_task_marker_child to None, run_after=None
[2024-12-11T05:10:43.415+0000] {logging_mixin.py:190} INFO - [2024-12-11T05:10:43.414+0000] {dag.py:4180} INFO - Setting next_dagrun for example_external_task_marker_parent to None, run_after=None
[2024-12-11T05:10:43.467+0000] {processor.py:208} INFO - Processing /home/airflow/.local/lib/python3.12/site-packages/airflow/example_dags/example_external_task_marker_dag.py took 0.275 seconds
[2024-12-11T05:17:35.315+0000] {processor.py:186} INFO - Started process (PID=973) to work on /home/airflow/.local/lib/python3.12/site-packages/airflow/example_dags/example_external_task_marker_dag.py
[2024-12-11T05:17:35.317+0000] {processor.py:914} INFO - Processing file /home/airflow/.local/lib/python3.12/site-packages/airflow/example_dags/example_external_task_marker_dag.py for tasks to queue
[2024-12-11T05:17:35.320+0000] {logging_mixin.py:190} INFO - [2024-12-11T05:17:35.319+0000] {dagbag.py:588} INFO - Filling up the DagBag from /home/airflow/.local/lib/python3.12/site-packages/airflow/example_dags/example_external_task_marker_dag.py
[2024-12-11T05:17:35.336+0000] {processor.py:925} INFO - DAG(s) 'example_external_task_marker_child', 'example_external_task_marker_parent' retrieved from /home/airflow/.local/lib/python3.12/site-packages/airflow/example_dags/example_external_task_marker_dag.py
[2024-12-11T05:17:35.395+0000] {logging_mixin.py:190} INFO - [2024-12-11T05:17:35.395+0000] {dag.py:3239} INFO - Sync 2 DAGs
[2024-12-11T05:17:35.438+0000] {logging_mixin.py:190} INFO - [2024-12-11T05:17:35.437+0000] {dag.py:4180} INFO - Setting next_dagrun for example_external_task_marker_child to None, run_after=None
[2024-12-11T05:17:35.448+0000] {logging_mixin.py:190} INFO - [2024-12-11T05:17:35.448+0000] {dag.py:4180} INFO - Setting next_dagrun for example_external_task_marker_parent to None, run_after=None
[2024-12-11T05:17:35.489+0000] {processor.py:208} INFO - Processing /home/airflow/.local/lib/python3.12/site-packages/airflow/example_dags/example_external_task_marker_dag.py took 0.187 seconds
[2024-12-11T05:18:06.338+0000] {processor.py:186} INFO - Started process (PID=1036) to work on /home/airflow/.local/lib/python3.12/site-packages/airflow/example_dags/example_external_task_marker_dag.py
[2024-12-11T05:18:06.340+0000] {processor.py:914} INFO - Processing file /home/airflow/.local/lib/python3.12/site-packages/airflow/example_dags/example_external_task_marker_dag.py for tasks to queue
[2024-12-11T05:18:06.343+0000] {logging_mixin.py:190} INFO - [2024-12-11T05:18:06.343+0000] {dagbag.py:588} INFO - Filling up the DagBag from /home/airflow/.local/lib/python3.12/site-packages/airflow/example_dags/example_external_task_marker_dag.py
[2024-12-11T05:18:06.362+0000] {processor.py:925} INFO - DAG(s) 'example_external_task_marker_parent', 'example_external_task_marker_child' retrieved from /home/airflow/.local/lib/python3.12/site-packages/airflow/example_dags/example_external_task_marker_dag.py
[2024-12-11T05:18:06.413+0000] {logging_mixin.py:190} INFO - [2024-12-11T05:18:06.413+0000] {dag.py:3239} INFO - Sync 2 DAGs
[2024-12-11T05:18:06.452+0000] {logging_mixin.py:190} INFO - [2024-12-11T05:18:06.452+0000] {dag.py:4180} INFO - Setting next_dagrun for example_external_task_marker_child to None, run_after=None
[2024-12-11T05:18:06.460+0000] {logging_mixin.py:190} INFO - [2024-12-11T05:18:06.459+0000] {dag.py:4180} INFO - Setting next_dagrun for example_external_task_marker_parent to None, run_after=None
[2024-12-11T05:18:06.496+0000] {processor.py:208} INFO - Processing /home/airflow/.local/lib/python3.12/site-packages/airflow/example_dags/example_external_task_marker_dag.py took 0.170 seconds
[2024-12-11T05:18:37.109+0000] {processor.py:186} INFO - Started process (PID=1098) to work on /home/airflow/.local/lib/python3.12/site-packages/airflow/example_dags/example_external_task_marker_dag.py
[2024-12-11T05:18:37.111+0000] {processor.py:914} INFO - Processing file /home/airflow/.local/lib/python3.12/site-packages/airflow/example_dags/example_external_task_marker_dag.py for tasks to queue
[2024-12-11T05:18:37.114+0000] {logging_mixin.py:190} INFO - [2024-12-11T05:18:37.113+0000] {dagbag.py:588} INFO - Filling up the DagBag from /home/airflow/.local/lib/python3.12/site-packages/airflow/example_dags/example_external_task_marker_dag.py
[2024-12-11T05:18:37.134+0000] {processor.py:925} INFO - DAG(s) 'example_external_task_marker_parent', 'example_external_task_marker_child' retrieved from /home/airflow/.local/lib/python3.12/site-packages/airflow/example_dags/example_external_task_marker_dag.py
[2024-12-11T05:18:37.201+0000] {logging_mixin.py:190} INFO - [2024-12-11T05:18:37.201+0000] {dag.py:3239} INFO - Sync 2 DAGs
[2024-12-11T05:18:37.261+0000] {logging_mixin.py:190} INFO - [2024-12-11T05:18:37.259+0000] {dag.py:4180} INFO - Setting next_dagrun for example_external_task_marker_child to None, run_after=None
[2024-12-11T05:18:37.296+0000] {logging_mixin.py:190} INFO - [2024-12-11T05:18:37.295+0000] {dag.py:4180} INFO - Setting next_dagrun for example_external_task_marker_parent to None, run_after=None
[2024-12-11T05:18:37.373+0000] {processor.py:208} INFO - Processing /home/airflow/.local/lib/python3.12/site-packages/airflow/example_dags/example_external_task_marker_dag.py took 0.278 seconds
[2024-12-11T05:19:08.048+0000] {processor.py:186} INFO - Started process (PID=1161) to work on /home/airflow/.local/lib/python3.12/site-packages/airflow/example_dags/example_external_task_marker_dag.py
[2024-12-11T05:19:08.049+0000] {processor.py:914} INFO - Processing file /home/airflow/.local/lib/python3.12/site-packages/airflow/example_dags/example_external_task_marker_dag.py for tasks to queue
[2024-12-11T05:19:08.052+0000] {logging_mixin.py:190} INFO - [2024-12-11T05:19:08.052+0000] {dagbag.py:588} INFO - Filling up the DagBag from /home/airflow/.local/lib/python3.12/site-packages/airflow/example_dags/example_external_task_marker_dag.py
[2024-12-11T05:19:08.067+0000] {processor.py:925} INFO - DAG(s) 'example_external_task_marker_child', 'example_external_task_marker_parent' retrieved from /home/airflow/.local/lib/python3.12/site-packages/airflow/example_dags/example_external_task_marker_dag.py
[2024-12-11T05:19:08.110+0000] {logging_mixin.py:190} INFO - [2024-12-11T05:19:08.109+0000] {dag.py:3239} INFO - Sync 2 DAGs
[2024-12-11T05:19:08.138+0000] {logging_mixin.py:190} INFO - [2024-12-11T05:19:08.138+0000] {dag.py:4180} INFO - Setting next_dagrun for example_external_task_marker_child to None, run_after=None
[2024-12-11T05:19:08.145+0000] {logging_mixin.py:190} INFO - [2024-12-11T05:19:08.145+0000] {dag.py:4180} INFO - Setting next_dagrun for example_external_task_marker_parent to None, run_after=None
[2024-12-11T05:19:08.181+0000] {processor.py:208} INFO - Processing /home/airflow/.local/lib/python3.12/site-packages/airflow/example_dags/example_external_task_marker_dag.py took 0.143 seconds
[2024-12-11T05:19:39.131+0000] {processor.py:186} INFO - Started process (PID=1225) to work on /home/airflow/.local/lib/python3.12/site-packages/airflow/example_dags/example_external_task_marker_dag.py
[2024-12-11T05:19:39.133+0000] {processor.py:914} INFO - Processing file /home/airflow/.local/lib/python3.12/site-packages/airflow/example_dags/example_external_task_marker_dag.py for tasks to queue
[2024-12-11T05:19:39.137+0000] {logging_mixin.py:190} INFO - [2024-12-11T05:19:39.136+0000] {dagbag.py:588} INFO - Filling up the DagBag from /home/airflow/.local/lib/python3.12/site-packages/airflow/example_dags/example_external_task_marker_dag.py
[2024-12-11T05:19:39.160+0000] {processor.py:925} INFO - DAG(s) 'example_external_task_marker_parent', 'example_external_task_marker_child' retrieved from /home/airflow/.local/lib/python3.12/site-packages/airflow/example_dags/example_external_task_marker_dag.py
[2024-12-11T05:19:39.216+0000] {logging_mixin.py:190} INFO - [2024-12-11T05:19:39.215+0000] {dag.py:3239} INFO - Sync 2 DAGs
[2024-12-11T05:19:39.268+0000] {logging_mixin.py:190} INFO - [2024-12-11T05:19:39.267+0000] {dag.py:4180} INFO - Setting next_dagrun for example_external_task_marker_child to None, run_after=None
[2024-12-11T05:19:39.279+0000] {logging_mixin.py:190} INFO - [2024-12-11T05:19:39.279+0000] {dag.py:4180} INFO - Setting next_dagrun for example_external_task_marker_parent to None, run_after=None
[2024-12-11T05:19:39.340+0000] {processor.py:208} INFO - Processing /home/airflow/.local/lib/python3.12/site-packages/airflow/example_dags/example_external_task_marker_dag.py took 0.222 seconds
[2024-12-11T05:20:09.587+0000] {processor.py:186} INFO - Started process (PID=1288) to work on /home/airflow/.local/lib/python3.12/site-packages/airflow/example_dags/example_external_task_marker_dag.py
[2024-12-11T05:20:09.589+0000] {processor.py:914} INFO - Processing file /home/airflow/.local/lib/python3.12/site-packages/airflow/example_dags/example_external_task_marker_dag.py for tasks to queue
[2024-12-11T05:20:09.592+0000] {logging_mixin.py:190} INFO - [2024-12-11T05:20:09.591+0000] {dagbag.py:588} INFO - Filling up the DagBag from /home/airflow/.local/lib/python3.12/site-packages/airflow/example_dags/example_external_task_marker_dag.py
[2024-12-11T05:20:09.610+0000] {processor.py:925} INFO - DAG(s) 'example_external_task_marker_child', 'example_external_task_marker_parent' retrieved from /home/airflow/.local/lib/python3.12/site-packages/airflow/example_dags/example_external_task_marker_dag.py
[2024-12-11T05:20:09.663+0000] {logging_mixin.py:190} INFO - [2024-12-11T05:20:09.662+0000] {dag.py:3239} INFO - Sync 2 DAGs
[2024-12-11T05:20:09.694+0000] {logging_mixin.py:190} INFO - [2024-12-11T05:20:09.693+0000] {dag.py:4180} INFO - Setting next_dagrun for example_external_task_marker_child to None, run_after=None
[2024-12-11T05:20:09.702+0000] {logging_mixin.py:190} INFO - [2024-12-11T05:20:09.702+0000] {dag.py:4180} INFO - Setting next_dagrun for example_external_task_marker_parent to None, run_after=None
[2024-12-11T05:20:09.737+0000] {processor.py:208} INFO - Processing /home/airflow/.local/lib/python3.12/site-packages/airflow/example_dags/example_external_task_marker_dag.py took 0.163 seconds
[2024-12-11T05:23:26.181+0000] {processor.py:186} INFO - Started process (PID=1374) to work on /home/airflow/.local/lib/python3.12/site-packages/airflow/example_dags/example_external_task_marker_dag.py
[2024-12-11T05:23:26.183+0000] {processor.py:914} INFO - Processing file /home/airflow/.local/lib/python3.12/site-packages/airflow/example_dags/example_external_task_marker_dag.py for tasks to queue
[2024-12-11T05:23:26.186+0000] {logging_mixin.py:190} INFO - [2024-12-11T05:23:26.185+0000] {dagbag.py:588} INFO - Filling up the DagBag from /home/airflow/.local/lib/python3.12/site-packages/airflow/example_dags/example_external_task_marker_dag.py
[2024-12-11T05:23:26.204+0000] {processor.py:925} INFO - DAG(s) 'example_external_task_marker_child', 'example_external_task_marker_parent' retrieved from /home/airflow/.local/lib/python3.12/site-packages/airflow/example_dags/example_external_task_marker_dag.py
[2024-12-11T05:23:26.266+0000] {logging_mixin.py:190} INFO - [2024-12-11T05:23:26.265+0000] {dag.py:3239} INFO - Sync 2 DAGs
[2024-12-11T05:23:26.308+0000] {logging_mixin.py:190} INFO - [2024-12-11T05:23:26.308+0000] {dag.py:4180} INFO - Setting next_dagrun for example_external_task_marker_child to None, run_after=None
[2024-12-11T05:23:26.317+0000] {logging_mixin.py:190} INFO - [2024-12-11T05:23:26.317+0000] {dag.py:4180} INFO - Setting next_dagrun for example_external_task_marker_parent to None, run_after=None
[2024-12-11T05:23:26.375+0000] {processor.py:208} INFO - Processing /home/airflow/.local/lib/python3.12/site-packages/airflow/example_dags/example_external_task_marker_dag.py took 0.203 seconds
[2024-12-11T05:24:57.444+0000] {processor.py:186} INFO - Started process (PID=1463) to work on /home/airflow/.local/lib/python3.12/site-packages/airflow/example_dags/example_external_task_marker_dag.py
[2024-12-11T05:24:57.446+0000] {processor.py:914} INFO - Processing file /home/airflow/.local/lib/python3.12/site-packages/airflow/example_dags/example_external_task_marker_dag.py for tasks to queue
[2024-12-11T05:24:57.448+0000] {logging_mixin.py:190} INFO - [2024-12-11T05:24:57.448+0000] {dagbag.py:588} INFO - Filling up the DagBag from /home/airflow/.local/lib/python3.12/site-packages/airflow/example_dags/example_external_task_marker_dag.py
[2024-12-11T05:24:57.466+0000] {processor.py:925} INFO - DAG(s) 'example_external_task_marker_child', 'example_external_task_marker_parent' retrieved from /home/airflow/.local/lib/python3.12/site-packages/airflow/example_dags/example_external_task_marker_dag.py
[2024-12-11T05:24:57.521+0000] {logging_mixin.py:190} INFO - [2024-12-11T05:24:57.521+0000] {dag.py:3239} INFO - Sync 2 DAGs
[2024-12-11T05:24:57.557+0000] {logging_mixin.py:190} INFO - [2024-12-11T05:24:57.556+0000] {dag.py:4180} INFO - Setting next_dagrun for example_external_task_marker_child to None, run_after=None
[2024-12-11T05:24:57.564+0000] {logging_mixin.py:190} INFO - [2024-12-11T05:24:57.564+0000] {dag.py:4180} INFO - Setting next_dagrun for example_external_task_marker_parent to None, run_after=None
[2024-12-11T05:24:57.598+0000] {processor.py:208} INFO - Processing /home/airflow/.local/lib/python3.12/site-packages/airflow/example_dags/example_external_task_marker_dag.py took 0.165 seconds
[2024-12-11T05:25:34.598+0000] {processor.py:186} INFO - Started process (PID=1526) to work on /home/airflow/.local/lib/python3.12/site-packages/airflow/example_dags/example_external_task_marker_dag.py
[2024-12-11T05:25:34.601+0000] {processor.py:914} INFO - Processing file /home/airflow/.local/lib/python3.12/site-packages/airflow/example_dags/example_external_task_marker_dag.py for tasks to queue
[2024-12-11T05:25:34.605+0000] {logging_mixin.py:190} INFO - [2024-12-11T05:25:34.604+0000] {dagbag.py:588} INFO - Filling up the DagBag from /home/airflow/.local/lib/python3.12/site-packages/airflow/example_dags/example_external_task_marker_dag.py
[2024-12-11T05:25:34.628+0000] {processor.py:925} INFO - DAG(s) 'example_external_task_marker_child', 'example_external_task_marker_parent' retrieved from /home/airflow/.local/lib/python3.12/site-packages/airflow/example_dags/example_external_task_marker_dag.py
[2024-12-11T05:25:34.692+0000] {logging_mixin.py:190} INFO - [2024-12-11T05:25:34.692+0000] {dag.py:3239} INFO - Sync 2 DAGs
[2024-12-11T05:25:34.730+0000] {logging_mixin.py:190} INFO - [2024-12-11T05:25:34.730+0000] {dag.py:4180} INFO - Setting next_dagrun for example_external_task_marker_child to None, run_after=None
[2024-12-11T05:25:34.741+0000] {logging_mixin.py:190} INFO - [2024-12-11T05:25:34.740+0000] {dag.py:4180} INFO - Setting next_dagrun for example_external_task_marker_parent to None, run_after=None
[2024-12-11T05:25:34.794+0000] {processor.py:208} INFO - Processing /home/airflow/.local/lib/python3.12/site-packages/airflow/example_dags/example_external_task_marker_dag.py took 0.210 seconds
[2024-12-11T05:26:07.797+0000] {processor.py:186} INFO - Started process (PID=1589) to work on /home/airflow/.local/lib/python3.12/site-packages/airflow/example_dags/example_external_task_marker_dag.py
[2024-12-11T05:26:07.800+0000] {processor.py:914} INFO - Processing file /home/airflow/.local/lib/python3.12/site-packages/airflow/example_dags/example_external_task_marker_dag.py for tasks to queue
[2024-12-11T05:26:07.804+0000] {logging_mixin.py:190} INFO - [2024-12-11T05:26:07.803+0000] {dagbag.py:588} INFO - Filling up the DagBag from /home/airflow/.local/lib/python3.12/site-packages/airflow/example_dags/example_external_task_marker_dag.py
[2024-12-11T05:26:07.826+0000] {processor.py:925} INFO - DAG(s) 'example_external_task_marker_child', 'example_external_task_marker_parent' retrieved from /home/airflow/.local/lib/python3.12/site-packages/airflow/example_dags/example_external_task_marker_dag.py
[2024-12-11T05:26:07.909+0000] {logging_mixin.py:190} INFO - [2024-12-11T05:26:07.908+0000] {dag.py:3239} INFO - Sync 2 DAGs
[2024-12-11T05:26:07.969+0000] {logging_mixin.py:190} INFO - [2024-12-11T05:26:07.968+0000] {dag.py:4180} INFO - Setting next_dagrun for example_external_task_marker_child to None, run_after=None
[2024-12-11T05:26:07.985+0000] {logging_mixin.py:190} INFO - [2024-12-11T05:26:07.983+0000] {dag.py:4180} INFO - Setting next_dagrun for example_external_task_marker_parent to None, run_after=None
[2024-12-11T05:26:08.049+0000] {processor.py:208} INFO - Processing /home/airflow/.local/lib/python3.12/site-packages/airflow/example_dags/example_external_task_marker_dag.py took 0.268 seconds
[2024-12-11T05:27:30.781+0000] {processor.py:186} INFO - Started process (PID=1675) to work on /home/airflow/.local/lib/python3.12/site-packages/airflow/example_dags/example_external_task_marker_dag.py
[2024-12-11T05:27:30.784+0000] {processor.py:914} INFO - Processing file /home/airflow/.local/lib/python3.12/site-packages/airflow/example_dags/example_external_task_marker_dag.py for tasks to queue
[2024-12-11T05:27:30.787+0000] {logging_mixin.py:190} INFO - [2024-12-11T05:27:30.786+0000] {dagbag.py:588} INFO - Filling up the DagBag from /home/airflow/.local/lib/python3.12/site-packages/airflow/example_dags/example_external_task_marker_dag.py
[2024-12-11T05:27:30.807+0000] {processor.py:925} INFO - DAG(s) 'example_external_task_marker_child', 'example_external_task_marker_parent' retrieved from /home/airflow/.local/lib/python3.12/site-packages/airflow/example_dags/example_external_task_marker_dag.py
[2024-12-11T05:27:30.867+0000] {logging_mixin.py:190} INFO - [2024-12-11T05:27:30.866+0000] {dag.py:3239} INFO - Sync 2 DAGs
[2024-12-11T05:27:30.925+0000] {logging_mixin.py:190} INFO - [2024-12-11T05:27:30.923+0000] {dag.py:4180} INFO - Setting next_dagrun for example_external_task_marker_child to None, run_after=None
[2024-12-11T05:27:30.943+0000] {logging_mixin.py:190} INFO - [2024-12-11T05:27:30.942+0000] {dag.py:4180} INFO - Setting next_dagrun for example_external_task_marker_parent to None, run_after=None
[2024-12-11T05:27:31.006+0000] {processor.py:208} INFO - Processing /home/airflow/.local/lib/python3.12/site-packages/airflow/example_dags/example_external_task_marker_dag.py took 0.239 seconds
