[2024-12-11T04:55:00.068+0000] {processor.py:186} INFO - Started process (PID=71) to work on /home/airflow/.local/lib/python3.12/site-packages/airflow/example_dags/example_params_ui_tutorial.py
[2024-12-11T04:55:00.074+0000] {processor.py:914} INFO - Processing file /home/airflow/.local/lib/python3.12/site-packages/airflow/example_dags/example_params_ui_tutorial.py for tasks to queue
[2024-12-11T04:55:00.108+0000] {logging_mixin.py:190} INFO - [2024-12-11T04:55:00.106+0000] {dagbag.py:588} INFO - Filling up the DagBag from /home/airflow/.local/lib/python3.12/site-packages/airflow/example_dags/example_params_ui_tutorial.py
[2024-12-11T04:55:00.487+0000] {processor.py:925} INFO - DAG(s) 'example_params_ui_tutorial' retrieved from /home/airflow/.local/lib/python3.12/site-packages/airflow/example_dags/example_params_ui_tutorial.py
[2024-12-11T04:55:06.791+0000] {logging_mixin.py:190} INFO - [2024-12-11T04:55:06.774+0000] {override.py:1911} INFO - Created Permission View: can delete on DAG:example_params_ui_tutorial
[2024-12-11T04:55:06.879+0000] {logging_mixin.py:190} INFO - [2024-12-11T04:55:06.878+0000] {override.py:1911} INFO - Created Permission View: can read on DAG:example_params_ui_tutorial
[2024-12-11T04:55:06.938+0000] {logging_mixin.py:190} INFO - [2024-12-11T04:55:06.930+0000] {override.py:1911} INFO - Created Permission View: can edit on DAG:example_params_ui_tutorial
[2024-12-11T04:55:07.022+0000] {logging_mixin.py:190} INFO - [2024-12-11T04:55:07.021+0000] {override.py:1911} INFO - Created Permission View: can delete on DAG Run:example_params_ui_tutorial
[2024-12-11T04:55:07.085+0000] {logging_mixin.py:190} INFO - [2024-12-11T04:55:07.084+0000] {override.py:1911} INFO - Created Permission View: can read on DAG Run:example_params_ui_tutorial
[2024-12-11T04:55:07.189+0000] {logging_mixin.py:190} INFO - [2024-12-11T04:55:07.188+0000] {override.py:1911} INFO - Created Permission View: menu access on DAG Run:example_params_ui_tutorial
[2024-12-11T04:55:07.252+0000] {logging_mixin.py:190} INFO - [2024-12-11T04:55:07.252+0000] {override.py:1911} INFO - Created Permission View: can create on DAG Run:example_params_ui_tutorial
[2024-12-11T04:55:07.262+0000] {logging_mixin.py:190} INFO - [2024-12-11T04:55:07.262+0000] {dag.py:3239} INFO - Sync 1 DAGs
[2024-12-11T04:55:07.426+0000] {logging_mixin.py:190} INFO - [2024-12-11T04:55:07.424+0000] {dag.py:3262} INFO - Creating ORM DAG for example_params_ui_tutorial
[2024-12-11T04:55:07.431+0000] {logging_mixin.py:190} INFO - [2024-12-11T04:55:07.431+0000] {dag.py:4180} INFO - Setting next_dagrun for example_params_ui_tutorial to None, run_after=None
[2024-12-11T04:55:07.641+0000] {processor.py:208} INFO - Processing /home/airflow/.local/lib/python3.12/site-packages/airflow/example_dags/example_params_ui_tutorial.py took 7.681 seconds
[2024-12-11T04:56:37.628+0000] {processor.py:186} INFO - Started process (PID=147) to work on /home/airflow/.local/lib/python3.12/site-packages/airflow/example_dags/example_params_ui_tutorial.py
[2024-12-11T04:56:37.631+0000] {processor.py:914} INFO - Processing file /home/airflow/.local/lib/python3.12/site-packages/airflow/example_dags/example_params_ui_tutorial.py for tasks to queue
[2024-12-11T04:56:37.638+0000] {logging_mixin.py:190} INFO - [2024-12-11T04:56:37.637+0000] {dagbag.py:588} INFO - Filling up the DagBag from /home/airflow/.local/lib/python3.12/site-packages/airflow/example_dags/example_params_ui_tutorial.py
[2024-12-11T04:56:37.667+0000] {processor.py:925} INFO - DAG(s) 'example_params_ui_tutorial' retrieved from /home/airflow/.local/lib/python3.12/site-packages/airflow/example_dags/example_params_ui_tutorial.py
[2024-12-11T04:56:37.869+0000] {logging_mixin.py:190} INFO - [2024-12-11T04:56:37.869+0000] {dag.py:3239} INFO - Sync 1 DAGs
[2024-12-11T04:56:37.930+0000] {logging_mixin.py:190} INFO - [2024-12-11T04:56:37.929+0000] {dag.py:4180} INFO - Setting next_dagrun for example_params_ui_tutorial to None, run_after=None
[2024-12-11T04:56:37.985+0000] {processor.py:208} INFO - Processing /home/airflow/.local/lib/python3.12/site-packages/airflow/example_dags/example_params_ui_tutorial.py took 0.375 seconds
[2024-12-11T04:57:08.432+0000] {processor.py:186} INFO - Started process (PID=209) to work on /home/airflow/.local/lib/python3.12/site-packages/airflow/example_dags/example_params_ui_tutorial.py
[2024-12-11T04:57:08.443+0000] {processor.py:914} INFO - Processing file /home/airflow/.local/lib/python3.12/site-packages/airflow/example_dags/example_params_ui_tutorial.py for tasks to queue
[2024-12-11T04:57:08.450+0000] {logging_mixin.py:190} INFO - [2024-12-11T04:57:08.449+0000] {dagbag.py:588} INFO - Filling up the DagBag from /home/airflow/.local/lib/python3.12/site-packages/airflow/example_dags/example_params_ui_tutorial.py
[2024-12-11T04:57:08.483+0000] {processor.py:925} INFO - DAG(s) 'example_params_ui_tutorial' retrieved from /home/airflow/.local/lib/python3.12/site-packages/airflow/example_dags/example_params_ui_tutorial.py
[2024-12-11T04:57:08.625+0000] {logging_mixin.py:190} INFO - [2024-12-11T04:57:08.625+0000] {dag.py:3239} INFO - Sync 1 DAGs
[2024-12-11T04:57:08.671+0000] {logging_mixin.py:190} INFO - [2024-12-11T04:57:08.670+0000] {dag.py:4180} INFO - Setting next_dagrun for example_params_ui_tutorial to None, run_after=None
[2024-12-11T04:57:08.726+0000] {processor.py:208} INFO - Processing /home/airflow/.local/lib/python3.12/site-packages/airflow/example_dags/example_params_ui_tutorial.py took 0.307 seconds
[2024-12-11T05:00:46.656+0000] {processor.py:186} INFO - Started process (PID=225) to work on /home/airflow/.local/lib/python3.12/site-packages/airflow/example_dags/example_params_ui_tutorial.py
[2024-12-11T05:00:46.670+0000] {processor.py:914} INFO - Processing file /home/airflow/.local/lib/python3.12/site-packages/airflow/example_dags/example_params_ui_tutorial.py for tasks to queue
[2024-12-11T05:00:46.683+0000] {logging_mixin.py:190} INFO - [2024-12-11T05:00:46.678+0000] {dagbag.py:588} INFO - Filling up the DagBag from /home/airflow/.local/lib/python3.12/site-packages/airflow/example_dags/example_params_ui_tutorial.py
[2024-12-11T05:00:46.774+0000] {processor.py:925} INFO - DAG(s) 'example_params_ui_tutorial' retrieved from /home/airflow/.local/lib/python3.12/site-packages/airflow/example_dags/example_params_ui_tutorial.py
[2024-12-11T05:00:47.222+0000] {logging_mixin.py:190} INFO - [2024-12-11T05:00:47.221+0000] {dag.py:3239} INFO - Sync 1 DAGs
[2024-12-11T05:00:47.475+0000] {logging_mixin.py:190} INFO - [2024-12-11T05:00:47.474+0000] {dag.py:4180} INFO - Setting next_dagrun for example_params_ui_tutorial to None, run_after=None
[2024-12-11T05:00:47.647+0000] {processor.py:208} INFO - Processing /home/airflow/.local/lib/python3.12/site-packages/airflow/example_dags/example_params_ui_tutorial.py took 1.040 seconds
[2024-12-11T05:01:19.708+0000] {processor.py:186} INFO - Started process (PID=282) to work on /home/airflow/.local/lib/python3.12/site-packages/airflow/example_dags/example_params_ui_tutorial.py
[2024-12-11T05:01:19.712+0000] {processor.py:914} INFO - Processing file /home/airflow/.local/lib/python3.12/site-packages/airflow/example_dags/example_params_ui_tutorial.py for tasks to queue
[2024-12-11T05:01:19.719+0000] {logging_mixin.py:190} INFO - [2024-12-11T05:01:19.719+0000] {dagbag.py:588} INFO - Filling up the DagBag from /home/airflow/.local/lib/python3.12/site-packages/airflow/example_dags/example_params_ui_tutorial.py
[2024-12-11T05:01:19.757+0000] {processor.py:925} INFO - DAG(s) 'example_params_ui_tutorial' retrieved from /home/airflow/.local/lib/python3.12/site-packages/airflow/example_dags/example_params_ui_tutorial.py
[2024-12-11T05:01:20.024+0000] {logging_mixin.py:190} INFO - [2024-12-11T05:01:20.023+0000] {dag.py:3239} INFO - Sync 1 DAGs
[2024-12-11T05:01:20.109+0000] {logging_mixin.py:190} INFO - [2024-12-11T05:01:20.108+0000] {dag.py:4180} INFO - Setting next_dagrun for example_params_ui_tutorial to None, run_after=None
[2024-12-11T05:01:20.217+0000] {processor.py:208} INFO - Processing /home/airflow/.local/lib/python3.12/site-packages/airflow/example_dags/example_params_ui_tutorial.py took 0.527 seconds
[2024-12-11T05:02:44.992+0000] {processor.py:186} INFO - Started process (PID=304) to work on /home/airflow/.local/lib/python3.12/site-packages/airflow/example_dags/example_params_ui_tutorial.py
[2024-12-11T05:02:44.997+0000] {processor.py:914} INFO - Processing file /home/airflow/.local/lib/python3.12/site-packages/airflow/example_dags/example_params_ui_tutorial.py for tasks to queue
[2024-12-11T05:02:45.002+0000] {logging_mixin.py:190} INFO - [2024-12-11T05:02:44.999+0000] {dagbag.py:588} INFO - Filling up the DagBag from /home/airflow/.local/lib/python3.12/site-packages/airflow/example_dags/example_params_ui_tutorial.py
[2024-12-11T05:02:45.118+0000] {processor.py:925} INFO - DAG(s) 'example_params_ui_tutorial' retrieved from /home/airflow/.local/lib/python3.12/site-packages/airflow/example_dags/example_params_ui_tutorial.py
[2024-12-11T05:02:45.628+0000] {logging_mixin.py:190} INFO - [2024-12-11T05:02:45.627+0000] {dag.py:3239} INFO - Sync 1 DAGs
[2024-12-11T05:02:45.864+0000] {logging_mixin.py:190} INFO - [2024-12-11T05:02:45.863+0000] {dag.py:4180} INFO - Setting next_dagrun for example_params_ui_tutorial to None, run_after=None
[2024-12-11T05:02:45.998+0000] {processor.py:208} INFO - Processing /home/airflow/.local/lib/python3.12/site-packages/airflow/example_dags/example_params_ui_tutorial.py took 1.064 seconds
[2024-12-11T05:03:28.060+0000] {processor.py:186} INFO - Started process (PID=369) to work on /home/airflow/.local/lib/python3.12/site-packages/airflow/example_dags/example_params_ui_tutorial.py
[2024-12-11T05:03:28.063+0000] {processor.py:914} INFO - Processing file /home/airflow/.local/lib/python3.12/site-packages/airflow/example_dags/example_params_ui_tutorial.py for tasks to queue
[2024-12-11T05:03:28.067+0000] {logging_mixin.py:190} INFO - [2024-12-11T05:03:28.066+0000] {dagbag.py:588} INFO - Filling up the DagBag from /home/airflow/.local/lib/python3.12/site-packages/airflow/example_dags/example_params_ui_tutorial.py
[2024-12-11T05:03:28.096+0000] {processor.py:925} INFO - DAG(s) 'example_params_ui_tutorial' retrieved from /home/airflow/.local/lib/python3.12/site-packages/airflow/example_dags/example_params_ui_tutorial.py
[2024-12-11T05:03:28.307+0000] {logging_mixin.py:190} INFO - [2024-12-11T05:03:28.306+0000] {dag.py:3239} INFO - Sync 1 DAGs
[2024-12-11T05:03:28.363+0000] {logging_mixin.py:190} INFO - [2024-12-11T05:03:28.362+0000] {dag.py:4180} INFO - Setting next_dagrun for example_params_ui_tutorial to None, run_after=None
[2024-12-11T05:03:28.446+0000] {processor.py:208} INFO - Processing /home/airflow/.local/lib/python3.12/site-packages/airflow/example_dags/example_params_ui_tutorial.py took 0.404 seconds
[2024-12-11T05:04:04.599+0000] {processor.py:186} INFO - Started process (PID=423) to work on /home/airflow/.local/lib/python3.12/site-packages/airflow/example_dags/example_params_ui_tutorial.py
[2024-12-11T05:04:04.601+0000] {processor.py:914} INFO - Processing file /home/airflow/.local/lib/python3.12/site-packages/airflow/example_dags/example_params_ui_tutorial.py for tasks to queue
[2024-12-11T05:04:04.604+0000] {logging_mixin.py:190} INFO - [2024-12-11T05:04:04.604+0000] {dagbag.py:588} INFO - Filling up the DagBag from /home/airflow/.local/lib/python3.12/site-packages/airflow/example_dags/example_params_ui_tutorial.py
[2024-12-11T05:04:04.627+0000] {processor.py:925} INFO - DAG(s) 'example_params_ui_tutorial' retrieved from /home/airflow/.local/lib/python3.12/site-packages/airflow/example_dags/example_params_ui_tutorial.py
[2024-12-11T05:04:04.744+0000] {logging_mixin.py:190} INFO - [2024-12-11T05:04:04.743+0000] {dag.py:3239} INFO - Sync 1 DAGs
[2024-12-11T05:04:04.782+0000] {logging_mixin.py:190} INFO - [2024-12-11T05:04:04.781+0000] {dag.py:4180} INFO - Setting next_dagrun for example_params_ui_tutorial to None, run_after=None
[2024-12-11T05:04:04.845+0000] {processor.py:208} INFO - Processing /home/airflow/.local/lib/python3.12/site-packages/airflow/example_dags/example_params_ui_tutorial.py took 0.263 seconds
[2024-12-11T05:05:34.597+0000] {processor.py:186} INFO - Started process (PID=447) to work on /home/airflow/.local/lib/python3.12/site-packages/airflow/example_dags/example_params_ui_tutorial.py
[2024-12-11T05:05:34.600+0000] {processor.py:914} INFO - Processing file /home/airflow/.local/lib/python3.12/site-packages/airflow/example_dags/example_params_ui_tutorial.py for tasks to queue
[2024-12-11T05:05:34.604+0000] {logging_mixin.py:190} INFO - [2024-12-11T05:05:34.603+0000] {dagbag.py:588} INFO - Filling up the DagBag from /home/airflow/.local/lib/python3.12/site-packages/airflow/example_dags/example_params_ui_tutorial.py
[2024-12-11T05:05:34.633+0000] {processor.py:925} INFO - DAG(s) 'example_params_ui_tutorial' retrieved from /home/airflow/.local/lib/python3.12/site-packages/airflow/example_dags/example_params_ui_tutorial.py
[2024-12-11T05:05:34.766+0000] {logging_mixin.py:190} INFO - [2024-12-11T05:05:34.765+0000] {dag.py:3239} INFO - Sync 1 DAGs
[2024-12-11T05:05:34.801+0000] {logging_mixin.py:190} INFO - [2024-12-11T05:05:34.801+0000] {dag.py:4180} INFO - Setting next_dagrun for example_params_ui_tutorial to None, run_after=None
[2024-12-11T05:05:34.841+0000] {processor.py:208} INFO - Processing /home/airflow/.local/lib/python3.12/site-packages/airflow/example_dags/example_params_ui_tutorial.py took 0.261 seconds
[2024-12-11T05:06:05.329+0000] {processor.py:186} INFO - Started process (PID=509) to work on /home/airflow/.local/lib/python3.12/site-packages/airflow/example_dags/example_params_ui_tutorial.py
[2024-12-11T05:06:05.332+0000] {processor.py:914} INFO - Processing file /home/airflow/.local/lib/python3.12/site-packages/airflow/example_dags/example_params_ui_tutorial.py for tasks to queue
[2024-12-11T05:06:05.338+0000] {logging_mixin.py:190} INFO - [2024-12-11T05:06:05.336+0000] {dagbag.py:588} INFO - Filling up the DagBag from /home/airflow/.local/lib/python3.12/site-packages/airflow/example_dags/example_params_ui_tutorial.py
[2024-12-11T05:06:05.403+0000] {processor.py:925} INFO - DAG(s) 'example_params_ui_tutorial' retrieved from /home/airflow/.local/lib/python3.12/site-packages/airflow/example_dags/example_params_ui_tutorial.py
[2024-12-11T05:06:05.663+0000] {logging_mixin.py:190} INFO - [2024-12-11T05:06:05.663+0000] {dag.py:3239} INFO - Sync 1 DAGs
[2024-12-11T05:06:05.706+0000] {logging_mixin.py:190} INFO - [2024-12-11T05:06:05.705+0000] {dag.py:4180} INFO - Setting next_dagrun for example_params_ui_tutorial to None, run_after=None
[2024-12-11T05:06:05.773+0000] {processor.py:208} INFO - Processing /home/airflow/.local/lib/python3.12/site-packages/airflow/example_dags/example_params_ui_tutorial.py took 0.466 seconds
[2024-12-11T05:07:23.688+0000] {processor.py:186} INFO - Started process (PID=559) to work on /home/airflow/.local/lib/python3.12/site-packages/airflow/example_dags/example_params_ui_tutorial.py
[2024-12-11T05:07:23.691+0000] {processor.py:914} INFO - Processing file /home/airflow/.local/lib/python3.12/site-packages/airflow/example_dags/example_params_ui_tutorial.py for tasks to queue
[2024-12-11T05:07:23.695+0000] {logging_mixin.py:190} INFO - [2024-12-11T05:07:23.693+0000] {dagbag.py:588} INFO - Filling up the DagBag from /home/airflow/.local/lib/python3.12/site-packages/airflow/example_dags/example_params_ui_tutorial.py
[2024-12-11T05:07:23.738+0000] {processor.py:925} INFO - DAG(s) 'example_params_ui_tutorial' retrieved from /home/airflow/.local/lib/python3.12/site-packages/airflow/example_dags/example_params_ui_tutorial.py
[2024-12-11T05:07:24.274+0000] {logging_mixin.py:190} INFO - [2024-12-11T05:07:24.263+0000] {dag.py:3239} INFO - Sync 1 DAGs
[2024-12-11T05:07:24.324+0000] {logging_mixin.py:190} INFO - [2024-12-11T05:07:24.323+0000] {dag.py:4180} INFO - Setting next_dagrun for example_params_ui_tutorial to None, run_after=None
[2024-12-11T05:07:24.399+0000] {processor.py:208} INFO - Processing /home/airflow/.local/lib/python3.12/site-packages/airflow/example_dags/example_params_ui_tutorial.py took 0.735 seconds
[2024-12-11T05:07:54.858+0000] {processor.py:186} INFO - Started process (PID=622) to work on /home/airflow/.local/lib/python3.12/site-packages/airflow/example_dags/example_params_ui_tutorial.py
[2024-12-11T05:07:54.861+0000] {processor.py:914} INFO - Processing file /home/airflow/.local/lib/python3.12/site-packages/airflow/example_dags/example_params_ui_tutorial.py for tasks to queue
[2024-12-11T05:07:54.864+0000] {logging_mixin.py:190} INFO - [2024-12-11T05:07:54.863+0000] {dagbag.py:588} INFO - Filling up the DagBag from /home/airflow/.local/lib/python3.12/site-packages/airflow/example_dags/example_params_ui_tutorial.py
[2024-12-11T05:07:54.885+0000] {processor.py:925} INFO - DAG(s) 'example_params_ui_tutorial' retrieved from /home/airflow/.local/lib/python3.12/site-packages/airflow/example_dags/example_params_ui_tutorial.py
[2024-12-11T05:07:55.024+0000] {logging_mixin.py:190} INFO - [2024-12-11T05:07:55.023+0000] {dag.py:3239} INFO - Sync 1 DAGs
[2024-12-11T05:07:55.062+0000] {logging_mixin.py:190} INFO - [2024-12-11T05:07:55.062+0000] {dag.py:4180} INFO - Setting next_dagrun for example_params_ui_tutorial to None, run_after=None
[2024-12-11T05:07:55.105+0000] {processor.py:208} INFO - Processing /home/airflow/.local/lib/python3.12/site-packages/airflow/example_dags/example_params_ui_tutorial.py took 0.260 seconds
[2024-12-11T05:08:25.499+0000] {processor.py:186} INFO - Started process (PID=685) to work on /home/airflow/.local/lib/python3.12/site-packages/airflow/example_dags/example_params_ui_tutorial.py
[2024-12-11T05:08:25.501+0000] {processor.py:914} INFO - Processing file /home/airflow/.local/lib/python3.12/site-packages/airflow/example_dags/example_params_ui_tutorial.py for tasks to queue
[2024-12-11T05:08:25.503+0000] {logging_mixin.py:190} INFO - [2024-12-11T05:08:25.502+0000] {dagbag.py:588} INFO - Filling up the DagBag from /home/airflow/.local/lib/python3.12/site-packages/airflow/example_dags/example_params_ui_tutorial.py
[2024-12-11T05:08:25.523+0000] {processor.py:925} INFO - DAG(s) 'example_params_ui_tutorial' retrieved from /home/airflow/.local/lib/python3.12/site-packages/airflow/example_dags/example_params_ui_tutorial.py
[2024-12-11T05:08:25.622+0000] {logging_mixin.py:190} INFO - [2024-12-11T05:08:25.621+0000] {dag.py:3239} INFO - Sync 1 DAGs
[2024-12-11T05:08:25.656+0000] {logging_mixin.py:190} INFO - [2024-12-11T05:08:25.656+0000] {dag.py:4180} INFO - Setting next_dagrun for example_params_ui_tutorial to None, run_after=None
[2024-12-11T05:08:25.700+0000] {processor.py:208} INFO - Processing /home/airflow/.local/lib/python3.12/site-packages/airflow/example_dags/example_params_ui_tutorial.py took 0.211 seconds
[2024-12-11T05:09:23.268+0000] {processor.py:186} INFO - Started process (PID=713) to work on /home/airflow/.local/lib/python3.12/site-packages/airflow/example_dags/example_params_ui_tutorial.py
[2024-12-11T05:09:23.271+0000] {processor.py:914} INFO - Processing file /home/airflow/.local/lib/python3.12/site-packages/airflow/example_dags/example_params_ui_tutorial.py for tasks to queue
[2024-12-11T05:09:23.276+0000] {logging_mixin.py:190} INFO - [2024-12-11T05:09:23.274+0000] {dagbag.py:588} INFO - Filling up the DagBag from /home/airflow/.local/lib/python3.12/site-packages/airflow/example_dags/example_params_ui_tutorial.py
[2024-12-11T05:09:23.311+0000] {processor.py:925} INFO - DAG(s) 'example_params_ui_tutorial' retrieved from /home/airflow/.local/lib/python3.12/site-packages/airflow/example_dags/example_params_ui_tutorial.py
[2024-12-11T05:09:23.589+0000] {logging_mixin.py:190} INFO - [2024-12-11T05:09:23.588+0000] {dag.py:3239} INFO - Sync 1 DAGs
[2024-12-11T05:09:23.672+0000] {logging_mixin.py:190} INFO - [2024-12-11T05:09:23.672+0000] {dag.py:4180} INFO - Setting next_dagrun for example_params_ui_tutorial to None, run_after=None
[2024-12-11T05:09:23.761+0000] {processor.py:208} INFO - Processing /home/airflow/.local/lib/python3.12/site-packages/airflow/example_dags/example_params_ui_tutorial.py took 0.513 seconds
[2024-12-11T05:09:54.756+0000] {processor.py:186} INFO - Started process (PID=776) to work on /home/airflow/.local/lib/python3.12/site-packages/airflow/example_dags/example_params_ui_tutorial.py
[2024-12-11T05:09:54.758+0000] {processor.py:914} INFO - Processing file /home/airflow/.local/lib/python3.12/site-packages/airflow/example_dags/example_params_ui_tutorial.py for tasks to queue
[2024-12-11T05:09:54.762+0000] {logging_mixin.py:190} INFO - [2024-12-11T05:09:54.761+0000] {dagbag.py:588} INFO - Filling up the DagBag from /home/airflow/.local/lib/python3.12/site-packages/airflow/example_dags/example_params_ui_tutorial.py
[2024-12-11T05:09:54.785+0000] {processor.py:925} INFO - DAG(s) 'example_params_ui_tutorial' retrieved from /home/airflow/.local/lib/python3.12/site-packages/airflow/example_dags/example_params_ui_tutorial.py
[2024-12-11T05:09:54.906+0000] {logging_mixin.py:190} INFO - [2024-12-11T05:09:54.905+0000] {dag.py:3239} INFO - Sync 1 DAGs
[2024-12-11T05:09:54.938+0000] {logging_mixin.py:190} INFO - [2024-12-11T05:09:54.937+0000] {dag.py:4180} INFO - Setting next_dagrun for example_params_ui_tutorial to None, run_after=None
[2024-12-11T05:09:54.981+0000] {processor.py:208} INFO - Processing /home/airflow/.local/lib/python3.12/site-packages/airflow/example_dags/example_params_ui_tutorial.py took 0.238 seconds
[2024-12-11T05:10:25.159+0000] {processor.py:186} INFO - Started process (PID=839) to work on /home/airflow/.local/lib/python3.12/site-packages/airflow/example_dags/example_params_ui_tutorial.py
[2024-12-11T05:10:25.162+0000] {processor.py:914} INFO - Processing file /home/airflow/.local/lib/python3.12/site-packages/airflow/example_dags/example_params_ui_tutorial.py for tasks to queue
[2024-12-11T05:10:25.165+0000] {logging_mixin.py:190} INFO - [2024-12-11T05:10:25.164+0000] {dagbag.py:588} INFO - Filling up the DagBag from /home/airflow/.local/lib/python3.12/site-packages/airflow/example_dags/example_params_ui_tutorial.py
[2024-12-11T05:10:25.188+0000] {processor.py:925} INFO - DAG(s) 'example_params_ui_tutorial' retrieved from /home/airflow/.local/lib/python3.12/site-packages/airflow/example_dags/example_params_ui_tutorial.py
[2024-12-11T05:10:25.302+0000] {logging_mixin.py:190} INFO - [2024-12-11T05:10:25.301+0000] {dag.py:3239} INFO - Sync 1 DAGs
[2024-12-11T05:10:25.347+0000] {logging_mixin.py:190} INFO - [2024-12-11T05:10:25.346+0000] {dag.py:4180} INFO - Setting next_dagrun for example_params_ui_tutorial to None, run_after=None
[2024-12-11T05:10:25.390+0000] {processor.py:208} INFO - Processing /home/airflow/.local/lib/python3.12/site-packages/airflow/example_dags/example_params_ui_tutorial.py took 0.255 seconds
[2024-12-11T05:10:56.095+0000] {processor.py:186} INFO - Started process (PID=903) to work on /home/airflow/.local/lib/python3.12/site-packages/airflow/example_dags/example_params_ui_tutorial.py
[2024-12-11T05:10:56.097+0000] {processor.py:914} INFO - Processing file /home/airflow/.local/lib/python3.12/site-packages/airflow/example_dags/example_params_ui_tutorial.py for tasks to queue
[2024-12-11T05:10:56.101+0000] {logging_mixin.py:190} INFO - [2024-12-11T05:10:56.100+0000] {dagbag.py:588} INFO - Filling up the DagBag from /home/airflow/.local/lib/python3.12/site-packages/airflow/example_dags/example_params_ui_tutorial.py
[2024-12-11T05:10:56.122+0000] {processor.py:925} INFO - DAG(s) 'example_params_ui_tutorial' retrieved from /home/airflow/.local/lib/python3.12/site-packages/airflow/example_dags/example_params_ui_tutorial.py
[2024-12-11T05:10:56.256+0000] {logging_mixin.py:190} INFO - [2024-12-11T05:10:56.256+0000] {dag.py:3239} INFO - Sync 1 DAGs
[2024-12-11T05:10:56.306+0000] {logging_mixin.py:190} INFO - [2024-12-11T05:10:56.305+0000] {dag.py:4180} INFO - Setting next_dagrun for example_params_ui_tutorial to None, run_after=None
[2024-12-11T05:10:56.384+0000] {processor.py:208} INFO - Processing /home/airflow/.local/lib/python3.12/site-packages/airflow/example_dags/example_params_ui_tutorial.py took 0.304 seconds
[2024-12-11T05:12:16.432+0000] {processor.py:186} INFO - Started process (PID=925) to work on /home/airflow/.local/lib/python3.12/site-packages/airflow/example_dags/example_params_ui_tutorial.py
[2024-12-11T05:12:16.437+0000] {processor.py:914} INFO - Processing file /home/airflow/.local/lib/python3.12/site-packages/airflow/example_dags/example_params_ui_tutorial.py for tasks to queue
[2024-12-11T05:12:16.458+0000] {logging_mixin.py:190} INFO - [2024-12-11T05:12:16.457+0000] {dagbag.py:588} INFO - Filling up the DagBag from /home/airflow/.local/lib/python3.12/site-packages/airflow/example_dags/example_params_ui_tutorial.py
[2024-12-11T05:12:16.563+0000] {processor.py:925} INFO - DAG(s) 'example_params_ui_tutorial' retrieved from /home/airflow/.local/lib/python3.12/site-packages/airflow/example_dags/example_params_ui_tutorial.py
[2024-12-11T05:12:16.852+0000] {logging_mixin.py:190} INFO - [2024-12-11T05:12:16.847+0000] {dag.py:3239} INFO - Sync 1 DAGs
[2024-12-11T05:12:16.987+0000] {logging_mixin.py:190} INFO - [2024-12-11T05:12:16.986+0000] {dag.py:4180} INFO - Setting next_dagrun for example_params_ui_tutorial to None, run_after=None
[2024-12-11T05:12:17.191+0000] {processor.py:208} INFO - Processing /home/airflow/.local/lib/python3.12/site-packages/airflow/example_dags/example_params_ui_tutorial.py took 0.788 seconds
[2024-12-11T05:17:36.251+0000] {processor.py:186} INFO - Started process (PID=981) to work on /home/airflow/.local/lib/python3.12/site-packages/airflow/example_dags/example_params_ui_tutorial.py
[2024-12-11T05:17:36.254+0000] {processor.py:914} INFO - Processing file /home/airflow/.local/lib/python3.12/site-packages/airflow/example_dags/example_params_ui_tutorial.py for tasks to queue
[2024-12-11T05:17:36.257+0000] {logging_mixin.py:190} INFO - [2024-12-11T05:17:36.256+0000] {dagbag.py:588} INFO - Filling up the DagBag from /home/airflow/.local/lib/python3.12/site-packages/airflow/example_dags/example_params_ui_tutorial.py
[2024-12-11T05:17:36.278+0000] {processor.py:925} INFO - DAG(s) 'example_params_ui_tutorial' retrieved from /home/airflow/.local/lib/python3.12/site-packages/airflow/example_dags/example_params_ui_tutorial.py
[2024-12-11T05:17:36.391+0000] {logging_mixin.py:190} INFO - [2024-12-11T05:17:36.390+0000] {dag.py:3239} INFO - Sync 1 DAGs
[2024-12-11T05:17:36.428+0000] {logging_mixin.py:190} INFO - [2024-12-11T05:17:36.428+0000] {dag.py:4180} INFO - Setting next_dagrun for example_params_ui_tutorial to None, run_after=None
[2024-12-11T05:17:36.470+0000] {processor.py:208} INFO - Processing /home/airflow/.local/lib/python3.12/site-packages/airflow/example_dags/example_params_ui_tutorial.py took 0.233 seconds
[2024-12-11T05:18:07.487+0000] {processor.py:186} INFO - Started process (PID=1041) to work on /home/airflow/.local/lib/python3.12/site-packages/airflow/example_dags/example_params_ui_tutorial.py
[2024-12-11T05:18:07.489+0000] {processor.py:914} INFO - Processing file /home/airflow/.local/lib/python3.12/site-packages/airflow/example_dags/example_params_ui_tutorial.py for tasks to queue
[2024-12-11T05:18:07.492+0000] {logging_mixin.py:190} INFO - [2024-12-11T05:18:07.491+0000] {dagbag.py:588} INFO - Filling up the DagBag from /home/airflow/.local/lib/python3.12/site-packages/airflow/example_dags/example_params_ui_tutorial.py
[2024-12-11T05:18:07.513+0000] {processor.py:925} INFO - DAG(s) 'example_params_ui_tutorial' retrieved from /home/airflow/.local/lib/python3.12/site-packages/airflow/example_dags/example_params_ui_tutorial.py
[2024-12-11T05:18:07.646+0000] {logging_mixin.py:190} INFO - [2024-12-11T05:18:07.645+0000] {dag.py:3239} INFO - Sync 1 DAGs
[2024-12-11T05:18:07.681+0000] {logging_mixin.py:190} INFO - [2024-12-11T05:18:07.681+0000] {dag.py:4180} INFO - Setting next_dagrun for example_params_ui_tutorial to None, run_after=None
[2024-12-11T05:18:07.725+0000] {processor.py:208} INFO - Processing /home/airflow/.local/lib/python3.12/site-packages/airflow/example_dags/example_params_ui_tutorial.py took 0.252 seconds
[2024-12-11T05:18:38.320+0000] {processor.py:186} INFO - Started process (PID=1104) to work on /home/airflow/.local/lib/python3.12/site-packages/airflow/example_dags/example_params_ui_tutorial.py
[2024-12-11T05:18:38.323+0000] {processor.py:914} INFO - Processing file /home/airflow/.local/lib/python3.12/site-packages/airflow/example_dags/example_params_ui_tutorial.py for tasks to queue
[2024-12-11T05:18:38.331+0000] {logging_mixin.py:190} INFO - [2024-12-11T05:18:38.328+0000] {dagbag.py:588} INFO - Filling up the DagBag from /home/airflow/.local/lib/python3.12/site-packages/airflow/example_dags/example_params_ui_tutorial.py
[2024-12-11T05:18:38.375+0000] {processor.py:925} INFO - DAG(s) 'example_params_ui_tutorial' retrieved from /home/airflow/.local/lib/python3.12/site-packages/airflow/example_dags/example_params_ui_tutorial.py
[2024-12-11T05:18:38.550+0000] {logging_mixin.py:190} INFO - [2024-12-11T05:18:38.549+0000] {dag.py:3239} INFO - Sync 1 DAGs
[2024-12-11T05:18:38.594+0000] {logging_mixin.py:190} INFO - [2024-12-11T05:18:38.593+0000] {dag.py:4180} INFO - Setting next_dagrun for example_params_ui_tutorial to None, run_after=None
[2024-12-11T05:18:38.644+0000] {processor.py:208} INFO - Processing /home/airflow/.local/lib/python3.12/site-packages/airflow/example_dags/example_params_ui_tutorial.py took 0.341 seconds
[2024-12-11T05:19:09.623+0000] {processor.py:186} INFO - Started process (PID=1166) to work on /home/airflow/.local/lib/python3.12/site-packages/airflow/example_dags/example_params_ui_tutorial.py
[2024-12-11T05:19:09.625+0000] {processor.py:914} INFO - Processing file /home/airflow/.local/lib/python3.12/site-packages/airflow/example_dags/example_params_ui_tutorial.py for tasks to queue
[2024-12-11T05:19:09.629+0000] {logging_mixin.py:190} INFO - [2024-12-11T05:19:09.628+0000] {dagbag.py:588} INFO - Filling up the DagBag from /home/airflow/.local/lib/python3.12/site-packages/airflow/example_dags/example_params_ui_tutorial.py
[2024-12-11T05:19:09.653+0000] {processor.py:925} INFO - DAG(s) 'example_params_ui_tutorial' retrieved from /home/airflow/.local/lib/python3.12/site-packages/airflow/example_dags/example_params_ui_tutorial.py
[2024-12-11T05:19:09.775+0000] {logging_mixin.py:190} INFO - [2024-12-11T05:19:09.774+0000] {dag.py:3239} INFO - Sync 1 DAGs
[2024-12-11T05:19:09.809+0000] {logging_mixin.py:190} INFO - [2024-12-11T05:19:09.808+0000] {dag.py:4180} INFO - Setting next_dagrun for example_params_ui_tutorial to None, run_after=None
[2024-12-11T05:19:09.850+0000] {processor.py:208} INFO - Processing /home/airflow/.local/lib/python3.12/site-packages/airflow/example_dags/example_params_ui_tutorial.py took 0.245 seconds
[2024-12-11T05:19:40.645+0000] {processor.py:186} INFO - Started process (PID=1229) to work on /home/airflow/.local/lib/python3.12/site-packages/airflow/example_dags/example_params_ui_tutorial.py
[2024-12-11T05:19:40.647+0000] {processor.py:914} INFO - Processing file /home/airflow/.local/lib/python3.12/site-packages/airflow/example_dags/example_params_ui_tutorial.py for tasks to queue
[2024-12-11T05:19:40.650+0000] {logging_mixin.py:190} INFO - [2024-12-11T05:19:40.649+0000] {dagbag.py:588} INFO - Filling up the DagBag from /home/airflow/.local/lib/python3.12/site-packages/airflow/example_dags/example_params_ui_tutorial.py
[2024-12-11T05:19:40.672+0000] {processor.py:925} INFO - DAG(s) 'example_params_ui_tutorial' retrieved from /home/airflow/.local/lib/python3.12/site-packages/airflow/example_dags/example_params_ui_tutorial.py
[2024-12-11T05:19:40.814+0000] {logging_mixin.py:190} INFO - [2024-12-11T05:19:40.814+0000] {dag.py:3239} INFO - Sync 1 DAGs
[2024-12-11T05:19:40.849+0000] {logging_mixin.py:190} INFO - [2024-12-11T05:19:40.848+0000] {dag.py:4180} INFO - Setting next_dagrun for example_params_ui_tutorial to None, run_after=None
[2024-12-11T05:19:40.884+0000] {processor.py:208} INFO - Processing /home/airflow/.local/lib/python3.12/site-packages/airflow/example_dags/example_params_ui_tutorial.py took 0.250 seconds
[2024-12-11T05:20:11.005+0000] {processor.py:186} INFO - Started process (PID=1292) to work on /home/airflow/.local/lib/python3.12/site-packages/airflow/example_dags/example_params_ui_tutorial.py
[2024-12-11T05:20:11.007+0000] {processor.py:914} INFO - Processing file /home/airflow/.local/lib/python3.12/site-packages/airflow/example_dags/example_params_ui_tutorial.py for tasks to queue
[2024-12-11T05:20:11.010+0000] {logging_mixin.py:190} INFO - [2024-12-11T05:20:11.010+0000] {dagbag.py:588} INFO - Filling up the DagBag from /home/airflow/.local/lib/python3.12/site-packages/airflow/example_dags/example_params_ui_tutorial.py
[2024-12-11T05:20:11.028+0000] {processor.py:925} INFO - DAG(s) 'example_params_ui_tutorial' retrieved from /home/airflow/.local/lib/python3.12/site-packages/airflow/example_dags/example_params_ui_tutorial.py
[2024-12-11T05:20:11.111+0000] {logging_mixin.py:190} INFO - [2024-12-11T05:20:11.111+0000] {dag.py:3239} INFO - Sync 1 DAGs
[2024-12-11T05:20:11.140+0000] {logging_mixin.py:190} INFO - [2024-12-11T05:20:11.140+0000] {dag.py:4180} INFO - Setting next_dagrun for example_params_ui_tutorial to None, run_after=None
[2024-12-11T05:20:11.175+0000] {processor.py:208} INFO - Processing /home/airflow/.local/lib/python3.12/site-packages/airflow/example_dags/example_params_ui_tutorial.py took 0.179 seconds
[2024-12-11T05:23:14.168+0000] {processor.py:186} INFO - Started process (PID=1341) to work on /home/airflow/.local/lib/python3.12/site-packages/airflow/example_dags/example_params_ui_tutorial.py
[2024-12-11T05:23:14.171+0000] {processor.py:914} INFO - Processing file /home/airflow/.local/lib/python3.12/site-packages/airflow/example_dags/example_params_ui_tutorial.py for tasks to queue
[2024-12-11T05:23:14.174+0000] {logging_mixin.py:190} INFO - [2024-12-11T05:23:14.173+0000] {dagbag.py:588} INFO - Filling up the DagBag from /home/airflow/.local/lib/python3.12/site-packages/airflow/example_dags/example_params_ui_tutorial.py
[2024-12-11T05:23:14.198+0000] {processor.py:925} INFO - DAG(s) 'example_params_ui_tutorial' retrieved from /home/airflow/.local/lib/python3.12/site-packages/airflow/example_dags/example_params_ui_tutorial.py
[2024-12-11T05:23:14.342+0000] {logging_mixin.py:190} INFO - [2024-12-11T05:23:14.341+0000] {dag.py:3239} INFO - Sync 1 DAGs
[2024-12-11T05:23:14.382+0000] {logging_mixin.py:190} INFO - [2024-12-11T05:23:14.382+0000] {dag.py:4180} INFO - Setting next_dagrun for example_params_ui_tutorial to None, run_after=None
[2024-12-11T05:23:14.434+0000] {processor.py:208} INFO - Processing /home/airflow/.local/lib/python3.12/site-packages/airflow/example_dags/example_params_ui_tutorial.py took 0.284 seconds
[2024-12-11T05:23:45.634+0000] {processor.py:186} INFO - Started process (PID=1403) to work on /home/airflow/.local/lib/python3.12/site-packages/airflow/example_dags/example_params_ui_tutorial.py
[2024-12-11T05:23:45.636+0000] {processor.py:914} INFO - Processing file /home/airflow/.local/lib/python3.12/site-packages/airflow/example_dags/example_params_ui_tutorial.py for tasks to queue
[2024-12-11T05:23:45.639+0000] {logging_mixin.py:190} INFO - [2024-12-11T05:23:45.638+0000] {dagbag.py:588} INFO - Filling up the DagBag from /home/airflow/.local/lib/python3.12/site-packages/airflow/example_dags/example_params_ui_tutorial.py
[2024-12-11T05:23:45.664+0000] {processor.py:925} INFO - DAG(s) 'example_params_ui_tutorial' retrieved from /home/airflow/.local/lib/python3.12/site-packages/airflow/example_dags/example_params_ui_tutorial.py
[2024-12-11T05:23:45.811+0000] {logging_mixin.py:190} INFO - [2024-12-11T05:23:45.810+0000] {dag.py:3239} INFO - Sync 1 DAGs
[2024-12-11T05:23:45.860+0000] {logging_mixin.py:190} INFO - [2024-12-11T05:23:45.859+0000] {dag.py:4180} INFO - Setting next_dagrun for example_params_ui_tutorial to None, run_after=None
[2024-12-11T05:23:45.918+0000] {processor.py:208} INFO - Processing /home/airflow/.local/lib/python3.12/site-packages/airflow/example_dags/example_params_ui_tutorial.py took 0.299 seconds
[2024-12-11T05:24:40.419+0000] {processor.py:186} INFO - Started process (PID=1412) to work on /home/airflow/.local/lib/python3.12/site-packages/airflow/example_dags/example_params_ui_tutorial.py
[2024-12-11T05:24:40.426+0000] {processor.py:914} INFO - Processing file /home/airflow/.local/lib/python3.12/site-packages/airflow/example_dags/example_params_ui_tutorial.py for tasks to queue
[2024-12-11T05:24:40.432+0000] {logging_mixin.py:190} INFO - [2024-12-11T05:24:40.428+0000] {dagbag.py:588} INFO - Filling up the DagBag from /home/airflow/.local/lib/python3.12/site-packages/airflow/example_dags/example_params_ui_tutorial.py
[2024-12-11T05:24:40.506+0000] {processor.py:925} INFO - DAG(s) 'example_params_ui_tutorial' retrieved from /home/airflow/.local/lib/python3.12/site-packages/airflow/example_dags/example_params_ui_tutorial.py
[2024-12-11T05:24:49.033+0000] {logging_mixin.py:190} INFO - [2024-12-11T05:24:49.032+0000] {dag.py:3239} INFO - Sync 1 DAGs
[2024-12-11T05:24:49.096+0000] {logging_mixin.py:190} INFO - [2024-12-11T05:24:49.096+0000] {dag.py:4180} INFO - Setting next_dagrun for example_params_ui_tutorial to None, run_after=None
[2024-12-11T05:24:49.161+0000] {processor.py:208} INFO - Processing /home/airflow/.local/lib/python3.12/site-packages/airflow/example_dags/example_params_ui_tutorial.py took 8.772 seconds
[2024-12-11T05:25:19.561+0000] {processor.py:186} INFO - Started process (PID=1480) to work on /home/airflow/.local/lib/python3.12/site-packages/airflow/example_dags/example_params_ui_tutorial.py
[2024-12-11T05:25:19.565+0000] {processor.py:914} INFO - Processing file /home/airflow/.local/lib/python3.12/site-packages/airflow/example_dags/example_params_ui_tutorial.py for tasks to queue
[2024-12-11T05:25:19.573+0000] {logging_mixin.py:190} INFO - [2024-12-11T05:25:19.571+0000] {dagbag.py:588} INFO - Filling up the DagBag from /home/airflow/.local/lib/python3.12/site-packages/airflow/example_dags/example_params_ui_tutorial.py
[2024-12-11T05:25:19.612+0000] {processor.py:925} INFO - DAG(s) 'example_params_ui_tutorial' retrieved from /home/airflow/.local/lib/python3.12/site-packages/airflow/example_dags/example_params_ui_tutorial.py
[2024-12-11T05:25:19.805+0000] {logging_mixin.py:190} INFO - [2024-12-11T05:25:19.805+0000] {dag.py:3239} INFO - Sync 1 DAGs
[2024-12-11T05:25:19.864+0000] {logging_mixin.py:190} INFO - [2024-12-11T05:25:19.863+0000] {dag.py:4180} INFO - Setting next_dagrun for example_params_ui_tutorial to None, run_after=None
[2024-12-11T05:25:19.943+0000] {processor.py:208} INFO - Processing /home/airflow/.local/lib/python3.12/site-packages/airflow/example_dags/example_params_ui_tutorial.py took 0.406 seconds
[2024-12-11T05:25:50.259+0000] {processor.py:186} INFO - Started process (PID=1537) to work on /home/airflow/.local/lib/python3.12/site-packages/airflow/example_dags/example_params_ui_tutorial.py
[2024-12-11T05:25:50.262+0000] {processor.py:914} INFO - Processing file /home/airflow/.local/lib/python3.12/site-packages/airflow/example_dags/example_params_ui_tutorial.py for tasks to queue
[2024-12-11T05:25:50.270+0000] {logging_mixin.py:190} INFO - [2024-12-11T05:25:50.268+0000] {dagbag.py:588} INFO - Filling up the DagBag from /home/airflow/.local/lib/python3.12/site-packages/airflow/example_dags/example_params_ui_tutorial.py
[2024-12-11T05:25:50.344+0000] {processor.py:925} INFO - DAG(s) 'example_params_ui_tutorial' retrieved from /home/airflow/.local/lib/python3.12/site-packages/airflow/example_dags/example_params_ui_tutorial.py
[2024-12-11T05:25:50.575+0000] {logging_mixin.py:190} INFO - [2024-12-11T05:25:50.574+0000] {dag.py:3239} INFO - Sync 1 DAGs
[2024-12-11T05:25:50.629+0000] {logging_mixin.py:190} INFO - [2024-12-11T05:25:50.628+0000] {dag.py:4180} INFO - Setting next_dagrun for example_params_ui_tutorial to None, run_after=None
[2024-12-11T05:25:50.689+0000] {processor.py:208} INFO - Processing /home/airflow/.local/lib/python3.12/site-packages/airflow/example_dags/example_params_ui_tutorial.py took 0.461 seconds
[2024-12-11T05:26:21.275+0000] {processor.py:186} INFO - Started process (PID=1606) to work on /home/airflow/.local/lib/python3.12/site-packages/airflow/example_dags/example_params_ui_tutorial.py
[2024-12-11T05:26:21.278+0000] {processor.py:914} INFO - Processing file /home/airflow/.local/lib/python3.12/site-packages/airflow/example_dags/example_params_ui_tutorial.py for tasks to queue
[2024-12-11T05:26:21.285+0000] {logging_mixin.py:190} INFO - [2024-12-11T05:26:21.283+0000] {dagbag.py:588} INFO - Filling up the DagBag from /home/airflow/.local/lib/python3.12/site-packages/airflow/example_dags/example_params_ui_tutorial.py
[2024-12-11T05:26:21.330+0000] {processor.py:925} INFO - DAG(s) 'example_params_ui_tutorial' retrieved from /home/airflow/.local/lib/python3.12/site-packages/airflow/example_dags/example_params_ui_tutorial.py
[2024-12-11T05:26:21.544+0000] {logging_mixin.py:190} INFO - [2024-12-11T05:26:21.543+0000] {dag.py:3239} INFO - Sync 1 DAGs
[2024-12-11T05:26:21.612+0000] {logging_mixin.py:190} INFO - [2024-12-11T05:26:21.611+0000] {dag.py:4180} INFO - Setting next_dagrun for example_params_ui_tutorial to None, run_after=None
[2024-12-11T05:26:21.702+0000] {processor.py:208} INFO - Processing /home/airflow/.local/lib/python3.12/site-packages/airflow/example_dags/example_params_ui_tutorial.py took 0.451 seconds
[2024-12-11T05:27:01.649+0000] {processor.py:186} INFO - Started process (PID=1622) to work on /home/airflow/.local/lib/python3.12/site-packages/airflow/example_dags/example_params_ui_tutorial.py
[2024-12-11T05:27:01.652+0000] {processor.py:914} INFO - Processing file /home/airflow/.local/lib/python3.12/site-packages/airflow/example_dags/example_params_ui_tutorial.py for tasks to queue
[2024-12-11T05:27:01.656+0000] {logging_mixin.py:190} INFO - [2024-12-11T05:27:01.655+0000] {dagbag.py:588} INFO - Filling up the DagBag from /home/airflow/.local/lib/python3.12/site-packages/airflow/example_dags/example_params_ui_tutorial.py
[2024-12-11T05:27:01.708+0000] {processor.py:925} INFO - DAG(s) 'example_params_ui_tutorial' retrieved from /home/airflow/.local/lib/python3.12/site-packages/airflow/example_dags/example_params_ui_tutorial.py
[2024-12-11T05:27:01.970+0000] {logging_mixin.py:190} INFO - [2024-12-11T05:27:01.969+0000] {dag.py:3239} INFO - Sync 1 DAGs
[2024-12-11T05:27:02.026+0000] {logging_mixin.py:190} INFO - [2024-12-11T05:27:02.025+0000] {dag.py:4180} INFO - Setting next_dagrun for example_params_ui_tutorial to None, run_after=None
[2024-12-11T05:27:02.090+0000] {processor.py:208} INFO - Processing /home/airflow/.local/lib/python3.12/site-packages/airflow/example_dags/example_params_ui_tutorial.py took 0.458 seconds
[2024-12-11T05:27:32.923+0000] {processor.py:186} INFO - Started process (PID=1689) to work on /home/airflow/.local/lib/python3.12/site-packages/airflow/example_dags/example_params_ui_tutorial.py
[2024-12-11T05:27:32.927+0000] {processor.py:914} INFO - Processing file /home/airflow/.local/lib/python3.12/site-packages/airflow/example_dags/example_params_ui_tutorial.py for tasks to queue
[2024-12-11T05:27:32.958+0000] {logging_mixin.py:190} INFO - [2024-12-11T05:27:32.940+0000] {dagbag.py:588} INFO - Filling up the DagBag from /home/airflow/.local/lib/python3.12/site-packages/airflow/example_dags/example_params_ui_tutorial.py
[2024-12-11T05:27:33.013+0000] {processor.py:925} INFO - DAG(s) 'example_params_ui_tutorial' retrieved from /home/airflow/.local/lib/python3.12/site-packages/airflow/example_dags/example_params_ui_tutorial.py
[2024-12-11T05:27:33.159+0000] {logging_mixin.py:190} INFO - [2024-12-11T05:27:33.158+0000] {dag.py:3239} INFO - Sync 1 DAGs
[2024-12-11T05:27:33.208+0000] {logging_mixin.py:190} INFO - [2024-12-11T05:27:33.207+0000] {dag.py:4180} INFO - Setting next_dagrun for example_params_ui_tutorial to None, run_after=None
[2024-12-11T05:27:33.261+0000] {processor.py:208} INFO - Processing /home/airflow/.local/lib/python3.12/site-packages/airflow/example_dags/example_params_ui_tutorial.py took 0.368 seconds
[2024-12-11T05:28:17.001+0000] {processor.py:186} INFO - Started process (PID=1702) to work on /home/airflow/.local/lib/python3.12/site-packages/airflow/example_dags/example_params_ui_tutorial.py
[2024-12-11T05:28:17.009+0000] {processor.py:914} INFO - Processing file /home/airflow/.local/lib/python3.12/site-packages/airflow/example_dags/example_params_ui_tutorial.py for tasks to queue
[2024-12-11T05:28:17.014+0000] {logging_mixin.py:190} INFO - [2024-12-11T05:28:17.013+0000] {dagbag.py:588} INFO - Filling up the DagBag from /home/airflow/.local/lib/python3.12/site-packages/airflow/example_dags/example_params_ui_tutorial.py
[2024-12-11T05:28:17.074+0000] {processor.py:925} INFO - DAG(s) 'example_params_ui_tutorial' retrieved from /home/airflow/.local/lib/python3.12/site-packages/airflow/example_dags/example_params_ui_tutorial.py
[2024-12-11T05:28:17.239+0000] {logging_mixin.py:190} INFO - [2024-12-11T05:28:17.238+0000] {dag.py:3239} INFO - Sync 1 DAGs
[2024-12-11T05:28:17.306+0000] {logging_mixin.py:190} INFO - [2024-12-11T05:28:17.305+0000] {dag.py:4180} INFO - Setting next_dagrun for example_params_ui_tutorial to None, run_after=None
[2024-12-11T05:28:17.371+0000] {processor.py:208} INFO - Processing /home/airflow/.local/lib/python3.12/site-packages/airflow/example_dags/example_params_ui_tutorial.py took 0.387 seconds
