[2024-12-11T04:56:28.983+0000] {processor.py:186} INFO - Started process (PID=124) to work on /home/airflow/.local/lib/python3.12/site-packages/airflow/example_dags/example_sla_dag.py
[2024-12-11T04:56:28.987+0000] {processor.py:914} INFO - Processing file /home/airflow/.local/lib/python3.12/site-packages/airflow/example_dags/example_sla_dag.py for tasks to queue
[2024-12-11T04:56:28.993+0000] {logging_mixin.py:190} INFO - [2024-12-11T04:56:28.992+0000] {dagbag.py:588} INFO - Filling up the DagBag from /home/airflow/.local/lib/python3.12/site-packages/airflow/example_dags/example_sla_dag.py
[2024-12-11T04:56:29.028+0000] {processor.py:925} INFO - DAG(s) 'example_sla_dag' retrieved from /home/airflow/.local/lib/python3.12/site-packages/airflow/example_dags/example_sla_dag.py
[2024-12-11T04:56:29.428+0000] {logging_mixin.py:190} INFO - [2024-12-11T04:56:29.426+0000] {override.py:1911} INFO - Created Permission View: can delete on DAG:example_sla_dag
[2024-12-11T04:56:29.466+0000] {logging_mixin.py:190} INFO - [2024-12-11T04:56:29.463+0000] {override.py:1911} INFO - Created Permission View: can read on DAG:example_sla_dag
[2024-12-11T04:56:29.509+0000] {logging_mixin.py:190} INFO - [2024-12-11T04:56:29.509+0000] {override.py:1911} INFO - Created Permission View: can edit on DAG:example_sla_dag
[2024-12-11T04:56:29.550+0000] {logging_mixin.py:190} INFO - [2024-12-11T04:56:29.550+0000] {override.py:1911} INFO - Created Permission View: can delete on DAG Run:example_sla_dag
[2024-12-11T04:56:29.575+0000] {logging_mixin.py:190} INFO - [2024-12-11T04:56:29.574+0000] {override.py:1911} INFO - Created Permission View: can read on DAG Run:example_sla_dag
[2024-12-11T04:56:29.614+0000] {logging_mixin.py:190} INFO - [2024-12-11T04:56:29.613+0000] {override.py:1911} INFO - Created Permission View: menu access on DAG Run:example_sla_dag
[2024-12-11T04:56:29.649+0000] {logging_mixin.py:190} INFO - [2024-12-11T04:56:29.648+0000] {override.py:1911} INFO - Created Permission View: can create on DAG Run:example_sla_dag
[2024-12-11T04:56:29.652+0000] {logging_mixin.py:190} INFO - [2024-12-11T04:56:29.652+0000] {dag.py:3239} INFO - Sync 1 DAGs
[2024-12-11T04:56:29.703+0000] {logging_mixin.py:190} INFO - [2024-12-11T04:56:29.702+0000] {dag.py:3262} INFO - Creating ORM DAG for example_sla_dag
[2024-12-11T04:56:29.740+0000] {logging_mixin.py:190} INFO - [2024-12-11T04:56:29.739+0000] {dag.py:4180} INFO - Setting next_dagrun for example_sla_dag to 2024-12-11 04:54:00+00:00, run_after=2024-12-11 04:56:00+00:00
[2024-12-11T04:56:29.785+0000] {processor.py:208} INFO - Processing /home/airflow/.local/lib/python3.12/site-packages/airflow/example_dags/example_sla_dag.py took 0.816 seconds
[2024-12-11T04:56:59.937+0000] {processor.py:186} INFO - Started process (PID=187) to work on /home/airflow/.local/lib/python3.12/site-packages/airflow/example_dags/example_sla_dag.py
[2024-12-11T04:56:59.940+0000] {processor.py:914} INFO - Processing file /home/airflow/.local/lib/python3.12/site-packages/airflow/example_dags/example_sla_dag.py for tasks to queue
[2024-12-11T04:56:59.947+0000] {logging_mixin.py:190} INFO - [2024-12-11T04:56:59.946+0000] {dagbag.py:588} INFO - Filling up the DagBag from /home/airflow/.local/lib/python3.12/site-packages/airflow/example_dags/example_sla_dag.py
[2024-12-11T04:56:59.974+0000] {processor.py:925} INFO - DAG(s) 'example_sla_dag' retrieved from /home/airflow/.local/lib/python3.12/site-packages/airflow/example_dags/example_sla_dag.py
[2024-12-11T04:57:00.078+0000] {logging_mixin.py:190} INFO - [2024-12-11T04:57:00.077+0000] {dag.py:3239} INFO - Sync 1 DAGs
[2024-12-11T04:57:00.232+0000] {logging_mixin.py:190} INFO - [2024-12-11T04:57:00.232+0000] {dag.py:4180} INFO - Setting next_dagrun for example_sla_dag to 2024-12-11 04:54:00+00:00, run_after=2024-12-11 04:56:00+00:00
[2024-12-11T04:57:00.300+0000] {processor.py:208} INFO - Processing /home/airflow/.local/lib/python3.12/site-packages/airflow/example_dags/example_sla_dag.py took 0.378 seconds
[2024-12-11T05:01:01.775+0000] {processor.py:186} INFO - Started process (PID=255) to work on /home/airflow/.local/lib/python3.12/site-packages/airflow/example_dags/example_sla_dag.py
[2024-12-11T05:01:01.778+0000] {processor.py:914} INFO - Processing file /home/airflow/.local/lib/python3.12/site-packages/airflow/example_dags/example_sla_dag.py for tasks to queue
[2024-12-11T05:01:01.784+0000] {logging_mixin.py:190} INFO - [2024-12-11T05:01:01.783+0000] {dagbag.py:588} INFO - Filling up the DagBag from /home/airflow/.local/lib/python3.12/site-packages/airflow/example_dags/example_sla_dag.py
[2024-12-11T05:01:01.812+0000] {processor.py:925} INFO - DAG(s) 'example_sla_dag' retrieved from /home/airflow/.local/lib/python3.12/site-packages/airflow/example_dags/example_sla_dag.py
[2024-12-11T05:01:01.863+0000] {logging_mixin.py:190} INFO - [2024-12-11T05:01:01.862+0000] {dag.py:3239} INFO - Sync 1 DAGs
[2024-12-11T05:01:01.936+0000] {logging_mixin.py:190} INFO - [2024-12-11T05:01:01.936+0000] {dag.py:4180} INFO - Setting next_dagrun for example_sla_dag to 2024-12-11 04:58:00+00:00, run_after=2024-12-11 05:00:00+00:00
[2024-12-11T05:01:01.986+0000] {processor.py:208} INFO - Processing /home/airflow/.local/lib/python3.12/site-packages/airflow/example_dags/example_sla_dag.py took 0.222 seconds
[2024-12-11T05:03:23.725+0000] {processor.py:186} INFO - Started process (PID=346) to work on /home/airflow/.local/lib/python3.12/site-packages/airflow/example_dags/example_sla_dag.py
[2024-12-11T05:03:23.728+0000] {processor.py:914} INFO - Processing file /home/airflow/.local/lib/python3.12/site-packages/airflow/example_dags/example_sla_dag.py for tasks to queue
[2024-12-11T05:03:23.732+0000] {logging_mixin.py:190} INFO - [2024-12-11T05:03:23.731+0000] {dagbag.py:588} INFO - Filling up the DagBag from /home/airflow/.local/lib/python3.12/site-packages/airflow/example_dags/example_sla_dag.py
[2024-12-11T05:03:23.759+0000] {processor.py:925} INFO - DAG(s) 'example_sla_dag' retrieved from /home/airflow/.local/lib/python3.12/site-packages/airflow/example_dags/example_sla_dag.py
[2024-12-11T05:03:23.830+0000] {logging_mixin.py:190} INFO - [2024-12-11T05:03:23.829+0000] {dag.py:3239} INFO - Sync 1 DAGs
[2024-12-11T05:03:23.911+0000] {logging_mixin.py:190} INFO - [2024-12-11T05:03:23.910+0000] {dag.py:4180} INFO - Setting next_dagrun for example_sla_dag to 2024-12-11 05:00:00+00:00, run_after=2024-12-11 05:02:00+00:00
[2024-12-11T05:03:23.999+0000] {processor.py:208} INFO - Processing /home/airflow/.local/lib/python3.12/site-packages/airflow/example_dags/example_sla_dag.py took 0.289 seconds
[2024-12-11T05:03:56.795+0000] {processor.py:186} INFO - Started process (PID=408) to work on /home/airflow/.local/lib/python3.12/site-packages/airflow/example_dags/example_sla_dag.py
[2024-12-11T05:03:56.798+0000] {processor.py:914} INFO - Processing file /home/airflow/.local/lib/python3.12/site-packages/airflow/example_dags/example_sla_dag.py for tasks to queue
[2024-12-11T05:03:56.806+0000] {logging_mixin.py:190} INFO - [2024-12-11T05:03:56.803+0000] {dagbag.py:588} INFO - Filling up the DagBag from /home/airflow/.local/lib/python3.12/site-packages/airflow/example_dags/example_sla_dag.py
[2024-12-11T05:03:56.864+0000] {processor.py:925} INFO - DAG(s) 'example_sla_dag' retrieved from /home/airflow/.local/lib/python3.12/site-packages/airflow/example_dags/example_sla_dag.py
[2024-12-11T05:03:57.945+0000] {logging_mixin.py:190} INFO - [2024-12-11T05:03:57.944+0000] {dag.py:3239} INFO - Sync 1 DAGs
[2024-12-11T05:03:58.064+0000] {logging_mixin.py:190} INFO - [2024-12-11T05:03:58.063+0000] {dag.py:4180} INFO - Setting next_dagrun for example_sla_dag to 2024-12-11 05:00:00+00:00, run_after=2024-12-11 05:02:00+00:00
[2024-12-11T05:03:58.130+0000] {processor.py:208} INFO - Processing /home/airflow/.local/lib/python3.12/site-packages/airflow/example_dags/example_sla_dag.py took 1.363 seconds
[2024-12-11T05:05:40.744+0000] {processor.py:186} INFO - Started process (PID=477) to work on /home/airflow/.local/lib/python3.12/site-packages/airflow/example_dags/example_sla_dag.py
[2024-12-11T05:05:40.746+0000] {processor.py:914} INFO - Processing file /home/airflow/.local/lib/python3.12/site-packages/airflow/example_dags/example_sla_dag.py for tasks to queue
[2024-12-11T05:05:40.749+0000] {logging_mixin.py:190} INFO - [2024-12-11T05:05:40.748+0000] {dagbag.py:588} INFO - Filling up the DagBag from /home/airflow/.local/lib/python3.12/site-packages/airflow/example_dags/example_sla_dag.py
[2024-12-11T05:05:40.769+0000] {processor.py:925} INFO - DAG(s) 'example_sla_dag' retrieved from /home/airflow/.local/lib/python3.12/site-packages/airflow/example_dags/example_sla_dag.py
[2024-12-11T05:05:40.807+0000] {logging_mixin.py:190} INFO - [2024-12-11T05:05:40.806+0000] {dag.py:3239} INFO - Sync 1 DAGs
[2024-12-11T05:05:40.859+0000] {logging_mixin.py:190} INFO - [2024-12-11T05:05:40.859+0000] {dag.py:4180} INFO - Setting next_dagrun for example_sla_dag to 2024-12-11 05:02:00+00:00, run_after=2024-12-11 05:04:00+00:00
[2024-12-11T05:05:40.901+0000] {processor.py:208} INFO - Processing /home/airflow/.local/lib/python3.12/site-packages/airflow/example_dags/example_sla_dag.py took 0.166 seconds
[2024-12-11T05:06:19.203+0000] {processor.py:186} INFO - Started process (PID=540) to work on /home/airflow/.local/lib/python3.12/site-packages/airflow/example_dags/example_sla_dag.py
[2024-12-11T05:06:19.205+0000] {processor.py:914} INFO - Processing file /home/airflow/.local/lib/python3.12/site-packages/airflow/example_dags/example_sla_dag.py for tasks to queue
[2024-12-11T05:06:19.209+0000] {logging_mixin.py:190} INFO - [2024-12-11T05:06:19.208+0000] {dagbag.py:588} INFO - Filling up the DagBag from /home/airflow/.local/lib/python3.12/site-packages/airflow/example_dags/example_sla_dag.py
[2024-12-11T05:06:19.239+0000] {processor.py:925} INFO - DAG(s) 'example_sla_dag' retrieved from /home/airflow/.local/lib/python3.12/site-packages/airflow/example_dags/example_sla_dag.py
[2024-12-11T05:06:19.288+0000] {logging_mixin.py:190} INFO - [2024-12-11T05:06:19.288+0000] {dag.py:3239} INFO - Sync 1 DAGs
[2024-12-11T05:06:19.451+0000] {logging_mixin.py:190} INFO - [2024-12-11T05:06:19.451+0000] {dag.py:4180} INFO - Setting next_dagrun for example_sla_dag to 2024-12-11 05:04:00+00:00, run_after=2024-12-11 05:06:00+00:00
[2024-12-11T05:06:19.536+0000] {processor.py:208} INFO - Processing /home/airflow/.local/lib/python3.12/site-packages/airflow/example_dags/example_sla_dag.py took 0.349 seconds
[2024-12-11T05:07:38.380+0000] {processor.py:186} INFO - Started process (PID=597) to work on /home/airflow/.local/lib/python3.12/site-packages/airflow/example_dags/example_sla_dag.py
[2024-12-11T05:07:38.382+0000] {processor.py:914} INFO - Processing file /home/airflow/.local/lib/python3.12/site-packages/airflow/example_dags/example_sla_dag.py for tasks to queue
[2024-12-11T05:07:38.385+0000] {logging_mixin.py:190} INFO - [2024-12-11T05:07:38.384+0000] {dagbag.py:588} INFO - Filling up the DagBag from /home/airflow/.local/lib/python3.12/site-packages/airflow/example_dags/example_sla_dag.py
[2024-12-11T05:07:38.406+0000] {processor.py:925} INFO - DAG(s) 'example_sla_dag' retrieved from /home/airflow/.local/lib/python3.12/site-packages/airflow/example_dags/example_sla_dag.py
[2024-12-11T05:07:38.451+0000] {logging_mixin.py:190} INFO - [2024-12-11T05:07:38.450+0000] {dag.py:3239} INFO - Sync 1 DAGs
[2024-12-11T05:07:38.512+0000] {logging_mixin.py:190} INFO - [2024-12-11T05:07:38.512+0000] {dag.py:4180} INFO - Setting next_dagrun for example_sla_dag to 2024-12-11 05:04:00+00:00, run_after=2024-12-11 05:06:00+00:00
[2024-12-11T05:07:38.548+0000] {processor.py:208} INFO - Processing /home/airflow/.local/lib/python3.12/site-packages/airflow/example_dags/example_sla_dag.py took 0.181 seconds
[2024-12-11T05:08:10.654+0000] {processor.py:186} INFO - Started process (PID=660) to work on /home/airflow/.local/lib/python3.12/site-packages/airflow/example_dags/example_sla_dag.py
[2024-12-11T05:08:10.656+0000] {processor.py:914} INFO - Processing file /home/airflow/.local/lib/python3.12/site-packages/airflow/example_dags/example_sla_dag.py for tasks to queue
[2024-12-11T05:08:10.658+0000] {logging_mixin.py:190} INFO - [2024-12-11T05:08:10.658+0000] {dagbag.py:588} INFO - Filling up the DagBag from /home/airflow/.local/lib/python3.12/site-packages/airflow/example_dags/example_sla_dag.py
[2024-12-11T05:08:10.684+0000] {processor.py:925} INFO - DAG(s) 'example_sla_dag' retrieved from /home/airflow/.local/lib/python3.12/site-packages/airflow/example_dags/example_sla_dag.py
[2024-12-11T05:08:10.730+0000] {logging_mixin.py:190} INFO - [2024-12-11T05:08:10.729+0000] {dag.py:3239} INFO - Sync 1 DAGs
[2024-12-11T05:08:10.799+0000] {logging_mixin.py:190} INFO - [2024-12-11T05:08:10.799+0000] {dag.py:4180} INFO - Setting next_dagrun for example_sla_dag to 2024-12-11 05:06:00+00:00, run_after=2024-12-11 05:08:00+00:00
[2024-12-11T05:08:10.841+0000] {processor.py:208} INFO - Processing /home/airflow/.local/lib/python3.12/site-packages/airflow/example_dags/example_sla_dag.py took 0.199 seconds
[2024-12-11T05:09:33.384+0000] {processor.py:186} INFO - Started process (PID=737) to work on /home/airflow/.local/lib/python3.12/site-packages/airflow/example_dags/example_sla_dag.py
[2024-12-11T05:09:33.387+0000] {processor.py:914} INFO - Processing file /home/airflow/.local/lib/python3.12/site-packages/airflow/example_dags/example_sla_dag.py for tasks to queue
[2024-12-11T05:09:33.390+0000] {logging_mixin.py:190} INFO - [2024-12-11T05:09:33.389+0000] {dagbag.py:588} INFO - Filling up the DagBag from /home/airflow/.local/lib/python3.12/site-packages/airflow/example_dags/example_sla_dag.py
[2024-12-11T05:09:33.419+0000] {processor.py:925} INFO - DAG(s) 'example_sla_dag' retrieved from /home/airflow/.local/lib/python3.12/site-packages/airflow/example_dags/example_sla_dag.py
[2024-12-11T05:09:33.464+0000] {logging_mixin.py:190} INFO - [2024-12-11T05:09:33.463+0000] {dag.py:3239} INFO - Sync 1 DAGs
[2024-12-11T05:09:33.544+0000] {logging_mixin.py:190} INFO - [2024-12-11T05:09:33.543+0000] {dag.py:4180} INFO - Setting next_dagrun for example_sla_dag to 2024-12-11 05:06:00+00:00, run_after=2024-12-11 05:08:00+00:00
[2024-12-11T05:09:33.597+0000] {processor.py:208} INFO - Processing /home/airflow/.local/lib/python3.12/site-packages/airflow/example_dags/example_sla_dag.py took 0.223 seconds
[2024-12-11T05:10:04.306+0000] {processor.py:186} INFO - Started process (PID=800) to work on /home/airflow/.local/lib/python3.12/site-packages/airflow/example_dags/example_sla_dag.py
[2024-12-11T05:10:04.309+0000] {processor.py:914} INFO - Processing file /home/airflow/.local/lib/python3.12/site-packages/airflow/example_dags/example_sla_dag.py for tasks to queue
[2024-12-11T05:10:04.311+0000] {logging_mixin.py:190} INFO - [2024-12-11T05:10:04.311+0000] {dagbag.py:588} INFO - Filling up the DagBag from /home/airflow/.local/lib/python3.12/site-packages/airflow/example_dags/example_sla_dag.py
[2024-12-11T05:10:04.332+0000] {processor.py:925} INFO - DAG(s) 'example_sla_dag' retrieved from /home/airflow/.local/lib/python3.12/site-packages/airflow/example_dags/example_sla_dag.py
[2024-12-11T05:10:04.373+0000] {logging_mixin.py:190} INFO - [2024-12-11T05:10:04.372+0000] {dag.py:3239} INFO - Sync 1 DAGs
[2024-12-11T05:10:04.437+0000] {logging_mixin.py:190} INFO - [2024-12-11T05:10:04.437+0000] {dag.py:4180} INFO - Setting next_dagrun for example_sla_dag to 2024-12-11 05:08:00+00:00, run_after=2024-12-11 05:10:00+00:00
[2024-12-11T05:10:04.494+0000] {processor.py:208} INFO - Processing /home/airflow/.local/lib/python3.12/site-packages/airflow/example_dags/example_sla_dag.py took 0.201 seconds
[2024-12-11T05:10:39.620+0000] {processor.py:186} INFO - Started process (PID=863) to work on /home/airflow/.local/lib/python3.12/site-packages/airflow/example_dags/example_sla_dag.py
[2024-12-11T05:10:39.623+0000] {processor.py:914} INFO - Processing file /home/airflow/.local/lib/python3.12/site-packages/airflow/example_dags/example_sla_dag.py for tasks to queue
[2024-12-11T05:10:39.628+0000] {logging_mixin.py:190} INFO - [2024-12-11T05:10:39.627+0000] {dagbag.py:588} INFO - Filling up the DagBag from /home/airflow/.local/lib/python3.12/site-packages/airflow/example_dags/example_sla_dag.py
[2024-12-11T05:10:39.661+0000] {processor.py:925} INFO - DAG(s) 'example_sla_dag' retrieved from /home/airflow/.local/lib/python3.12/site-packages/airflow/example_dags/example_sla_dag.py
[2024-12-11T05:10:39.742+0000] {logging_mixin.py:190} INFO - [2024-12-11T05:10:39.741+0000] {dag.py:3239} INFO - Sync 1 DAGs
[2024-12-11T05:10:39.862+0000] {logging_mixin.py:190} INFO - [2024-12-11T05:10:39.861+0000] {dag.py:4180} INFO - Setting next_dagrun for example_sla_dag to 2024-12-11 05:08:00+00:00, run_after=2024-12-11 05:10:00+00:00
[2024-12-11T05:10:39.922+0000] {processor.py:208} INFO - Processing /home/airflow/.local/lib/python3.12/site-packages/airflow/example_dags/example_sla_dag.py took 0.308 seconds
[2024-12-11T05:17:30.793+0000] {processor.py:186} INFO - Started process (PID=958) to work on /home/airflow/.local/lib/python3.12/site-packages/airflow/example_dags/example_sla_dag.py
[2024-12-11T05:17:30.807+0000] {processor.py:914} INFO - Processing file /home/airflow/.local/lib/python3.12/site-packages/airflow/example_dags/example_sla_dag.py for tasks to queue
[2024-12-11T05:17:30.816+0000] {logging_mixin.py:190} INFO - [2024-12-11T05:17:30.814+0000] {dagbag.py:588} INFO - Filling up the DagBag from /home/airflow/.local/lib/python3.12/site-packages/airflow/example_dags/example_sla_dag.py
[2024-12-11T05:17:30.947+0000] {processor.py:925} INFO - DAG(s) 'example_sla_dag' retrieved from /home/airflow/.local/lib/python3.12/site-packages/airflow/example_dags/example_sla_dag.py
[2024-12-11T05:17:31.100+0000] {logging_mixin.py:190} INFO - [2024-12-11T05:17:31.100+0000] {dag.py:3239} INFO - Sync 1 DAGs
[2024-12-11T05:17:31.291+0000] {logging_mixin.py:190} INFO - [2024-12-11T05:17:31.290+0000] {dag.py:4180} INFO - Setting next_dagrun for example_sla_dag to 2024-12-11 05:14:00+00:00, run_after=2024-12-11 05:16:00+00:00
[2024-12-11T05:17:31.374+0000] {processor.py:208} INFO - Processing /home/airflow/.local/lib/python3.12/site-packages/airflow/example_dags/example_sla_dag.py took 0.654 seconds
[2024-12-11T05:18:02.093+0000] {processor.py:186} INFO - Started process (PID=1020) to work on /home/airflow/.local/lib/python3.12/site-packages/airflow/example_dags/example_sla_dag.py
[2024-12-11T05:18:02.095+0000] {processor.py:914} INFO - Processing file /home/airflow/.local/lib/python3.12/site-packages/airflow/example_dags/example_sla_dag.py for tasks to queue
[2024-12-11T05:18:02.097+0000] {logging_mixin.py:190} INFO - [2024-12-11T05:18:02.096+0000] {dagbag.py:588} INFO - Filling up the DagBag from /home/airflow/.local/lib/python3.12/site-packages/airflow/example_dags/example_sla_dag.py
[2024-12-11T05:18:02.119+0000] {processor.py:925} INFO - DAG(s) 'example_sla_dag' retrieved from /home/airflow/.local/lib/python3.12/site-packages/airflow/example_dags/example_sla_dag.py
[2024-12-11T05:18:02.158+0000] {logging_mixin.py:190} INFO - [2024-12-11T05:18:02.157+0000] {dag.py:3239} INFO - Sync 1 DAGs
[2024-12-11T05:18:02.208+0000] {logging_mixin.py:190} INFO - [2024-12-11T05:18:02.207+0000] {dag.py:4180} INFO - Setting next_dagrun for example_sla_dag to 2024-12-11 05:16:00+00:00, run_after=2024-12-11 05:18:00+00:00
[2024-12-11T05:18:02.256+0000] {processor.py:208} INFO - Processing /home/airflow/.local/lib/python3.12/site-packages/airflow/example_dags/example_sla_dag.py took 0.180 seconds
[2024-12-11T05:18:32.448+0000] {processor.py:186} INFO - Started process (PID=1083) to work on /home/airflow/.local/lib/python3.12/site-packages/airflow/example_dags/example_sla_dag.py
[2024-12-11T05:18:32.453+0000] {processor.py:914} INFO - Processing file /home/airflow/.local/lib/python3.12/site-packages/airflow/example_dags/example_sla_dag.py for tasks to queue
[2024-12-11T05:18:32.458+0000] {logging_mixin.py:190} INFO - [2024-12-11T05:18:32.457+0000] {dagbag.py:588} INFO - Filling up the DagBag from /home/airflow/.local/lib/python3.12/site-packages/airflow/example_dags/example_sla_dag.py
[2024-12-11T05:18:32.495+0000] {processor.py:925} INFO - DAG(s) 'example_sla_dag' retrieved from /home/airflow/.local/lib/python3.12/site-packages/airflow/example_dags/example_sla_dag.py
[2024-12-11T05:18:32.563+0000] {logging_mixin.py:190} INFO - [2024-12-11T05:18:32.562+0000] {dag.py:3239} INFO - Sync 1 DAGs
[2024-12-11T05:18:32.694+0000] {logging_mixin.py:190} INFO - [2024-12-11T05:18:32.694+0000] {dag.py:4180} INFO - Setting next_dagrun for example_sla_dag to 2024-12-11 05:16:00+00:00, run_after=2024-12-11 05:18:00+00:00
[2024-12-11T05:18:32.783+0000] {processor.py:208} INFO - Processing /home/airflow/.local/lib/python3.12/site-packages/airflow/example_dags/example_sla_dag.py took 0.352 seconds
[2024-12-11T05:19:03.639+0000] {processor.py:186} INFO - Started process (PID=1146) to work on /home/airflow/.local/lib/python3.12/site-packages/airflow/example_dags/example_sla_dag.py
[2024-12-11T05:19:03.640+0000] {processor.py:914} INFO - Processing file /home/airflow/.local/lib/python3.12/site-packages/airflow/example_dags/example_sla_dag.py for tasks to queue
[2024-12-11T05:19:03.643+0000] {logging_mixin.py:190} INFO - [2024-12-11T05:19:03.642+0000] {dagbag.py:588} INFO - Filling up the DagBag from /home/airflow/.local/lib/python3.12/site-packages/airflow/example_dags/example_sla_dag.py
[2024-12-11T05:19:03.659+0000] {processor.py:925} INFO - DAG(s) 'example_sla_dag' retrieved from /home/airflow/.local/lib/python3.12/site-packages/airflow/example_dags/example_sla_dag.py
[2024-12-11T05:19:03.692+0000] {logging_mixin.py:190} INFO - [2024-12-11T05:19:03.692+0000] {dag.py:3239} INFO - Sync 1 DAGs
[2024-12-11T05:19:03.739+0000] {logging_mixin.py:190} INFO - [2024-12-11T05:19:03.739+0000] {dag.py:4180} INFO - Setting next_dagrun for example_sla_dag to 2024-12-11 05:16:00+00:00, run_after=2024-12-11 05:18:00+00:00
[2024-12-11T05:19:03.771+0000] {processor.py:208} INFO - Processing /home/airflow/.local/lib/python3.12/site-packages/airflow/example_dags/example_sla_dag.py took 0.140 seconds
[2024-12-11T05:19:34.107+0000] {processor.py:186} INFO - Started process (PID=1209) to work on /home/airflow/.local/lib/python3.12/site-packages/airflow/example_dags/example_sla_dag.py
[2024-12-11T05:19:34.110+0000] {processor.py:914} INFO - Processing file /home/airflow/.local/lib/python3.12/site-packages/airflow/example_dags/example_sla_dag.py for tasks to queue
[2024-12-11T05:19:34.114+0000] {logging_mixin.py:190} INFO - [2024-12-11T05:19:34.113+0000] {dagbag.py:588} INFO - Filling up the DagBag from /home/airflow/.local/lib/python3.12/site-packages/airflow/example_dags/example_sla_dag.py
[2024-12-11T05:19:34.140+0000] {processor.py:925} INFO - DAG(s) 'example_sla_dag' retrieved from /home/airflow/.local/lib/python3.12/site-packages/airflow/example_dags/example_sla_dag.py
[2024-12-11T05:19:34.189+0000] {logging_mixin.py:190} INFO - [2024-12-11T05:19:34.188+0000] {dag.py:3239} INFO - Sync 1 DAGs
[2024-12-11T05:19:34.270+0000] {logging_mixin.py:190} INFO - [2024-12-11T05:19:34.270+0000] {dag.py:4180} INFO - Setting next_dagrun for example_sla_dag to 2024-12-11 05:16:00+00:00, run_after=2024-12-11 05:18:00+00:00
[2024-12-11T05:19:34.335+0000] {processor.py:208} INFO - Processing /home/airflow/.local/lib/python3.12/site-packages/airflow/example_dags/example_sla_dag.py took 0.244 seconds
[2024-12-11T05:20:06.096+0000] {processor.py:186} INFO - Started process (PID=1272) to work on /home/airflow/.local/lib/python3.12/site-packages/airflow/example_dags/example_sla_dag.py
[2024-12-11T05:20:06.099+0000] {processor.py:914} INFO - Processing file /home/airflow/.local/lib/python3.12/site-packages/airflow/example_dags/example_sla_dag.py for tasks to queue
[2024-12-11T05:20:06.106+0000] {logging_mixin.py:190} INFO - [2024-12-11T05:20:06.104+0000] {dagbag.py:588} INFO - Filling up the DagBag from /home/airflow/.local/lib/python3.12/site-packages/airflow/example_dags/example_sla_dag.py
[2024-12-11T05:20:06.144+0000] {processor.py:925} INFO - DAG(s) 'example_sla_dag' retrieved from /home/airflow/.local/lib/python3.12/site-packages/airflow/example_dags/example_sla_dag.py
[2024-12-11T05:20:06.193+0000] {logging_mixin.py:190} INFO - [2024-12-11T05:20:06.193+0000] {dag.py:3239} INFO - Sync 1 DAGs
[2024-12-11T05:20:06.284+0000] {logging_mixin.py:190} INFO - [2024-12-11T05:20:06.283+0000] {dag.py:4180} INFO - Setting next_dagrun for example_sla_dag to 2024-12-11 05:18:00+00:00, run_after=2024-12-11 05:20:00+00:00
[2024-12-11T05:20:06.338+0000] {processor.py:208} INFO - Processing /home/airflow/.local/lib/python3.12/site-packages/airflow/example_dags/example_sla_dag.py took 0.263 seconds
[2024-12-11T05:23:12.976+0000] {processor.py:186} INFO - Started process (PID=1335) to work on /home/airflow/.local/lib/python3.12/site-packages/airflow/example_dags/example_sla_dag.py
[2024-12-11T05:23:12.979+0000] {processor.py:914} INFO - Processing file /home/airflow/.local/lib/python3.12/site-packages/airflow/example_dags/example_sla_dag.py for tasks to queue
[2024-12-11T05:23:12.983+0000] {logging_mixin.py:190} INFO - [2024-12-11T05:23:12.982+0000] {dagbag.py:588} INFO - Filling up the DagBag from /home/airflow/.local/lib/python3.12/site-packages/airflow/example_dags/example_sla_dag.py
[2024-12-11T05:23:13.023+0000] {processor.py:925} INFO - DAG(s) 'example_sla_dag' retrieved from /home/airflow/.local/lib/python3.12/site-packages/airflow/example_dags/example_sla_dag.py
[2024-12-11T05:23:13.089+0000] {logging_mixin.py:190} INFO - [2024-12-11T05:23:13.088+0000] {dag.py:3239} INFO - Sync 1 DAGs
[2024-12-11T05:23:13.184+0000] {logging_mixin.py:190} INFO - [2024-12-11T05:23:13.183+0000] {dag.py:4180} INFO - Setting next_dagrun for example_sla_dag to 2024-12-11 05:20:00+00:00, run_after=2024-12-11 05:22:00+00:00
[2024-12-11T05:23:13.247+0000] {processor.py:208} INFO - Processing /home/airflow/.local/lib/python3.12/site-packages/airflow/example_dags/example_sla_dag.py took 0.301 seconds
[2024-12-11T05:23:44.077+0000] {processor.py:186} INFO - Started process (PID=1397) to work on /home/airflow/.local/lib/python3.12/site-packages/airflow/example_dags/example_sla_dag.py
[2024-12-11T05:23:44.079+0000] {processor.py:914} INFO - Processing file /home/airflow/.local/lib/python3.12/site-packages/airflow/example_dags/example_sla_dag.py for tasks to queue
[2024-12-11T05:23:44.083+0000] {logging_mixin.py:190} INFO - [2024-12-11T05:23:44.082+0000] {dagbag.py:588} INFO - Filling up the DagBag from /home/airflow/.local/lib/python3.12/site-packages/airflow/example_dags/example_sla_dag.py
[2024-12-11T05:23:44.109+0000] {processor.py:925} INFO - DAG(s) 'example_sla_dag' retrieved from /home/airflow/.local/lib/python3.12/site-packages/airflow/example_dags/example_sla_dag.py
[2024-12-11T05:23:44.164+0000] {logging_mixin.py:190} INFO - [2024-12-11T05:23:44.164+0000] {dag.py:3239} INFO - Sync 1 DAGs
[2024-12-11T05:23:44.249+0000] {logging_mixin.py:190} INFO - [2024-12-11T05:23:44.248+0000] {dag.py:4180} INFO - Setting next_dagrun for example_sla_dag to 2024-12-11 05:20:00+00:00, run_after=2024-12-11 05:22:00+00:00
[2024-12-11T05:23:44.311+0000] {processor.py:208} INFO - Processing /home/airflow/.local/lib/python3.12/site-packages/airflow/example_dags/example_sla_dag.py took 0.249 seconds
[2024-12-11T05:24:55.657+0000] {processor.py:186} INFO - Started process (PID=1448) to work on /home/airflow/.local/lib/python3.12/site-packages/airflow/example_dags/example_sla_dag.py
[2024-12-11T05:24:55.658+0000] {processor.py:914} INFO - Processing file /home/airflow/.local/lib/python3.12/site-packages/airflow/example_dags/example_sla_dag.py for tasks to queue
[2024-12-11T05:24:55.660+0000] {logging_mixin.py:190} INFO - [2024-12-11T05:24:55.660+0000] {dagbag.py:588} INFO - Filling up the DagBag from /home/airflow/.local/lib/python3.12/site-packages/airflow/example_dags/example_sla_dag.py
[2024-12-11T05:24:55.678+0000] {processor.py:925} INFO - DAG(s) 'example_sla_dag' retrieved from /home/airflow/.local/lib/python3.12/site-packages/airflow/example_dags/example_sla_dag.py
[2024-12-11T05:24:55.716+0000] {logging_mixin.py:190} INFO - [2024-12-11T05:24:55.715+0000] {dag.py:3239} INFO - Sync 1 DAGs
[2024-12-11T05:24:55.767+0000] {logging_mixin.py:190} INFO - [2024-12-11T05:24:55.766+0000] {dag.py:4180} INFO - Setting next_dagrun for example_sla_dag to 2024-12-11 05:22:00+00:00, run_after=2024-12-11 05:24:00+00:00
[2024-12-11T05:24:55.798+0000] {processor.py:208} INFO - Processing /home/airflow/.local/lib/python3.12/site-packages/airflow/example_dags/example_sla_dag.py took 0.150 seconds
[2024-12-11T05:25:31.741+0000] {processor.py:186} INFO - Started process (PID=1511) to work on /home/airflow/.local/lib/python3.12/site-packages/airflow/example_dags/example_sla_dag.py
[2024-12-11T05:25:31.743+0000] {processor.py:914} INFO - Processing file /home/airflow/.local/lib/python3.12/site-packages/airflow/example_dags/example_sla_dag.py for tasks to queue
[2024-12-11T05:25:31.746+0000] {logging_mixin.py:190} INFO - [2024-12-11T05:25:31.746+0000] {dagbag.py:588} INFO - Filling up the DagBag from /home/airflow/.local/lib/python3.12/site-packages/airflow/example_dags/example_sla_dag.py
[2024-12-11T05:25:31.768+0000] {processor.py:925} INFO - DAG(s) 'example_sla_dag' retrieved from /home/airflow/.local/lib/python3.12/site-packages/airflow/example_dags/example_sla_dag.py
[2024-12-11T05:25:31.809+0000] {logging_mixin.py:190} INFO - [2024-12-11T05:25:31.808+0000] {dag.py:3239} INFO - Sync 1 DAGs
[2024-12-11T05:25:31.866+0000] {logging_mixin.py:190} INFO - [2024-12-11T05:25:31.865+0000] {dag.py:4180} INFO - Setting next_dagrun for example_sla_dag to 2024-12-11 05:22:00+00:00, run_after=2024-12-11 05:24:00+00:00
[2024-12-11T05:25:31.916+0000] {processor.py:208} INFO - Processing /home/airflow/.local/lib/python3.12/site-packages/airflow/example_dags/example_sla_dag.py took 0.186 seconds
[2024-12-11T05:26:04.455+0000] {processor.py:186} INFO - Started process (PID=1574) to work on /home/airflow/.local/lib/python3.12/site-packages/airflow/example_dags/example_sla_dag.py
[2024-12-11T05:26:04.457+0000] {processor.py:914} INFO - Processing file /home/airflow/.local/lib/python3.12/site-packages/airflow/example_dags/example_sla_dag.py for tasks to queue
[2024-12-11T05:26:04.461+0000] {logging_mixin.py:190} INFO - [2024-12-11T05:26:04.460+0000] {dagbag.py:588} INFO - Filling up the DagBag from /home/airflow/.local/lib/python3.12/site-packages/airflow/example_dags/example_sla_dag.py
[2024-12-11T05:26:04.488+0000] {processor.py:925} INFO - DAG(s) 'example_sla_dag' retrieved from /home/airflow/.local/lib/python3.12/site-packages/airflow/example_dags/example_sla_dag.py
[2024-12-11T05:26:04.543+0000] {logging_mixin.py:190} INFO - [2024-12-11T05:26:04.542+0000] {dag.py:3239} INFO - Sync 1 DAGs
[2024-12-11T05:26:04.621+0000] {logging_mixin.py:190} INFO - [2024-12-11T05:26:04.620+0000] {dag.py:4180} INFO - Setting next_dagrun for example_sla_dag to 2024-12-11 05:24:00+00:00, run_after=2024-12-11 05:26:00+00:00
[2024-12-11T05:26:04.685+0000] {processor.py:208} INFO - Processing /home/airflow/.local/lib/python3.12/site-packages/airflow/example_dags/example_sla_dag.py took 0.246 seconds
[2024-12-11T05:27:27.928+0000] {processor.py:186} INFO - Started process (PID=1660) to work on /home/airflow/.local/lib/python3.12/site-packages/airflow/example_dags/example_sla_dag.py
[2024-12-11T05:27:27.930+0000] {processor.py:914} INFO - Processing file /home/airflow/.local/lib/python3.12/site-packages/airflow/example_dags/example_sla_dag.py for tasks to queue
[2024-12-11T05:27:27.934+0000] {logging_mixin.py:190} INFO - [2024-12-11T05:27:27.933+0000] {dagbag.py:588} INFO - Filling up the DagBag from /home/airflow/.local/lib/python3.12/site-packages/airflow/example_dags/example_sla_dag.py
[2024-12-11T05:27:27.966+0000] {processor.py:925} INFO - DAG(s) 'example_sla_dag' retrieved from /home/airflow/.local/lib/python3.12/site-packages/airflow/example_dags/example_sla_dag.py
[2024-12-11T05:27:28.025+0000] {logging_mixin.py:190} INFO - [2024-12-11T05:27:28.024+0000] {dag.py:3239} INFO - Sync 1 DAGs
[2024-12-11T05:27:28.122+0000] {logging_mixin.py:190} INFO - [2024-12-11T05:27:28.121+0000] {dag.py:4180} INFO - Setting next_dagrun for example_sla_dag to 2024-12-11 05:24:00+00:00, run_after=2024-12-11 05:26:00+00:00
[2024-12-11T05:27:28.184+0000] {processor.py:208} INFO - Processing /home/airflow/.local/lib/python3.12/site-packages/airflow/example_dags/example_sla_dag.py took 0.273 seconds
