[2024-12-11T04:56:32.321+0000] {processor.py:186} INFO - Started process (PID=132) to work on /home/airflow/.local/lib/python3.12/site-packages/airflow/example_dags/example_local_kubernetes_executor.py
[2024-12-11T04:56:32.324+0000] {processor.py:914} INFO - Processing file /home/airflow/.local/lib/python3.12/site-packages/airflow/example_dags/example_local_kubernetes_executor.py for tasks to queue
[2024-12-11T04:56:32.330+0000] {logging_mixin.py:190} INFO - [2024-12-11T04:56:32.329+0000] {dagbag.py:588} INFO - Filling up the DagBag from /home/airflow/.local/lib/python3.12/site-packages/airflow/example_dags/example_local_kubernetes_executor.py
[2024-12-11T04:56:32.356+0000] {processor.py:925} INFO - DAG(s) 'example_local_kubernetes_executor' retrieved from /home/airflow/.local/lib/python3.12/site-packages/airflow/example_dags/example_local_kubernetes_executor.py
[2024-12-11T04:56:32.732+0000] {logging_mixin.py:190} INFO - [2024-12-11T04:56:32.730+0000] {override.py:1911} INFO - Created Permission View: can delete on DAG:example_local_kubernetes_executor
[2024-12-11T04:56:32.757+0000] {logging_mixin.py:190} INFO - [2024-12-11T04:56:32.756+0000] {override.py:1911} INFO - Created Permission View: can read on DAG:example_local_kubernetes_executor
[2024-12-11T04:56:32.776+0000] {logging_mixin.py:190} INFO - [2024-12-11T04:56:32.775+0000] {override.py:1911} INFO - Created Permission View: can edit on DAG:example_local_kubernetes_executor
[2024-12-11T04:56:32.814+0000] {logging_mixin.py:190} INFO - [2024-12-11T04:56:32.813+0000] {override.py:1911} INFO - Created Permission View: can delete on DAG Run:example_local_kubernetes_executor
[2024-12-11T04:56:32.834+0000] {logging_mixin.py:190} INFO - [2024-12-11T04:56:32.833+0000] {override.py:1911} INFO - Created Permission View: can read on DAG Run:example_local_kubernetes_executor
[2024-12-11T04:56:32.852+0000] {logging_mixin.py:190} INFO - [2024-12-11T04:56:32.852+0000] {override.py:1911} INFO - Created Permission View: menu access on DAG Run:example_local_kubernetes_executor
[2024-12-11T04:56:32.872+0000] {logging_mixin.py:190} INFO - [2024-12-11T04:56:32.872+0000] {override.py:1911} INFO - Created Permission View: can create on DAG Run:example_local_kubernetes_executor
[2024-12-11T04:56:32.874+0000] {logging_mixin.py:190} INFO - [2024-12-11T04:56:32.874+0000] {dag.py:3239} INFO - Sync 1 DAGs
[2024-12-11T04:56:32.906+0000] {logging_mixin.py:190} INFO - [2024-12-11T04:56:32.905+0000] {dag.py:3262} INFO - Creating ORM DAG for example_local_kubernetes_executor
[2024-12-11T04:56:32.908+0000] {logging_mixin.py:190} INFO - [2024-12-11T04:56:32.908+0000] {dag.py:4180} INFO - Setting next_dagrun for example_local_kubernetes_executor to None, run_after=None
[2024-12-11T04:56:32.959+0000] {processor.py:208} INFO - Processing /home/airflow/.local/lib/python3.12/site-packages/airflow/example_dags/example_local_kubernetes_executor.py took 0.650 seconds
[2024-12-11T04:57:03.237+0000] {processor.py:186} INFO - Started process (PID=195) to work on /home/airflow/.local/lib/python3.12/site-packages/airflow/example_dags/example_local_kubernetes_executor.py
[2024-12-11T04:57:03.240+0000] {processor.py:914} INFO - Processing file /home/airflow/.local/lib/python3.12/site-packages/airflow/example_dags/example_local_kubernetes_executor.py for tasks to queue
[2024-12-11T04:57:03.247+0000] {logging_mixin.py:190} INFO - [2024-12-11T04:57:03.246+0000] {dagbag.py:588} INFO - Filling up the DagBag from /home/airflow/.local/lib/python3.12/site-packages/airflow/example_dags/example_local_kubernetes_executor.py
[2024-12-11T04:57:03.271+0000] {processor.py:925} INFO - DAG(s) 'example_local_kubernetes_executor' retrieved from /home/airflow/.local/lib/python3.12/site-packages/airflow/example_dags/example_local_kubernetes_executor.py
[2024-12-11T04:57:03.356+0000] {logging_mixin.py:190} INFO - [2024-12-11T04:57:03.356+0000] {dag.py:3239} INFO - Sync 1 DAGs
[2024-12-11T04:57:03.390+0000] {logging_mixin.py:190} INFO - [2024-12-11T04:57:03.390+0000] {dag.py:4180} INFO - Setting next_dagrun for example_local_kubernetes_executor to None, run_after=None
[2024-12-11T04:57:03.435+0000] {processor.py:208} INFO - Processing /home/airflow/.local/lib/python3.12/site-packages/airflow/example_dags/example_local_kubernetes_executor.py took 0.212 seconds
[2024-12-11T05:01:03.034+0000] {processor.py:186} INFO - Started process (PID=263) to work on /home/airflow/.local/lib/python3.12/site-packages/airflow/example_dags/example_local_kubernetes_executor.py
[2024-12-11T05:01:03.037+0000] {processor.py:914} INFO - Processing file /home/airflow/.local/lib/python3.12/site-packages/airflow/example_dags/example_local_kubernetes_executor.py for tasks to queue
[2024-12-11T05:01:03.045+0000] {logging_mixin.py:190} INFO - [2024-12-11T05:01:03.043+0000] {dagbag.py:588} INFO - Filling up the DagBag from /home/airflow/.local/lib/python3.12/site-packages/airflow/example_dags/example_local_kubernetes_executor.py
[2024-12-11T05:01:03.078+0000] {processor.py:925} INFO - DAG(s) 'example_local_kubernetes_executor' retrieved from /home/airflow/.local/lib/python3.12/site-packages/airflow/example_dags/example_local_kubernetes_executor.py
[2024-12-11T05:01:03.198+0000] {logging_mixin.py:190} INFO - [2024-12-11T05:01:03.198+0000] {dag.py:3239} INFO - Sync 1 DAGs
[2024-12-11T05:01:03.240+0000] {logging_mixin.py:190} INFO - [2024-12-11T05:01:03.240+0000] {dag.py:4180} INFO - Setting next_dagrun for example_local_kubernetes_executor to None, run_after=None
[2024-12-11T05:01:03.299+0000] {processor.py:208} INFO - Processing /home/airflow/.local/lib/python3.12/site-packages/airflow/example_dags/example_local_kubernetes_executor.py took 0.288 seconds
[2024-12-11T05:03:25.273+0000] {processor.py:186} INFO - Started process (PID=354) to work on /home/airflow/.local/lib/python3.12/site-packages/airflow/example_dags/example_local_kubernetes_executor.py
[2024-12-11T05:03:25.277+0000] {processor.py:914} INFO - Processing file /home/airflow/.local/lib/python3.12/site-packages/airflow/example_dags/example_local_kubernetes_executor.py for tasks to queue
[2024-12-11T05:03:25.288+0000] {logging_mixin.py:190} INFO - [2024-12-11T05:03:25.287+0000] {dagbag.py:588} INFO - Filling up the DagBag from /home/airflow/.local/lib/python3.12/site-packages/airflow/example_dags/example_local_kubernetes_executor.py
[2024-12-11T05:03:25.333+0000] {processor.py:925} INFO - DAG(s) 'example_local_kubernetes_executor' retrieved from /home/airflow/.local/lib/python3.12/site-packages/airflow/example_dags/example_local_kubernetes_executor.py
[2024-12-11T05:03:25.514+0000] {logging_mixin.py:190} INFO - [2024-12-11T05:03:25.513+0000] {dag.py:3239} INFO - Sync 1 DAGs
[2024-12-11T05:03:25.619+0000] {logging_mixin.py:190} INFO - [2024-12-11T05:03:25.619+0000] {dag.py:4180} INFO - Setting next_dagrun for example_local_kubernetes_executor to None, run_after=None
[2024-12-11T05:03:25.750+0000] {processor.py:208} INFO - Processing /home/airflow/.local/lib/python3.12/site-packages/airflow/example_dags/example_local_kubernetes_executor.py took 0.513 seconds
[2024-12-11T05:04:01.865+0000] {processor.py:186} INFO - Started process (PID=416) to work on /home/airflow/.local/lib/python3.12/site-packages/airflow/example_dags/example_local_kubernetes_executor.py
[2024-12-11T05:04:01.869+0000] {processor.py:914} INFO - Processing file /home/airflow/.local/lib/python3.12/site-packages/airflow/example_dags/example_local_kubernetes_executor.py for tasks to queue
[2024-12-11T05:04:01.872+0000] {logging_mixin.py:190} INFO - [2024-12-11T05:04:01.871+0000] {dagbag.py:588} INFO - Filling up the DagBag from /home/airflow/.local/lib/python3.12/site-packages/airflow/example_dags/example_local_kubernetes_executor.py
[2024-12-11T05:04:01.949+0000] {processor.py:925} INFO - DAG(s) 'example_local_kubernetes_executor' retrieved from /home/airflow/.local/lib/python3.12/site-packages/airflow/example_dags/example_local_kubernetes_executor.py
[2024-12-11T05:04:03.157+0000] {logging_mixin.py:190} INFO - [2024-12-11T05:04:03.156+0000] {dag.py:3239} INFO - Sync 1 DAGs
[2024-12-11T05:04:03.219+0000] {logging_mixin.py:190} INFO - [2024-12-11T05:04:03.218+0000] {dag.py:4180} INFO - Setting next_dagrun for example_local_kubernetes_executor to None, run_after=None
[2024-12-11T05:04:03.326+0000] {processor.py:208} INFO - Processing /home/airflow/.local/lib/python3.12/site-packages/airflow/example_dags/example_local_kubernetes_executor.py took 1.484 seconds
[2024-12-11T05:05:41.853+0000] {processor.py:186} INFO - Started process (PID=485) to work on /home/airflow/.local/lib/python3.12/site-packages/airflow/example_dags/example_local_kubernetes_executor.py
[2024-12-11T05:05:41.856+0000] {processor.py:914} INFO - Processing file /home/airflow/.local/lib/python3.12/site-packages/airflow/example_dags/example_local_kubernetes_executor.py for tasks to queue
[2024-12-11T05:05:41.859+0000] {logging_mixin.py:190} INFO - [2024-12-11T05:05:41.858+0000] {dagbag.py:588} INFO - Filling up the DagBag from /home/airflow/.local/lib/python3.12/site-packages/airflow/example_dags/example_local_kubernetes_executor.py
[2024-12-11T05:05:41.877+0000] {processor.py:925} INFO - DAG(s) 'example_local_kubernetes_executor' retrieved from /home/airflow/.local/lib/python3.12/site-packages/airflow/example_dags/example_local_kubernetes_executor.py
[2024-12-11T05:05:41.954+0000] {logging_mixin.py:190} INFO - [2024-12-11T05:05:41.954+0000] {dag.py:3239} INFO - Sync 1 DAGs
[2024-12-11T05:05:41.987+0000] {logging_mixin.py:190} INFO - [2024-12-11T05:05:41.986+0000] {dag.py:4180} INFO - Setting next_dagrun for example_local_kubernetes_executor to None, run_after=None
[2024-12-11T05:05:42.030+0000] {processor.py:208} INFO - Processing /home/airflow/.local/lib/python3.12/site-packages/airflow/example_dags/example_local_kubernetes_executor.py took 0.191 seconds
[2024-12-11T05:06:20.964+0000] {processor.py:186} INFO - Started process (PID=548) to work on /home/airflow/.local/lib/python3.12/site-packages/airflow/example_dags/example_local_kubernetes_executor.py
[2024-12-11T05:06:20.967+0000] {processor.py:914} INFO - Processing file /home/airflow/.local/lib/python3.12/site-packages/airflow/example_dags/example_local_kubernetes_executor.py for tasks to queue
[2024-12-11T05:06:20.972+0000] {logging_mixin.py:190} INFO - [2024-12-11T05:06:20.971+0000] {dagbag.py:588} INFO - Filling up the DagBag from /home/airflow/.local/lib/python3.12/site-packages/airflow/example_dags/example_local_kubernetes_executor.py
[2024-12-11T05:06:21.004+0000] {processor.py:925} INFO - DAG(s) 'example_local_kubernetes_executor' retrieved from /home/airflow/.local/lib/python3.12/site-packages/airflow/example_dags/example_local_kubernetes_executor.py
[2024-12-11T05:06:21.125+0000] {logging_mixin.py:190} INFO - [2024-12-11T05:06:21.125+0000] {dag.py:3239} INFO - Sync 1 DAGs
[2024-12-11T05:06:21.174+0000] {logging_mixin.py:190} INFO - [2024-12-11T05:06:21.174+0000] {dag.py:4180} INFO - Setting next_dagrun for example_local_kubernetes_executor to None, run_after=None
[2024-12-11T05:06:21.229+0000] {processor.py:208} INFO - Processing /home/airflow/.local/lib/python3.12/site-packages/airflow/example_dags/example_local_kubernetes_executor.py took 0.285 seconds
[2024-12-11T05:07:39.751+0000] {processor.py:186} INFO - Started process (PID=605) to work on /home/airflow/.local/lib/python3.12/site-packages/airflow/example_dags/example_local_kubernetes_executor.py
[2024-12-11T05:07:39.753+0000] {processor.py:914} INFO - Processing file /home/airflow/.local/lib/python3.12/site-packages/airflow/example_dags/example_local_kubernetes_executor.py for tasks to queue
[2024-12-11T05:07:39.757+0000] {logging_mixin.py:190} INFO - [2024-12-11T05:07:39.756+0000] {dagbag.py:588} INFO - Filling up the DagBag from /home/airflow/.local/lib/python3.12/site-packages/airflow/example_dags/example_local_kubernetes_executor.py
[2024-12-11T05:07:39.788+0000] {processor.py:925} INFO - DAG(s) 'example_local_kubernetes_executor' retrieved from /home/airflow/.local/lib/python3.12/site-packages/airflow/example_dags/example_local_kubernetes_executor.py
[2024-12-11T05:07:39.889+0000] {logging_mixin.py:190} INFO - [2024-12-11T05:07:39.888+0000] {dag.py:3239} INFO - Sync 1 DAGs
[2024-12-11T05:07:39.928+0000] {logging_mixin.py:190} INFO - [2024-12-11T05:07:39.927+0000] {dag.py:4180} INFO - Setting next_dagrun for example_local_kubernetes_executor to None, run_after=None
[2024-12-11T05:07:39.985+0000] {processor.py:208} INFO - Processing /home/airflow/.local/lib/python3.12/site-packages/airflow/example_dags/example_local_kubernetes_executor.py took 0.250 seconds
[2024-12-11T05:08:11.875+0000] {processor.py:186} INFO - Started process (PID=668) to work on /home/airflow/.local/lib/python3.12/site-packages/airflow/example_dags/example_local_kubernetes_executor.py
[2024-12-11T05:08:11.877+0000] {processor.py:914} INFO - Processing file /home/airflow/.local/lib/python3.12/site-packages/airflow/example_dags/example_local_kubernetes_executor.py for tasks to queue
[2024-12-11T05:08:11.881+0000] {logging_mixin.py:190} INFO - [2024-12-11T05:08:11.879+0000] {dagbag.py:588} INFO - Filling up the DagBag from /home/airflow/.local/lib/python3.12/site-packages/airflow/example_dags/example_local_kubernetes_executor.py
[2024-12-11T05:08:11.903+0000] {processor.py:925} INFO - DAG(s) 'example_local_kubernetes_executor' retrieved from /home/airflow/.local/lib/python3.12/site-packages/airflow/example_dags/example_local_kubernetes_executor.py
[2024-12-11T05:08:11.975+0000] {logging_mixin.py:190} INFO - [2024-12-11T05:08:11.975+0000] {dag.py:3239} INFO - Sync 1 DAGs
[2024-12-11T05:08:12.016+0000] {logging_mixin.py:190} INFO - [2024-12-11T05:08:12.016+0000] {dag.py:4180} INFO - Setting next_dagrun for example_local_kubernetes_executor to None, run_after=None
[2024-12-11T05:08:12.065+0000] {processor.py:208} INFO - Processing /home/airflow/.local/lib/python3.12/site-packages/airflow/example_dags/example_local_kubernetes_executor.py took 0.200 seconds
[2024-12-11T05:09:34.773+0000] {processor.py:186} INFO - Started process (PID=745) to work on /home/airflow/.local/lib/python3.12/site-packages/airflow/example_dags/example_local_kubernetes_executor.py
[2024-12-11T05:09:34.792+0000] {processor.py:914} INFO - Processing file /home/airflow/.local/lib/python3.12/site-packages/airflow/example_dags/example_local_kubernetes_executor.py for tasks to queue
[2024-12-11T05:09:34.799+0000] {logging_mixin.py:190} INFO - [2024-12-11T05:09:34.798+0000] {dagbag.py:588} INFO - Filling up the DagBag from /home/airflow/.local/lib/python3.12/site-packages/airflow/example_dags/example_local_kubernetes_executor.py
[2024-12-11T05:09:34.854+0000] {processor.py:925} INFO - DAG(s) 'example_local_kubernetes_executor' retrieved from /home/airflow/.local/lib/python3.12/site-packages/airflow/example_dags/example_local_kubernetes_executor.py
[2024-12-11T05:09:35.004+0000] {logging_mixin.py:190} INFO - [2024-12-11T05:09:35.002+0000] {dag.py:3239} INFO - Sync 1 DAGs
[2024-12-11T05:09:35.073+0000] {logging_mixin.py:190} INFO - [2024-12-11T05:09:35.072+0000] {dag.py:4180} INFO - Setting next_dagrun for example_local_kubernetes_executor to None, run_after=None
[2024-12-11T05:09:35.132+0000] {processor.py:208} INFO - Processing /home/airflow/.local/lib/python3.12/site-packages/airflow/example_dags/example_local_kubernetes_executor.py took 0.385 seconds
[2024-12-11T05:10:05.404+0000] {processor.py:186} INFO - Started process (PID=808) to work on /home/airflow/.local/lib/python3.12/site-packages/airflow/example_dags/example_local_kubernetes_executor.py
[2024-12-11T05:10:05.406+0000] {processor.py:914} INFO - Processing file /home/airflow/.local/lib/python3.12/site-packages/airflow/example_dags/example_local_kubernetes_executor.py for tasks to queue
[2024-12-11T05:10:05.409+0000] {logging_mixin.py:190} INFO - [2024-12-11T05:10:05.409+0000] {dagbag.py:588} INFO - Filling up the DagBag from /home/airflow/.local/lib/python3.12/site-packages/airflow/example_dags/example_local_kubernetes_executor.py
[2024-12-11T05:10:05.431+0000] {processor.py:925} INFO - DAG(s) 'example_local_kubernetes_executor' retrieved from /home/airflow/.local/lib/python3.12/site-packages/airflow/example_dags/example_local_kubernetes_executor.py
[2024-12-11T05:10:05.499+0000] {logging_mixin.py:190} INFO - [2024-12-11T05:10:05.498+0000] {dag.py:3239} INFO - Sync 1 DAGs
[2024-12-11T05:10:05.532+0000] {logging_mixin.py:190} INFO - [2024-12-11T05:10:05.532+0000] {dag.py:4180} INFO - Setting next_dagrun for example_local_kubernetes_executor to None, run_after=None
[2024-12-11T05:10:05.588+0000] {processor.py:208} INFO - Processing /home/airflow/.local/lib/python3.12/site-packages/airflow/example_dags/example_local_kubernetes_executor.py took 0.195 seconds
[2024-12-11T05:10:41.385+0000] {processor.py:186} INFO - Started process (PID=871) to work on /home/airflow/.local/lib/python3.12/site-packages/airflow/example_dags/example_local_kubernetes_executor.py
[2024-12-11T05:10:41.393+0000] {processor.py:914} INFO - Processing file /home/airflow/.local/lib/python3.12/site-packages/airflow/example_dags/example_local_kubernetes_executor.py for tasks to queue
[2024-12-11T05:10:41.400+0000] {logging_mixin.py:190} INFO - [2024-12-11T05:10:41.399+0000] {dagbag.py:588} INFO - Filling up the DagBag from /home/airflow/.local/lib/python3.12/site-packages/airflow/example_dags/example_local_kubernetes_executor.py
[2024-12-11T05:10:41.453+0000] {processor.py:925} INFO - DAG(s) 'example_local_kubernetes_executor' retrieved from /home/airflow/.local/lib/python3.12/site-packages/airflow/example_dags/example_local_kubernetes_executor.py
[2024-12-11T05:10:41.567+0000] {logging_mixin.py:190} INFO - [2024-12-11T05:10:41.567+0000] {dag.py:3239} INFO - Sync 1 DAGs
[2024-12-11T05:10:41.636+0000] {logging_mixin.py:190} INFO - [2024-12-11T05:10:41.630+0000] {dag.py:4180} INFO - Setting next_dagrun for example_local_kubernetes_executor to None, run_after=None
[2024-12-11T05:10:41.723+0000] {processor.py:208} INFO - Processing /home/airflow/.local/lib/python3.12/site-packages/airflow/example_dags/example_local_kubernetes_executor.py took 0.362 seconds
[2024-12-11T05:17:34.208+0000] {processor.py:186} INFO - Started process (PID=966) to work on /home/airflow/.local/lib/python3.12/site-packages/airflow/example_dags/example_local_kubernetes_executor.py
[2024-12-11T05:17:34.210+0000] {processor.py:914} INFO - Processing file /home/airflow/.local/lib/python3.12/site-packages/airflow/example_dags/example_local_kubernetes_executor.py for tasks to queue
[2024-12-11T05:17:34.213+0000] {logging_mixin.py:190} INFO - [2024-12-11T05:17:34.213+0000] {dagbag.py:588} INFO - Filling up the DagBag from /home/airflow/.local/lib/python3.12/site-packages/airflow/example_dags/example_local_kubernetes_executor.py
[2024-12-11T05:17:34.243+0000] {processor.py:925} INFO - DAG(s) 'example_local_kubernetes_executor' retrieved from /home/airflow/.local/lib/python3.12/site-packages/airflow/example_dags/example_local_kubernetes_executor.py
[2024-12-11T05:17:34.340+0000] {logging_mixin.py:190} INFO - [2024-12-11T05:17:34.339+0000] {dag.py:3239} INFO - Sync 1 DAGs
[2024-12-11T05:17:34.380+0000] {logging_mixin.py:190} INFO - [2024-12-11T05:17:34.380+0000] {dag.py:4180} INFO - Setting next_dagrun for example_local_kubernetes_executor to None, run_after=None
[2024-12-11T05:17:34.419+0000] {processor.py:208} INFO - Processing /home/airflow/.local/lib/python3.12/site-packages/airflow/example_dags/example_local_kubernetes_executor.py took 0.222 seconds
[2024-12-11T05:18:04.576+0000] {processor.py:186} INFO - Started process (PID=1028) to work on /home/airflow/.local/lib/python3.12/site-packages/airflow/example_dags/example_local_kubernetes_executor.py
[2024-12-11T05:18:04.578+0000] {processor.py:914} INFO - Processing file /home/airflow/.local/lib/python3.12/site-packages/airflow/example_dags/example_local_kubernetes_executor.py for tasks to queue
[2024-12-11T05:18:04.581+0000] {logging_mixin.py:190} INFO - [2024-12-11T05:18:04.580+0000] {dagbag.py:588} INFO - Filling up the DagBag from /home/airflow/.local/lib/python3.12/site-packages/airflow/example_dags/example_local_kubernetes_executor.py
[2024-12-11T05:18:04.599+0000] {processor.py:925} INFO - DAG(s) 'example_local_kubernetes_executor' retrieved from /home/airflow/.local/lib/python3.12/site-packages/airflow/example_dags/example_local_kubernetes_executor.py
[2024-12-11T05:18:04.675+0000] {logging_mixin.py:190} INFO - [2024-12-11T05:18:04.675+0000] {dag.py:3239} INFO - Sync 1 DAGs
[2024-12-11T05:18:04.703+0000] {logging_mixin.py:190} INFO - [2024-12-11T05:18:04.703+0000] {dag.py:4180} INFO - Setting next_dagrun for example_local_kubernetes_executor to None, run_after=None
[2024-12-11T05:18:04.736+0000] {processor.py:208} INFO - Processing /home/airflow/.local/lib/python3.12/site-packages/airflow/example_dags/example_local_kubernetes_executor.py took 0.171 seconds
[2024-12-11T05:18:34.965+0000] {processor.py:186} INFO - Started process (PID=1091) to work on /home/airflow/.local/lib/python3.12/site-packages/airflow/example_dags/example_local_kubernetes_executor.py
[2024-12-11T05:18:34.967+0000] {processor.py:914} INFO - Processing file /home/airflow/.local/lib/python3.12/site-packages/airflow/example_dags/example_local_kubernetes_executor.py for tasks to queue
[2024-12-11T05:18:34.972+0000] {logging_mixin.py:190} INFO - [2024-12-11T05:18:34.971+0000] {dagbag.py:588} INFO - Filling up the DagBag from /home/airflow/.local/lib/python3.12/site-packages/airflow/example_dags/example_local_kubernetes_executor.py
[2024-12-11T05:18:34.993+0000] {processor.py:925} INFO - DAG(s) 'example_local_kubernetes_executor' retrieved from /home/airflow/.local/lib/python3.12/site-packages/airflow/example_dags/example_local_kubernetes_executor.py
[2024-12-11T05:18:35.079+0000] {logging_mixin.py:190} INFO - [2024-12-11T05:18:35.078+0000] {dag.py:3239} INFO - Sync 1 DAGs
[2024-12-11T05:18:35.113+0000] {logging_mixin.py:190} INFO - [2024-12-11T05:18:35.113+0000] {dag.py:4180} INFO - Setting next_dagrun for example_local_kubernetes_executor to None, run_after=None
[2024-12-11T05:18:35.159+0000] {processor.py:208} INFO - Processing /home/airflow/.local/lib/python3.12/site-packages/airflow/example_dags/example_local_kubernetes_executor.py took 0.208 seconds
[2024-12-11T05:19:05.534+0000] {processor.py:186} INFO - Started process (PID=1154) to work on /home/airflow/.local/lib/python3.12/site-packages/airflow/example_dags/example_local_kubernetes_executor.py
[2024-12-11T05:19:05.535+0000] {processor.py:914} INFO - Processing file /home/airflow/.local/lib/python3.12/site-packages/airflow/example_dags/example_local_kubernetes_executor.py for tasks to queue
[2024-12-11T05:19:05.538+0000] {logging_mixin.py:190} INFO - [2024-12-11T05:19:05.537+0000] {dagbag.py:588} INFO - Filling up the DagBag from /home/airflow/.local/lib/python3.12/site-packages/airflow/example_dags/example_local_kubernetes_executor.py
[2024-12-11T05:19:05.557+0000] {processor.py:925} INFO - DAG(s) 'example_local_kubernetes_executor' retrieved from /home/airflow/.local/lib/python3.12/site-packages/airflow/example_dags/example_local_kubernetes_executor.py
[2024-12-11T05:19:05.619+0000] {logging_mixin.py:190} INFO - [2024-12-11T05:19:05.618+0000] {dag.py:3239} INFO - Sync 1 DAGs
[2024-12-11T05:19:05.647+0000] {logging_mixin.py:190} INFO - [2024-12-11T05:19:05.646+0000] {dag.py:4180} INFO - Setting next_dagrun for example_local_kubernetes_executor to None, run_after=None
[2024-12-11T05:19:05.683+0000] {processor.py:208} INFO - Processing /home/airflow/.local/lib/python3.12/site-packages/airflow/example_dags/example_local_kubernetes_executor.py took 0.160 seconds
[2024-12-11T05:19:36.425+0000] {processor.py:186} INFO - Started process (PID=1217) to work on /home/airflow/.local/lib/python3.12/site-packages/airflow/example_dags/example_local_kubernetes_executor.py
[2024-12-11T05:19:36.428+0000] {processor.py:914} INFO - Processing file /home/airflow/.local/lib/python3.12/site-packages/airflow/example_dags/example_local_kubernetes_executor.py for tasks to queue
[2024-12-11T05:19:36.435+0000] {logging_mixin.py:190} INFO - [2024-12-11T05:19:36.434+0000] {dagbag.py:588} INFO - Filling up the DagBag from /home/airflow/.local/lib/python3.12/site-packages/airflow/example_dags/example_local_kubernetes_executor.py
[2024-12-11T05:19:36.461+0000] {processor.py:925} INFO - DAG(s) 'example_local_kubernetes_executor' retrieved from /home/airflow/.local/lib/python3.12/site-packages/airflow/example_dags/example_local_kubernetes_executor.py
[2024-12-11T05:19:36.562+0000] {logging_mixin.py:190} INFO - [2024-12-11T05:19:36.561+0000] {dag.py:3239} INFO - Sync 1 DAGs
[2024-12-11T05:19:36.609+0000] {logging_mixin.py:190} INFO - [2024-12-11T05:19:36.608+0000] {dag.py:4180} INFO - Setting next_dagrun for example_local_kubernetes_executor to None, run_after=None
[2024-12-11T05:19:36.665+0000] {processor.py:208} INFO - Processing /home/airflow/.local/lib/python3.12/site-packages/airflow/example_dags/example_local_kubernetes_executor.py took 0.261 seconds
[2024-12-11T05:20:07.392+0000] {processor.py:186} INFO - Started process (PID=1280) to work on /home/airflow/.local/lib/python3.12/site-packages/airflow/example_dags/example_local_kubernetes_executor.py
[2024-12-11T05:20:07.395+0000] {processor.py:914} INFO - Processing file /home/airflow/.local/lib/python3.12/site-packages/airflow/example_dags/example_local_kubernetes_executor.py for tasks to queue
[2024-12-11T05:20:07.398+0000] {logging_mixin.py:190} INFO - [2024-12-11T05:20:07.397+0000] {dagbag.py:588} INFO - Filling up the DagBag from /home/airflow/.local/lib/python3.12/site-packages/airflow/example_dags/example_local_kubernetes_executor.py
[2024-12-11T05:20:07.422+0000] {processor.py:925} INFO - DAG(s) 'example_local_kubernetes_executor' retrieved from /home/airflow/.local/lib/python3.12/site-packages/airflow/example_dags/example_local_kubernetes_executor.py
[2024-12-11T05:20:07.490+0000] {logging_mixin.py:190} INFO - [2024-12-11T05:20:07.489+0000] {dag.py:3239} INFO - Sync 1 DAGs
[2024-12-11T05:20:07.520+0000] {logging_mixin.py:190} INFO - [2024-12-11T05:20:07.519+0000] {dag.py:4180} INFO - Setting next_dagrun for example_local_kubernetes_executor to None, run_after=None
[2024-12-11T05:20:07.561+0000] {processor.py:208} INFO - Processing /home/airflow/.local/lib/python3.12/site-packages/airflow/example_dags/example_local_kubernetes_executor.py took 0.183 seconds
[2024-12-11T05:23:25.368+0000] {processor.py:186} INFO - Started process (PID=1367) to work on /home/airflow/.local/lib/python3.12/site-packages/airflow/example_dags/example_local_kubernetes_executor.py
[2024-12-11T05:23:25.370+0000] {processor.py:914} INFO - Processing file /home/airflow/.local/lib/python3.12/site-packages/airflow/example_dags/example_local_kubernetes_executor.py for tasks to queue
[2024-12-11T05:23:25.374+0000] {logging_mixin.py:190} INFO - [2024-12-11T05:23:25.373+0000] {dagbag.py:588} INFO - Filling up the DagBag from /home/airflow/.local/lib/python3.12/site-packages/airflow/example_dags/example_local_kubernetes_executor.py
[2024-12-11T05:23:25.396+0000] {processor.py:925} INFO - DAG(s) 'example_local_kubernetes_executor' retrieved from /home/airflow/.local/lib/python3.12/site-packages/airflow/example_dags/example_local_kubernetes_executor.py
[2024-12-11T05:23:25.466+0000] {logging_mixin.py:190} INFO - [2024-12-11T05:23:25.465+0000] {dag.py:3239} INFO - Sync 1 DAGs
[2024-12-11T05:23:25.506+0000] {logging_mixin.py:190} INFO - [2024-12-11T05:23:25.505+0000] {dag.py:4180} INFO - Setting next_dagrun for example_local_kubernetes_executor to None, run_after=None
[2024-12-11T05:23:25.549+0000] {processor.py:208} INFO - Processing /home/airflow/.local/lib/python3.12/site-packages/airflow/example_dags/example_local_kubernetes_executor.py took 0.194 seconds
[2024-12-11T05:24:56.643+0000] {processor.py:186} INFO - Started process (PID=1456) to work on /home/airflow/.local/lib/python3.12/site-packages/airflow/example_dags/example_local_kubernetes_executor.py
[2024-12-11T05:24:56.645+0000] {processor.py:914} INFO - Processing file /home/airflow/.local/lib/python3.12/site-packages/airflow/example_dags/example_local_kubernetes_executor.py for tasks to queue
[2024-12-11T05:24:56.648+0000] {logging_mixin.py:190} INFO - [2024-12-11T05:24:56.648+0000] {dagbag.py:588} INFO - Filling up the DagBag from /home/airflow/.local/lib/python3.12/site-packages/airflow/example_dags/example_local_kubernetes_executor.py
[2024-12-11T05:24:56.665+0000] {processor.py:925} INFO - DAG(s) 'example_local_kubernetes_executor' retrieved from /home/airflow/.local/lib/python3.12/site-packages/airflow/example_dags/example_local_kubernetes_executor.py
[2024-12-11T05:24:56.729+0000] {logging_mixin.py:190} INFO - [2024-12-11T05:24:56.729+0000] {dag.py:3239} INFO - Sync 1 DAGs
[2024-12-11T05:24:56.763+0000] {logging_mixin.py:190} INFO - [2024-12-11T05:24:56.763+0000] {dag.py:4180} INFO - Setting next_dagrun for example_local_kubernetes_executor to None, run_after=None
[2024-12-11T05:24:56.803+0000] {processor.py:208} INFO - Processing /home/airflow/.local/lib/python3.12/site-packages/airflow/example_dags/example_local_kubernetes_executor.py took 0.179 seconds
[2024-12-11T05:25:33.538+0000] {processor.py:186} INFO - Started process (PID=1519) to work on /home/airflow/.local/lib/python3.12/site-packages/airflow/example_dags/example_local_kubernetes_executor.py
[2024-12-11T05:25:33.540+0000] {processor.py:914} INFO - Processing file /home/airflow/.local/lib/python3.12/site-packages/airflow/example_dags/example_local_kubernetes_executor.py for tasks to queue
[2024-12-11T05:25:33.544+0000] {logging_mixin.py:190} INFO - [2024-12-11T05:25:33.543+0000] {dagbag.py:588} INFO - Filling up the DagBag from /home/airflow/.local/lib/python3.12/site-packages/airflow/example_dags/example_local_kubernetes_executor.py
[2024-12-11T05:25:33.569+0000] {processor.py:925} INFO - DAG(s) 'example_local_kubernetes_executor' retrieved from /home/airflow/.local/lib/python3.12/site-packages/airflow/example_dags/example_local_kubernetes_executor.py
[2024-12-11T05:25:33.670+0000] {logging_mixin.py:190} INFO - [2024-12-11T05:25:33.669+0000] {dag.py:3239} INFO - Sync 1 DAGs
[2024-12-11T05:25:33.710+0000] {logging_mixin.py:190} INFO - [2024-12-11T05:25:33.710+0000] {dag.py:4180} INFO - Setting next_dagrun for example_local_kubernetes_executor to None, run_after=None
[2024-12-11T05:25:33.764+0000] {processor.py:208} INFO - Processing /home/airflow/.local/lib/python3.12/site-packages/airflow/example_dags/example_local_kubernetes_executor.py took 0.239 seconds
[2024-12-11T05:26:06.815+0000] {processor.py:186} INFO - Started process (PID=1582) to work on /home/airflow/.local/lib/python3.12/site-packages/airflow/example_dags/example_local_kubernetes_executor.py
[2024-12-11T05:26:06.818+0000] {processor.py:914} INFO - Processing file /home/airflow/.local/lib/python3.12/site-packages/airflow/example_dags/example_local_kubernetes_executor.py for tasks to queue
[2024-12-11T05:26:06.822+0000] {logging_mixin.py:190} INFO - [2024-12-11T05:26:06.821+0000] {dagbag.py:588} INFO - Filling up the DagBag from /home/airflow/.local/lib/python3.12/site-packages/airflow/example_dags/example_local_kubernetes_executor.py
[2024-12-11T05:26:06.854+0000] {processor.py:925} INFO - DAG(s) 'example_local_kubernetes_executor' retrieved from /home/airflow/.local/lib/python3.12/site-packages/airflow/example_dags/example_local_kubernetes_executor.py
[2024-12-11T05:26:06.964+0000] {logging_mixin.py:190} INFO - [2024-12-11T05:26:06.964+0000] {dag.py:3239} INFO - Sync 1 DAGs
[2024-12-11T05:26:07.017+0000] {logging_mixin.py:190} INFO - [2024-12-11T05:26:07.016+0000] {dag.py:4180} INFO - Setting next_dagrun for example_local_kubernetes_executor to None, run_after=None
[2024-12-11T05:26:07.086+0000] {processor.py:208} INFO - Processing /home/airflow/.local/lib/python3.12/site-packages/airflow/example_dags/example_local_kubernetes_executor.py took 0.287 seconds
[2024-12-11T05:27:29.547+0000] {processor.py:186} INFO - Started process (PID=1668) to work on /home/airflow/.local/lib/python3.12/site-packages/airflow/example_dags/example_local_kubernetes_executor.py
[2024-12-11T05:27:29.551+0000] {processor.py:914} INFO - Processing file /home/airflow/.local/lib/python3.12/site-packages/airflow/example_dags/example_local_kubernetes_executor.py for tasks to queue
[2024-12-11T05:27:29.556+0000] {logging_mixin.py:190} INFO - [2024-12-11T05:27:29.555+0000] {dagbag.py:588} INFO - Filling up the DagBag from /home/airflow/.local/lib/python3.12/site-packages/airflow/example_dags/example_local_kubernetes_executor.py
[2024-12-11T05:27:29.593+0000] {processor.py:925} INFO - DAG(s) 'example_local_kubernetes_executor' retrieved from /home/airflow/.local/lib/python3.12/site-packages/airflow/example_dags/example_local_kubernetes_executor.py
[2024-12-11T05:27:29.724+0000] {logging_mixin.py:190} INFO - [2024-12-11T05:27:29.723+0000] {dag.py:3239} INFO - Sync 1 DAGs
[2024-12-11T05:27:29.796+0000] {logging_mixin.py:190} INFO - [2024-12-11T05:27:29.795+0000] {dag.py:4180} INFO - Setting next_dagrun for example_local_kubernetes_executor to None, run_after=None
[2024-12-11T05:27:29.867+0000] {processor.py:208} INFO - Processing /home/airflow/.local/lib/python3.12/site-packages/airflow/example_dags/example_local_kubernetes_executor.py took 0.348 seconds
