[2024-12-11T04:56:28.220+0000] {processor.py:186} INFO - Started process (PID=122) to work on /home/airflow/.local/lib/python3.12/site-packages/airflow/example_dags/example_latest_only.py
[2024-12-11T04:56:28.223+0000] {processor.py:914} INFO - Processing file /home/airflow/.local/lib/python3.12/site-packages/airflow/example_dags/example_latest_only.py for tasks to queue
[2024-12-11T04:56:28.231+0000] {logging_mixin.py:190} INFO - [2024-12-11T04:56:28.230+0000] {dagbag.py:588} INFO - Filling up the DagBag from /home/airflow/.local/lib/python3.12/site-packages/airflow/example_dags/example_latest_only.py
[2024-12-11T04:56:28.253+0000] {processor.py:925} INFO - DAG(s) 'latest_only' retrieved from /home/airflow/.local/lib/python3.12/site-packages/airflow/example_dags/example_latest_only.py
[2024-12-11T04:56:28.634+0000] {logging_mixin.py:190} INFO - [2024-12-11T04:56:28.632+0000] {override.py:1911} INFO - Created Permission View: can delete on DAG:latest_only
[2024-12-11T04:56:28.664+0000] {logging_mixin.py:190} INFO - [2024-12-11T04:56:28.663+0000] {override.py:1911} INFO - Created Permission View: can read on DAG:latest_only
[2024-12-11T04:56:28.684+0000] {logging_mixin.py:190} INFO - [2024-12-11T04:56:28.683+0000] {override.py:1911} INFO - Created Permission View: can edit on DAG:latest_only
[2024-12-11T04:56:28.705+0000] {logging_mixin.py:190} INFO - [2024-12-11T04:56:28.704+0000] {override.py:1911} INFO - Created Permission View: can delete on DAG Run:latest_only
[2024-12-11T04:56:28.724+0000] {logging_mixin.py:190} INFO - [2024-12-11T04:56:28.724+0000] {override.py:1911} INFO - Created Permission View: can read on DAG Run:latest_only
[2024-12-11T04:56:28.743+0000] {logging_mixin.py:190} INFO - [2024-12-11T04:56:28.742+0000] {override.py:1911} INFO - Created Permission View: menu access on DAG Run:latest_only
[2024-12-11T04:56:28.763+0000] {logging_mixin.py:190} INFO - [2024-12-11T04:56:28.762+0000] {override.py:1911} INFO - Created Permission View: can create on DAG Run:latest_only
[2024-12-11T04:56:28.765+0000] {logging_mixin.py:190} INFO - [2024-12-11T04:56:28.764+0000] {dag.py:3239} INFO - Sync 1 DAGs
[2024-12-11T04:56:28.800+0000] {logging_mixin.py:190} INFO - [2024-12-11T04:56:28.799+0000] {dag.py:3262} INFO - Creating ORM DAG for latest_only
[2024-12-11T04:56:28.826+0000] {logging_mixin.py:190} INFO - [2024-12-11T04:56:28.825+0000] {dag.py:4180} INFO - Setting next_dagrun for latest_only to 2024-12-11 00:00:00+00:00, run_after=2024-12-11 04:00:00+00:00
[2024-12-11T04:56:28.871+0000] {processor.py:208} INFO - Processing /home/airflow/.local/lib/python3.12/site-packages/airflow/example_dags/example_latest_only.py took 0.668 seconds
[2024-12-11T04:56:59.142+0000] {processor.py:186} INFO - Started process (PID=185) to work on /home/airflow/.local/lib/python3.12/site-packages/airflow/example_dags/example_latest_only.py
[2024-12-11T04:56:59.145+0000] {processor.py:914} INFO - Processing file /home/airflow/.local/lib/python3.12/site-packages/airflow/example_dags/example_latest_only.py for tasks to queue
[2024-12-11T04:56:59.152+0000] {logging_mixin.py:190} INFO - [2024-12-11T04:56:59.151+0000] {dagbag.py:588} INFO - Filling up the DagBag from /home/airflow/.local/lib/python3.12/site-packages/airflow/example_dags/example_latest_only.py
[2024-12-11T04:56:59.175+0000] {processor.py:925} INFO - DAG(s) 'latest_only' retrieved from /home/airflow/.local/lib/python3.12/site-packages/airflow/example_dags/example_latest_only.py
[2024-12-11T04:56:59.244+0000] {logging_mixin.py:190} INFO - [2024-12-11T04:56:59.243+0000] {dag.py:3239} INFO - Sync 1 DAGs
[2024-12-11T04:56:59.341+0000] {logging_mixin.py:190} INFO - [2024-12-11T04:56:59.339+0000] {dag.py:4180} INFO - Setting next_dagrun for latest_only to 2024-12-11 00:00:00+00:00, run_after=2024-12-11 04:00:00+00:00
[2024-12-11T04:56:59.448+0000] {processor.py:208} INFO - Processing /home/airflow/.local/lib/python3.12/site-packages/airflow/example_dags/example_latest_only.py took 0.321 seconds
[2024-12-11T05:01:01.503+0000] {processor.py:186} INFO - Started process (PID=253) to work on /home/airflow/.local/lib/python3.12/site-packages/airflow/example_dags/example_latest_only.py
[2024-12-11T05:01:01.507+0000] {processor.py:914} INFO - Processing file /home/airflow/.local/lib/python3.12/site-packages/airflow/example_dags/example_latest_only.py for tasks to queue
[2024-12-11T05:01:01.512+0000] {logging_mixin.py:190} INFO - [2024-12-11T05:01:01.511+0000] {dagbag.py:588} INFO - Filling up the DagBag from /home/airflow/.local/lib/python3.12/site-packages/airflow/example_dags/example_latest_only.py
[2024-12-11T05:01:01.528+0000] {processor.py:925} INFO - DAG(s) 'latest_only' retrieved from /home/airflow/.local/lib/python3.12/site-packages/airflow/example_dags/example_latest_only.py
[2024-12-11T05:01:01.580+0000] {logging_mixin.py:190} INFO - [2024-12-11T05:01:01.580+0000] {dag.py:3239} INFO - Sync 1 DAGs
[2024-12-11T05:01:01.697+0000] {logging_mixin.py:190} INFO - [2024-12-11T05:01:01.696+0000] {dag.py:4180} INFO - Setting next_dagrun for latest_only to 2024-12-11 00:00:00+00:00, run_after=2024-12-11 04:00:00+00:00
[2024-12-11T05:01:01.749+0000] {processor.py:208} INFO - Processing /home/airflow/.local/lib/python3.12/site-packages/airflow/example_dags/example_latest_only.py took 0.259 seconds
[2024-12-11T05:03:23.406+0000] {processor.py:186} INFO - Started process (PID=344) to work on /home/airflow/.local/lib/python3.12/site-packages/airflow/example_dags/example_latest_only.py
[2024-12-11T05:03:23.409+0000] {processor.py:914} INFO - Processing file /home/airflow/.local/lib/python3.12/site-packages/airflow/example_dags/example_latest_only.py for tasks to queue
[2024-12-11T05:03:23.413+0000] {logging_mixin.py:190} INFO - [2024-12-11T05:03:23.412+0000] {dagbag.py:588} INFO - Filling up the DagBag from /home/airflow/.local/lib/python3.12/site-packages/airflow/example_dags/example_latest_only.py
[2024-12-11T05:03:23.434+0000] {processor.py:925} INFO - DAG(s) 'latest_only' retrieved from /home/airflow/.local/lib/python3.12/site-packages/airflow/example_dags/example_latest_only.py
[2024-12-11T05:03:23.484+0000] {logging_mixin.py:190} INFO - [2024-12-11T05:03:23.484+0000] {dag.py:3239} INFO - Sync 1 DAGs
[2024-12-11T05:03:23.555+0000] {logging_mixin.py:190} INFO - [2024-12-11T05:03:23.555+0000] {dag.py:4180} INFO - Setting next_dagrun for latest_only to 2024-12-11 00:00:00+00:00, run_after=2024-12-11 04:00:00+00:00
[2024-12-11T05:03:23.611+0000] {processor.py:208} INFO - Processing /home/airflow/.local/lib/python3.12/site-packages/airflow/example_dags/example_latest_only.py took 0.223 seconds
[2024-12-11T05:03:54.650+0000] {processor.py:186} INFO - Started process (PID=406) to work on /home/airflow/.local/lib/python3.12/site-packages/airflow/example_dags/example_latest_only.py
[2024-12-11T05:03:54.652+0000] {processor.py:914} INFO - Processing file /home/airflow/.local/lib/python3.12/site-packages/airflow/example_dags/example_latest_only.py for tasks to queue
[2024-12-11T05:03:54.656+0000] {logging_mixin.py:190} INFO - [2024-12-11T05:03:54.655+0000] {dagbag.py:588} INFO - Filling up the DagBag from /home/airflow/.local/lib/python3.12/site-packages/airflow/example_dags/example_latest_only.py
[2024-12-11T05:03:54.684+0000] {processor.py:925} INFO - DAG(s) 'latest_only' retrieved from /home/airflow/.local/lib/python3.12/site-packages/airflow/example_dags/example_latest_only.py
[2024-12-11T05:03:54.802+0000] {logging_mixin.py:190} INFO - [2024-12-11T05:03:54.801+0000] {dag.py:3239} INFO - Sync 1 DAGs
[2024-12-11T05:03:54.923+0000] {logging_mixin.py:190} INFO - [2024-12-11T05:03:54.922+0000] {dag.py:4180} INFO - Setting next_dagrun for latest_only to 2024-12-11 00:00:00+00:00, run_after=2024-12-11 04:00:00+00:00
[2024-12-11T05:03:55.014+0000] {processor.py:208} INFO - Processing /home/airflow/.local/lib/python3.12/site-packages/airflow/example_dags/example_latest_only.py took 0.381 seconds
[2024-12-11T05:05:40.473+0000] {processor.py:186} INFO - Started process (PID=475) to work on /home/airflow/.local/lib/python3.12/site-packages/airflow/example_dags/example_latest_only.py
[2024-12-11T05:05:40.476+0000] {processor.py:914} INFO - Processing file /home/airflow/.local/lib/python3.12/site-packages/airflow/example_dags/example_latest_only.py for tasks to queue
[2024-12-11T05:05:40.479+0000] {logging_mixin.py:190} INFO - [2024-12-11T05:05:40.478+0000] {dagbag.py:588} INFO - Filling up the DagBag from /home/airflow/.local/lib/python3.12/site-packages/airflow/example_dags/example_latest_only.py
[2024-12-11T05:05:40.501+0000] {processor.py:925} INFO - DAG(s) 'latest_only' retrieved from /home/airflow/.local/lib/python3.12/site-packages/airflow/example_dags/example_latest_only.py
[2024-12-11T05:05:40.559+0000] {logging_mixin.py:190} INFO - [2024-12-11T05:05:40.559+0000] {dag.py:3239} INFO - Sync 1 DAGs
[2024-12-11T05:05:40.623+0000] {logging_mixin.py:190} INFO - [2024-12-11T05:05:40.623+0000] {dag.py:4180} INFO - Setting next_dagrun for latest_only to 2024-12-11 00:00:00+00:00, run_after=2024-12-11 04:00:00+00:00
[2024-12-11T05:05:40.667+0000] {processor.py:208} INFO - Processing /home/airflow/.local/lib/python3.12/site-packages/airflow/example_dags/example_latest_only.py took 0.212 seconds
[2024-12-11T05:06:18.711+0000] {processor.py:186} INFO - Started process (PID=538) to work on /home/airflow/.local/lib/python3.12/site-packages/airflow/example_dags/example_latest_only.py
[2024-12-11T05:06:18.713+0000] {processor.py:914} INFO - Processing file /home/airflow/.local/lib/python3.12/site-packages/airflow/example_dags/example_latest_only.py for tasks to queue
[2024-12-11T05:06:18.717+0000] {logging_mixin.py:190} INFO - [2024-12-11T05:06:18.717+0000] {dagbag.py:588} INFO - Filling up the DagBag from /home/airflow/.local/lib/python3.12/site-packages/airflow/example_dags/example_latest_only.py
[2024-12-11T05:06:18.752+0000] {processor.py:925} INFO - DAG(s) 'latest_only' retrieved from /home/airflow/.local/lib/python3.12/site-packages/airflow/example_dags/example_latest_only.py
[2024-12-11T05:06:18.825+0000] {logging_mixin.py:190} INFO - [2024-12-11T05:06:18.823+0000] {dag.py:3239} INFO - Sync 1 DAGs
[2024-12-11T05:06:18.932+0000] {logging_mixin.py:190} INFO - [2024-12-11T05:06:18.920+0000] {dag.py:4180} INFO - Setting next_dagrun for latest_only to 2024-12-11 00:00:00+00:00, run_after=2024-12-11 04:00:00+00:00
[2024-12-11T05:06:19.057+0000] {processor.py:208} INFO - Processing /home/airflow/.local/lib/python3.12/site-packages/airflow/example_dags/example_latest_only.py took 0.365 seconds
[2024-12-11T05:07:38.146+0000] {processor.py:186} INFO - Started process (PID=595) to work on /home/airflow/.local/lib/python3.12/site-packages/airflow/example_dags/example_latest_only.py
[2024-12-11T05:07:38.148+0000] {processor.py:914} INFO - Processing file /home/airflow/.local/lib/python3.12/site-packages/airflow/example_dags/example_latest_only.py for tasks to queue
[2024-12-11T05:07:38.150+0000] {logging_mixin.py:190} INFO - [2024-12-11T05:07:38.150+0000] {dagbag.py:588} INFO - Filling up the DagBag from /home/airflow/.local/lib/python3.12/site-packages/airflow/example_dags/example_latest_only.py
[2024-12-11T05:07:38.170+0000] {processor.py:925} INFO - DAG(s) 'latest_only' retrieved from /home/airflow/.local/lib/python3.12/site-packages/airflow/example_dags/example_latest_only.py
[2024-12-11T05:07:38.209+0000] {logging_mixin.py:190} INFO - [2024-12-11T05:07:38.209+0000] {dag.py:3239} INFO - Sync 1 DAGs
[2024-12-11T05:07:38.256+0000] {logging_mixin.py:190} INFO - [2024-12-11T05:07:38.256+0000] {dag.py:4180} INFO - Setting next_dagrun for latest_only to 2024-12-11 00:00:00+00:00, run_after=2024-12-11 04:00:00+00:00
[2024-12-11T05:07:38.292+0000] {processor.py:208} INFO - Processing /home/airflow/.local/lib/python3.12/site-packages/airflow/example_dags/example_latest_only.py took 0.157 seconds
[2024-12-11T05:08:10.392+0000] {processor.py:186} INFO - Started process (PID=658) to work on /home/airflow/.local/lib/python3.12/site-packages/airflow/example_dags/example_latest_only.py
[2024-12-11T05:08:10.394+0000] {processor.py:914} INFO - Processing file /home/airflow/.local/lib/python3.12/site-packages/airflow/example_dags/example_latest_only.py for tasks to queue
[2024-12-11T05:08:10.397+0000] {logging_mixin.py:190} INFO - [2024-12-11T05:08:10.396+0000] {dagbag.py:588} INFO - Filling up the DagBag from /home/airflow/.local/lib/python3.12/site-packages/airflow/example_dags/example_latest_only.py
[2024-12-11T05:08:10.417+0000] {processor.py:925} INFO - DAG(s) 'latest_only' retrieved from /home/airflow/.local/lib/python3.12/site-packages/airflow/example_dags/example_latest_only.py
[2024-12-11T05:08:10.463+0000] {logging_mixin.py:190} INFO - [2024-12-11T05:08:10.462+0000] {dag.py:3239} INFO - Sync 1 DAGs
[2024-12-11T05:08:10.521+0000] {logging_mixin.py:190} INFO - [2024-12-11T05:08:10.520+0000] {dag.py:4180} INFO - Setting next_dagrun for latest_only to 2024-12-11 00:00:00+00:00, run_after=2024-12-11 04:00:00+00:00
[2024-12-11T05:08:10.567+0000] {processor.py:208} INFO - Processing /home/airflow/.local/lib/python3.12/site-packages/airflow/example_dags/example_latest_only.py took 0.190 seconds
[2024-12-11T05:09:33.066+0000] {processor.py:186} INFO - Started process (PID=735) to work on /home/airflow/.local/lib/python3.12/site-packages/airflow/example_dags/example_latest_only.py
[2024-12-11T05:09:33.070+0000] {processor.py:914} INFO - Processing file /home/airflow/.local/lib/python3.12/site-packages/airflow/example_dags/example_latest_only.py for tasks to queue
[2024-12-11T05:09:33.074+0000] {logging_mixin.py:190} INFO - [2024-12-11T05:09:33.073+0000] {dagbag.py:588} INFO - Filling up the DagBag from /home/airflow/.local/lib/python3.12/site-packages/airflow/example_dags/example_latest_only.py
[2024-12-11T05:09:33.099+0000] {processor.py:925} INFO - DAG(s) 'latest_only' retrieved from /home/airflow/.local/lib/python3.12/site-packages/airflow/example_dags/example_latest_only.py
[2024-12-11T05:09:33.153+0000] {logging_mixin.py:190} INFO - [2024-12-11T05:09:33.153+0000] {dag.py:3239} INFO - Sync 1 DAGs
[2024-12-11T05:09:33.227+0000] {logging_mixin.py:190} INFO - [2024-12-11T05:09:33.226+0000] {dag.py:4180} INFO - Setting next_dagrun for latest_only to 2024-12-11 00:00:00+00:00, run_after=2024-12-11 04:00:00+00:00
[2024-12-11T05:09:33.297+0000] {processor.py:208} INFO - Processing /home/airflow/.local/lib/python3.12/site-packages/airflow/example_dags/example_latest_only.py took 0.257 seconds
[2024-12-11T05:10:03.921+0000] {processor.py:186} INFO - Started process (PID=798) to work on /home/airflow/.local/lib/python3.12/site-packages/airflow/example_dags/example_latest_only.py
[2024-12-11T05:10:03.924+0000] {processor.py:914} INFO - Processing file /home/airflow/.local/lib/python3.12/site-packages/airflow/example_dags/example_latest_only.py for tasks to queue
[2024-12-11T05:10:03.928+0000] {logging_mixin.py:190} INFO - [2024-12-11T05:10:03.927+0000] {dagbag.py:588} INFO - Filling up the DagBag from /home/airflow/.local/lib/python3.12/site-packages/airflow/example_dags/example_latest_only.py
[2024-12-11T05:10:03.949+0000] {processor.py:925} INFO - DAG(s) 'latest_only' retrieved from /home/airflow/.local/lib/python3.12/site-packages/airflow/example_dags/example_latest_only.py
[2024-12-11T05:10:04.016+0000] {logging_mixin.py:190} INFO - [2024-12-11T05:10:04.013+0000] {dag.py:3239} INFO - Sync 1 DAGs
[2024-12-11T05:10:04.096+0000] {logging_mixin.py:190} INFO - [2024-12-11T05:10:04.095+0000] {dag.py:4180} INFO - Setting next_dagrun for latest_only to 2024-12-11 00:00:00+00:00, run_after=2024-12-11 04:00:00+00:00
[2024-12-11T05:10:04.141+0000] {processor.py:208} INFO - Processing /home/airflow/.local/lib/python3.12/site-packages/airflow/example_dags/example_latest_only.py took 0.236 seconds
[2024-12-11T05:10:39.237+0000] {processor.py:186} INFO - Started process (PID=861) to work on /home/airflow/.local/lib/python3.12/site-packages/airflow/example_dags/example_latest_only.py
[2024-12-11T05:10:39.242+0000] {processor.py:914} INFO - Processing file /home/airflow/.local/lib/python3.12/site-packages/airflow/example_dags/example_latest_only.py for tasks to queue
[2024-12-11T05:10:39.246+0000] {logging_mixin.py:190} INFO - [2024-12-11T05:10:39.245+0000] {dagbag.py:588} INFO - Filling up the DagBag from /home/airflow/.local/lib/python3.12/site-packages/airflow/example_dags/example_latest_only.py
[2024-12-11T05:10:39.284+0000] {processor.py:925} INFO - DAG(s) 'latest_only' retrieved from /home/airflow/.local/lib/python3.12/site-packages/airflow/example_dags/example_latest_only.py
[2024-12-11T05:10:39.367+0000] {logging_mixin.py:190} INFO - [2024-12-11T05:10:39.367+0000] {dag.py:3239} INFO - Sync 1 DAGs
[2024-12-11T05:10:39.446+0000] {logging_mixin.py:190} INFO - [2024-12-11T05:10:39.444+0000] {dag.py:4180} INFO - Setting next_dagrun for latest_only to 2024-12-11 00:00:00+00:00, run_after=2024-12-11 04:00:00+00:00
[2024-12-11T05:10:39.517+0000] {processor.py:208} INFO - Processing /home/airflow/.local/lib/python3.12/site-packages/airflow/example_dags/example_latest_only.py took 0.309 seconds
[2024-12-11T05:17:27.129+0000] {processor.py:186} INFO - Started process (PID=956) to work on /home/airflow/.local/lib/python3.12/site-packages/airflow/example_dags/example_latest_only.py
[2024-12-11T05:17:27.165+0000] {processor.py:914} INFO - Processing file /home/airflow/.local/lib/python3.12/site-packages/airflow/example_dags/example_latest_only.py for tasks to queue
[2024-12-11T05:17:27.188+0000] {logging_mixin.py:190} INFO - [2024-12-11T05:17:27.182+0000] {dagbag.py:588} INFO - Filling up the DagBag from /home/airflow/.local/lib/python3.12/site-packages/airflow/example_dags/example_latest_only.py
[2024-12-11T05:17:27.447+0000] {processor.py:925} INFO - DAG(s) 'latest_only' retrieved from /home/airflow/.local/lib/python3.12/site-packages/airflow/example_dags/example_latest_only.py
[2024-12-11T05:17:28.496+0000] {logging_mixin.py:190} INFO - [2024-12-11T05:17:28.404+0000] {dag.py:3239} INFO - Sync 1 DAGs
[2024-12-11T05:17:29.127+0000] {logging_mixin.py:190} INFO - [2024-12-11T05:17:29.126+0000] {dag.py:4180} INFO - Setting next_dagrun for latest_only to 2024-12-11 00:00:00+00:00, run_after=2024-12-11 04:00:00+00:00
[2024-12-11T05:17:29.384+0000] {processor.py:208} INFO - Processing /home/airflow/.local/lib/python3.12/site-packages/airflow/example_dags/example_latest_only.py took 2.343 seconds
[2024-12-11T05:17:59.714+0000] {processor.py:186} INFO - Started process (PID=1018) to work on /home/airflow/.local/lib/python3.12/site-packages/airflow/example_dags/example_latest_only.py
[2024-12-11T05:17:59.717+0000] {processor.py:914} INFO - Processing file /home/airflow/.local/lib/python3.12/site-packages/airflow/example_dags/example_latest_only.py for tasks to queue
[2024-12-11T05:17:59.721+0000] {logging_mixin.py:190} INFO - [2024-12-11T05:17:59.719+0000] {dagbag.py:588} INFO - Filling up the DagBag from /home/airflow/.local/lib/python3.12/site-packages/airflow/example_dags/example_latest_only.py
[2024-12-11T05:17:59.749+0000] {processor.py:925} INFO - DAG(s) 'latest_only' retrieved from /home/airflow/.local/lib/python3.12/site-packages/airflow/example_dags/example_latest_only.py
[2024-12-11T05:17:59.883+0000] {logging_mixin.py:190} INFO - [2024-12-11T05:17:59.882+0000] {dag.py:3239} INFO - Sync 1 DAGs
[2024-12-11T05:17:59.933+0000] {logging_mixin.py:190} INFO - [2024-12-11T05:17:59.932+0000] {dag.py:4180} INFO - Setting next_dagrun for latest_only to 2024-12-11 00:00:00+00:00, run_after=2024-12-11 04:00:00+00:00
[2024-12-11T05:17:59.973+0000] {processor.py:208} INFO - Processing /home/airflow/.local/lib/python3.12/site-packages/airflow/example_dags/example_latest_only.py took 0.278 seconds
[2024-12-11T05:18:30.081+0000] {processor.py:186} INFO - Started process (PID=1081) to work on /home/airflow/.local/lib/python3.12/site-packages/airflow/example_dags/example_latest_only.py
[2024-12-11T05:18:30.083+0000] {processor.py:914} INFO - Processing file /home/airflow/.local/lib/python3.12/site-packages/airflow/example_dags/example_latest_only.py for tasks to queue
[2024-12-11T05:18:30.086+0000] {logging_mixin.py:190} INFO - [2024-12-11T05:18:30.085+0000] {dagbag.py:588} INFO - Filling up the DagBag from /home/airflow/.local/lib/python3.12/site-packages/airflow/example_dags/example_latest_only.py
[2024-12-11T05:18:30.103+0000] {processor.py:925} INFO - DAG(s) 'latest_only' retrieved from /home/airflow/.local/lib/python3.12/site-packages/airflow/example_dags/example_latest_only.py
[2024-12-11T05:18:30.149+0000] {logging_mixin.py:190} INFO - [2024-12-11T05:18:30.148+0000] {dag.py:3239} INFO - Sync 1 DAGs
[2024-12-11T05:18:30.194+0000] {logging_mixin.py:190} INFO - [2024-12-11T05:18:30.193+0000] {dag.py:4180} INFO - Setting next_dagrun for latest_only to 2024-12-11 00:00:00+00:00, run_after=2024-12-11 04:00:00+00:00
[2024-12-11T05:18:30.243+0000] {processor.py:208} INFO - Processing /home/airflow/.local/lib/python3.12/site-packages/airflow/example_dags/example_latest_only.py took 0.174 seconds
[2024-12-11T05:19:00.363+0000] {processor.py:186} INFO - Started process (PID=1144) to work on /home/airflow/.local/lib/python3.12/site-packages/airflow/example_dags/example_latest_only.py
[2024-12-11T05:19:00.365+0000] {processor.py:914} INFO - Processing file /home/airflow/.local/lib/python3.12/site-packages/airflow/example_dags/example_latest_only.py for tasks to queue
[2024-12-11T05:19:00.368+0000] {logging_mixin.py:190} INFO - [2024-12-11T05:19:00.367+0000] {dagbag.py:588} INFO - Filling up the DagBag from /home/airflow/.local/lib/python3.12/site-packages/airflow/example_dags/example_latest_only.py
[2024-12-11T05:19:00.381+0000] {processor.py:925} INFO - DAG(s) 'latest_only' retrieved from /home/airflow/.local/lib/python3.12/site-packages/airflow/example_dags/example_latest_only.py
[2024-12-11T05:19:00.423+0000] {logging_mixin.py:190} INFO - [2024-12-11T05:19:00.423+0000] {dag.py:3239} INFO - Sync 1 DAGs
[2024-12-11T05:19:00.468+0000] {logging_mixin.py:190} INFO - [2024-12-11T05:19:00.467+0000] {dag.py:4180} INFO - Setting next_dagrun for latest_only to 2024-12-11 00:00:00+00:00, run_after=2024-12-11 04:00:00+00:00
[2024-12-11T05:19:00.508+0000] {processor.py:208} INFO - Processing /home/airflow/.local/lib/python3.12/site-packages/airflow/example_dags/example_latest_only.py took 0.153 seconds
[2024-12-11T05:19:30.758+0000] {processor.py:186} INFO - Started process (PID=1207) to work on /home/airflow/.local/lib/python3.12/site-packages/airflow/example_dags/example_latest_only.py
[2024-12-11T05:19:30.760+0000] {processor.py:914} INFO - Processing file /home/airflow/.local/lib/python3.12/site-packages/airflow/example_dags/example_latest_only.py for tasks to queue
[2024-12-11T05:19:30.762+0000] {logging_mixin.py:190} INFO - [2024-12-11T05:19:30.762+0000] {dagbag.py:588} INFO - Filling up the DagBag from /home/airflow/.local/lib/python3.12/site-packages/airflow/example_dags/example_latest_only.py
[2024-12-11T05:19:30.780+0000] {processor.py:925} INFO - DAG(s) 'latest_only' retrieved from /home/airflow/.local/lib/python3.12/site-packages/airflow/example_dags/example_latest_only.py
[2024-12-11T05:19:30.832+0000] {logging_mixin.py:190} INFO - [2024-12-11T05:19:30.831+0000] {dag.py:3239} INFO - Sync 1 DAGs
[2024-12-11T05:19:30.889+0000] {logging_mixin.py:190} INFO - [2024-12-11T05:19:30.889+0000] {dag.py:4180} INFO - Setting next_dagrun for latest_only to 2024-12-11 00:00:00+00:00, run_after=2024-12-11 04:00:00+00:00
[2024-12-11T05:19:30.935+0000] {processor.py:208} INFO - Processing /home/airflow/.local/lib/python3.12/site-packages/airflow/example_dags/example_latest_only.py took 0.188 seconds
[2024-12-11T05:20:05.811+0000] {processor.py:186} INFO - Started process (PID=1270) to work on /home/airflow/.local/lib/python3.12/site-packages/airflow/example_dags/example_latest_only.py
[2024-12-11T05:20:05.814+0000] {processor.py:914} INFO - Processing file /home/airflow/.local/lib/python3.12/site-packages/airflow/example_dags/example_latest_only.py for tasks to queue
[2024-12-11T05:20:05.817+0000] {logging_mixin.py:190} INFO - [2024-12-11T05:20:05.816+0000] {dagbag.py:588} INFO - Filling up the DagBag from /home/airflow/.local/lib/python3.12/site-packages/airflow/example_dags/example_latest_only.py
[2024-12-11T05:20:05.837+0000] {processor.py:925} INFO - DAG(s) 'latest_only' retrieved from /home/airflow/.local/lib/python3.12/site-packages/airflow/example_dags/example_latest_only.py
[2024-12-11T05:20:05.897+0000] {logging_mixin.py:190} INFO - [2024-12-11T05:20:05.897+0000] {dag.py:3239} INFO - Sync 1 DAGs
[2024-12-11T05:20:05.953+0000] {logging_mixin.py:190} INFO - [2024-12-11T05:20:05.952+0000] {dag.py:4180} INFO - Setting next_dagrun for latest_only to 2024-12-11 00:00:00+00:00, run_after=2024-12-11 04:00:00+00:00
[2024-12-11T05:20:05.994+0000] {processor.py:208} INFO - Processing /home/airflow/.local/lib/python3.12/site-packages/airflow/example_dags/example_latest_only.py took 0.196 seconds
[2024-12-11T05:23:12.646+0000] {processor.py:186} INFO - Started process (PID=1333) to work on /home/airflow/.local/lib/python3.12/site-packages/airflow/example_dags/example_latest_only.py
[2024-12-11T05:23:12.648+0000] {processor.py:914} INFO - Processing file /home/airflow/.local/lib/python3.12/site-packages/airflow/example_dags/example_latest_only.py for tasks to queue
[2024-12-11T05:23:12.652+0000] {logging_mixin.py:190} INFO - [2024-12-11T05:23:12.651+0000] {dagbag.py:588} INFO - Filling up the DagBag from /home/airflow/.local/lib/python3.12/site-packages/airflow/example_dags/example_latest_only.py
[2024-12-11T05:23:12.672+0000] {processor.py:925} INFO - DAG(s) 'latest_only' retrieved from /home/airflow/.local/lib/python3.12/site-packages/airflow/example_dags/example_latest_only.py
[2024-12-11T05:23:12.721+0000] {logging_mixin.py:190} INFO - [2024-12-11T05:23:12.720+0000] {dag.py:3239} INFO - Sync 1 DAGs
[2024-12-11T05:23:12.783+0000] {logging_mixin.py:190} INFO - [2024-12-11T05:23:12.783+0000] {dag.py:4180} INFO - Setting next_dagrun for latest_only to 2024-12-11 00:00:00+00:00, run_after=2024-12-11 04:00:00+00:00
[2024-12-11T05:23:12.835+0000] {processor.py:208} INFO - Processing /home/airflow/.local/lib/python3.12/site-packages/airflow/example_dags/example_latest_only.py took 0.202 seconds
[2024-12-11T05:23:43.771+0000] {processor.py:186} INFO - Started process (PID=1395) to work on /home/airflow/.local/lib/python3.12/site-packages/airflow/example_dags/example_latest_only.py
[2024-12-11T05:23:43.774+0000] {processor.py:914} INFO - Processing file /home/airflow/.local/lib/python3.12/site-packages/airflow/example_dags/example_latest_only.py for tasks to queue
[2024-12-11T05:23:43.779+0000] {logging_mixin.py:190} INFO - [2024-12-11T05:23:43.778+0000] {dagbag.py:588} INFO - Filling up the DagBag from /home/airflow/.local/lib/python3.12/site-packages/airflow/example_dags/example_latest_only.py
[2024-12-11T05:23:43.800+0000] {processor.py:925} INFO - DAG(s) 'latest_only' retrieved from /home/airflow/.local/lib/python3.12/site-packages/airflow/example_dags/example_latest_only.py
[2024-12-11T05:23:43.850+0000] {logging_mixin.py:190} INFO - [2024-12-11T05:23:43.850+0000] {dag.py:3239} INFO - Sync 1 DAGs
[2024-12-11T05:23:43.923+0000] {logging_mixin.py:190} INFO - [2024-12-11T05:23:43.923+0000] {dag.py:4180} INFO - Setting next_dagrun for latest_only to 2024-12-11 00:00:00+00:00, run_after=2024-12-11 04:00:00+00:00
[2024-12-11T05:23:43.976+0000] {processor.py:208} INFO - Processing /home/airflow/.local/lib/python3.12/site-packages/airflow/example_dags/example_latest_only.py took 0.221 seconds
[2024-12-11T05:24:55.428+0000] {processor.py:186} INFO - Started process (PID=1446) to work on /home/airflow/.local/lib/python3.12/site-packages/airflow/example_dags/example_latest_only.py
[2024-12-11T05:24:55.430+0000] {processor.py:914} INFO - Processing file /home/airflow/.local/lib/python3.12/site-packages/airflow/example_dags/example_latest_only.py for tasks to queue
[2024-12-11T05:24:55.432+0000] {logging_mixin.py:190} INFO - [2024-12-11T05:24:55.432+0000] {dagbag.py:588} INFO - Filling up the DagBag from /home/airflow/.local/lib/python3.12/site-packages/airflow/example_dags/example_latest_only.py
[2024-12-11T05:24:55.448+0000] {processor.py:925} INFO - DAG(s) 'latest_only' retrieved from /home/airflow/.local/lib/python3.12/site-packages/airflow/example_dags/example_latest_only.py
[2024-12-11T05:24:55.493+0000] {logging_mixin.py:190} INFO - [2024-12-11T05:24:55.492+0000] {dag.py:3239} INFO - Sync 1 DAGs
[2024-12-11T05:24:55.541+0000] {logging_mixin.py:190} INFO - [2024-12-11T05:24:55.540+0000] {dag.py:4180} INFO - Setting next_dagrun for latest_only to 2024-12-11 00:00:00+00:00, run_after=2024-12-11 04:00:00+00:00
[2024-12-11T05:24:55.587+0000] {processor.py:208} INFO - Processing /home/airflow/.local/lib/python3.12/site-packages/airflow/example_dags/example_latest_only.py took 0.170 seconds
[2024-12-11T05:25:31.511+0000] {processor.py:186} INFO - Started process (PID=1509) to work on /home/airflow/.local/lib/python3.12/site-packages/airflow/example_dags/example_latest_only.py
[2024-12-11T05:25:31.512+0000] {processor.py:914} INFO - Processing file /home/airflow/.local/lib/python3.12/site-packages/airflow/example_dags/example_latest_only.py for tasks to queue
[2024-12-11T05:25:31.515+0000] {logging_mixin.py:190} INFO - [2024-12-11T05:25:31.514+0000] {dagbag.py:588} INFO - Filling up the DagBag from /home/airflow/.local/lib/python3.12/site-packages/airflow/example_dags/example_latest_only.py
[2024-12-11T05:25:31.530+0000] {processor.py:925} INFO - DAG(s) 'latest_only' retrieved from /home/airflow/.local/lib/python3.12/site-packages/airflow/example_dags/example_latest_only.py
[2024-12-11T05:25:31.565+0000] {logging_mixin.py:190} INFO - [2024-12-11T05:25:31.565+0000] {dag.py:3239} INFO - Sync 1 DAGs
[2024-12-11T05:25:31.608+0000] {logging_mixin.py:190} INFO - [2024-12-11T05:25:31.607+0000] {dag.py:4180} INFO - Setting next_dagrun for latest_only to 2024-12-11 00:00:00+00:00, run_after=2024-12-11 04:00:00+00:00
[2024-12-11T05:25:31.646+0000] {processor.py:208} INFO - Processing /home/airflow/.local/lib/python3.12/site-packages/airflow/example_dags/example_latest_only.py took 0.146 seconds
[2024-12-11T05:26:03.746+0000] {processor.py:186} INFO - Started process (PID=1572) to work on /home/airflow/.local/lib/python3.12/site-packages/airflow/example_dags/example_latest_only.py
[2024-12-11T05:26:03.749+0000] {processor.py:914} INFO - Processing file /home/airflow/.local/lib/python3.12/site-packages/airflow/example_dags/example_latest_only.py for tasks to queue
[2024-12-11T05:26:03.753+0000] {logging_mixin.py:190} INFO - [2024-12-11T05:26:03.753+0000] {dagbag.py:588} INFO - Filling up the DagBag from /home/airflow/.local/lib/python3.12/site-packages/airflow/example_dags/example_latest_only.py
[2024-12-11T05:26:03.786+0000] {processor.py:925} INFO - DAG(s) 'latest_only' retrieved from /home/airflow/.local/lib/python3.12/site-packages/airflow/example_dags/example_latest_only.py
[2024-12-11T05:26:03.848+0000] {logging_mixin.py:190} INFO - [2024-12-11T05:26:03.847+0000] {dag.py:3239} INFO - Sync 1 DAGs
[2024-12-11T05:26:03.922+0000] {logging_mixin.py:190} INFO - [2024-12-11T05:26:03.921+0000] {dag.py:4180} INFO - Setting next_dagrun for latest_only to 2024-12-11 00:00:00+00:00, run_after=2024-12-11 04:00:00+00:00
[2024-12-11T05:26:03.990+0000] {processor.py:208} INFO - Processing /home/airflow/.local/lib/python3.12/site-packages/airflow/example_dags/example_latest_only.py took 0.262 seconds
[2024-12-11T05:27:27.551+0000] {processor.py:186} INFO - Started process (PID=1658) to work on /home/airflow/.local/lib/python3.12/site-packages/airflow/example_dags/example_latest_only.py
[2024-12-11T05:27:27.554+0000] {processor.py:914} INFO - Processing file /home/airflow/.local/lib/python3.12/site-packages/airflow/example_dags/example_latest_only.py for tasks to queue
[2024-12-11T05:27:27.558+0000] {logging_mixin.py:190} INFO - [2024-12-11T05:27:27.557+0000] {dagbag.py:588} INFO - Filling up the DagBag from /home/airflow/.local/lib/python3.12/site-packages/airflow/example_dags/example_latest_only.py
[2024-12-11T05:27:27.582+0000] {processor.py:925} INFO - DAG(s) 'latest_only' retrieved from /home/airflow/.local/lib/python3.12/site-packages/airflow/example_dags/example_latest_only.py
[2024-12-11T05:27:27.640+0000] {logging_mixin.py:190} INFO - [2024-12-11T05:27:27.639+0000] {dag.py:3239} INFO - Sync 1 DAGs
[2024-12-11T05:27:27.717+0000] {logging_mixin.py:190} INFO - [2024-12-11T05:27:27.716+0000] {dag.py:4180} INFO - Setting next_dagrun for latest_only to 2024-12-11 00:00:00+00:00, run_after=2024-12-11 04:00:00+00:00
[2024-12-11T05:27:27.787+0000] {processor.py:208} INFO - Processing /home/airflow/.local/lib/python3.12/site-packages/airflow/example_dags/example_latest_only.py took 0.249 seconds
