[2024-12-11T04:56:33.817+0000] {processor.py:186} INFO - Started process (PID=136) to work on /home/airflow/.local/lib/python3.12/site-packages/airflow/example_dags/example_trigger_target_dag.py
[2024-12-11T04:56:33.820+0000] {processor.py:914} INFO - Processing file /home/airflow/.local/lib/python3.12/site-packages/airflow/example_dags/example_trigger_target_dag.py for tasks to queue
[2024-12-11T04:56:33.825+0000] {logging_mixin.py:190} INFO - [2024-12-11T04:56:33.824+0000] {dagbag.py:588} INFO - Filling up the DagBag from /home/airflow/.local/lib/python3.12/site-packages/airflow/example_dags/example_trigger_target_dag.py
[2024-12-11T04:56:33.846+0000] {processor.py:925} INFO - DAG(s) 'example_trigger_target_dag' retrieved from /home/airflow/.local/lib/python3.12/site-packages/airflow/example_dags/example_trigger_target_dag.py
[2024-12-11T04:56:34.209+0000] {logging_mixin.py:190} INFO - [2024-12-11T04:56:34.207+0000] {override.py:1911} INFO - Created Permission View: can delete on DAG:example_trigger_target_dag
[2024-12-11T04:56:34.252+0000] {logging_mixin.py:190} INFO - [2024-12-11T04:56:34.251+0000] {override.py:1911} INFO - Created Permission View: can read on DAG:example_trigger_target_dag
[2024-12-11T04:56:34.281+0000] {logging_mixin.py:190} INFO - [2024-12-11T04:56:34.279+0000] {override.py:1911} INFO - Created Permission View: can edit on DAG:example_trigger_target_dag
[2024-12-11T04:56:34.319+0000] {logging_mixin.py:190} INFO - [2024-12-11T04:56:34.318+0000] {override.py:1911} INFO - Created Permission View: can delete on DAG Run:example_trigger_target_dag
[2024-12-11T04:56:34.349+0000] {logging_mixin.py:190} INFO - [2024-12-11T04:56:34.349+0000] {override.py:1911} INFO - Created Permission View: can read on DAG Run:example_trigger_target_dag
[2024-12-11T04:56:34.381+0000] {logging_mixin.py:190} INFO - [2024-12-11T04:56:34.380+0000] {override.py:1911} INFO - Created Permission View: menu access on DAG Run:example_trigger_target_dag
[2024-12-11T04:56:34.420+0000] {logging_mixin.py:190} INFO - [2024-12-11T04:56:34.419+0000] {override.py:1911} INFO - Created Permission View: can create on DAG Run:example_trigger_target_dag
[2024-12-11T04:56:34.423+0000] {logging_mixin.py:190} INFO - [2024-12-11T04:56:34.422+0000] {dag.py:3239} INFO - Sync 1 DAGs
[2024-12-11T04:56:34.477+0000] {logging_mixin.py:190} INFO - [2024-12-11T04:56:34.477+0000] {dag.py:3262} INFO - Creating ORM DAG for example_trigger_target_dag
[2024-12-11T04:56:34.481+0000] {logging_mixin.py:190} INFO - [2024-12-11T04:56:34.480+0000] {dag.py:4180} INFO - Setting next_dagrun for example_trigger_target_dag to None, run_after=None
[2024-12-11T04:56:34.567+0000] {processor.py:208} INFO - Processing /home/airflow/.local/lib/python3.12/site-packages/airflow/example_dags/example_trigger_target_dag.py took 0.769 seconds
[2024-12-11T04:57:05.153+0000] {processor.py:186} INFO - Started process (PID=199) to work on /home/airflow/.local/lib/python3.12/site-packages/airflow/example_dags/example_trigger_target_dag.py
[2024-12-11T04:57:05.156+0000] {processor.py:914} INFO - Processing file /home/airflow/.local/lib/python3.12/site-packages/airflow/example_dags/example_trigger_target_dag.py for tasks to queue
[2024-12-11T04:57:05.162+0000] {logging_mixin.py:190} INFO - [2024-12-11T04:57:05.161+0000] {dagbag.py:588} INFO - Filling up the DagBag from /home/airflow/.local/lib/python3.12/site-packages/airflow/example_dags/example_trigger_target_dag.py
[2024-12-11T04:57:05.180+0000] {processor.py:925} INFO - DAG(s) 'example_trigger_target_dag' retrieved from /home/airflow/.local/lib/python3.12/site-packages/airflow/example_dags/example_trigger_target_dag.py
[2024-12-11T04:57:05.226+0000] {logging_mixin.py:190} INFO - [2024-12-11T04:57:05.225+0000] {dag.py:3239} INFO - Sync 1 DAGs
[2024-12-11T04:57:05.263+0000] {logging_mixin.py:190} INFO - [2024-12-11T04:57:05.263+0000] {dag.py:4180} INFO - Setting next_dagrun for example_trigger_target_dag to None, run_after=None
[2024-12-11T04:57:05.309+0000] {processor.py:208} INFO - Processing /home/airflow/.local/lib/python3.12/site-packages/airflow/example_dags/example_trigger_target_dag.py took 0.176 seconds
[2024-12-11T05:01:03.713+0000] {processor.py:186} INFO - Started process (PID=267) to work on /home/airflow/.local/lib/python3.12/site-packages/airflow/example_dags/example_trigger_target_dag.py
[2024-12-11T05:01:03.716+0000] {processor.py:914} INFO - Processing file /home/airflow/.local/lib/python3.12/site-packages/airflow/example_dags/example_trigger_target_dag.py for tasks to queue
[2024-12-11T05:01:03.722+0000] {logging_mixin.py:190} INFO - [2024-12-11T05:01:03.721+0000] {dagbag.py:588} INFO - Filling up the DagBag from /home/airflow/.local/lib/python3.12/site-packages/airflow/example_dags/example_trigger_target_dag.py
[2024-12-11T05:01:03.745+0000] {processor.py:925} INFO - DAG(s) 'example_trigger_target_dag' retrieved from /home/airflow/.local/lib/python3.12/site-packages/airflow/example_dags/example_trigger_target_dag.py
[2024-12-11T05:01:03.813+0000] {logging_mixin.py:190} INFO - [2024-12-11T05:01:03.813+0000] {dag.py:3239} INFO - Sync 1 DAGs
[2024-12-11T05:01:03.849+0000] {logging_mixin.py:190} INFO - [2024-12-11T05:01:03.849+0000] {dag.py:4180} INFO - Setting next_dagrun for example_trigger_target_dag to None, run_after=None
[2024-12-11T05:01:03.900+0000] {processor.py:208} INFO - Processing /home/airflow/.local/lib/python3.12/site-packages/airflow/example_dags/example_trigger_target_dag.py took 0.198 seconds
[2024-12-11T05:03:26.513+0000] {processor.py:186} INFO - Started process (PID=358) to work on /home/airflow/.local/lib/python3.12/site-packages/airflow/example_dags/example_trigger_target_dag.py
[2024-12-11T05:03:26.516+0000] {processor.py:914} INFO - Processing file /home/airflow/.local/lib/python3.12/site-packages/airflow/example_dags/example_trigger_target_dag.py for tasks to queue
[2024-12-11T05:03:26.519+0000] {logging_mixin.py:190} INFO - [2024-12-11T05:03:26.518+0000] {dagbag.py:588} INFO - Filling up the DagBag from /home/airflow/.local/lib/python3.12/site-packages/airflow/example_dags/example_trigger_target_dag.py
[2024-12-11T05:03:26.543+0000] {processor.py:925} INFO - DAG(s) 'example_trigger_target_dag' retrieved from /home/airflow/.local/lib/python3.12/site-packages/airflow/example_dags/example_trigger_target_dag.py
[2024-12-11T05:03:26.593+0000] {logging_mixin.py:190} INFO - [2024-12-11T05:03:26.593+0000] {dag.py:3239} INFO - Sync 1 DAGs
[2024-12-11T05:03:26.663+0000] {logging_mixin.py:190} INFO - [2024-12-11T05:03:26.662+0000] {dag.py:4180} INFO - Setting next_dagrun for example_trigger_target_dag to None, run_after=None
[2024-12-11T05:03:26.717+0000] {processor.py:208} INFO - Processing /home/airflow/.local/lib/python3.12/site-packages/airflow/example_dags/example_trigger_target_dag.py took 0.220 seconds
[2024-12-11T05:04:04.011+0000] {processor.py:186} INFO - Started process (PID=420) to work on /home/airflow/.local/lib/python3.12/site-packages/airflow/example_dags/example_trigger_target_dag.py
[2024-12-11T05:04:04.014+0000] {processor.py:914} INFO - Processing file /home/airflow/.local/lib/python3.12/site-packages/airflow/example_dags/example_trigger_target_dag.py for tasks to queue
[2024-12-11T05:04:04.017+0000] {logging_mixin.py:190} INFO - [2024-12-11T05:04:04.016+0000] {dagbag.py:588} INFO - Filling up the DagBag from /home/airflow/.local/lib/python3.12/site-packages/airflow/example_dags/example_trigger_target_dag.py
[2024-12-11T05:04:04.037+0000] {processor.py:925} INFO - DAG(s) 'example_trigger_target_dag' retrieved from /home/airflow/.local/lib/python3.12/site-packages/airflow/example_dags/example_trigger_target_dag.py
[2024-12-11T05:04:04.085+0000] {logging_mixin.py:190} INFO - [2024-12-11T05:04:04.084+0000] {dag.py:3239} INFO - Sync 1 DAGs
[2024-12-11T05:04:04.126+0000] {logging_mixin.py:190} INFO - [2024-12-11T05:04:04.126+0000] {dag.py:4180} INFO - Setting next_dagrun for example_trigger_target_dag to None, run_after=None
[2024-12-11T05:04:04.175+0000] {processor.py:208} INFO - Processing /home/airflow/.local/lib/python3.12/site-packages/airflow/example_dags/example_trigger_target_dag.py took 0.175 seconds
[2024-12-11T05:05:42.548+0000] {processor.py:186} INFO - Started process (PID=489) to work on /home/airflow/.local/lib/python3.12/site-packages/airflow/example_dags/example_trigger_target_dag.py
[2024-12-11T05:05:42.551+0000] {processor.py:914} INFO - Processing file /home/airflow/.local/lib/python3.12/site-packages/airflow/example_dags/example_trigger_target_dag.py for tasks to queue
[2024-12-11T05:05:42.554+0000] {logging_mixin.py:190} INFO - [2024-12-11T05:05:42.553+0000] {dagbag.py:588} INFO - Filling up the DagBag from /home/airflow/.local/lib/python3.12/site-packages/airflow/example_dags/example_trigger_target_dag.py
[2024-12-11T05:05:42.571+0000] {processor.py:925} INFO - DAG(s) 'example_trigger_target_dag' retrieved from /home/airflow/.local/lib/python3.12/site-packages/airflow/example_dags/example_trigger_target_dag.py
[2024-12-11T05:05:42.617+0000] {logging_mixin.py:190} INFO - [2024-12-11T05:05:42.616+0000] {dag.py:3239} INFO - Sync 1 DAGs
[2024-12-11T05:05:42.657+0000] {logging_mixin.py:190} INFO - [2024-12-11T05:05:42.656+0000] {dag.py:4180} INFO - Setting next_dagrun for example_trigger_target_dag to None, run_after=None
[2024-12-11T05:05:42.708+0000] {processor.py:208} INFO - Processing /home/airflow/.local/lib/python3.12/site-packages/airflow/example_dags/example_trigger_target_dag.py took 0.172 seconds
[2024-12-11T05:06:21.636+0000] {processor.py:186} INFO - Started process (PID=552) to work on /home/airflow/.local/lib/python3.12/site-packages/airflow/example_dags/example_trigger_target_dag.py
[2024-12-11T05:06:21.639+0000] {processor.py:914} INFO - Processing file /home/airflow/.local/lib/python3.12/site-packages/airflow/example_dags/example_trigger_target_dag.py for tasks to queue
[2024-12-11T05:06:21.644+0000] {logging_mixin.py:190} INFO - [2024-12-11T05:06:21.642+0000] {dagbag.py:588} INFO - Filling up the DagBag from /home/airflow/.local/lib/python3.12/site-packages/airflow/example_dags/example_trigger_target_dag.py
[2024-12-11T05:06:21.669+0000] {processor.py:925} INFO - DAG(s) 'example_trigger_target_dag' retrieved from /home/airflow/.local/lib/python3.12/site-packages/airflow/example_dags/example_trigger_target_dag.py
[2024-12-11T05:06:21.729+0000] {logging_mixin.py:190} INFO - [2024-12-11T05:06:21.728+0000] {dag.py:3239} INFO - Sync 1 DAGs
[2024-12-11T05:06:21.795+0000] {logging_mixin.py:190} INFO - [2024-12-11T05:06:21.794+0000] {dag.py:4180} INFO - Setting next_dagrun for example_trigger_target_dag to None, run_after=None
[2024-12-11T05:06:21.870+0000] {processor.py:208} INFO - Processing /home/airflow/.local/lib/python3.12/site-packages/airflow/example_dags/example_trigger_target_dag.py took 0.252 seconds
[2024-12-11T05:07:40.351+0000] {processor.py:186} INFO - Started process (PID=609) to work on /home/airflow/.local/lib/python3.12/site-packages/airflow/example_dags/example_trigger_target_dag.py
[2024-12-11T05:07:40.353+0000] {processor.py:914} INFO - Processing file /home/airflow/.local/lib/python3.12/site-packages/airflow/example_dags/example_trigger_target_dag.py for tasks to queue
[2024-12-11T05:07:40.356+0000] {logging_mixin.py:190} INFO - [2024-12-11T05:07:40.355+0000] {dagbag.py:588} INFO - Filling up the DagBag from /home/airflow/.local/lib/python3.12/site-packages/airflow/example_dags/example_trigger_target_dag.py
[2024-12-11T05:07:40.372+0000] {processor.py:925} INFO - DAG(s) 'example_trigger_target_dag' retrieved from /home/airflow/.local/lib/python3.12/site-packages/airflow/example_dags/example_trigger_target_dag.py
[2024-12-11T05:07:40.414+0000] {logging_mixin.py:190} INFO - [2024-12-11T05:07:40.413+0000] {dag.py:3239} INFO - Sync 1 DAGs
[2024-12-11T05:07:40.448+0000] {logging_mixin.py:190} INFO - [2024-12-11T05:07:40.448+0000] {dag.py:4180} INFO - Setting next_dagrun for example_trigger_target_dag to None, run_after=None
[2024-12-11T05:07:40.484+0000] {processor.py:208} INFO - Processing /home/airflow/.local/lib/python3.12/site-packages/airflow/example_dags/example_trigger_target_dag.py took 0.146 seconds
[2024-12-11T05:08:12.390+0000] {processor.py:186} INFO - Started process (PID=672) to work on /home/airflow/.local/lib/python3.12/site-packages/airflow/example_dags/example_trigger_target_dag.py
[2024-12-11T05:08:12.392+0000] {processor.py:914} INFO - Processing file /home/airflow/.local/lib/python3.12/site-packages/airflow/example_dags/example_trigger_target_dag.py for tasks to queue
[2024-12-11T05:08:12.395+0000] {logging_mixin.py:190} INFO - [2024-12-11T05:08:12.394+0000] {dagbag.py:588} INFO - Filling up the DagBag from /home/airflow/.local/lib/python3.12/site-packages/airflow/example_dags/example_trigger_target_dag.py
[2024-12-11T05:08:12.410+0000] {processor.py:925} INFO - DAG(s) 'example_trigger_target_dag' retrieved from /home/airflow/.local/lib/python3.12/site-packages/airflow/example_dags/example_trigger_target_dag.py
[2024-12-11T05:08:12.456+0000] {logging_mixin.py:190} INFO - [2024-12-11T05:08:12.456+0000] {dag.py:3239} INFO - Sync 1 DAGs
[2024-12-11T05:08:12.495+0000] {logging_mixin.py:190} INFO - [2024-12-11T05:08:12.494+0000] {dag.py:4180} INFO - Setting next_dagrun for example_trigger_target_dag to None, run_after=None
[2024-12-11T05:08:12.547+0000] {processor.py:208} INFO - Processing /home/airflow/.local/lib/python3.12/site-packages/airflow/example_dags/example_trigger_target_dag.py took 0.168 seconds
[2024-12-11T05:09:35.686+0000] {processor.py:186} INFO - Started process (PID=749) to work on /home/airflow/.local/lib/python3.12/site-packages/airflow/example_dags/example_trigger_target_dag.py
[2024-12-11T05:09:35.688+0000] {processor.py:914} INFO - Processing file /home/airflow/.local/lib/python3.12/site-packages/airflow/example_dags/example_trigger_target_dag.py for tasks to queue
[2024-12-11T05:09:35.691+0000] {logging_mixin.py:190} INFO - [2024-12-11T05:09:35.690+0000] {dagbag.py:588} INFO - Filling up the DagBag from /home/airflow/.local/lib/python3.12/site-packages/airflow/example_dags/example_trigger_target_dag.py
[2024-12-11T05:09:35.716+0000] {processor.py:925} INFO - DAG(s) 'example_trigger_target_dag' retrieved from /home/airflow/.local/lib/python3.12/site-packages/airflow/example_dags/example_trigger_target_dag.py
[2024-12-11T05:09:35.798+0000] {logging_mixin.py:190} INFO - [2024-12-11T05:09:35.789+0000] {dag.py:3239} INFO - Sync 1 DAGs
[2024-12-11T05:09:35.888+0000] {logging_mixin.py:190} INFO - [2024-12-11T05:09:35.888+0000] {dag.py:4180} INFO - Setting next_dagrun for example_trigger_target_dag to None, run_after=None
[2024-12-11T05:09:36.017+0000] {processor.py:208} INFO - Processing /home/airflow/.local/lib/python3.12/site-packages/airflow/example_dags/example_trigger_target_dag.py took 0.345 seconds
[2024-12-11T05:10:06.855+0000] {processor.py:186} INFO - Started process (PID=812) to work on /home/airflow/.local/lib/python3.12/site-packages/airflow/example_dags/example_trigger_target_dag.py
[2024-12-11T05:10:06.857+0000] {processor.py:914} INFO - Processing file /home/airflow/.local/lib/python3.12/site-packages/airflow/example_dags/example_trigger_target_dag.py for tasks to queue
[2024-12-11T05:10:06.860+0000] {logging_mixin.py:190} INFO - [2024-12-11T05:10:06.859+0000] {dagbag.py:588} INFO - Filling up the DagBag from /home/airflow/.local/lib/python3.12/site-packages/airflow/example_dags/example_trigger_target_dag.py
[2024-12-11T05:10:06.879+0000] {processor.py:925} INFO - DAG(s) 'example_trigger_target_dag' retrieved from /home/airflow/.local/lib/python3.12/site-packages/airflow/example_dags/example_trigger_target_dag.py
[2024-12-11T05:10:06.922+0000] {logging_mixin.py:190} INFO - [2024-12-11T05:10:06.922+0000] {dag.py:3239} INFO - Sync 1 DAGs
[2024-12-11T05:10:06.956+0000] {logging_mixin.py:190} INFO - [2024-12-11T05:10:06.956+0000] {dag.py:4180} INFO - Setting next_dagrun for example_trigger_target_dag to None, run_after=None
[2024-12-11T05:10:07.002+0000] {processor.py:208} INFO - Processing /home/airflow/.local/lib/python3.12/site-packages/airflow/example_dags/example_trigger_target_dag.py took 0.158 seconds
[2024-12-11T05:10:42.840+0000] {processor.py:186} INFO - Started process (PID=875) to work on /home/airflow/.local/lib/python3.12/site-packages/airflow/example_dags/example_trigger_target_dag.py
[2024-12-11T05:10:42.842+0000] {processor.py:914} INFO - Processing file /home/airflow/.local/lib/python3.12/site-packages/airflow/example_dags/example_trigger_target_dag.py for tasks to queue
[2024-12-11T05:10:42.847+0000] {logging_mixin.py:190} INFO - [2024-12-11T05:10:42.845+0000] {dagbag.py:588} INFO - Filling up the DagBag from /home/airflow/.local/lib/python3.12/site-packages/airflow/example_dags/example_trigger_target_dag.py
[2024-12-11T05:10:42.872+0000] {processor.py:925} INFO - DAG(s) 'example_trigger_target_dag' retrieved from /home/airflow/.local/lib/python3.12/site-packages/airflow/example_dags/example_trigger_target_dag.py
[2024-12-11T05:10:42.955+0000] {logging_mixin.py:190} INFO - [2024-12-11T05:10:42.954+0000] {dag.py:3239} INFO - Sync 1 DAGs
[2024-12-11T05:10:43.007+0000] {logging_mixin.py:190} INFO - [2024-12-11T05:10:43.007+0000] {dag.py:4180} INFO - Setting next_dagrun for example_trigger_target_dag to None, run_after=None
[2024-12-11T05:10:43.066+0000] {processor.py:208} INFO - Processing /home/airflow/.local/lib/python3.12/site-packages/airflow/example_dags/example_trigger_target_dag.py took 0.245 seconds
[2024-12-11T05:17:35.006+0000] {processor.py:186} INFO - Started process (PID=970) to work on /home/airflow/.local/lib/python3.12/site-packages/airflow/example_dags/example_trigger_target_dag.py
[2024-12-11T05:17:35.009+0000] {processor.py:914} INFO - Processing file /home/airflow/.local/lib/python3.12/site-packages/airflow/example_dags/example_trigger_target_dag.py for tasks to queue
[2024-12-11T05:17:35.012+0000] {logging_mixin.py:190} INFO - [2024-12-11T05:17:35.011+0000] {dagbag.py:588} INFO - Filling up the DagBag from /home/airflow/.local/lib/python3.12/site-packages/airflow/example_dags/example_trigger_target_dag.py
[2024-12-11T05:17:35.031+0000] {processor.py:925} INFO - DAG(s) 'example_trigger_target_dag' retrieved from /home/airflow/.local/lib/python3.12/site-packages/airflow/example_dags/example_trigger_target_dag.py
[2024-12-11T05:17:35.074+0000] {logging_mixin.py:190} INFO - [2024-12-11T05:17:35.074+0000] {dag.py:3239} INFO - Sync 1 DAGs
[2024-12-11T05:17:35.111+0000] {logging_mixin.py:190} INFO - [2024-12-11T05:17:35.111+0000] {dag.py:4180} INFO - Setting next_dagrun for example_trigger_target_dag to None, run_after=None
[2024-12-11T05:17:35.156+0000] {processor.py:208} INFO - Processing /home/airflow/.local/lib/python3.12/site-packages/airflow/example_dags/example_trigger_target_dag.py took 0.163 seconds
[2024-12-11T05:18:05.547+0000] {processor.py:186} INFO - Started process (PID=1033) to work on /home/airflow/.local/lib/python3.12/site-packages/airflow/example_dags/example_trigger_target_dag.py
[2024-12-11T05:18:05.549+0000] {processor.py:914} INFO - Processing file /home/airflow/.local/lib/python3.12/site-packages/airflow/example_dags/example_trigger_target_dag.py for tasks to queue
[2024-12-11T05:18:05.552+0000] {logging_mixin.py:190} INFO - [2024-12-11T05:18:05.551+0000] {dagbag.py:588} INFO - Filling up the DagBag from /home/airflow/.local/lib/python3.12/site-packages/airflow/example_dags/example_trigger_target_dag.py
[2024-12-11T05:18:05.569+0000] {processor.py:925} INFO - DAG(s) 'example_trigger_target_dag' retrieved from /home/airflow/.local/lib/python3.12/site-packages/airflow/example_dags/example_trigger_target_dag.py
[2024-12-11T05:18:05.609+0000] {logging_mixin.py:190} INFO - [2024-12-11T05:18:05.608+0000] {dag.py:3239} INFO - Sync 1 DAGs
[2024-12-11T05:18:05.644+0000] {logging_mixin.py:190} INFO - [2024-12-11T05:18:05.643+0000] {dag.py:4180} INFO - Setting next_dagrun for example_trigger_target_dag to None, run_after=None
[2024-12-11T05:18:05.681+0000] {processor.py:208} INFO - Processing /home/airflow/.local/lib/python3.12/site-packages/airflow/example_dags/example_trigger_target_dag.py took 0.145 seconds
[2024-12-11T05:18:35.787+0000] {processor.py:186} INFO - Started process (PID=1095) to work on /home/airflow/.local/lib/python3.12/site-packages/airflow/example_dags/example_trigger_target_dag.py
[2024-12-11T05:18:35.789+0000] {processor.py:914} INFO - Processing file /home/airflow/.local/lib/python3.12/site-packages/airflow/example_dags/example_trigger_target_dag.py for tasks to queue
[2024-12-11T05:18:35.792+0000] {logging_mixin.py:190} INFO - [2024-12-11T05:18:35.792+0000] {dagbag.py:588} INFO - Filling up the DagBag from /home/airflow/.local/lib/python3.12/site-packages/airflow/example_dags/example_trigger_target_dag.py
[2024-12-11T05:18:35.811+0000] {processor.py:925} INFO - DAG(s) 'example_trigger_target_dag' retrieved from /home/airflow/.local/lib/python3.12/site-packages/airflow/example_dags/example_trigger_target_dag.py
[2024-12-11T05:18:35.859+0000] {logging_mixin.py:190} INFO - [2024-12-11T05:18:35.859+0000] {dag.py:3239} INFO - Sync 1 DAGs
[2024-12-11T05:18:35.901+0000] {logging_mixin.py:190} INFO - [2024-12-11T05:18:35.901+0000] {dag.py:4180} INFO - Setting next_dagrun for example_trigger_target_dag to None, run_after=None
[2024-12-11T05:18:35.951+0000] {processor.py:208} INFO - Processing /home/airflow/.local/lib/python3.12/site-packages/airflow/example_dags/example_trigger_target_dag.py took 0.177 seconds
[2024-12-11T05:19:06.809+0000] {processor.py:186} INFO - Started process (PID=1158) to work on /home/airflow/.local/lib/python3.12/site-packages/airflow/example_dags/example_trigger_target_dag.py
[2024-12-11T05:19:06.810+0000] {processor.py:914} INFO - Processing file /home/airflow/.local/lib/python3.12/site-packages/airflow/example_dags/example_trigger_target_dag.py for tasks to queue
[2024-12-11T05:19:06.813+0000] {logging_mixin.py:190} INFO - [2024-12-11T05:19:06.812+0000] {dagbag.py:588} INFO - Filling up the DagBag from /home/airflow/.local/lib/python3.12/site-packages/airflow/example_dags/example_trigger_target_dag.py
[2024-12-11T05:19:06.829+0000] {processor.py:925} INFO - DAG(s) 'example_trigger_target_dag' retrieved from /home/airflow/.local/lib/python3.12/site-packages/airflow/example_dags/example_trigger_target_dag.py
[2024-12-11T05:19:06.866+0000] {logging_mixin.py:190} INFO - [2024-12-11T05:19:06.865+0000] {dag.py:3239} INFO - Sync 1 DAGs
[2024-12-11T05:19:06.897+0000] {logging_mixin.py:190} INFO - [2024-12-11T05:19:06.897+0000] {dag.py:4180} INFO - Setting next_dagrun for example_trigger_target_dag to None, run_after=None
[2024-12-11T05:19:06.933+0000] {processor.py:208} INFO - Processing /home/airflow/.local/lib/python3.12/site-packages/airflow/example_dags/example_trigger_target_dag.py took 0.135 seconds
[2024-12-11T05:19:37.260+0000] {processor.py:186} INFO - Started process (PID=1221) to work on /home/airflow/.local/lib/python3.12/site-packages/airflow/example_dags/example_trigger_target_dag.py
[2024-12-11T05:19:37.271+0000] {processor.py:914} INFO - Processing file /home/airflow/.local/lib/python3.12/site-packages/airflow/example_dags/example_trigger_target_dag.py for tasks to queue
[2024-12-11T05:19:37.288+0000] {logging_mixin.py:190} INFO - [2024-12-11T05:19:37.287+0000] {dagbag.py:588} INFO - Filling up the DagBag from /home/airflow/.local/lib/python3.12/site-packages/airflow/example_dags/example_trigger_target_dag.py
[2024-12-11T05:19:37.328+0000] {processor.py:925} INFO - DAG(s) 'example_trigger_target_dag' retrieved from /home/airflow/.local/lib/python3.12/site-packages/airflow/example_dags/example_trigger_target_dag.py
[2024-12-11T05:19:37.415+0000] {logging_mixin.py:190} INFO - [2024-12-11T05:19:37.414+0000] {dag.py:3239} INFO - Sync 1 DAGs
[2024-12-11T05:19:37.496+0000] {logging_mixin.py:190} INFO - [2024-12-11T05:19:37.492+0000] {dag.py:4180} INFO - Setting next_dagrun for example_trigger_target_dag to None, run_after=None
[2024-12-11T05:19:37.568+0000] {processor.py:208} INFO - Processing /home/airflow/.local/lib/python3.12/site-packages/airflow/example_dags/example_trigger_target_dag.py took 0.346 seconds
[2024-12-11T05:20:07.855+0000] {processor.py:186} INFO - Started process (PID=1284) to work on /home/airflow/.local/lib/python3.12/site-packages/airflow/example_dags/example_trigger_target_dag.py
[2024-12-11T05:20:07.857+0000] {processor.py:914} INFO - Processing file /home/airflow/.local/lib/python3.12/site-packages/airflow/example_dags/example_trigger_target_dag.py for tasks to queue
[2024-12-11T05:20:07.860+0000] {logging_mixin.py:190} INFO - [2024-12-11T05:20:07.859+0000] {dagbag.py:588} INFO - Filling up the DagBag from /home/airflow/.local/lib/python3.12/site-packages/airflow/example_dags/example_trigger_target_dag.py
[2024-12-11T05:20:07.875+0000] {processor.py:925} INFO - DAG(s) 'example_trigger_target_dag' retrieved from /home/airflow/.local/lib/python3.12/site-packages/airflow/example_dags/example_trigger_target_dag.py
[2024-12-11T05:20:07.927+0000] {logging_mixin.py:190} INFO - [2024-12-11T05:20:07.926+0000] {dag.py:3239} INFO - Sync 1 DAGs
[2024-12-11T05:20:07.955+0000] {logging_mixin.py:190} INFO - [2024-12-11T05:20:07.955+0000] {dag.py:4180} INFO - Setting next_dagrun for example_trigger_target_dag to None, run_after=None
[2024-12-11T05:20:07.992+0000] {processor.py:208} INFO - Processing /home/airflow/.local/lib/python3.12/site-packages/airflow/example_dags/example_trigger_target_dag.py took 0.147 seconds
[2024-12-11T05:23:25.853+0000] {processor.py:186} INFO - Started process (PID=1371) to work on /home/airflow/.local/lib/python3.12/site-packages/airflow/example_dags/example_trigger_target_dag.py
[2024-12-11T05:23:25.855+0000] {processor.py:914} INFO - Processing file /home/airflow/.local/lib/python3.12/site-packages/airflow/example_dags/example_trigger_target_dag.py for tasks to queue
[2024-12-11T05:23:25.858+0000] {logging_mixin.py:190} INFO - [2024-12-11T05:23:25.857+0000] {dagbag.py:588} INFO - Filling up the DagBag from /home/airflow/.local/lib/python3.12/site-packages/airflow/example_dags/example_trigger_target_dag.py
[2024-12-11T05:23:25.876+0000] {processor.py:925} INFO - DAG(s) 'example_trigger_target_dag' retrieved from /home/airflow/.local/lib/python3.12/site-packages/airflow/example_dags/example_trigger_target_dag.py
[2024-12-11T05:23:25.918+0000] {logging_mixin.py:190} INFO - [2024-12-11T05:23:25.917+0000] {dag.py:3239} INFO - Sync 1 DAGs
[2024-12-11T05:23:25.949+0000] {logging_mixin.py:190} INFO - [2024-12-11T05:23:25.948+0000] {dag.py:4180} INFO - Setting next_dagrun for example_trigger_target_dag to None, run_after=None
[2024-12-11T05:23:25.989+0000] {processor.py:208} INFO - Processing /home/airflow/.local/lib/python3.12/site-packages/airflow/example_dags/example_trigger_target_dag.py took 0.148 seconds
[2024-12-11T05:24:57.071+0000] {processor.py:186} INFO - Started process (PID=1460) to work on /home/airflow/.local/lib/python3.12/site-packages/airflow/example_dags/example_trigger_target_dag.py
[2024-12-11T05:24:57.073+0000] {processor.py:914} INFO - Processing file /home/airflow/.local/lib/python3.12/site-packages/airflow/example_dags/example_trigger_target_dag.py for tasks to queue
[2024-12-11T05:24:57.076+0000] {logging_mixin.py:190} INFO - [2024-12-11T05:24:57.075+0000] {dagbag.py:588} INFO - Filling up the DagBag from /home/airflow/.local/lib/python3.12/site-packages/airflow/example_dags/example_trigger_target_dag.py
[2024-12-11T05:24:57.093+0000] {processor.py:925} INFO - DAG(s) 'example_trigger_target_dag' retrieved from /home/airflow/.local/lib/python3.12/site-packages/airflow/example_dags/example_trigger_target_dag.py
[2024-12-11T05:24:57.133+0000] {logging_mixin.py:190} INFO - [2024-12-11T05:24:57.132+0000] {dag.py:3239} INFO - Sync 1 DAGs
[2024-12-11T05:24:57.161+0000] {logging_mixin.py:190} INFO - [2024-12-11T05:24:57.161+0000] {dag.py:4180} INFO - Setting next_dagrun for example_trigger_target_dag to None, run_after=None
[2024-12-11T05:24:57.200+0000] {processor.py:208} INFO - Processing /home/airflow/.local/lib/python3.12/site-packages/airflow/example_dags/example_trigger_target_dag.py took 0.140 seconds
[2024-12-11T05:25:34.162+0000] {processor.py:186} INFO - Started process (PID=1523) to work on /home/airflow/.local/lib/python3.12/site-packages/airflow/example_dags/example_trigger_target_dag.py
[2024-12-11T05:25:34.165+0000] {processor.py:914} INFO - Processing file /home/airflow/.local/lib/python3.12/site-packages/airflow/example_dags/example_trigger_target_dag.py for tasks to queue
[2024-12-11T05:25:34.169+0000] {logging_mixin.py:190} INFO - [2024-12-11T05:25:34.168+0000] {dagbag.py:588} INFO - Filling up the DagBag from /home/airflow/.local/lib/python3.12/site-packages/airflow/example_dags/example_trigger_target_dag.py
[2024-12-11T05:25:34.196+0000] {processor.py:925} INFO - DAG(s) 'example_trigger_target_dag' retrieved from /home/airflow/.local/lib/python3.12/site-packages/airflow/example_dags/example_trigger_target_dag.py
[2024-12-11T05:25:34.255+0000] {logging_mixin.py:190} INFO - [2024-12-11T05:25:34.254+0000] {dag.py:3239} INFO - Sync 1 DAGs
[2024-12-11T05:25:34.295+0000] {logging_mixin.py:190} INFO - [2024-12-11T05:25:34.293+0000] {dag.py:4180} INFO - Setting next_dagrun for example_trigger_target_dag to None, run_after=None
[2024-12-11T05:25:34.349+0000] {processor.py:208} INFO - Processing /home/airflow/.local/lib/python3.12/site-packages/airflow/example_dags/example_trigger_target_dag.py took 0.201 seconds
[2024-12-11T05:26:07.480+0000] {processor.py:186} INFO - Started process (PID=1586) to work on /home/airflow/.local/lib/python3.12/site-packages/airflow/example_dags/example_trigger_target_dag.py
[2024-12-11T05:26:07.483+0000] {processor.py:914} INFO - Processing file /home/airflow/.local/lib/python3.12/site-packages/airflow/example_dags/example_trigger_target_dag.py for tasks to queue
[2024-12-11T05:26:07.486+0000] {logging_mixin.py:190} INFO - [2024-12-11T05:26:07.485+0000] {dagbag.py:588} INFO - Filling up the DagBag from /home/airflow/.local/lib/python3.12/site-packages/airflow/example_dags/example_trigger_target_dag.py
[2024-12-11T05:26:07.510+0000] {processor.py:925} INFO - DAG(s) 'example_trigger_target_dag' retrieved from /home/airflow/.local/lib/python3.12/site-packages/airflow/example_dags/example_trigger_target_dag.py
[2024-12-11T05:26:07.551+0000] {logging_mixin.py:190} INFO - [2024-12-11T05:26:07.550+0000] {dag.py:3239} INFO - Sync 1 DAGs
[2024-12-11T05:26:07.593+0000] {logging_mixin.py:190} INFO - [2024-12-11T05:26:07.592+0000] {dag.py:4180} INFO - Setting next_dagrun for example_trigger_target_dag to None, run_after=None
[2024-12-11T05:26:07.636+0000] {processor.py:208} INFO - Processing /home/airflow/.local/lib/python3.12/site-packages/airflow/example_dags/example_trigger_target_dag.py took 0.171 seconds
[2024-12-11T05:27:30.277+0000] {processor.py:186} INFO - Started process (PID=1672) to work on /home/airflow/.local/lib/python3.12/site-packages/airflow/example_dags/example_trigger_target_dag.py
[2024-12-11T05:27:30.280+0000] {processor.py:914} INFO - Processing file /home/airflow/.local/lib/python3.12/site-packages/airflow/example_dags/example_trigger_target_dag.py for tasks to queue
[2024-12-11T05:27:30.284+0000] {logging_mixin.py:190} INFO - [2024-12-11T05:27:30.283+0000] {dagbag.py:588} INFO - Filling up the DagBag from /home/airflow/.local/lib/python3.12/site-packages/airflow/example_dags/example_trigger_target_dag.py
[2024-12-11T05:27:30.310+0000] {processor.py:925} INFO - DAG(s) 'example_trigger_target_dag' retrieved from /home/airflow/.local/lib/python3.12/site-packages/airflow/example_dags/example_trigger_target_dag.py
[2024-12-11T05:27:30.358+0000] {logging_mixin.py:190} INFO - [2024-12-11T05:27:30.358+0000] {dag.py:3239} INFO - Sync 1 DAGs
[2024-12-11T05:27:30.394+0000] {logging_mixin.py:190} INFO - [2024-12-11T05:27:30.393+0000] {dag.py:4180} INFO - Setting next_dagrun for example_trigger_target_dag to None, run_after=None
[2024-12-11T05:27:30.444+0000] {processor.py:208} INFO - Processing /home/airflow/.local/lib/python3.12/site-packages/airflow/example_dags/example_trigger_target_dag.py took 0.180 seconds
