[2024-12-11T04:56:35.925+0000] {processor.py:186} INFO - Started process (PID=140) to work on /home/airflow/.local/lib/python3.12/site-packages/airflow/example_dags/example_xcomargs.py
[2024-12-11T04:56:35.930+0000] {processor.py:914} INFO - Processing file /home/airflow/.local/lib/python3.12/site-packages/airflow/example_dags/example_xcomargs.py for tasks to queue
[2024-12-11T04:56:35.937+0000] {logging_mixin.py:190} INFO - [2024-12-11T04:56:35.936+0000] {dagbag.py:588} INFO - Filling up the DagBag from /home/airflow/.local/lib/python3.12/site-packages/airflow/example_dags/example_xcomargs.py
[2024-12-11T04:56:35.969+0000] {processor.py:925} INFO - DAG(s) 'example_xcom_args_with_operators', 'example_xcom_args' retrieved from /home/airflow/.local/lib/python3.12/site-packages/airflow/example_dags/example_xcomargs.py
[2024-12-11T04:56:36.414+0000] {logging_mixin.py:190} INFO - [2024-12-11T04:56:36.413+0000] {override.py:1911} INFO - Created Permission View: can delete on DAG:example_xcom_args_with_operators
[2024-12-11T04:56:36.445+0000] {logging_mixin.py:190} INFO - [2024-12-11T04:56:36.445+0000] {override.py:1911} INFO - Created Permission View: can read on DAG:example_xcom_args_with_operators
[2024-12-11T04:56:36.466+0000] {logging_mixin.py:190} INFO - [2024-12-11T04:56:36.465+0000] {override.py:1911} INFO - Created Permission View: can edit on DAG:example_xcom_args_with_operators
[2024-12-11T04:56:36.487+0000] {logging_mixin.py:190} INFO - [2024-12-11T04:56:36.487+0000] {override.py:1911} INFO - Created Permission View: can delete on DAG Run:example_xcom_args_with_operators
[2024-12-11T04:56:36.510+0000] {logging_mixin.py:190} INFO - [2024-12-11T04:56:36.510+0000] {override.py:1911} INFO - Created Permission View: can read on DAG Run:example_xcom_args_with_operators
[2024-12-11T04:56:36.534+0000] {logging_mixin.py:190} INFO - [2024-12-11T04:56:36.533+0000] {override.py:1911} INFO - Created Permission View: menu access on DAG Run:example_xcom_args_with_operators
[2024-12-11T04:56:36.562+0000] {logging_mixin.py:190} INFO - [2024-12-11T04:56:36.561+0000] {override.py:1911} INFO - Created Permission View: can create on DAG Run:example_xcom_args_with_operators
[2024-12-11T04:56:36.603+0000] {logging_mixin.py:190} INFO - [2024-12-11T04:56:36.602+0000] {override.py:1911} INFO - Created Permission View: can delete on DAG:example_xcom_args
[2024-12-11T04:56:36.631+0000] {logging_mixin.py:190} INFO - [2024-12-11T04:56:36.630+0000] {override.py:1911} INFO - Created Permission View: can read on DAG:example_xcom_args
[2024-12-11T04:56:36.669+0000] {logging_mixin.py:190} INFO - [2024-12-11T04:56:36.669+0000] {override.py:1911} INFO - Created Permission View: can edit on DAG:example_xcom_args
[2024-12-11T04:56:36.702+0000] {logging_mixin.py:190} INFO - [2024-12-11T04:56:36.701+0000] {override.py:1911} INFO - Created Permission View: can delete on DAG Run:example_xcom_args
[2024-12-11T04:56:36.735+0000] {logging_mixin.py:190} INFO - [2024-12-11T04:56:36.734+0000] {override.py:1911} INFO - Created Permission View: can read on DAG Run:example_xcom_args
[2024-12-11T04:56:36.774+0000] {logging_mixin.py:190} INFO - [2024-12-11T04:56:36.769+0000] {override.py:1911} INFO - Created Permission View: menu access on DAG Run:example_xcom_args
[2024-12-11T04:56:36.807+0000] {logging_mixin.py:190} INFO - [2024-12-11T04:56:36.806+0000] {override.py:1911} INFO - Created Permission View: can create on DAG Run:example_xcom_args
[2024-12-11T04:56:36.809+0000] {logging_mixin.py:190} INFO - [2024-12-11T04:56:36.808+0000] {dag.py:3239} INFO - Sync 2 DAGs
[2024-12-11T04:56:36.866+0000] {logging_mixin.py:190} INFO - [2024-12-11T04:56:36.865+0000] {dag.py:3262} INFO - Creating ORM DAG for example_xcom_args
[2024-12-11T04:56:36.873+0000] {logging_mixin.py:190} INFO - [2024-12-11T04:56:36.872+0000] {dag.py:3262} INFO - Creating ORM DAG for example_xcom_args_with_operators
[2024-12-11T04:56:36.877+0000] {logging_mixin.py:190} INFO - [2024-12-11T04:56:36.876+0000] {dag.py:4180} INFO - Setting next_dagrun for example_xcom_args to None, run_after=None
[2024-12-11T04:56:36.881+0000] {logging_mixin.py:190} INFO - [2024-12-11T04:56:36.880+0000] {dag.py:4180} INFO - Setting next_dagrun for example_xcom_args_with_operators to None, run_after=None
[2024-12-11T04:56:36.968+0000] {processor.py:208} INFO - Processing /home/airflow/.local/lib/python3.12/site-packages/airflow/example_dags/example_xcomargs.py took 1.057 seconds
[2024-12-11T04:57:07.543+0000] {processor.py:186} INFO - Started process (PID=203) to work on /home/airflow/.local/lib/python3.12/site-packages/airflow/example_dags/example_xcomargs.py
[2024-12-11T04:57:07.546+0000] {processor.py:914} INFO - Processing file /home/airflow/.local/lib/python3.12/site-packages/airflow/example_dags/example_xcomargs.py for tasks to queue
[2024-12-11T04:57:07.552+0000] {logging_mixin.py:190} INFO - [2024-12-11T04:57:07.551+0000] {dagbag.py:588} INFO - Filling up the DagBag from /home/airflow/.local/lib/python3.12/site-packages/airflow/example_dags/example_xcomargs.py
[2024-12-11T04:57:07.577+0000] {processor.py:925} INFO - DAG(s) 'example_xcom_args_with_operators', 'example_xcom_args' retrieved from /home/airflow/.local/lib/python3.12/site-packages/airflow/example_dags/example_xcomargs.py
[2024-12-11T04:57:07.633+0000] {logging_mixin.py:190} INFO - [2024-12-11T04:57:07.632+0000] {dag.py:3239} INFO - Sync 2 DAGs
[2024-12-11T04:57:07.681+0000] {logging_mixin.py:190} INFO - [2024-12-11T04:57:07.681+0000] {dag.py:4180} INFO - Setting next_dagrun for example_xcom_args to None, run_after=None
[2024-12-11T04:57:07.695+0000] {logging_mixin.py:190} INFO - [2024-12-11T04:57:07.695+0000] {dag.py:4180} INFO - Setting next_dagrun for example_xcom_args_with_operators to None, run_after=None
[2024-12-11T04:57:07.772+0000] {processor.py:208} INFO - Processing /home/airflow/.local/lib/python3.12/site-packages/airflow/example_dags/example_xcomargs.py took 0.244 seconds
[2024-12-11T05:01:04.374+0000] {processor.py:186} INFO - Started process (PID=271) to work on /home/airflow/.local/lib/python3.12/site-packages/airflow/example_dags/example_xcomargs.py
[2024-12-11T05:01:04.376+0000] {processor.py:914} INFO - Processing file /home/airflow/.local/lib/python3.12/site-packages/airflow/example_dags/example_xcomargs.py for tasks to queue
[2024-12-11T05:01:04.381+0000] {logging_mixin.py:190} INFO - [2024-12-11T05:01:04.380+0000] {dagbag.py:588} INFO - Filling up the DagBag from /home/airflow/.local/lib/python3.12/site-packages/airflow/example_dags/example_xcomargs.py
[2024-12-11T05:01:04.408+0000] {processor.py:925} INFO - DAG(s) 'example_xcom_args', 'example_xcom_args_with_operators' retrieved from /home/airflow/.local/lib/python3.12/site-packages/airflow/example_dags/example_xcomargs.py
[2024-12-11T05:01:04.467+0000] {logging_mixin.py:190} INFO - [2024-12-11T05:01:04.466+0000] {dag.py:3239} INFO - Sync 2 DAGs
[2024-12-11T05:01:04.505+0000] {logging_mixin.py:190} INFO - [2024-12-11T05:01:04.504+0000] {dag.py:4180} INFO - Setting next_dagrun for example_xcom_args to None, run_after=None
[2024-12-11T05:01:04.514+0000] {logging_mixin.py:190} INFO - [2024-12-11T05:01:04.514+0000] {dag.py:4180} INFO - Setting next_dagrun for example_xcom_args_with_operators to None, run_after=None
[2024-12-11T05:01:04.567+0000] {processor.py:208} INFO - Processing /home/airflow/.local/lib/python3.12/site-packages/airflow/example_dags/example_xcomargs.py took 0.206 seconds
[2024-12-11T05:03:27.242+0000] {processor.py:186} INFO - Started process (PID=362) to work on /home/airflow/.local/lib/python3.12/site-packages/airflow/example_dags/example_xcomargs.py
[2024-12-11T05:03:27.244+0000] {processor.py:914} INFO - Processing file /home/airflow/.local/lib/python3.12/site-packages/airflow/example_dags/example_xcomargs.py for tasks to queue
[2024-12-11T05:03:27.247+0000] {logging_mixin.py:190} INFO - [2024-12-11T05:03:27.247+0000] {dagbag.py:588} INFO - Filling up the DagBag from /home/airflow/.local/lib/python3.12/site-packages/airflow/example_dags/example_xcomargs.py
[2024-12-11T05:03:27.275+0000] {processor.py:925} INFO - DAG(s) 'example_xcom_args', 'example_xcom_args_with_operators' retrieved from /home/airflow/.local/lib/python3.12/site-packages/airflow/example_dags/example_xcomargs.py
[2024-12-11T05:03:27.337+0000] {logging_mixin.py:190} INFO - [2024-12-11T05:03:27.336+0000] {dag.py:3239} INFO - Sync 2 DAGs
[2024-12-11T05:03:27.384+0000] {logging_mixin.py:190} INFO - [2024-12-11T05:03:27.383+0000] {dag.py:4180} INFO - Setting next_dagrun for example_xcom_args to None, run_after=None
[2024-12-11T05:03:27.396+0000] {logging_mixin.py:190} INFO - [2024-12-11T05:03:27.395+0000] {dag.py:4180} INFO - Setting next_dagrun for example_xcom_args_with_operators to None, run_after=None
[2024-12-11T05:03:27.447+0000] {processor.py:208} INFO - Processing /home/airflow/.local/lib/python3.12/site-packages/airflow/example_dags/example_xcomargs.py took 0.217 seconds
[2024-12-11T05:05:32.936+0000] {processor.py:186} INFO - Started process (PID=440) to work on /home/airflow/.local/lib/python3.12/site-packages/airflow/example_dags/example_xcomargs.py
[2024-12-11T05:05:32.940+0000] {processor.py:914} INFO - Processing file /home/airflow/.local/lib/python3.12/site-packages/airflow/example_dags/example_xcomargs.py for tasks to queue
[2024-12-11T05:05:32.949+0000] {logging_mixin.py:190} INFO - [2024-12-11T05:05:32.946+0000] {dagbag.py:588} INFO - Filling up the DagBag from /home/airflow/.local/lib/python3.12/site-packages/airflow/example_dags/example_xcomargs.py
[2024-12-11T05:05:33.035+0000] {processor.py:925} INFO - DAG(s) 'example_xcom_args', 'example_xcom_args_with_operators' retrieved from /home/airflow/.local/lib/python3.12/site-packages/airflow/example_dags/example_xcomargs.py
[2024-12-11T05:05:33.197+0000] {logging_mixin.py:190} INFO - [2024-12-11T05:05:33.196+0000] {dag.py:3239} INFO - Sync 2 DAGs
[2024-12-11T05:05:33.267+0000] {logging_mixin.py:190} INFO - [2024-12-11T05:05:33.266+0000] {dag.py:4180} INFO - Setting next_dagrun for example_xcom_args to None, run_after=None
[2024-12-11T05:05:33.285+0000] {logging_mixin.py:190} INFO - [2024-12-11T05:05:33.284+0000] {dag.py:4180} INFO - Setting next_dagrun for example_xcom_args_with_operators to None, run_after=None
[2024-12-11T05:05:33.336+0000] {processor.py:208} INFO - Processing /home/airflow/.local/lib/python3.12/site-packages/airflow/example_dags/example_xcomargs.py took 0.435 seconds
[2024-12-11T05:06:03.435+0000] {processor.py:186} INFO - Started process (PID=502) to work on /home/airflow/.local/lib/python3.12/site-packages/airflow/example_dags/example_xcomargs.py
[2024-12-11T05:06:03.438+0000] {processor.py:914} INFO - Processing file /home/airflow/.local/lib/python3.12/site-packages/airflow/example_dags/example_xcomargs.py for tasks to queue
[2024-12-11T05:06:03.441+0000] {logging_mixin.py:190} INFO - [2024-12-11T05:06:03.440+0000] {dagbag.py:588} INFO - Filling up the DagBag from /home/airflow/.local/lib/python3.12/site-packages/airflow/example_dags/example_xcomargs.py
[2024-12-11T05:06:03.466+0000] {processor.py:925} INFO - DAG(s) 'example_xcom_args_with_operators', 'example_xcom_args' retrieved from /home/airflow/.local/lib/python3.12/site-packages/airflow/example_dags/example_xcomargs.py
[2024-12-11T05:06:03.514+0000] {logging_mixin.py:190} INFO - [2024-12-11T05:06:03.513+0000] {dag.py:3239} INFO - Sync 2 DAGs
[2024-12-11T05:06:03.555+0000] {logging_mixin.py:190} INFO - [2024-12-11T05:06:03.549+0000] {dag.py:4180} INFO - Setting next_dagrun for example_xcom_args to None, run_after=None
[2024-12-11T05:06:03.572+0000] {logging_mixin.py:190} INFO - [2024-12-11T05:06:03.568+0000] {dag.py:4180} INFO - Setting next_dagrun for example_xcom_args_with_operators to None, run_after=None
[2024-12-11T05:06:03.615+0000] {processor.py:208} INFO - Processing /home/airflow/.local/lib/python3.12/site-packages/airflow/example_dags/example_xcomargs.py took 0.193 seconds
[2024-12-11T05:07:40.666+0000] {processor.py:186} INFO - Started process (PID=612) to work on /home/airflow/.local/lib/python3.12/site-packages/airflow/example_dags/example_xcomargs.py
[2024-12-11T05:07:40.668+0000] {processor.py:914} INFO - Processing file /home/airflow/.local/lib/python3.12/site-packages/airflow/example_dags/example_xcomargs.py for tasks to queue
[2024-12-11T05:07:40.671+0000] {logging_mixin.py:190} INFO - [2024-12-11T05:07:40.670+0000] {dagbag.py:588} INFO - Filling up the DagBag from /home/airflow/.local/lib/python3.12/site-packages/airflow/example_dags/example_xcomargs.py
[2024-12-11T05:07:40.691+0000] {processor.py:925} INFO - DAG(s) 'example_xcom_args_with_operators', 'example_xcom_args' retrieved from /home/airflow/.local/lib/python3.12/site-packages/airflow/example_dags/example_xcomargs.py
[2024-12-11T05:07:40.731+0000] {logging_mixin.py:190} INFO - [2024-12-11T05:07:40.730+0000] {dag.py:3239} INFO - Sync 2 DAGs
[2024-12-11T05:07:40.758+0000] {logging_mixin.py:190} INFO - [2024-12-11T05:07:40.757+0000] {dag.py:4180} INFO - Setting next_dagrun for example_xcom_args to None, run_after=None
[2024-12-11T05:07:40.764+0000] {logging_mixin.py:190} INFO - [2024-12-11T05:07:40.764+0000] {dag.py:4180} INFO - Setting next_dagrun for example_xcom_args_with_operators to None, run_after=None
[2024-12-11T05:07:40.794+0000] {processor.py:208} INFO - Processing /home/airflow/.local/lib/python3.12/site-packages/airflow/example_dags/example_xcomargs.py took 0.137 seconds
[2024-12-11T05:08:12.861+0000] {processor.py:186} INFO - Started process (PID=675) to work on /home/airflow/.local/lib/python3.12/site-packages/airflow/example_dags/example_xcomargs.py
[2024-12-11T05:08:12.864+0000] {processor.py:914} INFO - Processing file /home/airflow/.local/lib/python3.12/site-packages/airflow/example_dags/example_xcomargs.py for tasks to queue
[2024-12-11T05:08:12.867+0000] {logging_mixin.py:190} INFO - [2024-12-11T05:08:12.866+0000] {dagbag.py:588} INFO - Filling up the DagBag from /home/airflow/.local/lib/python3.12/site-packages/airflow/example_dags/example_xcomargs.py
[2024-12-11T05:08:12.896+0000] {processor.py:925} INFO - DAG(s) 'example_xcom_args', 'example_xcom_args_with_operators' retrieved from /home/airflow/.local/lib/python3.12/site-packages/airflow/example_dags/example_xcomargs.py
[2024-12-11T05:08:12.958+0000] {logging_mixin.py:190} INFO - [2024-12-11T05:08:12.958+0000] {dag.py:3239} INFO - Sync 2 DAGs
[2024-12-11T05:08:12.997+0000] {logging_mixin.py:190} INFO - [2024-12-11T05:08:12.996+0000] {dag.py:4180} INFO - Setting next_dagrun for example_xcom_args to None, run_after=None
[2024-12-11T05:08:13.007+0000] {logging_mixin.py:190} INFO - [2024-12-11T05:08:13.006+0000] {dag.py:4180} INFO - Setting next_dagrun for example_xcom_args_with_operators to None, run_after=None
[2024-12-11T05:08:13.049+0000] {processor.py:208} INFO - Processing /home/airflow/.local/lib/python3.12/site-packages/airflow/example_dags/example_xcomargs.py took 0.198 seconds
[2024-12-11T05:09:37.009+0000] {processor.py:186} INFO - Started process (PID=753) to work on /home/airflow/.local/lib/python3.12/site-packages/airflow/example_dags/example_xcomargs.py
[2024-12-11T05:09:37.012+0000] {processor.py:914} INFO - Processing file /home/airflow/.local/lib/python3.12/site-packages/airflow/example_dags/example_xcomargs.py for tasks to queue
[2024-12-11T05:09:37.016+0000] {logging_mixin.py:190} INFO - [2024-12-11T05:09:37.015+0000] {dagbag.py:588} INFO - Filling up the DagBag from /home/airflow/.local/lib/python3.12/site-packages/airflow/example_dags/example_xcomargs.py
[2024-12-11T05:09:37.063+0000] {processor.py:925} INFO - DAG(s) 'example_xcom_args_with_operators', 'example_xcom_args' retrieved from /home/airflow/.local/lib/python3.12/site-packages/airflow/example_dags/example_xcomargs.py
[2024-12-11T05:09:37.212+0000] {logging_mixin.py:190} INFO - [2024-12-11T05:09:37.211+0000] {dag.py:3239} INFO - Sync 2 DAGs
[2024-12-11T05:09:37.319+0000] {logging_mixin.py:190} INFO - [2024-12-11T05:09:37.318+0000] {dag.py:4180} INFO - Setting next_dagrun for example_xcom_args to None, run_after=None
[2024-12-11T05:09:37.339+0000] {logging_mixin.py:190} INFO - [2024-12-11T05:09:37.338+0000] {dag.py:4180} INFO - Setting next_dagrun for example_xcom_args_with_operators to None, run_after=None
[2024-12-11T05:09:37.409+0000] {processor.py:208} INFO - Processing /home/airflow/.local/lib/python3.12/site-packages/airflow/example_dags/example_xcomargs.py took 0.426 seconds
[2024-12-11T05:10:07.570+0000] {processor.py:186} INFO - Started process (PID=816) to work on /home/airflow/.local/lib/python3.12/site-packages/airflow/example_dags/example_xcomargs.py
[2024-12-11T05:10:07.572+0000] {processor.py:914} INFO - Processing file /home/airflow/.local/lib/python3.12/site-packages/airflow/example_dags/example_xcomargs.py for tasks to queue
[2024-12-11T05:10:07.574+0000] {logging_mixin.py:190} INFO - [2024-12-11T05:10:07.574+0000] {dagbag.py:588} INFO - Filling up the DagBag from /home/airflow/.local/lib/python3.12/site-packages/airflow/example_dags/example_xcomargs.py
[2024-12-11T05:10:07.596+0000] {processor.py:925} INFO - DAG(s) 'example_xcom_args_with_operators', 'example_xcom_args' retrieved from /home/airflow/.local/lib/python3.12/site-packages/airflow/example_dags/example_xcomargs.py
[2024-12-11T05:10:07.655+0000] {logging_mixin.py:190} INFO - [2024-12-11T05:10:07.655+0000] {dag.py:3239} INFO - Sync 2 DAGs
[2024-12-11T05:10:07.743+0000] {logging_mixin.py:190} INFO - [2024-12-11T05:10:07.742+0000] {dag.py:4180} INFO - Setting next_dagrun for example_xcom_args to None, run_after=None
[2024-12-11T05:10:07.757+0000] {logging_mixin.py:190} INFO - [2024-12-11T05:10:07.756+0000] {dag.py:4180} INFO - Setting next_dagrun for example_xcom_args_with_operators to None, run_after=None
[2024-12-11T05:10:07.814+0000] {processor.py:208} INFO - Processing /home/airflow/.local/lib/python3.12/site-packages/airflow/example_dags/example_xcomargs.py took 0.255 seconds
[2024-12-11T05:10:43.578+0000] {processor.py:186} INFO - Started process (PID=879) to work on /home/airflow/.local/lib/python3.12/site-packages/airflow/example_dags/example_xcomargs.py
[2024-12-11T05:10:43.580+0000] {processor.py:914} INFO - Processing file /home/airflow/.local/lib/python3.12/site-packages/airflow/example_dags/example_xcomargs.py for tasks to queue
[2024-12-11T05:10:43.585+0000] {logging_mixin.py:190} INFO - [2024-12-11T05:10:43.584+0000] {dagbag.py:588} INFO - Filling up the DagBag from /home/airflow/.local/lib/python3.12/site-packages/airflow/example_dags/example_xcomargs.py
[2024-12-11T05:10:43.616+0000] {processor.py:925} INFO - DAG(s) 'example_xcom_args', 'example_xcom_args_with_operators' retrieved from /home/airflow/.local/lib/python3.12/site-packages/airflow/example_dags/example_xcomargs.py
[2024-12-11T05:10:43.681+0000] {logging_mixin.py:190} INFO - [2024-12-11T05:10:43.680+0000] {dag.py:3239} INFO - Sync 2 DAGs
[2024-12-11T05:10:43.731+0000] {logging_mixin.py:190} INFO - [2024-12-11T05:10:43.731+0000] {dag.py:4180} INFO - Setting next_dagrun for example_xcom_args to None, run_after=None
[2024-12-11T05:10:43.746+0000] {logging_mixin.py:190} INFO - [2024-12-11T05:10:43.745+0000] {dag.py:4180} INFO - Setting next_dagrun for example_xcom_args_with_operators to None, run_after=None
[2024-12-11T05:10:43.798+0000] {processor.py:208} INFO - Processing /home/airflow/.local/lib/python3.12/site-packages/airflow/example_dags/example_xcomargs.py took 0.235 seconds
[2024-12-11T05:17:35.574+0000] {processor.py:186} INFO - Started process (PID=974) to work on /home/airflow/.local/lib/python3.12/site-packages/airflow/example_dags/example_xcomargs.py
[2024-12-11T05:17:35.575+0000] {processor.py:914} INFO - Processing file /home/airflow/.local/lib/python3.12/site-packages/airflow/example_dags/example_xcomargs.py for tasks to queue
[2024-12-11T05:17:35.578+0000] {logging_mixin.py:190} INFO - [2024-12-11T05:17:35.577+0000] {dagbag.py:588} INFO - Filling up the DagBag from /home/airflow/.local/lib/python3.12/site-packages/airflow/example_dags/example_xcomargs.py
[2024-12-11T05:17:35.598+0000] {processor.py:925} INFO - DAG(s) 'example_xcom_args_with_operators', 'example_xcom_args' retrieved from /home/airflow/.local/lib/python3.12/site-packages/airflow/example_dags/example_xcomargs.py
[2024-12-11T05:17:35.650+0000] {logging_mixin.py:190} INFO - [2024-12-11T05:17:35.649+0000] {dag.py:3239} INFO - Sync 2 DAGs
[2024-12-11T05:17:35.679+0000] {logging_mixin.py:190} INFO - [2024-12-11T05:17:35.679+0000] {dag.py:4180} INFO - Setting next_dagrun for example_xcom_args to None, run_after=None
[2024-12-11T05:17:35.687+0000] {logging_mixin.py:190} INFO - [2024-12-11T05:17:35.687+0000] {dag.py:4180} INFO - Setting next_dagrun for example_xcom_args_with_operators to None, run_after=None
[2024-12-11T05:17:35.719+0000] {processor.py:208} INFO - Processing /home/airflow/.local/lib/python3.12/site-packages/airflow/example_dags/example_xcomargs.py took 0.156 seconds
[2024-12-11T05:18:06.576+0000] {processor.py:186} INFO - Started process (PID=1037) to work on /home/airflow/.local/lib/python3.12/site-packages/airflow/example_dags/example_xcomargs.py
[2024-12-11T05:18:06.578+0000] {processor.py:914} INFO - Processing file /home/airflow/.local/lib/python3.12/site-packages/airflow/example_dags/example_xcomargs.py for tasks to queue
[2024-12-11T05:18:06.581+0000] {logging_mixin.py:190} INFO - [2024-12-11T05:18:06.580+0000] {dagbag.py:588} INFO - Filling up the DagBag from /home/airflow/.local/lib/python3.12/site-packages/airflow/example_dags/example_xcomargs.py
[2024-12-11T05:18:06.606+0000] {processor.py:925} INFO - DAG(s) 'example_xcom_args_with_operators', 'example_xcom_args' retrieved from /home/airflow/.local/lib/python3.12/site-packages/airflow/example_dags/example_xcomargs.py
[2024-12-11T05:18:06.663+0000] {logging_mixin.py:190} INFO - [2024-12-11T05:18:06.663+0000] {dag.py:3239} INFO - Sync 2 DAGs
[2024-12-11T05:18:06.700+0000] {logging_mixin.py:190} INFO - [2024-12-11T05:18:06.699+0000] {dag.py:4180} INFO - Setting next_dagrun for example_xcom_args to None, run_after=None
[2024-12-11T05:18:06.709+0000] {logging_mixin.py:190} INFO - [2024-12-11T05:18:06.709+0000] {dag.py:4180} INFO - Setting next_dagrun for example_xcom_args_with_operators to None, run_after=None
[2024-12-11T05:18:06.747+0000] {processor.py:208} INFO - Processing /home/airflow/.local/lib/python3.12/site-packages/airflow/example_dags/example_xcomargs.py took 0.183 seconds
[2024-12-11T05:18:37.551+0000] {processor.py:186} INFO - Started process (PID=1099) to work on /home/airflow/.local/lib/python3.12/site-packages/airflow/example_dags/example_xcomargs.py
[2024-12-11T05:18:37.553+0000] {processor.py:914} INFO - Processing file /home/airflow/.local/lib/python3.12/site-packages/airflow/example_dags/example_xcomargs.py for tasks to queue
[2024-12-11T05:18:37.556+0000] {logging_mixin.py:190} INFO - [2024-12-11T05:18:37.555+0000] {dagbag.py:588} INFO - Filling up the DagBag from /home/airflow/.local/lib/python3.12/site-packages/airflow/example_dags/example_xcomargs.py
[2024-12-11T05:18:37.588+0000] {processor.py:925} INFO - DAG(s) 'example_xcom_args_with_operators', 'example_xcom_args' retrieved from /home/airflow/.local/lib/python3.12/site-packages/airflow/example_dags/example_xcomargs.py
[2024-12-11T05:18:37.649+0000] {logging_mixin.py:190} INFO - [2024-12-11T05:18:37.649+0000] {dag.py:3239} INFO - Sync 2 DAGs
[2024-12-11T05:18:37.694+0000] {logging_mixin.py:190} INFO - [2024-12-11T05:18:37.694+0000] {dag.py:4180} INFO - Setting next_dagrun for example_xcom_args to None, run_after=None
[2024-12-11T05:18:37.724+0000] {logging_mixin.py:190} INFO - [2024-12-11T05:18:37.723+0000] {dag.py:4180} INFO - Setting next_dagrun for example_xcom_args_with_operators to None, run_after=None
[2024-12-11T05:18:37.761+0000] {processor.py:208} INFO - Processing /home/airflow/.local/lib/python3.12/site-packages/airflow/example_dags/example_xcomargs.py took 0.239 seconds
[2024-12-11T05:19:08.254+0000] {processor.py:186} INFO - Started process (PID=1162) to work on /home/airflow/.local/lib/python3.12/site-packages/airflow/example_dags/example_xcomargs.py
[2024-12-11T05:19:08.255+0000] {processor.py:914} INFO - Processing file /home/airflow/.local/lib/python3.12/site-packages/airflow/example_dags/example_xcomargs.py for tasks to queue
[2024-12-11T05:19:08.258+0000] {logging_mixin.py:190} INFO - [2024-12-11T05:19:08.258+0000] {dagbag.py:588} INFO - Filling up the DagBag from /home/airflow/.local/lib/python3.12/site-packages/airflow/example_dags/example_xcomargs.py
[2024-12-11T05:19:08.275+0000] {processor.py:925} INFO - DAG(s) 'example_xcom_args_with_operators', 'example_xcom_args' retrieved from /home/airflow/.local/lib/python3.12/site-packages/airflow/example_dags/example_xcomargs.py
[2024-12-11T05:19:08.321+0000] {logging_mixin.py:190} INFO - [2024-12-11T05:19:08.321+0000] {dag.py:3239} INFO - Sync 2 DAGs
[2024-12-11T05:19:08.351+0000] {logging_mixin.py:190} INFO - [2024-12-11T05:19:08.351+0000] {dag.py:4180} INFO - Setting next_dagrun for example_xcom_args to None, run_after=None
[2024-12-11T05:19:08.359+0000] {logging_mixin.py:190} INFO - [2024-12-11T05:19:08.359+0000] {dag.py:4180} INFO - Setting next_dagrun for example_xcom_args_with_operators to None, run_after=None
[2024-12-11T05:19:08.394+0000] {processor.py:208} INFO - Processing /home/airflow/.local/lib/python3.12/site-packages/airflow/example_dags/example_xcomargs.py took 0.150 seconds
[2024-12-11T05:19:39.193+0000] {processor.py:186} INFO - Started process (PID=1226) to work on /home/airflow/.local/lib/python3.12/site-packages/airflow/example_dags/example_xcomargs.py
[2024-12-11T05:19:39.195+0000] {processor.py:914} INFO - Processing file /home/airflow/.local/lib/python3.12/site-packages/airflow/example_dags/example_xcomargs.py for tasks to queue
[2024-12-11T05:19:39.199+0000] {logging_mixin.py:190} INFO - [2024-12-11T05:19:39.198+0000] {dagbag.py:588} INFO - Filling up the DagBag from /home/airflow/.local/lib/python3.12/site-packages/airflow/example_dags/example_xcomargs.py
[2024-12-11T05:19:39.220+0000] {processor.py:925} INFO - DAG(s) 'example_xcom_args_with_operators', 'example_xcom_args' retrieved from /home/airflow/.local/lib/python3.12/site-packages/airflow/example_dags/example_xcomargs.py
[2024-12-11T05:19:39.294+0000] {logging_mixin.py:190} INFO - [2024-12-11T05:19:39.293+0000] {dag.py:3239} INFO - Sync 2 DAGs
[2024-12-11T05:19:39.358+0000] {logging_mixin.py:190} INFO - [2024-12-11T05:19:39.358+0000] {dag.py:4180} INFO - Setting next_dagrun for example_xcom_args to None, run_after=None
[2024-12-11T05:19:39.374+0000] {logging_mixin.py:190} INFO - [2024-12-11T05:19:39.374+0000] {dag.py:4180} INFO - Setting next_dagrun for example_xcom_args_with_operators to None, run_after=None
[2024-12-11T05:19:39.437+0000] {processor.py:208} INFO - Processing /home/airflow/.local/lib/python3.12/site-packages/airflow/example_dags/example_xcomargs.py took 0.257 seconds
[2024-12-11T05:20:09.648+0000] {processor.py:186} INFO - Started process (PID=1289) to work on /home/airflow/.local/lib/python3.12/site-packages/airflow/example_dags/example_xcomargs.py
[2024-12-11T05:20:09.650+0000] {processor.py:914} INFO - Processing file /home/airflow/.local/lib/python3.12/site-packages/airflow/example_dags/example_xcomargs.py for tasks to queue
[2024-12-11T05:20:09.654+0000] {logging_mixin.py:190} INFO - [2024-12-11T05:20:09.653+0000] {dagbag.py:588} INFO - Filling up the DagBag from /home/airflow/.local/lib/python3.12/site-packages/airflow/example_dags/example_xcomargs.py
[2024-12-11T05:20:09.675+0000] {processor.py:925} INFO - DAG(s) 'example_xcom_args_with_operators', 'example_xcom_args' retrieved from /home/airflow/.local/lib/python3.12/site-packages/airflow/example_dags/example_xcomargs.py
[2024-12-11T05:20:09.726+0000] {logging_mixin.py:190} INFO - [2024-12-11T05:20:09.725+0000] {dag.py:3239} INFO - Sync 2 DAGs
[2024-12-11T05:20:09.761+0000] {logging_mixin.py:190} INFO - [2024-12-11T05:20:09.760+0000] {dag.py:4180} INFO - Setting next_dagrun for example_xcom_args to None, run_after=None
[2024-12-11T05:20:09.769+0000] {logging_mixin.py:190} INFO - [2024-12-11T05:20:09.768+0000] {dag.py:4180} INFO - Setting next_dagrun for example_xcom_args_with_operators to None, run_after=None
[2024-12-11T05:20:09.804+0000] {processor.py:208} INFO - Processing /home/airflow/.local/lib/python3.12/site-packages/airflow/example_dags/example_xcomargs.py took 0.166 seconds
[2024-12-11T05:23:26.456+0000] {processor.py:186} INFO - Started process (PID=1375) to work on /home/airflow/.local/lib/python3.12/site-packages/airflow/example_dags/example_xcomargs.py
[2024-12-11T05:23:26.458+0000] {processor.py:914} INFO - Processing file /home/airflow/.local/lib/python3.12/site-packages/airflow/example_dags/example_xcomargs.py for tasks to queue
[2024-12-11T05:23:26.461+0000] {logging_mixin.py:190} INFO - [2024-12-11T05:23:26.461+0000] {dagbag.py:588} INFO - Filling up the DagBag from /home/airflow/.local/lib/python3.12/site-packages/airflow/example_dags/example_xcomargs.py
[2024-12-11T05:23:26.484+0000] {processor.py:925} INFO - DAG(s) 'example_xcom_args', 'example_xcom_args_with_operators' retrieved from /home/airflow/.local/lib/python3.12/site-packages/airflow/example_dags/example_xcomargs.py
[2024-12-11T05:23:26.537+0000] {logging_mixin.py:190} INFO - [2024-12-11T05:23:26.537+0000] {dag.py:3239} INFO - Sync 2 DAGs
[2024-12-11T05:23:26.591+0000] {logging_mixin.py:190} INFO - [2024-12-11T05:23:26.591+0000] {dag.py:4180} INFO - Setting next_dagrun for example_xcom_args to None, run_after=None
[2024-12-11T05:23:26.599+0000] {logging_mixin.py:190} INFO - [2024-12-11T05:23:26.598+0000] {dag.py:4180} INFO - Setting next_dagrun for example_xcom_args_with_operators to None, run_after=None
[2024-12-11T05:23:26.644+0000] {processor.py:208} INFO - Processing /home/airflow/.local/lib/python3.12/site-packages/airflow/example_dags/example_xcomargs.py took 0.199 seconds
[2024-12-11T05:24:57.574+0000] {processor.py:186} INFO - Started process (PID=1464) to work on /home/airflow/.local/lib/python3.12/site-packages/airflow/example_dags/example_xcomargs.py
[2024-12-11T05:24:57.576+0000] {processor.py:914} INFO - Processing file /home/airflow/.local/lib/python3.12/site-packages/airflow/example_dags/example_xcomargs.py for tasks to queue
[2024-12-11T05:24:57.578+0000] {logging_mixin.py:190} INFO - [2024-12-11T05:24:57.578+0000] {dagbag.py:588} INFO - Filling up the DagBag from /home/airflow/.local/lib/python3.12/site-packages/airflow/example_dags/example_xcomargs.py
[2024-12-11T05:24:57.596+0000] {processor.py:925} INFO - DAG(s) 'example_xcom_args', 'example_xcom_args_with_operators' retrieved from /home/airflow/.local/lib/python3.12/site-packages/airflow/example_dags/example_xcomargs.py
[2024-12-11T05:24:57.640+0000] {logging_mixin.py:190} INFO - [2024-12-11T05:24:57.640+0000] {dag.py:3239} INFO - Sync 2 DAGs
[2024-12-11T05:24:57.680+0000] {logging_mixin.py:190} INFO - [2024-12-11T05:24:57.679+0000] {dag.py:4180} INFO - Setting next_dagrun for example_xcom_args to None, run_after=None
[2024-12-11T05:24:57.690+0000] {logging_mixin.py:190} INFO - [2024-12-11T05:24:57.690+0000] {dag.py:4180} INFO - Setting next_dagrun for example_xcom_args_with_operators to None, run_after=None
[2024-12-11T05:24:57.729+0000] {processor.py:208} INFO - Processing /home/airflow/.local/lib/python3.12/site-packages/airflow/example_dags/example_xcomargs.py took 0.165 seconds
[2024-12-11T05:25:34.890+0000] {processor.py:186} INFO - Started process (PID=1527) to work on /home/airflow/.local/lib/python3.12/site-packages/airflow/example_dags/example_xcomargs.py
[2024-12-11T05:25:34.893+0000] {processor.py:914} INFO - Processing file /home/airflow/.local/lib/python3.12/site-packages/airflow/example_dags/example_xcomargs.py for tasks to queue
[2024-12-11T05:25:34.897+0000] {logging_mixin.py:190} INFO - [2024-12-11T05:25:34.896+0000] {dagbag.py:588} INFO - Filling up the DagBag from /home/airflow/.local/lib/python3.12/site-packages/airflow/example_dags/example_xcomargs.py
[2024-12-11T05:25:34.932+0000] {processor.py:925} INFO - DAG(s) 'example_xcom_args', 'example_xcom_args_with_operators' retrieved from /home/airflow/.local/lib/python3.12/site-packages/airflow/example_dags/example_xcomargs.py
[2024-12-11T05:25:35.008+0000] {logging_mixin.py:190} INFO - [2024-12-11T05:25:35.007+0000] {dag.py:3239} INFO - Sync 2 DAGs
[2024-12-11T05:25:35.055+0000] {logging_mixin.py:190} INFO - [2024-12-11T05:25:35.055+0000] {dag.py:4180} INFO - Setting next_dagrun for example_xcom_args to None, run_after=None
[2024-12-11T05:25:35.067+0000] {logging_mixin.py:190} INFO - [2024-12-11T05:25:35.066+0000] {dag.py:4180} INFO - Setting next_dagrun for example_xcom_args_with_operators to None, run_after=None
[2024-12-11T05:25:35.121+0000] {processor.py:208} INFO - Processing /home/airflow/.local/lib/python3.12/site-packages/airflow/example_dags/example_xcomargs.py took 0.245 seconds
[2024-12-11T05:26:08.171+0000] {processor.py:186} INFO - Started process (PID=1590) to work on /home/airflow/.local/lib/python3.12/site-packages/airflow/example_dags/example_xcomargs.py
[2024-12-11T05:26:08.173+0000] {processor.py:914} INFO - Processing file /home/airflow/.local/lib/python3.12/site-packages/airflow/example_dags/example_xcomargs.py for tasks to queue
[2024-12-11T05:26:08.178+0000] {logging_mixin.py:190} INFO - [2024-12-11T05:26:08.176+0000] {dagbag.py:588} INFO - Filling up the DagBag from /home/airflow/.local/lib/python3.12/site-packages/airflow/example_dags/example_xcomargs.py
[2024-12-11T05:26:08.207+0000] {processor.py:925} INFO - DAG(s) 'example_xcom_args_with_operators', 'example_xcom_args' retrieved from /home/airflow/.local/lib/python3.12/site-packages/airflow/example_dags/example_xcomargs.py
[2024-12-11T05:26:08.291+0000] {logging_mixin.py:190} INFO - [2024-12-11T05:26:08.290+0000] {dag.py:3239} INFO - Sync 2 DAGs
[2024-12-11T05:26:08.345+0000] {logging_mixin.py:190} INFO - [2024-12-11T05:26:08.344+0000] {dag.py:4180} INFO - Setting next_dagrun for example_xcom_args to None, run_after=None
[2024-12-11T05:26:08.357+0000] {logging_mixin.py:190} INFO - [2024-12-11T05:26:08.356+0000] {dag.py:4180} INFO - Setting next_dagrun for example_xcom_args_with_operators to None, run_after=None
[2024-12-11T05:26:08.415+0000] {processor.py:208} INFO - Processing /home/airflow/.local/lib/python3.12/site-packages/airflow/example_dags/example_xcomargs.py took 0.261 seconds
[2024-12-11T05:27:31.111+0000] {processor.py:186} INFO - Started process (PID=1676) to work on /home/airflow/.local/lib/python3.12/site-packages/airflow/example_dags/example_xcomargs.py
[2024-12-11T05:27:31.114+0000] {processor.py:914} INFO - Processing file /home/airflow/.local/lib/python3.12/site-packages/airflow/example_dags/example_xcomargs.py for tasks to queue
[2024-12-11T05:27:31.118+0000] {logging_mixin.py:190} INFO - [2024-12-11T05:27:31.117+0000] {dagbag.py:588} INFO - Filling up the DagBag from /home/airflow/.local/lib/python3.12/site-packages/airflow/example_dags/example_xcomargs.py
[2024-12-11T05:27:31.150+0000] {processor.py:925} INFO - DAG(s) 'example_xcom_args', 'example_xcom_args_with_operators' retrieved from /home/airflow/.local/lib/python3.12/site-packages/airflow/example_dags/example_xcomargs.py
[2024-12-11T05:27:31.225+0000] {logging_mixin.py:190} INFO - [2024-12-11T05:27:31.224+0000] {dag.py:3239} INFO - Sync 2 DAGs
[2024-12-11T05:27:31.324+0000] {logging_mixin.py:190} INFO - [2024-12-11T05:27:31.322+0000] {dag.py:4180} INFO - Setting next_dagrun for example_xcom_args to None, run_after=None
[2024-12-11T05:27:31.346+0000] {logging_mixin.py:190} INFO - [2024-12-11T05:27:31.345+0000] {dag.py:4180} INFO - Setting next_dagrun for example_xcom_args_with_operators to None, run_after=None
[2024-12-11T05:27:31.428+0000] {processor.py:208} INFO - Processing /home/airflow/.local/lib/python3.12/site-packages/airflow/example_dags/example_xcomargs.py took 0.333 seconds
