[2024-12-11T04:56:26.656+0000] {processor.py:186} INFO - Started process (PID=119) to work on /home/airflow/.local/lib/python3.12/site-packages/airflow/example_dags/example_short_circuit_decorator.py
[2024-12-11T04:56:26.658+0000] {processor.py:914} INFO - Processing file /home/airflow/.local/lib/python3.12/site-packages/airflow/example_dags/example_short_circuit_decorator.py for tasks to queue
[2024-12-11T04:56:26.664+0000] {logging_mixin.py:190} INFO - [2024-12-11T04:56:26.663+0000] {dagbag.py:588} INFO - Filling up the DagBag from /home/airflow/.local/lib/python3.12/site-packages/airflow/example_dags/example_short_circuit_decorator.py
[2024-12-11T04:56:26.694+0000] {processor.py:925} INFO - DAG(s) 'example_short_circuit_decorator' retrieved from /home/airflow/.local/lib/python3.12/site-packages/airflow/example_dags/example_short_circuit_decorator.py
[2024-12-11T04:56:27.045+0000] {logging_mixin.py:190} INFO - [2024-12-11T04:56:27.040+0000] {override.py:1911} INFO - Created Permission View: can delete on DAG:example_short_circuit_decorator
[2024-12-11T04:56:27.086+0000] {logging_mixin.py:190} INFO - [2024-12-11T04:56:27.085+0000] {override.py:1911} INFO - Created Permission View: can read on DAG:example_short_circuit_decorator
[2024-12-11T04:56:27.116+0000] {logging_mixin.py:190} INFO - [2024-12-11T04:56:27.115+0000] {override.py:1911} INFO - Created Permission View: can edit on DAG:example_short_circuit_decorator
[2024-12-11T04:56:27.166+0000] {logging_mixin.py:190} INFO - [2024-12-11T04:56:27.165+0000] {override.py:1911} INFO - Created Permission View: can delete on DAG Run:example_short_circuit_decorator
[2024-12-11T04:56:27.193+0000] {logging_mixin.py:190} INFO - [2024-12-11T04:56:27.190+0000] {override.py:1911} INFO - Created Permission View: can read on DAG Run:example_short_circuit_decorator
[2024-12-11T04:56:27.216+0000] {logging_mixin.py:190} INFO - [2024-12-11T04:56:27.215+0000] {override.py:1911} INFO - Created Permission View: menu access on DAG Run:example_short_circuit_decorator
[2024-12-11T04:56:27.239+0000] {logging_mixin.py:190} INFO - [2024-12-11T04:56:27.239+0000] {override.py:1911} INFO - Created Permission View: can create on DAG Run:example_short_circuit_decorator
[2024-12-11T04:56:27.241+0000] {logging_mixin.py:190} INFO - [2024-12-11T04:56:27.241+0000] {dag.py:3239} INFO - Sync 1 DAGs
[2024-12-11T04:56:27.284+0000] {logging_mixin.py:190} INFO - [2024-12-11T04:56:27.283+0000] {dag.py:3262} INFO - Creating ORM DAG for example_short_circuit_decorator
[2024-12-11T04:56:27.286+0000] {logging_mixin.py:190} INFO - [2024-12-11T04:56:27.286+0000] {dag.py:4180} INFO - Setting next_dagrun for example_short_circuit_decorator to None, run_after=None
[2024-12-11T04:56:27.347+0000] {processor.py:208} INFO - Processing /home/airflow/.local/lib/python3.12/site-packages/airflow/example_dags/example_short_circuit_decorator.py took 0.705 seconds
[2024-12-11T04:56:58.091+0000] {processor.py:186} INFO - Started process (PID=182) to work on /home/airflow/.local/lib/python3.12/site-packages/airflow/example_dags/example_short_circuit_decorator.py
[2024-12-11T04:56:58.096+0000] {processor.py:914} INFO - Processing file /home/airflow/.local/lib/python3.12/site-packages/airflow/example_dags/example_short_circuit_decorator.py for tasks to queue
[2024-12-11T04:56:58.104+0000] {logging_mixin.py:190} INFO - [2024-12-11T04:56:58.104+0000] {dagbag.py:588} INFO - Filling up the DagBag from /home/airflow/.local/lib/python3.12/site-packages/airflow/example_dags/example_short_circuit_decorator.py
[2024-12-11T04:56:58.140+0000] {processor.py:925} INFO - DAG(s) 'example_short_circuit_decorator' retrieved from /home/airflow/.local/lib/python3.12/site-packages/airflow/example_dags/example_short_circuit_decorator.py
[2024-12-11T04:56:58.224+0000] {logging_mixin.py:190} INFO - [2024-12-11T04:56:58.224+0000] {dag.py:3239} INFO - Sync 1 DAGs
[2024-12-11T04:56:58.291+0000] {logging_mixin.py:190} INFO - [2024-12-11T04:56:58.290+0000] {dag.py:4180} INFO - Setting next_dagrun for example_short_circuit_decorator to None, run_after=None
[2024-12-11T04:56:58.350+0000] {processor.py:208} INFO - Processing /home/airflow/.local/lib/python3.12/site-packages/airflow/example_dags/example_short_circuit_decorator.py took 0.278 seconds
[2024-12-11T05:01:00.947+0000] {processor.py:186} INFO - Started process (PID=250) to work on /home/airflow/.local/lib/python3.12/site-packages/airflow/example_dags/example_short_circuit_decorator.py
[2024-12-11T05:01:00.956+0000] {processor.py:914} INFO - Processing file /home/airflow/.local/lib/python3.12/site-packages/airflow/example_dags/example_short_circuit_decorator.py for tasks to queue
[2024-12-11T05:01:00.965+0000] {logging_mixin.py:190} INFO - [2024-12-11T05:01:00.964+0000] {dagbag.py:588} INFO - Filling up the DagBag from /home/airflow/.local/lib/python3.12/site-packages/airflow/example_dags/example_short_circuit_decorator.py
[2024-12-11T05:01:00.999+0000] {processor.py:925} INFO - DAG(s) 'example_short_circuit_decorator' retrieved from /home/airflow/.local/lib/python3.12/site-packages/airflow/example_dags/example_short_circuit_decorator.py
[2024-12-11T05:01:01.069+0000] {logging_mixin.py:190} INFO - [2024-12-11T05:01:01.068+0000] {dag.py:3239} INFO - Sync 1 DAGs
[2024-12-11T05:01:01.111+0000] {logging_mixin.py:190} INFO - [2024-12-11T05:01:01.110+0000] {dag.py:4180} INFO - Setting next_dagrun for example_short_circuit_decorator to None, run_after=None
[2024-12-11T05:01:01.159+0000] {processor.py:208} INFO - Processing /home/airflow/.local/lib/python3.12/site-packages/airflow/example_dags/example_short_circuit_decorator.py took 0.281 seconds
[2024-12-11T05:03:22.460+0000] {processor.py:186} INFO - Started process (PID=341) to work on /home/airflow/.local/lib/python3.12/site-packages/airflow/example_dags/example_short_circuit_decorator.py
[2024-12-11T05:03:22.463+0000] {processor.py:914} INFO - Processing file /home/airflow/.local/lib/python3.12/site-packages/airflow/example_dags/example_short_circuit_decorator.py for tasks to queue
[2024-12-11T05:03:22.470+0000] {logging_mixin.py:190} INFO - [2024-12-11T05:03:22.469+0000] {dagbag.py:588} INFO - Filling up the DagBag from /home/airflow/.local/lib/python3.12/site-packages/airflow/example_dags/example_short_circuit_decorator.py
[2024-12-11T05:03:22.499+0000] {processor.py:925} INFO - DAG(s) 'example_short_circuit_decorator' retrieved from /home/airflow/.local/lib/python3.12/site-packages/airflow/example_dags/example_short_circuit_decorator.py
[2024-12-11T05:03:22.587+0000] {logging_mixin.py:190} INFO - [2024-12-11T05:03:22.586+0000] {dag.py:3239} INFO - Sync 1 DAGs
[2024-12-11T05:03:22.653+0000] {logging_mixin.py:190} INFO - [2024-12-11T05:03:22.652+0000] {dag.py:4180} INFO - Setting next_dagrun for example_short_circuit_decorator to None, run_after=None
[2024-12-11T05:03:22.746+0000] {processor.py:208} INFO - Processing /home/airflow/.local/lib/python3.12/site-packages/airflow/example_dags/example_short_circuit_decorator.py took 0.309 seconds
[2024-12-11T05:03:53.642+0000] {processor.py:186} INFO - Started process (PID=403) to work on /home/airflow/.local/lib/python3.12/site-packages/airflow/example_dags/example_short_circuit_decorator.py
[2024-12-11T05:03:53.644+0000] {processor.py:914} INFO - Processing file /home/airflow/.local/lib/python3.12/site-packages/airflow/example_dags/example_short_circuit_decorator.py for tasks to queue
[2024-12-11T05:03:53.647+0000] {logging_mixin.py:190} INFO - [2024-12-11T05:03:53.646+0000] {dagbag.py:588} INFO - Filling up the DagBag from /home/airflow/.local/lib/python3.12/site-packages/airflow/example_dags/example_short_circuit_decorator.py
[2024-12-11T05:03:53.674+0000] {processor.py:925} INFO - DAG(s) 'example_short_circuit_decorator' retrieved from /home/airflow/.local/lib/python3.12/site-packages/airflow/example_dags/example_short_circuit_decorator.py
[2024-12-11T05:03:53.732+0000] {logging_mixin.py:190} INFO - [2024-12-11T05:03:53.732+0000] {dag.py:3239} INFO - Sync 1 DAGs
[2024-12-11T05:03:53.771+0000] {logging_mixin.py:190} INFO - [2024-12-11T05:03:53.770+0000] {dag.py:4180} INFO - Setting next_dagrun for example_short_circuit_decorator to None, run_after=None
[2024-12-11T05:03:53.821+0000] {processor.py:208} INFO - Processing /home/airflow/.local/lib/python3.12/site-packages/airflow/example_dags/example_short_circuit_decorator.py took 0.211 seconds
[2024-12-11T05:05:40.037+0000] {processor.py:186} INFO - Started process (PID=472) to work on /home/airflow/.local/lib/python3.12/site-packages/airflow/example_dags/example_short_circuit_decorator.py
[2024-12-11T05:05:40.039+0000] {processor.py:914} INFO - Processing file /home/airflow/.local/lib/python3.12/site-packages/airflow/example_dags/example_short_circuit_decorator.py for tasks to queue
[2024-12-11T05:05:40.043+0000] {logging_mixin.py:190} INFO - [2024-12-11T05:05:40.042+0000] {dagbag.py:588} INFO - Filling up the DagBag from /home/airflow/.local/lib/python3.12/site-packages/airflow/example_dags/example_short_circuit_decorator.py
[2024-12-11T05:05:40.069+0000] {processor.py:925} INFO - DAG(s) 'example_short_circuit_decorator' retrieved from /home/airflow/.local/lib/python3.12/site-packages/airflow/example_dags/example_short_circuit_decorator.py
[2024-12-11T05:05:40.119+0000] {logging_mixin.py:190} INFO - [2024-12-11T05:05:40.119+0000] {dag.py:3239} INFO - Sync 1 DAGs
[2024-12-11T05:05:40.158+0000] {logging_mixin.py:190} INFO - [2024-12-11T05:05:40.157+0000] {dag.py:4180} INFO - Setting next_dagrun for example_short_circuit_decorator to None, run_after=None
[2024-12-11T05:05:40.200+0000] {processor.py:208} INFO - Processing /home/airflow/.local/lib/python3.12/site-packages/airflow/example_dags/example_short_circuit_decorator.py took 0.175 seconds
[2024-12-11T05:06:18.136+0000] {processor.py:186} INFO - Started process (PID=535) to work on /home/airflow/.local/lib/python3.12/site-packages/airflow/example_dags/example_short_circuit_decorator.py
[2024-12-11T05:06:18.141+0000] {processor.py:914} INFO - Processing file /home/airflow/.local/lib/python3.12/site-packages/airflow/example_dags/example_short_circuit_decorator.py for tasks to queue
[2024-12-11T05:06:18.148+0000] {logging_mixin.py:190} INFO - [2024-12-11T05:06:18.147+0000] {dagbag.py:588} INFO - Filling up the DagBag from /home/airflow/.local/lib/python3.12/site-packages/airflow/example_dags/example_short_circuit_decorator.py
[2024-12-11T05:06:18.192+0000] {processor.py:925} INFO - DAG(s) 'example_short_circuit_decorator' retrieved from /home/airflow/.local/lib/python3.12/site-packages/airflow/example_dags/example_short_circuit_decorator.py
[2024-12-11T05:06:18.304+0000] {logging_mixin.py:190} INFO - [2024-12-11T05:06:18.304+0000] {dag.py:3239} INFO - Sync 1 DAGs
[2024-12-11T05:06:18.355+0000] {logging_mixin.py:190} INFO - [2024-12-11T05:06:18.354+0000] {dag.py:4180} INFO - Setting next_dagrun for example_short_circuit_decorator to None, run_after=None
[2024-12-11T05:06:18.408+0000] {processor.py:208} INFO - Processing /home/airflow/.local/lib/python3.12/site-packages/airflow/example_dags/example_short_circuit_decorator.py took 0.288 seconds
[2024-12-11T05:07:37.652+0000] {processor.py:186} INFO - Started process (PID=592) to work on /home/airflow/.local/lib/python3.12/site-packages/airflow/example_dags/example_short_circuit_decorator.py
[2024-12-11T05:07:37.655+0000] {processor.py:914} INFO - Processing file /home/airflow/.local/lib/python3.12/site-packages/airflow/example_dags/example_short_circuit_decorator.py for tasks to queue
[2024-12-11T05:07:37.659+0000] {logging_mixin.py:190} INFO - [2024-12-11T05:07:37.658+0000] {dagbag.py:588} INFO - Filling up the DagBag from /home/airflow/.local/lib/python3.12/site-packages/airflow/example_dags/example_short_circuit_decorator.py
[2024-12-11T05:07:37.687+0000] {processor.py:925} INFO - DAG(s) 'example_short_circuit_decorator' retrieved from /home/airflow/.local/lib/python3.12/site-packages/airflow/example_dags/example_short_circuit_decorator.py
[2024-12-11T05:07:37.749+0000] {logging_mixin.py:190} INFO - [2024-12-11T05:07:37.749+0000] {dag.py:3239} INFO - Sync 1 DAGs
[2024-12-11T05:07:37.782+0000] {logging_mixin.py:190} INFO - [2024-12-11T05:07:37.781+0000] {dag.py:4180} INFO - Setting next_dagrun for example_short_circuit_decorator to None, run_after=None
[2024-12-11T05:07:37.829+0000] {processor.py:208} INFO - Processing /home/airflow/.local/lib/python3.12/site-packages/airflow/example_dags/example_short_circuit_decorator.py took 0.193 seconds
[2024-12-11T05:08:09.997+0000] {processor.py:186} INFO - Started process (PID=655) to work on /home/airflow/.local/lib/python3.12/site-packages/airflow/example_dags/example_short_circuit_decorator.py
[2024-12-11T05:08:09.999+0000] {processor.py:914} INFO - Processing file /home/airflow/.local/lib/python3.12/site-packages/airflow/example_dags/example_short_circuit_decorator.py for tasks to queue
[2024-12-11T05:08:10.002+0000] {logging_mixin.py:190} INFO - [2024-12-11T05:08:10.001+0000] {dagbag.py:588} INFO - Filling up the DagBag from /home/airflow/.local/lib/python3.12/site-packages/airflow/example_dags/example_short_circuit_decorator.py
[2024-12-11T05:08:10.024+0000] {processor.py:925} INFO - DAG(s) 'example_short_circuit_decorator' retrieved from /home/airflow/.local/lib/python3.12/site-packages/airflow/example_dags/example_short_circuit_decorator.py
[2024-12-11T05:08:10.074+0000] {logging_mixin.py:190} INFO - [2024-12-11T05:08:10.073+0000] {dag.py:3239} INFO - Sync 1 DAGs
[2024-12-11T05:08:10.124+0000] {logging_mixin.py:190} INFO - [2024-12-11T05:08:10.123+0000] {dag.py:4180} INFO - Setting next_dagrun for example_short_circuit_decorator to None, run_after=None
[2024-12-11T05:08:10.173+0000] {processor.py:208} INFO - Processing /home/airflow/.local/lib/python3.12/site-packages/airflow/example_dags/example_short_circuit_decorator.py took 0.188 seconds
[2024-12-11T05:09:32.504+0000] {processor.py:186} INFO - Started process (PID=732) to work on /home/airflow/.local/lib/python3.12/site-packages/airflow/example_dags/example_short_circuit_decorator.py
[2024-12-11T05:09:32.509+0000] {processor.py:914} INFO - Processing file /home/airflow/.local/lib/python3.12/site-packages/airflow/example_dags/example_short_circuit_decorator.py for tasks to queue
[2024-12-11T05:09:32.512+0000] {logging_mixin.py:190} INFO - [2024-12-11T05:09:32.512+0000] {dagbag.py:588} INFO - Filling up the DagBag from /home/airflow/.local/lib/python3.12/site-packages/airflow/example_dags/example_short_circuit_decorator.py
[2024-12-11T05:09:32.542+0000] {processor.py:925} INFO - DAG(s) 'example_short_circuit_decorator' retrieved from /home/airflow/.local/lib/python3.12/site-packages/airflow/example_dags/example_short_circuit_decorator.py
[2024-12-11T05:09:32.621+0000] {logging_mixin.py:190} INFO - [2024-12-11T05:09:32.620+0000] {dag.py:3239} INFO - Sync 1 DAGs
[2024-12-11T05:09:32.673+0000] {logging_mixin.py:190} INFO - [2024-12-11T05:09:32.672+0000] {dag.py:4180} INFO - Setting next_dagrun for example_short_circuit_decorator to None, run_after=None
[2024-12-11T05:09:32.726+0000] {processor.py:208} INFO - Processing /home/airflow/.local/lib/python3.12/site-packages/airflow/example_dags/example_short_circuit_decorator.py took 0.237 seconds
[2024-12-11T05:10:03.104+0000] {processor.py:186} INFO - Started process (PID=795) to work on /home/airflow/.local/lib/python3.12/site-packages/airflow/example_dags/example_short_circuit_decorator.py
[2024-12-11T05:10:03.107+0000] {processor.py:914} INFO - Processing file /home/airflow/.local/lib/python3.12/site-packages/airflow/example_dags/example_short_circuit_decorator.py for tasks to queue
[2024-12-11T05:10:03.111+0000] {logging_mixin.py:190} INFO - [2024-12-11T05:10:03.110+0000] {dagbag.py:588} INFO - Filling up the DagBag from /home/airflow/.local/lib/python3.12/site-packages/airflow/example_dags/example_short_circuit_decorator.py
[2024-12-11T05:10:03.139+0000] {processor.py:925} INFO - DAG(s) 'example_short_circuit_decorator' retrieved from /home/airflow/.local/lib/python3.12/site-packages/airflow/example_dags/example_short_circuit_decorator.py
[2024-12-11T05:10:03.207+0000] {logging_mixin.py:190} INFO - [2024-12-11T05:10:03.205+0000] {dag.py:3239} INFO - Sync 1 DAGs
[2024-12-11T05:10:03.242+0000] {logging_mixin.py:190} INFO - [2024-12-11T05:10:03.241+0000] {dag.py:4180} INFO - Setting next_dagrun for example_short_circuit_decorator to None, run_after=None
[2024-12-11T05:10:03.290+0000] {processor.py:208} INFO - Processing /home/airflow/.local/lib/python3.12/site-packages/airflow/example_dags/example_short_circuit_decorator.py took 0.201 seconds
[2024-12-11T05:10:37.987+0000] {processor.py:186} INFO - Started process (PID=858) to work on /home/airflow/.local/lib/python3.12/site-packages/airflow/example_dags/example_short_circuit_decorator.py
[2024-12-11T05:10:37.991+0000] {processor.py:914} INFO - Processing file /home/airflow/.local/lib/python3.12/site-packages/airflow/example_dags/example_short_circuit_decorator.py for tasks to queue
[2024-12-11T05:10:37.999+0000] {logging_mixin.py:190} INFO - [2024-12-11T05:10:37.996+0000] {dagbag.py:588} INFO - Filling up the DagBag from /home/airflow/.local/lib/python3.12/site-packages/airflow/example_dags/example_short_circuit_decorator.py
[2024-12-11T05:10:38.038+0000] {processor.py:925} INFO - DAG(s) 'example_short_circuit_decorator' retrieved from /home/airflow/.local/lib/python3.12/site-packages/airflow/example_dags/example_short_circuit_decorator.py
[2024-12-11T05:10:38.104+0000] {logging_mixin.py:190} INFO - [2024-12-11T05:10:38.103+0000] {dag.py:3239} INFO - Sync 1 DAGs
[2024-12-11T05:10:38.144+0000] {logging_mixin.py:190} INFO - [2024-12-11T05:10:38.144+0000] {dag.py:4180} INFO - Setting next_dagrun for example_short_circuit_decorator to None, run_after=None
[2024-12-11T05:10:38.199+0000] {processor.py:208} INFO - Processing /home/airflow/.local/lib/python3.12/site-packages/airflow/example_dags/example_short_circuit_decorator.py took 0.231 seconds
[2024-12-11T05:17:23.703+0000] {processor.py:186} INFO - Started process (PID=953) to work on /home/airflow/.local/lib/python3.12/site-packages/airflow/example_dags/example_short_circuit_decorator.py
[2024-12-11T05:17:23.706+0000] {processor.py:914} INFO - Processing file /home/airflow/.local/lib/python3.12/site-packages/airflow/example_dags/example_short_circuit_decorator.py for tasks to queue
[2024-12-11T05:17:23.711+0000] {logging_mixin.py:190} INFO - [2024-12-11T05:17:23.709+0000] {dagbag.py:588} INFO - Filling up the DagBag from /home/airflow/.local/lib/python3.12/site-packages/airflow/example_dags/example_short_circuit_decorator.py
[2024-12-11T05:17:23.754+0000] {processor.py:925} INFO - DAG(s) 'example_short_circuit_decorator' retrieved from /home/airflow/.local/lib/python3.12/site-packages/airflow/example_dags/example_short_circuit_decorator.py
[2024-12-11T05:17:23.850+0000] {logging_mixin.py:190} INFO - [2024-12-11T05:17:23.849+0000] {dag.py:3239} INFO - Sync 1 DAGs
[2024-12-11T05:17:23.913+0000] {logging_mixin.py:190} INFO - [2024-12-11T05:17:23.912+0000] {dag.py:4180} INFO - Setting next_dagrun for example_short_circuit_decorator to None, run_after=None
[2024-12-11T05:17:23.998+0000] {processor.py:208} INFO - Processing /home/airflow/.local/lib/python3.12/site-packages/airflow/example_dags/example_short_circuit_decorator.py took 0.330 seconds
[2024-12-11T05:17:54.223+0000] {processor.py:186} INFO - Started process (PID=1015) to work on /home/airflow/.local/lib/python3.12/site-packages/airflow/example_dags/example_short_circuit_decorator.py
[2024-12-11T05:17:54.226+0000] {processor.py:914} INFO - Processing file /home/airflow/.local/lib/python3.12/site-packages/airflow/example_dags/example_short_circuit_decorator.py for tasks to queue
[2024-12-11T05:17:54.230+0000] {logging_mixin.py:190} INFO - [2024-12-11T05:17:54.229+0000] {dagbag.py:588} INFO - Filling up the DagBag from /home/airflow/.local/lib/python3.12/site-packages/airflow/example_dags/example_short_circuit_decorator.py
[2024-12-11T05:17:54.258+0000] {processor.py:925} INFO - DAG(s) 'example_short_circuit_decorator' retrieved from /home/airflow/.local/lib/python3.12/site-packages/airflow/example_dags/example_short_circuit_decorator.py
[2024-12-11T05:17:54.327+0000] {logging_mixin.py:190} INFO - [2024-12-11T05:17:54.327+0000] {dag.py:3239} INFO - Sync 1 DAGs
[2024-12-11T05:17:54.365+0000] {logging_mixin.py:190} INFO - [2024-12-11T05:17:54.365+0000] {dag.py:4180} INFO - Setting next_dagrun for example_short_circuit_decorator to None, run_after=None
[2024-12-11T05:17:54.424+0000] {processor.py:208} INFO - Processing /home/airflow/.local/lib/python3.12/site-packages/airflow/example_dags/example_short_circuit_decorator.py took 0.219 seconds
[2024-12-11T05:18:24.556+0000] {processor.py:186} INFO - Started process (PID=1078) to work on /home/airflow/.local/lib/python3.12/site-packages/airflow/example_dags/example_short_circuit_decorator.py
[2024-12-11T05:18:24.558+0000] {processor.py:914} INFO - Processing file /home/airflow/.local/lib/python3.12/site-packages/airflow/example_dags/example_short_circuit_decorator.py for tasks to queue
[2024-12-11T05:18:24.560+0000] {logging_mixin.py:190} INFO - [2024-12-11T05:18:24.560+0000] {dagbag.py:588} INFO - Filling up the DagBag from /home/airflow/.local/lib/python3.12/site-packages/airflow/example_dags/example_short_circuit_decorator.py
[2024-12-11T05:18:24.579+0000] {processor.py:925} INFO - DAG(s) 'example_short_circuit_decorator' retrieved from /home/airflow/.local/lib/python3.12/site-packages/airflow/example_dags/example_short_circuit_decorator.py
[2024-12-11T05:18:24.632+0000] {logging_mixin.py:190} INFO - [2024-12-11T05:18:24.632+0000] {dag.py:3239} INFO - Sync 1 DAGs
[2024-12-11T05:18:24.667+0000] {logging_mixin.py:190} INFO - [2024-12-11T05:18:24.666+0000] {dag.py:4180} INFO - Setting next_dagrun for example_short_circuit_decorator to None, run_after=None
[2024-12-11T05:18:24.703+0000] {processor.py:208} INFO - Processing /home/airflow/.local/lib/python3.12/site-packages/airflow/example_dags/example_short_circuit_decorator.py took 0.157 seconds
[2024-12-11T05:18:55.801+0000] {processor.py:186} INFO - Started process (PID=1141) to work on /home/airflow/.local/lib/python3.12/site-packages/airflow/example_dags/example_short_circuit_decorator.py
[2024-12-11T05:18:55.803+0000] {processor.py:914} INFO - Processing file /home/airflow/.local/lib/python3.12/site-packages/airflow/example_dags/example_short_circuit_decorator.py for tasks to queue
[2024-12-11T05:18:55.807+0000] {logging_mixin.py:190} INFO - [2024-12-11T05:18:55.806+0000] {dagbag.py:588} INFO - Filling up the DagBag from /home/airflow/.local/lib/python3.12/site-packages/airflow/example_dags/example_short_circuit_decorator.py
[2024-12-11T05:18:55.838+0000] {processor.py:925} INFO - DAG(s) 'example_short_circuit_decorator' retrieved from /home/airflow/.local/lib/python3.12/site-packages/airflow/example_dags/example_short_circuit_decorator.py
[2024-12-11T05:18:55.900+0000] {logging_mixin.py:190} INFO - [2024-12-11T05:18:55.899+0000] {dag.py:3239} INFO - Sync 1 DAGs
[2024-12-11T05:18:55.949+0000] {logging_mixin.py:190} INFO - [2024-12-11T05:18:55.948+0000] {dag.py:4180} INFO - Setting next_dagrun for example_short_circuit_decorator to None, run_after=None
[2024-12-11T05:18:56.006+0000] {processor.py:208} INFO - Processing /home/airflow/.local/lib/python3.12/site-packages/airflow/example_dags/example_short_circuit_decorator.py took 0.219 seconds
[2024-12-11T05:19:26.481+0000] {processor.py:186} INFO - Started process (PID=1204) to work on /home/airflow/.local/lib/python3.12/site-packages/airflow/example_dags/example_short_circuit_decorator.py
[2024-12-11T05:19:26.482+0000] {processor.py:914} INFO - Processing file /home/airflow/.local/lib/python3.12/site-packages/airflow/example_dags/example_short_circuit_decorator.py for tasks to queue
[2024-12-11T05:19:26.484+0000] {logging_mixin.py:190} INFO - [2024-12-11T05:19:26.484+0000] {dagbag.py:588} INFO - Filling up the DagBag from /home/airflow/.local/lib/python3.12/site-packages/airflow/example_dags/example_short_circuit_decorator.py
[2024-12-11T05:19:26.501+0000] {processor.py:925} INFO - DAG(s) 'example_short_circuit_decorator' retrieved from /home/airflow/.local/lib/python3.12/site-packages/airflow/example_dags/example_short_circuit_decorator.py
[2024-12-11T05:19:26.541+0000] {logging_mixin.py:190} INFO - [2024-12-11T05:19:26.541+0000] {dag.py:3239} INFO - Sync 1 DAGs
[2024-12-11T05:19:26.566+0000] {logging_mixin.py:190} INFO - [2024-12-11T05:19:26.566+0000] {dag.py:4180} INFO - Setting next_dagrun for example_short_circuit_decorator to None, run_after=None
[2024-12-11T05:19:26.600+0000] {processor.py:208} INFO - Processing /home/airflow/.local/lib/python3.12/site-packages/airflow/example_dags/example_short_circuit_decorator.py took 0.129 seconds
[2024-12-11T05:20:04.997+0000] {processor.py:186} INFO - Started process (PID=1267) to work on /home/airflow/.local/lib/python3.12/site-packages/airflow/example_dags/example_short_circuit_decorator.py
[2024-12-11T05:20:05.000+0000] {processor.py:914} INFO - Processing file /home/airflow/.local/lib/python3.12/site-packages/airflow/example_dags/example_short_circuit_decorator.py for tasks to queue
[2024-12-11T05:20:05.003+0000] {logging_mixin.py:190} INFO - [2024-12-11T05:20:05.002+0000] {dagbag.py:588} INFO - Filling up the DagBag from /home/airflow/.local/lib/python3.12/site-packages/airflow/example_dags/example_short_circuit_decorator.py
[2024-12-11T05:20:05.038+0000] {processor.py:925} INFO - DAG(s) 'example_short_circuit_decorator' retrieved from /home/airflow/.local/lib/python3.12/site-packages/airflow/example_dags/example_short_circuit_decorator.py
[2024-12-11T05:20:05.097+0000] {logging_mixin.py:190} INFO - [2024-12-11T05:20:05.096+0000] {dag.py:3239} INFO - Sync 1 DAGs
[2024-12-11T05:20:05.143+0000] {logging_mixin.py:190} INFO - [2024-12-11T05:20:05.142+0000] {dag.py:4180} INFO - Setting next_dagrun for example_short_circuit_decorator to None, run_after=None
[2024-12-11T05:20:05.191+0000] {processor.py:208} INFO - Processing /home/airflow/.local/lib/python3.12/site-packages/airflow/example_dags/example_short_circuit_decorator.py took 0.212 seconds
[2024-12-11T05:23:12.216+0000] {processor.py:186} INFO - Started process (PID=1330) to work on /home/airflow/.local/lib/python3.12/site-packages/airflow/example_dags/example_short_circuit_decorator.py
[2024-12-11T05:23:12.221+0000] {processor.py:914} INFO - Processing file /home/airflow/.local/lib/python3.12/site-packages/airflow/example_dags/example_short_circuit_decorator.py for tasks to queue
[2024-12-11T05:23:12.226+0000] {logging_mixin.py:190} INFO - [2024-12-11T05:23:12.225+0000] {dagbag.py:588} INFO - Filling up the DagBag from /home/airflow/.local/lib/python3.12/site-packages/airflow/example_dags/example_short_circuit_decorator.py
[2024-12-11T05:23:12.270+0000] {processor.py:925} INFO - DAG(s) 'example_short_circuit_decorator' retrieved from /home/airflow/.local/lib/python3.12/site-packages/airflow/example_dags/example_short_circuit_decorator.py
[2024-12-11T05:23:12.352+0000] {logging_mixin.py:190} INFO - [2024-12-11T05:23:12.352+0000] {dag.py:3239} INFO - Sync 1 DAGs
[2024-12-11T05:23:12.400+0000] {logging_mixin.py:190} INFO - [2024-12-11T05:23:12.399+0000] {dag.py:4180} INFO - Setting next_dagrun for example_short_circuit_decorator to None, run_after=None
[2024-12-11T05:23:12.460+0000] {processor.py:208} INFO - Processing /home/airflow/.local/lib/python3.12/site-packages/airflow/example_dags/example_short_circuit_decorator.py took 0.268 seconds
[2024-12-11T05:23:43.128+0000] {processor.py:186} INFO - Started process (PID=1392) to work on /home/airflow/.local/lib/python3.12/site-packages/airflow/example_dags/example_short_circuit_decorator.py
[2024-12-11T05:23:43.131+0000] {processor.py:914} INFO - Processing file /home/airflow/.local/lib/python3.12/site-packages/airflow/example_dags/example_short_circuit_decorator.py for tasks to queue
[2024-12-11T05:23:43.134+0000] {logging_mixin.py:190} INFO - [2024-12-11T05:23:43.134+0000] {dagbag.py:588} INFO - Filling up the DagBag from /home/airflow/.local/lib/python3.12/site-packages/airflow/example_dags/example_short_circuit_decorator.py
[2024-12-11T05:23:43.170+0000] {processor.py:925} INFO - DAG(s) 'example_short_circuit_decorator' retrieved from /home/airflow/.local/lib/python3.12/site-packages/airflow/example_dags/example_short_circuit_decorator.py
[2024-12-11T05:23:43.243+0000] {logging_mixin.py:190} INFO - [2024-12-11T05:23:43.243+0000] {dag.py:3239} INFO - Sync 1 DAGs
[2024-12-11T05:23:43.284+0000] {logging_mixin.py:190} INFO - [2024-12-11T05:23:43.283+0000] {dag.py:4180} INFO - Setting next_dagrun for example_short_circuit_decorator to None, run_after=None
[2024-12-11T05:23:43.340+0000] {processor.py:208} INFO - Processing /home/airflow/.local/lib/python3.12/site-packages/airflow/example_dags/example_short_circuit_decorator.py took 0.227 seconds
[2024-12-11T05:24:55.016+0000] {processor.py:186} INFO - Started process (PID=1443) to work on /home/airflow/.local/lib/python3.12/site-packages/airflow/example_dags/example_short_circuit_decorator.py
[2024-12-11T05:24:55.018+0000] {processor.py:914} INFO - Processing file /home/airflow/.local/lib/python3.12/site-packages/airflow/example_dags/example_short_circuit_decorator.py for tasks to queue
[2024-12-11T05:24:55.020+0000] {logging_mixin.py:190} INFO - [2024-12-11T05:24:55.020+0000] {dagbag.py:588} INFO - Filling up the DagBag from /home/airflow/.local/lib/python3.12/site-packages/airflow/example_dags/example_short_circuit_decorator.py
[2024-12-11T05:24:55.038+0000] {processor.py:925} INFO - DAG(s) 'example_short_circuit_decorator' retrieved from /home/airflow/.local/lib/python3.12/site-packages/airflow/example_dags/example_short_circuit_decorator.py
[2024-12-11T05:24:55.080+0000] {logging_mixin.py:190} INFO - [2024-12-11T05:24:55.080+0000] {dag.py:3239} INFO - Sync 1 DAGs
[2024-12-11T05:24:55.106+0000] {logging_mixin.py:190} INFO - [2024-12-11T05:24:55.105+0000] {dag.py:4180} INFO - Setting next_dagrun for example_short_circuit_decorator to None, run_after=None
[2024-12-11T05:24:55.142+0000] {processor.py:208} INFO - Processing /home/airflow/.local/lib/python3.12/site-packages/airflow/example_dags/example_short_circuit_decorator.py took 0.134 seconds
[2024-12-11T05:25:30.309+0000] {processor.py:186} INFO - Started process (PID=1506) to work on /home/airflow/.local/lib/python3.12/site-packages/airflow/example_dags/example_short_circuit_decorator.py
[2024-12-11T05:25:30.312+0000] {processor.py:914} INFO - Processing file /home/airflow/.local/lib/python3.12/site-packages/airflow/example_dags/example_short_circuit_decorator.py for tasks to queue
[2024-12-11T05:25:30.316+0000] {logging_mixin.py:190} INFO - [2024-12-11T05:25:30.315+0000] {dagbag.py:588} INFO - Filling up the DagBag from /home/airflow/.local/lib/python3.12/site-packages/airflow/example_dags/example_short_circuit_decorator.py
[2024-12-11T05:25:30.354+0000] {processor.py:925} INFO - DAG(s) 'example_short_circuit_decorator' retrieved from /home/airflow/.local/lib/python3.12/site-packages/airflow/example_dags/example_short_circuit_decorator.py
[2024-12-11T05:25:30.419+0000] {logging_mixin.py:190} INFO - [2024-12-11T05:25:30.418+0000] {dag.py:3239} INFO - Sync 1 DAGs
[2024-12-11T05:25:30.492+0000] {logging_mixin.py:190} INFO - [2024-12-11T05:25:30.491+0000] {dag.py:4180} INFO - Setting next_dagrun for example_short_circuit_decorator to None, run_after=None
[2024-12-11T05:25:30.556+0000] {processor.py:208} INFO - Processing /home/airflow/.local/lib/python3.12/site-packages/airflow/example_dags/example_short_circuit_decorator.py took 0.241 seconds
[2024-12-11T05:26:02.776+0000] {processor.py:186} INFO - Started process (PID=1568) to work on /home/airflow/.local/lib/python3.12/site-packages/airflow/example_dags/example_short_circuit_decorator.py
[2024-12-11T05:26:02.778+0000] {processor.py:914} INFO - Processing file /home/airflow/.local/lib/python3.12/site-packages/airflow/example_dags/example_short_circuit_decorator.py for tasks to queue
[2024-12-11T05:26:02.783+0000] {logging_mixin.py:190} INFO - [2024-12-11T05:26:02.782+0000] {dagbag.py:588} INFO - Filling up the DagBag from /home/airflow/.local/lib/python3.12/site-packages/airflow/example_dags/example_short_circuit_decorator.py
[2024-12-11T05:26:02.816+0000] {processor.py:925} INFO - DAG(s) 'example_short_circuit_decorator' retrieved from /home/airflow/.local/lib/python3.12/site-packages/airflow/example_dags/example_short_circuit_decorator.py
[2024-12-11T05:26:02.887+0000] {logging_mixin.py:190} INFO - [2024-12-11T05:26:02.885+0000] {dag.py:3239} INFO - Sync 1 DAGs
[2024-12-11T05:26:02.929+0000] {logging_mixin.py:190} INFO - [2024-12-11T05:26:02.928+0000] {dag.py:4180} INFO - Setting next_dagrun for example_short_circuit_decorator to None, run_after=None
[2024-12-11T05:26:02.978+0000] {processor.py:208} INFO - Processing /home/airflow/.local/lib/python3.12/site-packages/airflow/example_dags/example_short_circuit_decorator.py took 0.218 seconds
[2024-12-11T05:27:27.026+0000] {processor.py:186} INFO - Started process (PID=1655) to work on /home/airflow/.local/lib/python3.12/site-packages/airflow/example_dags/example_short_circuit_decorator.py
[2024-12-11T05:27:27.028+0000] {processor.py:914} INFO - Processing file /home/airflow/.local/lib/python3.12/site-packages/airflow/example_dags/example_short_circuit_decorator.py for tasks to queue
[2024-12-11T05:27:27.032+0000] {logging_mixin.py:190} INFO - [2024-12-11T05:27:27.031+0000] {dagbag.py:588} INFO - Filling up the DagBag from /home/airflow/.local/lib/python3.12/site-packages/airflow/example_dags/example_short_circuit_decorator.py
[2024-12-11T05:27:27.061+0000] {processor.py:925} INFO - DAG(s) 'example_short_circuit_decorator' retrieved from /home/airflow/.local/lib/python3.12/site-packages/airflow/example_dags/example_short_circuit_decorator.py
[2024-12-11T05:27:27.112+0000] {logging_mixin.py:190} INFO - [2024-12-11T05:27:27.112+0000] {dag.py:3239} INFO - Sync 1 DAGs
[2024-12-11T05:27:27.140+0000] {logging_mixin.py:190} INFO - [2024-12-11T05:27:27.140+0000] {dag.py:4180} INFO - Setting next_dagrun for example_short_circuit_decorator to None, run_after=None
[2024-12-11T05:27:27.184+0000] {processor.py:208} INFO - Processing /home/airflow/.local/lib/python3.12/site-packages/airflow/example_dags/example_short_circuit_decorator.py took 0.177 seconds
