[2024-12-11T04:56:19.242+0000] {processor.py:186} INFO - Started process (PID=102) to work on /home/airflow/.local/lib/python3.12/site-packages/airflow/example_dags/example_dataset_alias.py
[2024-12-11T04:56:19.244+0000] {processor.py:914} INFO - Processing file /home/airflow/.local/lib/python3.12/site-packages/airflow/example_dags/example_dataset_alias.py for tasks to queue
[2024-12-11T04:56:19.250+0000] {logging_mixin.py:190} INFO - [2024-12-11T04:56:19.249+0000] {dagbag.py:588} INFO - Filling up the DagBag from /home/airflow/.local/lib/python3.12/site-packages/airflow/example_dags/example_dataset_alias.py
[2024-12-11T04:56:24.816+0000] {processor.py:925} INFO - DAG(s) 'dataset_s3_bucket_producer', 'dataset_s3_bucket_consumer', 'dataset_alias_example_alias_producer', 'dataset_alias_example_alias_consumer' retrieved from /home/airflow/.local/lib/python3.12/site-packages/airflow/example_dags/example_dataset_alias.py
[2024-12-11T04:56:25.124+0000] {logging_mixin.py:190} INFO - [2024-12-11T04:56:25.122+0000] {override.py:1911} INFO - Created Permission View: can delete on DAG:dataset_s3_bucket_producer
[2024-12-11T04:56:25.160+0000] {logging_mixin.py:190} INFO - [2024-12-11T04:56:25.159+0000] {override.py:1911} INFO - Created Permission View: can read on DAG:dataset_s3_bucket_producer
[2024-12-11T04:56:25.183+0000] {logging_mixin.py:190} INFO - [2024-12-11T04:56:25.182+0000] {override.py:1911} INFO - Created Permission View: can edit on DAG:dataset_s3_bucket_producer
[2024-12-11T04:56:25.207+0000] {logging_mixin.py:190} INFO - [2024-12-11T04:56:25.207+0000] {override.py:1911} INFO - Created Permission View: can delete on DAG Run:dataset_s3_bucket_producer
[2024-12-11T04:56:25.227+0000] {logging_mixin.py:190} INFO - [2024-12-11T04:56:25.226+0000] {override.py:1911} INFO - Created Permission View: can read on DAG Run:dataset_s3_bucket_producer
[2024-12-11T04:56:25.247+0000] {logging_mixin.py:190} INFO - [2024-12-11T04:56:25.246+0000] {override.py:1911} INFO - Created Permission View: menu access on DAG Run:dataset_s3_bucket_producer
[2024-12-11T04:56:25.267+0000] {logging_mixin.py:190} INFO - [2024-12-11T04:56:25.266+0000] {override.py:1911} INFO - Created Permission View: can create on DAG Run:dataset_s3_bucket_producer
[2024-12-11T04:56:25.309+0000] {logging_mixin.py:190} INFO - [2024-12-11T04:56:25.308+0000] {override.py:1911} INFO - Created Permission View: can delete on DAG:dataset_s3_bucket_consumer
[2024-12-11T04:56:25.334+0000] {logging_mixin.py:190} INFO - [2024-12-11T04:56:25.333+0000] {override.py:1911} INFO - Created Permission View: can read on DAG:dataset_s3_bucket_consumer
[2024-12-11T04:56:25.352+0000] {logging_mixin.py:190} INFO - [2024-12-11T04:56:25.352+0000] {override.py:1911} INFO - Created Permission View: can edit on DAG:dataset_s3_bucket_consumer
[2024-12-11T04:56:25.375+0000] {logging_mixin.py:190} INFO - [2024-12-11T04:56:25.374+0000] {override.py:1911} INFO - Created Permission View: can delete on DAG Run:dataset_s3_bucket_consumer
[2024-12-11T04:56:25.394+0000] {logging_mixin.py:190} INFO - [2024-12-11T04:56:25.394+0000] {override.py:1911} INFO - Created Permission View: can read on DAG Run:dataset_s3_bucket_consumer
[2024-12-11T04:56:25.414+0000] {logging_mixin.py:190} INFO - [2024-12-11T04:56:25.413+0000] {override.py:1911} INFO - Created Permission View: menu access on DAG Run:dataset_s3_bucket_consumer
[2024-12-11T04:56:25.433+0000] {logging_mixin.py:190} INFO - [2024-12-11T04:56:25.432+0000] {override.py:1911} INFO - Created Permission View: can create on DAG Run:dataset_s3_bucket_consumer
[2024-12-11T04:56:25.470+0000] {logging_mixin.py:190} INFO - [2024-12-11T04:56:25.470+0000] {override.py:1911} INFO - Created Permission View: can delete on DAG:dataset_alias_example_alias_producer
[2024-12-11T04:56:25.497+0000] {logging_mixin.py:190} INFO - [2024-12-11T04:56:25.496+0000] {override.py:1911} INFO - Created Permission View: can read on DAG:dataset_alias_example_alias_producer
[2024-12-11T04:56:25.519+0000] {logging_mixin.py:190} INFO - [2024-12-11T04:56:25.518+0000] {override.py:1911} INFO - Created Permission View: can edit on DAG:dataset_alias_example_alias_producer
[2024-12-11T04:56:25.541+0000] {logging_mixin.py:190} INFO - [2024-12-11T04:56:25.540+0000] {override.py:1911} INFO - Created Permission View: can delete on DAG Run:dataset_alias_example_alias_producer
[2024-12-11T04:56:25.560+0000] {logging_mixin.py:190} INFO - [2024-12-11T04:56:25.560+0000] {override.py:1911} INFO - Created Permission View: can read on DAG Run:dataset_alias_example_alias_producer
[2024-12-11T04:56:25.579+0000] {logging_mixin.py:190} INFO - [2024-12-11T04:56:25.578+0000] {override.py:1911} INFO - Created Permission View: menu access on DAG Run:dataset_alias_example_alias_producer
[2024-12-11T04:56:25.598+0000] {logging_mixin.py:190} INFO - [2024-12-11T04:56:25.597+0000] {override.py:1911} INFO - Created Permission View: can create on DAG Run:dataset_alias_example_alias_producer
[2024-12-11T04:56:25.639+0000] {logging_mixin.py:190} INFO - [2024-12-11T04:56:25.635+0000] {override.py:1911} INFO - Created Permission View: can delete on DAG:dataset_alias_example_alias_consumer
[2024-12-11T04:56:25.660+0000] {logging_mixin.py:190} INFO - [2024-12-11T04:56:25.659+0000] {override.py:1911} INFO - Created Permission View: can read on DAG:dataset_alias_example_alias_consumer
[2024-12-11T04:56:25.682+0000] {logging_mixin.py:190} INFO - [2024-12-11T04:56:25.681+0000] {override.py:1911} INFO - Created Permission View: can edit on DAG:dataset_alias_example_alias_consumer
[2024-12-11T04:56:25.708+0000] {logging_mixin.py:190} INFO - [2024-12-11T04:56:25.707+0000] {override.py:1911} INFO - Created Permission View: can delete on DAG Run:dataset_alias_example_alias_consumer
[2024-12-11T04:56:25.727+0000] {logging_mixin.py:190} INFO - [2024-12-11T04:56:25.726+0000] {override.py:1911} INFO - Created Permission View: can read on DAG Run:dataset_alias_example_alias_consumer
[2024-12-11T04:56:25.748+0000] {logging_mixin.py:190} INFO - [2024-12-11T04:56:25.747+0000] {override.py:1911} INFO - Created Permission View: menu access on DAG Run:dataset_alias_example_alias_consumer
[2024-12-11T04:56:25.767+0000] {logging_mixin.py:190} INFO - [2024-12-11T04:56:25.766+0000] {override.py:1911} INFO - Created Permission View: can create on DAG Run:dataset_alias_example_alias_consumer
[2024-12-11T04:56:25.770+0000] {logging_mixin.py:190} INFO - [2024-12-11T04:56:25.769+0000] {dag.py:3239} INFO - Sync 4 DAGs
[2024-12-11T04:56:25.811+0000] {logging_mixin.py:190} INFO - [2024-12-11T04:56:25.809+0000] {dag.py:3262} INFO - Creating ORM DAG for dataset_s3_bucket_consumer
[2024-12-11T04:56:25.814+0000] {logging_mixin.py:190} INFO - [2024-12-11T04:56:25.813+0000] {dag.py:3262} INFO - Creating ORM DAG for dataset_alias_example_alias_producer
[2024-12-11T04:56:25.817+0000] {logging_mixin.py:190} INFO - [2024-12-11T04:56:25.816+0000] {dag.py:3262} INFO - Creating ORM DAG for dataset_s3_bucket_producer
[2024-12-11T04:56:25.819+0000] {logging_mixin.py:190} INFO - [2024-12-11T04:56:25.819+0000] {dag.py:3262} INFO - Creating ORM DAG for dataset_alias_example_alias_consumer
[2024-12-11T04:56:25.847+0000] {logging_mixin.py:190} INFO - [2024-12-11T04:56:25.847+0000] {dag.py:4180} INFO - Setting next_dagrun for dataset_alias_example_alias_consumer to None, run_after=None
[2024-12-11T04:56:25.850+0000] {logging_mixin.py:190} INFO - [2024-12-11T04:56:25.850+0000] {dag.py:4180} INFO - Setting next_dagrun for dataset_alias_example_alias_producer to None, run_after=None
[2024-12-11T04:56:25.853+0000] {logging_mixin.py:190} INFO - [2024-12-11T04:56:25.852+0000] {dag.py:4180} INFO - Setting next_dagrun for dataset_s3_bucket_consumer to None, run_after=None
[2024-12-11T04:56:25.856+0000] {logging_mixin.py:190} INFO - [2024-12-11T04:56:25.855+0000] {dag.py:4180} INFO - Setting next_dagrun for dataset_s3_bucket_producer to None, run_after=None
[2024-12-11T04:56:25.936+0000] {processor.py:208} INFO - Processing /home/airflow/.local/lib/python3.12/site-packages/airflow/example_dags/example_dataset_alias.py took 6.706 seconds
[2024-12-11T04:56:56.180+0000] {processor.py:186} INFO - Started process (PID=177) to work on /home/airflow/.local/lib/python3.12/site-packages/airflow/example_dags/example_dataset_alias.py
[2024-12-11T04:56:56.183+0000] {processor.py:914} INFO - Processing file /home/airflow/.local/lib/python3.12/site-packages/airflow/example_dags/example_dataset_alias.py for tasks to queue
[2024-12-11T04:56:56.187+0000] {logging_mixin.py:190} INFO - [2024-12-11T04:56:56.186+0000] {dagbag.py:588} INFO - Filling up the DagBag from /home/airflow/.local/lib/python3.12/site-packages/airflow/example_dags/example_dataset_alias.py
[2024-12-11T04:56:59.036+0000] {processor.py:925} INFO - DAG(s) 'dataset_s3_bucket_consumer', 'dataset_alias_example_alias_producer', 'dataset_s3_bucket_producer', 'dataset_alias_example_alias_consumer' retrieved from /home/airflow/.local/lib/python3.12/site-packages/airflow/example_dags/example_dataset_alias.py
[2024-12-11T04:56:59.102+0000] {logging_mixin.py:190} INFO - [2024-12-11T04:56:59.101+0000] {dag.py:3239} INFO - Sync 4 DAGs
[2024-12-11T04:56:59.171+0000] {logging_mixin.py:190} INFO - [2024-12-11T04:56:59.171+0000] {dag.py:4180} INFO - Setting next_dagrun for dataset_alias_example_alias_consumer to None, run_after=None
[2024-12-11T04:56:59.183+0000] {logging_mixin.py:190} INFO - [2024-12-11T04:56:59.182+0000] {dag.py:4180} INFO - Setting next_dagrun for dataset_alias_example_alias_producer to None, run_after=None
[2024-12-11T04:56:59.190+0000] {logging_mixin.py:190} INFO - [2024-12-11T04:56:59.189+0000] {dag.py:4180} INFO - Setting next_dagrun for dataset_s3_bucket_consumer to None, run_after=None
[2024-12-11T04:56:59.195+0000] {logging_mixin.py:190} INFO - [2024-12-11T04:56:59.195+0000] {dag.py:4180} INFO - Setting next_dagrun for dataset_s3_bucket_producer to None, run_after=None
[2024-12-11T04:56:59.296+0000] {processor.py:208} INFO - Processing /home/airflow/.local/lib/python3.12/site-packages/airflow/example_dags/example_dataset_alias.py took 3.129 seconds
[2024-12-11T05:00:57.873+0000] {processor.py:186} INFO - Started process (PID=240) to work on /home/airflow/.local/lib/python3.12/site-packages/airflow/example_dags/example_dataset_alias.py
[2024-12-11T05:00:57.879+0000] {processor.py:914} INFO - Processing file /home/airflow/.local/lib/python3.12/site-packages/airflow/example_dags/example_dataset_alias.py for tasks to queue
[2024-12-11T05:00:57.887+0000] {logging_mixin.py:190} INFO - [2024-12-11T05:00:57.884+0000] {dagbag.py:588} INFO - Filling up the DagBag from /home/airflow/.local/lib/python3.12/site-packages/airflow/example_dags/example_dataset_alias.py
[2024-12-11T05:00:59.906+0000] {processor.py:925} INFO - DAG(s) 'dataset_alias_example_alias_consumer', 'dataset_s3_bucket_producer', 'dataset_s3_bucket_consumer', 'dataset_alias_example_alias_producer' retrieved from /home/airflow/.local/lib/python3.12/site-packages/airflow/example_dags/example_dataset_alias.py
[2024-12-11T05:00:59.968+0000] {logging_mixin.py:190} INFO - [2024-12-11T05:00:59.966+0000] {dag.py:3239} INFO - Sync 4 DAGs
[2024-12-11T05:01:00.043+0000] {logging_mixin.py:190} INFO - [2024-12-11T05:01:00.042+0000] {dag.py:4180} INFO - Setting next_dagrun for dataset_alias_example_alias_consumer to None, run_after=None
[2024-12-11T05:01:00.051+0000] {logging_mixin.py:190} INFO - [2024-12-11T05:01:00.051+0000] {dag.py:4180} INFO - Setting next_dagrun for dataset_alias_example_alias_producer to None, run_after=None
[2024-12-11T05:01:00.055+0000] {logging_mixin.py:190} INFO - [2024-12-11T05:01:00.055+0000] {dag.py:4180} INFO - Setting next_dagrun for dataset_s3_bucket_consumer to None, run_after=None
[2024-12-11T05:01:00.059+0000] {logging_mixin.py:190} INFO - [2024-12-11T05:01:00.059+0000] {dag.py:4180} INFO - Setting next_dagrun for dataset_s3_bucket_producer to None, run_after=None
[2024-12-11T05:01:00.113+0000] {processor.py:208} INFO - Processing /home/airflow/.local/lib/python3.12/site-packages/airflow/example_dags/example_dataset_alias.py took 2.264 seconds
[2024-12-11T05:03:17.817+0000] {processor.py:186} INFO - Started process (PID=331) to work on /home/airflow/.local/lib/python3.12/site-packages/airflow/example_dags/example_dataset_alias.py
[2024-12-11T05:03:17.821+0000] {processor.py:914} INFO - Processing file /home/airflow/.local/lib/python3.12/site-packages/airflow/example_dags/example_dataset_alias.py for tasks to queue
[2024-12-11T05:03:17.831+0000] {logging_mixin.py:190} INFO - [2024-12-11T05:03:17.830+0000] {dagbag.py:588} INFO - Filling up the DagBag from /home/airflow/.local/lib/python3.12/site-packages/airflow/example_dags/example_dataset_alias.py
[2024-12-11T05:03:22.335+0000] {processor.py:925} INFO - DAG(s) 'dataset_alias_example_alias_consumer', 'dataset_s3_bucket_producer', 'dataset_s3_bucket_consumer', 'dataset_alias_example_alias_producer' retrieved from /home/airflow/.local/lib/python3.12/site-packages/airflow/example_dags/example_dataset_alias.py
[2024-12-11T05:03:22.471+0000] {logging_mixin.py:190} INFO - [2024-12-11T05:03:22.470+0000] {dag.py:3239} INFO - Sync 4 DAGs
[2024-12-11T05:03:22.543+0000] {logging_mixin.py:190} INFO - [2024-12-11T05:03:22.542+0000] {dag.py:4180} INFO - Setting next_dagrun for dataset_alias_example_alias_consumer to None, run_after=None
[2024-12-11T05:03:22.558+0000] {logging_mixin.py:190} INFO - [2024-12-11T05:03:22.557+0000] {dag.py:4180} INFO - Setting next_dagrun for dataset_alias_example_alias_producer to None, run_after=None
[2024-12-11T05:03:22.565+0000] {logging_mixin.py:190} INFO - [2024-12-11T05:03:22.564+0000] {dag.py:4180} INFO - Setting next_dagrun for dataset_s3_bucket_consumer to None, run_after=None
[2024-12-11T05:03:22.576+0000] {logging_mixin.py:190} INFO - [2024-12-11T05:03:22.575+0000] {dag.py:4180} INFO - Setting next_dagrun for dataset_s3_bucket_producer to None, run_after=None
[2024-12-11T05:03:22.680+0000] {processor.py:208} INFO - Processing /home/airflow/.local/lib/python3.12/site-packages/airflow/example_dags/example_dataset_alias.py took 4.882 seconds
[2024-12-11T05:03:52.850+0000] {processor.py:186} INFO - Started process (PID=402) to work on /home/airflow/.local/lib/python3.12/site-packages/airflow/example_dags/example_dataset_alias.py
[2024-12-11T05:03:52.852+0000] {processor.py:914} INFO - Processing file /home/airflow/.local/lib/python3.12/site-packages/airflow/example_dags/example_dataset_alias.py for tasks to queue
[2024-12-11T05:03:52.855+0000] {logging_mixin.py:190} INFO - [2024-12-11T05:03:52.854+0000] {dagbag.py:588} INFO - Filling up the DagBag from /home/airflow/.local/lib/python3.12/site-packages/airflow/example_dags/example_dataset_alias.py
[2024-12-11T05:03:56.785+0000] {processor.py:925} INFO - DAG(s) 'dataset_alias_example_alias_consumer', 'dataset_s3_bucket_producer', 'dataset_s3_bucket_consumer', 'dataset_alias_example_alias_producer' retrieved from /home/airflow/.local/lib/python3.12/site-packages/airflow/example_dags/example_dataset_alias.py
[2024-12-11T05:03:56.909+0000] {logging_mixin.py:190} INFO - [2024-12-11T05:03:56.907+0000] {dag.py:3239} INFO - Sync 4 DAGs
[2024-12-11T05:03:57.077+0000] {logging_mixin.py:190} INFO - [2024-12-11T05:03:57.071+0000] {dag.py:4180} INFO - Setting next_dagrun for dataset_alias_example_alias_consumer to None, run_after=None
[2024-12-11T05:03:57.095+0000] {logging_mixin.py:190} INFO - [2024-12-11T05:03:57.094+0000] {dag.py:4180} INFO - Setting next_dagrun for dataset_alias_example_alias_producer to None, run_after=None
[2024-12-11T05:03:57.112+0000] {logging_mixin.py:190} INFO - [2024-12-11T05:03:57.111+0000] {dag.py:4180} INFO - Setting next_dagrun for dataset_s3_bucket_consumer to None, run_after=None
[2024-12-11T05:03:57.118+0000] {logging_mixin.py:190} INFO - [2024-12-11T05:03:57.117+0000] {dag.py:4180} INFO - Setting next_dagrun for dataset_s3_bucket_producer to None, run_after=None
[2024-12-11T05:03:57.311+0000] {processor.py:208} INFO - Processing /home/airflow/.local/lib/python3.12/site-packages/airflow/example_dags/example_dataset_alias.py took 4.474 seconds
[2024-12-11T05:05:38.039+0000] {processor.py:186} INFO - Started process (PID=462) to work on /home/airflow/.local/lib/python3.12/site-packages/airflow/example_dags/example_dataset_alias.py
[2024-12-11T05:05:38.041+0000] {processor.py:914} INFO - Processing file /home/airflow/.local/lib/python3.12/site-packages/airflow/example_dags/example_dataset_alias.py for tasks to queue
[2024-12-11T05:05:38.044+0000] {logging_mixin.py:190} INFO - [2024-12-11T05:05:38.043+0000] {dagbag.py:588} INFO - Filling up the DagBag from /home/airflow/.local/lib/python3.12/site-packages/airflow/example_dags/example_dataset_alias.py
[2024-12-11T05:05:39.527+0000] {processor.py:925} INFO - DAG(s) 'dataset_s3_bucket_producer', 'dataset_alias_example_alias_producer', 'dataset_alias_example_alias_consumer', 'dataset_s3_bucket_consumer' retrieved from /home/airflow/.local/lib/python3.12/site-packages/airflow/example_dags/example_dataset_alias.py
[2024-12-11T05:05:39.585+0000] {logging_mixin.py:190} INFO - [2024-12-11T05:05:39.583+0000] {dag.py:3239} INFO - Sync 4 DAGs
[2024-12-11T05:05:39.644+0000] {logging_mixin.py:190} INFO - [2024-12-11T05:05:39.643+0000] {dag.py:4180} INFO - Setting next_dagrun for dataset_alias_example_alias_consumer to None, run_after=None
[2024-12-11T05:05:39.650+0000] {logging_mixin.py:190} INFO - [2024-12-11T05:05:39.650+0000] {dag.py:4180} INFO - Setting next_dagrun for dataset_alias_example_alias_producer to None, run_after=None
[2024-12-11T05:05:39.655+0000] {logging_mixin.py:190} INFO - [2024-12-11T05:05:39.654+0000] {dag.py:4180} INFO - Setting next_dagrun for dataset_s3_bucket_consumer to None, run_after=None
[2024-12-11T05:05:39.659+0000] {logging_mixin.py:190} INFO - [2024-12-11T05:05:39.659+0000] {dag.py:4180} INFO - Setting next_dagrun for dataset_s3_bucket_producer to None, run_after=None
[2024-12-11T05:05:39.711+0000] {processor.py:208} INFO - Processing /home/airflow/.local/lib/python3.12/site-packages/airflow/example_dags/example_dataset_alias.py took 1.683 seconds
[2024-12-11T05:06:10.981+0000] {processor.py:186} INFO - Started process (PID=525) to work on /home/airflow/.local/lib/python3.12/site-packages/airflow/example_dags/example_dataset_alias.py
[2024-12-11T05:06:10.982+0000] {processor.py:914} INFO - Processing file /home/airflow/.local/lib/python3.12/site-packages/airflow/example_dags/example_dataset_alias.py for tasks to queue
[2024-12-11T05:06:10.986+0000] {logging_mixin.py:190} INFO - [2024-12-11T05:06:10.985+0000] {dagbag.py:588} INFO - Filling up the DagBag from /home/airflow/.local/lib/python3.12/site-packages/airflow/example_dags/example_dataset_alias.py
[2024-12-11T05:06:16.773+0000] {processor.py:925} INFO - DAG(s) 'dataset_s3_bucket_consumer', 'dataset_alias_example_alias_consumer', 'dataset_s3_bucket_producer', 'dataset_alias_example_alias_producer' retrieved from /home/airflow/.local/lib/python3.12/site-packages/airflow/example_dags/example_dataset_alias.py
[2024-12-11T05:06:16.879+0000] {logging_mixin.py:190} INFO - [2024-12-11T05:06:16.877+0000] {dag.py:3239} INFO - Sync 4 DAGs
[2024-12-11T05:06:16.988+0000] {logging_mixin.py:190} INFO - [2024-12-11T05:06:16.987+0000] {dag.py:4180} INFO - Setting next_dagrun for dataset_alias_example_alias_consumer to None, run_after=None
[2024-12-11T05:06:17.007+0000] {logging_mixin.py:190} INFO - [2024-12-11T05:06:17.006+0000] {dag.py:4180} INFO - Setting next_dagrun for dataset_alias_example_alias_producer to None, run_after=None
[2024-12-11T05:06:17.014+0000] {logging_mixin.py:190} INFO - [2024-12-11T05:06:17.013+0000] {dag.py:4180} INFO - Setting next_dagrun for dataset_s3_bucket_consumer to None, run_after=None
[2024-12-11T05:06:17.026+0000] {logging_mixin.py:190} INFO - [2024-12-11T05:06:17.026+0000] {dag.py:4180} INFO - Setting next_dagrun for dataset_s3_bucket_producer to None, run_after=None
[2024-12-11T05:06:17.175+0000] {processor.py:208} INFO - Processing /home/airflow/.local/lib/python3.12/site-packages/airflow/example_dags/example_dataset_alias.py took 6.204 seconds
[2024-12-11T05:07:33.592+0000] {processor.py:186} INFO - Started process (PID=582) to work on /home/airflow/.local/lib/python3.12/site-packages/airflow/example_dags/example_dataset_alias.py
[2024-12-11T05:07:33.594+0000] {processor.py:914} INFO - Processing file /home/airflow/.local/lib/python3.12/site-packages/airflow/example_dags/example_dataset_alias.py for tasks to queue
[2024-12-11T05:07:33.597+0000] {logging_mixin.py:190} INFO - [2024-12-11T05:07:33.597+0000] {dagbag.py:588} INFO - Filling up the DagBag from /home/airflow/.local/lib/python3.12/site-packages/airflow/example_dags/example_dataset_alias.py
[2024-12-11T05:07:35.938+0000] {processor.py:925} INFO - DAG(s) 'dataset_alias_example_alias_consumer', 'dataset_s3_bucket_consumer', 'dataset_alias_example_alias_producer', 'dataset_s3_bucket_producer' retrieved from /home/airflow/.local/lib/python3.12/site-packages/airflow/example_dags/example_dataset_alias.py
[2024-12-11T05:07:36.018+0000] {logging_mixin.py:190} INFO - [2024-12-11T05:07:36.017+0000] {dag.py:3239} INFO - Sync 4 DAGs
[2024-12-11T05:07:36.068+0000] {logging_mixin.py:190} INFO - [2024-12-11T05:07:36.067+0000] {dag.py:4180} INFO - Setting next_dagrun for dataset_alias_example_alias_consumer to None, run_after=None
[2024-12-11T05:07:36.077+0000] {logging_mixin.py:190} INFO - [2024-12-11T05:07:36.077+0000] {dag.py:4180} INFO - Setting next_dagrun for dataset_alias_example_alias_producer to None, run_after=None
[2024-12-11T05:07:36.082+0000] {logging_mixin.py:190} INFO - [2024-12-11T05:07:36.081+0000] {dag.py:4180} INFO - Setting next_dagrun for dataset_s3_bucket_consumer to None, run_after=None
[2024-12-11T05:07:36.086+0000] {logging_mixin.py:190} INFO - [2024-12-11T05:07:36.085+0000] {dag.py:4180} INFO - Setting next_dagrun for dataset_s3_bucket_producer to None, run_after=None
[2024-12-11T05:07:36.142+0000] {processor.py:208} INFO - Processing /home/airflow/.local/lib/python3.12/site-packages/airflow/example_dags/example_dataset_alias.py took 2.563 seconds
[2024-12-11T05:08:06.515+0000] {processor.py:186} INFO - Started process (PID=645) to work on /home/airflow/.local/lib/python3.12/site-packages/airflow/example_dags/example_dataset_alias.py
[2024-12-11T05:08:06.517+0000] {processor.py:914} INFO - Processing file /home/airflow/.local/lib/python3.12/site-packages/airflow/example_dags/example_dataset_alias.py for tasks to queue
[2024-12-11T05:08:06.524+0000] {logging_mixin.py:190} INFO - [2024-12-11T05:08:06.524+0000] {dagbag.py:588} INFO - Filling up the DagBag from /home/airflow/.local/lib/python3.12/site-packages/airflow/example_dags/example_dataset_alias.py
[2024-12-11T05:08:08.506+0000] {processor.py:925} INFO - DAG(s) 'dataset_s3_bucket_consumer', 'dataset_alias_example_alias_consumer', 'dataset_s3_bucket_producer', 'dataset_alias_example_alias_producer' retrieved from /home/airflow/.local/lib/python3.12/site-packages/airflow/example_dags/example_dataset_alias.py
[2024-12-11T05:08:08.553+0000] {logging_mixin.py:190} INFO - [2024-12-11T05:08:08.552+0000] {dag.py:3239} INFO - Sync 4 DAGs
[2024-12-11T05:08:08.594+0000] {logging_mixin.py:190} INFO - [2024-12-11T05:08:08.593+0000] {dag.py:4180} INFO - Setting next_dagrun for dataset_alias_example_alias_consumer to None, run_after=None
[2024-12-11T05:08:08.601+0000] {logging_mixin.py:190} INFO - [2024-12-11T05:08:08.600+0000] {dag.py:4180} INFO - Setting next_dagrun for dataset_alias_example_alias_producer to None, run_after=None
[2024-12-11T05:08:08.604+0000] {logging_mixin.py:190} INFO - [2024-12-11T05:08:08.604+0000] {dag.py:4180} INFO - Setting next_dagrun for dataset_s3_bucket_consumer to None, run_after=None
[2024-12-11T05:08:08.608+0000] {logging_mixin.py:190} INFO - [2024-12-11T05:08:08.607+0000] {dag.py:4180} INFO - Setting next_dagrun for dataset_s3_bucket_producer to None, run_after=None
[2024-12-11T05:08:08.655+0000] {processor.py:208} INFO - Processing /home/airflow/.local/lib/python3.12/site-packages/airflow/example_dags/example_dataset_alias.py took 2.156 seconds
[2024-12-11T05:09:28.816+0000] {processor.py:186} INFO - Started process (PID=722) to work on /home/airflow/.local/lib/python3.12/site-packages/airflow/example_dags/example_dataset_alias.py
[2024-12-11T05:09:28.818+0000] {processor.py:914} INFO - Processing file /home/airflow/.local/lib/python3.12/site-packages/airflow/example_dags/example_dataset_alias.py for tasks to queue
[2024-12-11T05:09:28.825+0000] {logging_mixin.py:190} INFO - [2024-12-11T05:09:28.822+0000] {dagbag.py:588} INFO - Filling up the DagBag from /home/airflow/.local/lib/python3.12/site-packages/airflow/example_dags/example_dataset_alias.py
[2024-12-11T05:09:32.103+0000] {processor.py:925} INFO - DAG(s) 'dataset_alias_example_alias_consumer', 'dataset_alias_example_alias_producer', 'dataset_s3_bucket_producer', 'dataset_s3_bucket_consumer' retrieved from /home/airflow/.local/lib/python3.12/site-packages/airflow/example_dags/example_dataset_alias.py
[2024-12-11T05:09:32.196+0000] {logging_mixin.py:190} INFO - [2024-12-11T05:09:32.195+0000] {dag.py:3239} INFO - Sync 4 DAGs
[2024-12-11T05:09:32.277+0000] {logging_mixin.py:190} INFO - [2024-12-11T05:09:32.276+0000] {dag.py:4180} INFO - Setting next_dagrun for dataset_alias_example_alias_consumer to None, run_after=None
[2024-12-11T05:09:32.287+0000] {logging_mixin.py:190} INFO - [2024-12-11T05:09:32.286+0000] {dag.py:4180} INFO - Setting next_dagrun for dataset_alias_example_alias_producer to None, run_after=None
[2024-12-11T05:09:32.292+0000] {logging_mixin.py:190} INFO - [2024-12-11T05:09:32.292+0000] {dag.py:4180} INFO - Setting next_dagrun for dataset_s3_bucket_consumer to None, run_after=None
[2024-12-11T05:09:32.298+0000] {logging_mixin.py:190} INFO - [2024-12-11T05:09:32.297+0000] {dag.py:4180} INFO - Setting next_dagrun for dataset_s3_bucket_producer to None, run_after=None
[2024-12-11T05:09:32.367+0000] {processor.py:208} INFO - Processing /home/airflow/.local/lib/python3.12/site-packages/airflow/example_dags/example_dataset_alias.py took 3.575 seconds
[2024-12-11T05:10:02.511+0000] {processor.py:186} INFO - Started process (PID=792) to work on /home/airflow/.local/lib/python3.12/site-packages/airflow/example_dags/example_dataset_alias.py
[2024-12-11T05:10:02.513+0000] {processor.py:914} INFO - Processing file /home/airflow/.local/lib/python3.12/site-packages/airflow/example_dags/example_dataset_alias.py for tasks to queue
[2024-12-11T05:10:02.516+0000] {logging_mixin.py:190} INFO - [2024-12-11T05:10:02.516+0000] {dagbag.py:588} INFO - Filling up the DagBag from /home/airflow/.local/lib/python3.12/site-packages/airflow/example_dags/example_dataset_alias.py
[2024-12-11T05:10:03.962+0000] {processor.py:925} INFO - DAG(s) 'dataset_s3_bucket_producer', 'dataset_alias_example_alias_producer', 'dataset_s3_bucket_consumer', 'dataset_alias_example_alias_consumer' retrieved from /home/airflow/.local/lib/python3.12/site-packages/airflow/example_dags/example_dataset_alias.py
[2024-12-11T05:10:04.044+0000] {logging_mixin.py:190} INFO - [2024-12-11T05:10:04.043+0000] {dag.py:3239} INFO - Sync 4 DAGs
[2024-12-11T05:10:04.106+0000] {logging_mixin.py:190} INFO - [2024-12-11T05:10:04.105+0000] {dag.py:4180} INFO - Setting next_dagrun for dataset_alias_example_alias_consumer to None, run_after=None
[2024-12-11T05:10:04.114+0000] {logging_mixin.py:190} INFO - [2024-12-11T05:10:04.113+0000] {dag.py:4180} INFO - Setting next_dagrun for dataset_alias_example_alias_producer to None, run_after=None
[2024-12-11T05:10:04.124+0000] {logging_mixin.py:190} INFO - [2024-12-11T05:10:04.123+0000] {dag.py:4180} INFO - Setting next_dagrun for dataset_s3_bucket_consumer to None, run_after=None
[2024-12-11T05:10:04.127+0000] {logging_mixin.py:190} INFO - [2024-12-11T05:10:04.127+0000] {dag.py:4180} INFO - Setting next_dagrun for dataset_s3_bucket_producer to None, run_after=None
[2024-12-11T05:10:04.185+0000] {processor.py:208} INFO - Processing /home/airflow/.local/lib/python3.12/site-packages/airflow/example_dags/example_dataset_alias.py took 1.687 seconds
[2024-12-11T05:10:35.816+0000] {processor.py:186} INFO - Started process (PID=851) to work on /home/airflow/.local/lib/python3.12/site-packages/airflow/example_dags/example_dataset_alias.py
[2024-12-11T05:10:35.818+0000] {processor.py:914} INFO - Processing file /home/airflow/.local/lib/python3.12/site-packages/airflow/example_dags/example_dataset_alias.py for tasks to queue
[2024-12-11T05:10:35.822+0000] {logging_mixin.py:190} INFO - [2024-12-11T05:10:35.821+0000] {dagbag.py:588} INFO - Filling up the DagBag from /home/airflow/.local/lib/python3.12/site-packages/airflow/example_dags/example_dataset_alias.py
[2024-12-11T05:10:38.712+0000] {processor.py:925} INFO - DAG(s) 'dataset_alias_example_alias_consumer', 'dataset_s3_bucket_consumer', 'dataset_s3_bucket_producer', 'dataset_alias_example_alias_producer' retrieved from /home/airflow/.local/lib/python3.12/site-packages/airflow/example_dags/example_dataset_alias.py
[2024-12-11T05:10:38.851+0000] {logging_mixin.py:190} INFO - [2024-12-11T05:10:38.850+0000] {dag.py:3239} INFO - Sync 4 DAGs
[2024-12-11T05:10:38.953+0000] {logging_mixin.py:190} INFO - [2024-12-11T05:10:38.952+0000] {dag.py:4180} INFO - Setting next_dagrun for dataset_alias_example_alias_consumer to None, run_after=None
[2024-12-11T05:10:38.964+0000] {logging_mixin.py:190} INFO - [2024-12-11T05:10:38.963+0000] {dag.py:4180} INFO - Setting next_dagrun for dataset_alias_example_alias_producer to None, run_after=None
[2024-12-11T05:10:38.969+0000] {logging_mixin.py:190} INFO - [2024-12-11T05:10:38.968+0000] {dag.py:4180} INFO - Setting next_dagrun for dataset_s3_bucket_consumer to None, run_after=None
[2024-12-11T05:10:38.978+0000] {logging_mixin.py:190} INFO - [2024-12-11T05:10:38.977+0000] {dag.py:4180} INFO - Setting next_dagrun for dataset_s3_bucket_producer to None, run_after=None
[2024-12-11T05:10:39.055+0000] {processor.py:208} INFO - Processing /home/airflow/.local/lib/python3.12/site-packages/airflow/example_dags/example_dataset_alias.py took 3.253 seconds
[2024-12-11T05:17:20.830+0000] {processor.py:186} INFO - Started process (PID=947) to work on /home/airflow/.local/lib/python3.12/site-packages/airflow/example_dags/example_dataset_alias.py
[2024-12-11T05:17:20.833+0000] {processor.py:914} INFO - Processing file /home/airflow/.local/lib/python3.12/site-packages/airflow/example_dags/example_dataset_alias.py for tasks to queue
[2024-12-11T05:17:20.836+0000] {logging_mixin.py:190} INFO - [2024-12-11T05:17:20.835+0000] {dagbag.py:588} INFO - Filling up the DagBag from /home/airflow/.local/lib/python3.12/site-packages/airflow/example_dags/example_dataset_alias.py
[2024-12-11T05:17:34.498+0000] {processor.py:925} INFO - DAG(s) 'dataset_alias_example_alias_consumer', 'dataset_alias_example_alias_producer', 'dataset_s3_bucket_consumer', 'dataset_s3_bucket_producer' retrieved from /home/airflow/.local/lib/python3.12/site-packages/airflow/example_dags/example_dataset_alias.py
[2024-12-11T05:17:34.555+0000] {logging_mixin.py:190} INFO - [2024-12-11T05:17:34.554+0000] {dag.py:3239} INFO - Sync 4 DAGs
[2024-12-11T05:17:34.605+0000] {logging_mixin.py:190} INFO - [2024-12-11T05:17:34.605+0000] {dag.py:4180} INFO - Setting next_dagrun for dataset_alias_example_alias_consumer to None, run_after=None
[2024-12-11T05:17:34.613+0000] {logging_mixin.py:190} INFO - [2024-12-11T05:17:34.612+0000] {dag.py:4180} INFO - Setting next_dagrun for dataset_alias_example_alias_producer to None, run_after=None
[2024-12-11T05:17:34.621+0000] {logging_mixin.py:190} INFO - [2024-12-11T05:17:34.621+0000] {dag.py:4180} INFO - Setting next_dagrun for dataset_s3_bucket_consumer to None, run_after=None
[2024-12-11T05:17:34.625+0000] {logging_mixin.py:190} INFO - [2024-12-11T05:17:34.625+0000] {dag.py:4180} INFO - Setting next_dagrun for dataset_s3_bucket_producer to None, run_after=None
[2024-12-11T05:17:34.682+0000] {processor.py:208} INFO - Processing /home/airflow/.local/lib/python3.12/site-packages/airflow/example_dags/example_dataset_alias.py took 13.867 seconds
[2024-12-11T05:18:04.819+0000] {processor.py:186} INFO - Started process (PID=1029) to work on /home/airflow/.local/lib/python3.12/site-packages/airflow/example_dags/example_dataset_alias.py
[2024-12-11T05:18:04.821+0000] {processor.py:914} INFO - Processing file /home/airflow/.local/lib/python3.12/site-packages/airflow/example_dags/example_dataset_alias.py for tasks to queue
[2024-12-11T05:18:04.824+0000] {logging_mixin.py:190} INFO - [2024-12-11T05:18:04.823+0000] {dagbag.py:588} INFO - Filling up the DagBag from /home/airflow/.local/lib/python3.12/site-packages/airflow/example_dags/example_dataset_alias.py
[2024-12-11T05:18:07.156+0000] {processor.py:925} INFO - DAG(s) 'dataset_alias_example_alias_consumer', 'dataset_alias_example_alias_producer', 'dataset_s3_bucket_producer', 'dataset_s3_bucket_consumer' retrieved from /home/airflow/.local/lib/python3.12/site-packages/airflow/example_dags/example_dataset_alias.py
[2024-12-11T05:18:07.222+0000] {logging_mixin.py:190} INFO - [2024-12-11T05:18:07.221+0000] {dag.py:3239} INFO - Sync 4 DAGs
[2024-12-11T05:18:07.291+0000] {logging_mixin.py:190} INFO - [2024-12-11T05:18:07.290+0000] {dag.py:4180} INFO - Setting next_dagrun for dataset_alias_example_alias_consumer to None, run_after=None
[2024-12-11T05:18:07.299+0000] {logging_mixin.py:190} INFO - [2024-12-11T05:18:07.299+0000] {dag.py:4180} INFO - Setting next_dagrun for dataset_alias_example_alias_producer to None, run_after=None
[2024-12-11T05:18:07.303+0000] {logging_mixin.py:190} INFO - [2024-12-11T05:18:07.303+0000] {dag.py:4180} INFO - Setting next_dagrun for dataset_s3_bucket_consumer to None, run_after=None
[2024-12-11T05:18:07.308+0000] {logging_mixin.py:190} INFO - [2024-12-11T05:18:07.307+0000] {dag.py:4180} INFO - Setting next_dagrun for dataset_s3_bucket_producer to None, run_after=None
[2024-12-11T05:18:07.368+0000] {processor.py:208} INFO - Processing /home/airflow/.local/lib/python3.12/site-packages/airflow/example_dags/example_dataset_alias.py took 2.563 seconds
[2024-12-11T05:18:37.848+0000] {processor.py:186} INFO - Started process (PID=1102) to work on /home/airflow/.local/lib/python3.12/site-packages/airflow/example_dags/example_dataset_alias.py
[2024-12-11T05:18:37.850+0000] {processor.py:914} INFO - Processing file /home/airflow/.local/lib/python3.12/site-packages/airflow/example_dags/example_dataset_alias.py for tasks to queue
[2024-12-11T05:18:37.854+0000] {logging_mixin.py:190} INFO - [2024-12-11T05:18:37.853+0000] {dagbag.py:588} INFO - Filling up the DagBag from /home/airflow/.local/lib/python3.12/site-packages/airflow/example_dags/example_dataset_alias.py
[2024-12-11T05:18:40.524+0000] {processor.py:925} INFO - DAG(s) 'dataset_alias_example_alias_producer', 'dataset_s3_bucket_consumer', 'dataset_alias_example_alias_consumer', 'dataset_s3_bucket_producer' retrieved from /home/airflow/.local/lib/python3.12/site-packages/airflow/example_dags/example_dataset_alias.py
[2024-12-11T05:18:40.596+0000] {logging_mixin.py:190} INFO - [2024-12-11T05:18:40.595+0000] {dag.py:3239} INFO - Sync 4 DAGs
[2024-12-11T05:18:40.685+0000] {logging_mixin.py:190} INFO - [2024-12-11T05:18:40.684+0000] {dag.py:4180} INFO - Setting next_dagrun for dataset_alias_example_alias_consumer to None, run_after=None
[2024-12-11T05:18:40.698+0000] {logging_mixin.py:190} INFO - [2024-12-11T05:18:40.697+0000] {dag.py:4180} INFO - Setting next_dagrun for dataset_alias_example_alias_producer to None, run_after=None
[2024-12-11T05:18:40.709+0000] {logging_mixin.py:190} INFO - [2024-12-11T05:18:40.708+0000] {dag.py:4180} INFO - Setting next_dagrun for dataset_s3_bucket_consumer to None, run_after=None
[2024-12-11T05:18:40.715+0000] {logging_mixin.py:190} INFO - [2024-12-11T05:18:40.714+0000] {dag.py:4180} INFO - Setting next_dagrun for dataset_s3_bucket_producer to None, run_after=None
[2024-12-11T05:18:40.777+0000] {processor.py:208} INFO - Processing /home/airflow/.local/lib/python3.12/site-packages/airflow/example_dags/example_dataset_alias.py took 2.940 seconds
[2024-12-11T05:19:11.566+0000] {processor.py:186} INFO - Started process (PID=1174) to work on /home/airflow/.local/lib/python3.12/site-packages/airflow/example_dags/example_dataset_alias.py
[2024-12-11T05:19:11.568+0000] {processor.py:914} INFO - Processing file /home/airflow/.local/lib/python3.12/site-packages/airflow/example_dags/example_dataset_alias.py for tasks to queue
[2024-12-11T05:19:11.571+0000] {logging_mixin.py:190} INFO - [2024-12-11T05:19:11.570+0000] {dagbag.py:588} INFO - Filling up the DagBag from /home/airflow/.local/lib/python3.12/site-packages/airflow/example_dags/example_dataset_alias.py
[2024-12-11T05:19:13.449+0000] {processor.py:925} INFO - DAG(s) 'dataset_alias_example_alias_producer', 'dataset_s3_bucket_consumer', 'dataset_alias_example_alias_consumer', 'dataset_s3_bucket_producer' retrieved from /home/airflow/.local/lib/python3.12/site-packages/airflow/example_dags/example_dataset_alias.py
[2024-12-11T05:19:13.519+0000] {logging_mixin.py:190} INFO - [2024-12-11T05:19:13.517+0000] {dag.py:3239} INFO - Sync 4 DAGs
[2024-12-11T05:19:13.583+0000] {logging_mixin.py:190} INFO - [2024-12-11T05:19:13.582+0000] {dag.py:4180} INFO - Setting next_dagrun for dataset_alias_example_alias_consumer to None, run_after=None
[2024-12-11T05:19:13.591+0000] {logging_mixin.py:190} INFO - [2024-12-11T05:19:13.590+0000] {dag.py:4180} INFO - Setting next_dagrun for dataset_alias_example_alias_producer to None, run_after=None
[2024-12-11T05:19:13.595+0000] {logging_mixin.py:190} INFO - [2024-12-11T05:19:13.594+0000] {dag.py:4180} INFO - Setting next_dagrun for dataset_s3_bucket_consumer to None, run_after=None
[2024-12-11T05:19:13.600+0000] {logging_mixin.py:190} INFO - [2024-12-11T05:19:13.599+0000] {dag.py:4180} INFO - Setting next_dagrun for dataset_s3_bucket_producer to None, run_after=None
[2024-12-11T05:19:13.652+0000] {processor.py:208} INFO - Processing /home/airflow/.local/lib/python3.12/site-packages/airflow/example_dags/example_dataset_alias.py took 2.098 seconds
[2024-12-11T05:19:44.651+0000] {processor.py:186} INFO - Started process (PID=1237) to work on /home/airflow/.local/lib/python3.12/site-packages/airflow/example_dags/example_dataset_alias.py
[2024-12-11T05:19:44.653+0000] {processor.py:914} INFO - Processing file /home/airflow/.local/lib/python3.12/site-packages/airflow/example_dags/example_dataset_alias.py for tasks to queue
[2024-12-11T05:19:44.656+0000] {logging_mixin.py:190} INFO - [2024-12-11T05:19:44.655+0000] {dagbag.py:588} INFO - Filling up the DagBag from /home/airflow/.local/lib/python3.12/site-packages/airflow/example_dags/example_dataset_alias.py
[2024-12-11T05:19:45.596+0000] {processor.py:925} INFO - DAG(s) 'dataset_alias_example_alias_consumer', 'dataset_s3_bucket_producer', 'dataset_alias_example_alias_producer', 'dataset_s3_bucket_consumer' retrieved from /home/airflow/.local/lib/python3.12/site-packages/airflow/example_dags/example_dataset_alias.py
[2024-12-11T05:19:45.630+0000] {logging_mixin.py:190} INFO - [2024-12-11T05:19:45.629+0000] {dag.py:3239} INFO - Sync 4 DAGs
[2024-12-11T05:19:45.662+0000] {logging_mixin.py:190} INFO - [2024-12-11T05:19:45.661+0000] {dag.py:4180} INFO - Setting next_dagrun for dataset_alias_example_alias_consumer to None, run_after=None
[2024-12-11T05:19:45.666+0000] {logging_mixin.py:190} INFO - [2024-12-11T05:19:45.666+0000] {dag.py:4180} INFO - Setting next_dagrun for dataset_alias_example_alias_producer to None, run_after=None
[2024-12-11T05:19:45.669+0000] {logging_mixin.py:190} INFO - [2024-12-11T05:19:45.669+0000] {dag.py:4180} INFO - Setting next_dagrun for dataset_s3_bucket_consumer to None, run_after=None
[2024-12-11T05:19:45.672+0000] {logging_mixin.py:190} INFO - [2024-12-11T05:19:45.671+0000] {dag.py:4180} INFO - Setting next_dagrun for dataset_s3_bucket_producer to None, run_after=None
[2024-12-11T05:19:45.709+0000] {processor.py:208} INFO - Processing /home/airflow/.local/lib/python3.12/site-packages/airflow/example_dags/example_dataset_alias.py took 1.070 seconds
[2024-12-11T05:20:16.089+0000] {processor.py:186} INFO - Started process (PID=1300) to work on /home/airflow/.local/lib/python3.12/site-packages/airflow/example_dags/example_dataset_alias.py
[2024-12-11T05:20:16.092+0000] {processor.py:914} INFO - Processing file /home/airflow/.local/lib/python3.12/site-packages/airflow/example_dags/example_dataset_alias.py for tasks to queue
[2024-12-11T05:20:16.094+0000] {logging_mixin.py:190} INFO - [2024-12-11T05:20:16.093+0000] {dagbag.py:588} INFO - Filling up the DagBag from /home/airflow/.local/lib/python3.12/site-packages/airflow/example_dags/example_dataset_alias.py
[2024-12-11T05:20:17.620+0000] {processor.py:925} INFO - DAG(s) 'dataset_s3_bucket_consumer', 'dataset_s3_bucket_producer', 'dataset_alias_example_alias_consumer', 'dataset_alias_example_alias_producer' retrieved from /home/airflow/.local/lib/python3.12/site-packages/airflow/example_dags/example_dataset_alias.py
[2024-12-11T05:20:17.662+0000] {logging_mixin.py:190} INFO - [2024-12-11T05:20:17.661+0000] {dag.py:3239} INFO - Sync 4 DAGs
[2024-12-11T05:20:17.706+0000] {logging_mixin.py:190} INFO - [2024-12-11T05:20:17.706+0000] {dag.py:4180} INFO - Setting next_dagrun for dataset_alias_example_alias_consumer to None, run_after=None
[2024-12-11T05:20:17.712+0000] {logging_mixin.py:190} INFO - [2024-12-11T05:20:17.711+0000] {dag.py:4180} INFO - Setting next_dagrun for dataset_alias_example_alias_producer to None, run_after=None
[2024-12-11T05:20:17.716+0000] {logging_mixin.py:190} INFO - [2024-12-11T05:20:17.715+0000] {dag.py:4180} INFO - Setting next_dagrun for dataset_s3_bucket_consumer to None, run_after=None
[2024-12-11T05:20:17.719+0000] {logging_mixin.py:190} INFO - [2024-12-11T05:20:17.719+0000] {dag.py:4180} INFO - Setting next_dagrun for dataset_s3_bucket_producer to None, run_after=None
[2024-12-11T05:20:17.767+0000] {processor.py:208} INFO - Processing /home/airflow/.local/lib/python3.12/site-packages/airflow/example_dags/example_dataset_alias.py took 1.688 seconds
[2024-12-11T05:23:23.708+0000] {processor.py:186} INFO - Started process (PID=1360) to work on /home/airflow/.local/lib/python3.12/site-packages/airflow/example_dags/example_dataset_alias.py
[2024-12-11T05:23:23.711+0000] {processor.py:914} INFO - Processing file /home/airflow/.local/lib/python3.12/site-packages/airflow/example_dags/example_dataset_alias.py for tasks to queue
[2024-12-11T05:23:23.713+0000] {logging_mixin.py:190} INFO - [2024-12-11T05:23:23.712+0000] {dagbag.py:588} INFO - Filling up the DagBag from /home/airflow/.local/lib/python3.12/site-packages/airflow/example_dags/example_dataset_alias.py
[2024-12-11T05:23:25.036+0000] {processor.py:925} INFO - DAG(s) 'dataset_s3_bucket_consumer', 'dataset_alias_example_alias_producer', 'dataset_s3_bucket_producer', 'dataset_alias_example_alias_consumer' retrieved from /home/airflow/.local/lib/python3.12/site-packages/airflow/example_dags/example_dataset_alias.py
[2024-12-11T05:23:25.102+0000] {logging_mixin.py:190} INFO - [2024-12-11T05:23:25.101+0000] {dag.py:3239} INFO - Sync 4 DAGs
[2024-12-11T05:23:25.166+0000] {logging_mixin.py:190} INFO - [2024-12-11T05:23:25.166+0000] {dag.py:4180} INFO - Setting next_dagrun for dataset_alias_example_alias_consumer to None, run_after=None
[2024-12-11T05:23:25.175+0000] {logging_mixin.py:190} INFO - [2024-12-11T05:23:25.174+0000] {dag.py:4180} INFO - Setting next_dagrun for dataset_alias_example_alias_producer to None, run_after=None
[2024-12-11T05:23:25.182+0000] {logging_mixin.py:190} INFO - [2024-12-11T05:23:25.181+0000] {dag.py:4180} INFO - Setting next_dagrun for dataset_s3_bucket_consumer to None, run_after=None
[2024-12-11T05:23:25.187+0000] {logging_mixin.py:190} INFO - [2024-12-11T05:23:25.186+0000] {dag.py:4180} INFO - Setting next_dagrun for dataset_s3_bucket_producer to None, run_after=None
[2024-12-11T05:23:25.259+0000] {processor.py:208} INFO - Processing /home/airflow/.local/lib/python3.12/site-packages/airflow/example_dags/example_dataset_alias.py took 1.561 seconds
[2024-12-11T05:24:53.146+0000] {processor.py:186} INFO - Started process (PID=1433) to work on /home/airflow/.local/lib/python3.12/site-packages/airflow/example_dags/example_dataset_alias.py
[2024-12-11T05:24:53.148+0000] {processor.py:914} INFO - Processing file /home/airflow/.local/lib/python3.12/site-packages/airflow/example_dags/example_dataset_alias.py for tasks to queue
[2024-12-11T05:24:53.150+0000] {logging_mixin.py:190} INFO - [2024-12-11T05:24:53.149+0000] {dagbag.py:588} INFO - Filling up the DagBag from /home/airflow/.local/lib/python3.12/site-packages/airflow/example_dags/example_dataset_alias.py
[2024-12-11T05:24:54.359+0000] {processor.py:925} INFO - DAG(s) 'dataset_s3_bucket_consumer', 'dataset_s3_bucket_producer', 'dataset_alias_example_alias_producer', 'dataset_alias_example_alias_consumer' retrieved from /home/airflow/.local/lib/python3.12/site-packages/airflow/example_dags/example_dataset_alias.py
[2024-12-11T05:24:54.410+0000] {logging_mixin.py:190} INFO - [2024-12-11T05:24:54.408+0000] {dag.py:3239} INFO - Sync 4 DAGs
[2024-12-11T05:24:54.456+0000] {logging_mixin.py:190} INFO - [2024-12-11T05:24:54.456+0000] {dag.py:4180} INFO - Setting next_dagrun for dataset_alias_example_alias_consumer to None, run_after=None
[2024-12-11T05:24:54.462+0000] {logging_mixin.py:190} INFO - [2024-12-11T05:24:54.462+0000] {dag.py:4180} INFO - Setting next_dagrun for dataset_alias_example_alias_producer to None, run_after=None
[2024-12-11T05:24:54.466+0000] {logging_mixin.py:190} INFO - [2024-12-11T05:24:54.466+0000] {dag.py:4180} INFO - Setting next_dagrun for dataset_s3_bucket_consumer to None, run_after=None
[2024-12-11T05:24:54.470+0000] {logging_mixin.py:190} INFO - [2024-12-11T05:24:54.470+0000] {dag.py:4180} INFO - Setting next_dagrun for dataset_s3_bucket_producer to None, run_after=None
[2024-12-11T05:24:54.509+0000] {processor.py:208} INFO - Processing /home/airflow/.local/lib/python3.12/site-packages/airflow/example_dags/example_dataset_alias.py took 1.373 seconds
[2024-12-11T05:25:28.718+0000] {processor.py:186} INFO - Started process (PID=1501) to work on /home/airflow/.local/lib/python3.12/site-packages/airflow/example_dags/example_dataset_alias.py
[2024-12-11T05:25:28.720+0000] {processor.py:914} INFO - Processing file /home/airflow/.local/lib/python3.12/site-packages/airflow/example_dags/example_dataset_alias.py for tasks to queue
[2024-12-11T05:25:28.723+0000] {logging_mixin.py:190} INFO - [2024-12-11T05:25:28.722+0000] {dagbag.py:588} INFO - Filling up the DagBag from /home/airflow/.local/lib/python3.12/site-packages/airflow/example_dags/example_dataset_alias.py
[2024-12-11T05:25:31.066+0000] {processor.py:925} INFO - DAG(s) 'dataset_s3_bucket_producer', 'dataset_alias_example_alias_consumer', 'dataset_s3_bucket_consumer', 'dataset_alias_example_alias_producer' retrieved from /home/airflow/.local/lib/python3.12/site-packages/airflow/example_dags/example_dataset_alias.py
[2024-12-11T05:25:31.168+0000] {logging_mixin.py:190} INFO - [2024-12-11T05:25:31.166+0000] {dag.py:3239} INFO - Sync 4 DAGs
[2024-12-11T05:25:31.286+0000] {logging_mixin.py:190} INFO - [2024-12-11T05:25:31.285+0000] {dag.py:4180} INFO - Setting next_dagrun for dataset_alias_example_alias_consumer to None, run_after=None
[2024-12-11T05:25:31.299+0000] {logging_mixin.py:190} INFO - [2024-12-11T05:25:31.298+0000] {dag.py:4180} INFO - Setting next_dagrun for dataset_alias_example_alias_producer to None, run_after=None
[2024-12-11T05:25:31.306+0000] {logging_mixin.py:190} INFO - [2024-12-11T05:25:31.305+0000] {dag.py:4180} INFO - Setting next_dagrun for dataset_s3_bucket_consumer to None, run_after=None
[2024-12-11T05:25:31.312+0000] {logging_mixin.py:190} INFO - [2024-12-11T05:25:31.311+0000] {dag.py:4180} INFO - Setting next_dagrun for dataset_s3_bucket_producer to None, run_after=None
[2024-12-11T05:25:31.379+0000] {processor.py:208} INFO - Processing /home/airflow/.local/lib/python3.12/site-packages/airflow/example_dags/example_dataset_alias.py took 2.648 seconds
[2024-12-11T05:26:02.887+0000] {processor.py:186} INFO - Started process (PID=1569) to work on /home/airflow/.local/lib/python3.12/site-packages/airflow/example_dags/example_dataset_alias.py
[2024-12-11T05:26:02.890+0000] {processor.py:914} INFO - Processing file /home/airflow/.local/lib/python3.12/site-packages/airflow/example_dags/example_dataset_alias.py for tasks to queue
[2024-12-11T05:26:02.894+0000] {logging_mixin.py:190} INFO - [2024-12-11T05:26:02.893+0000] {dagbag.py:588} INFO - Filling up the DagBag from /home/airflow/.local/lib/python3.12/site-packages/airflow/example_dags/example_dataset_alias.py
[2024-12-11T05:26:04.806+0000] {processor.py:925} INFO - DAG(s) 'dataset_alias_example_alias_consumer', 'dataset_s3_bucket_consumer', 'dataset_s3_bucket_producer', 'dataset_alias_example_alias_producer' retrieved from /home/airflow/.local/lib/python3.12/site-packages/airflow/example_dags/example_dataset_alias.py
[2024-12-11T05:26:04.892+0000] {logging_mixin.py:190} INFO - [2024-12-11T05:26:04.890+0000] {dag.py:3239} INFO - Sync 4 DAGs
[2024-12-11T05:26:04.985+0000] {logging_mixin.py:190} INFO - [2024-12-11T05:26:04.984+0000] {dag.py:4180} INFO - Setting next_dagrun for dataset_alias_example_alias_consumer to None, run_after=None
[2024-12-11T05:26:04.997+0000] {logging_mixin.py:190} INFO - [2024-12-11T05:26:04.996+0000] {dag.py:4180} INFO - Setting next_dagrun for dataset_alias_example_alias_producer to None, run_after=None
[2024-12-11T05:26:05.005+0000] {logging_mixin.py:190} INFO - [2024-12-11T05:26:05.004+0000] {dag.py:4180} INFO - Setting next_dagrun for dataset_s3_bucket_consumer to None, run_after=None
[2024-12-11T05:26:05.013+0000] {logging_mixin.py:190} INFO - [2024-12-11T05:26:05.012+0000] {dag.py:4180} INFO - Setting next_dagrun for dataset_s3_bucket_producer to None, run_after=None
[2024-12-11T05:26:05.103+0000] {processor.py:208} INFO - Processing /home/airflow/.local/lib/python3.12/site-packages/airflow/example_dags/example_dataset_alias.py took 2.233 seconds
[2024-12-11T05:27:23.756+0000] {processor.py:186} INFO - Started process (PID=1645) to work on /home/airflow/.local/lib/python3.12/site-packages/airflow/example_dags/example_dataset_alias.py
[2024-12-11T05:27:23.760+0000] {processor.py:914} INFO - Processing file /home/airflow/.local/lib/python3.12/site-packages/airflow/example_dags/example_dataset_alias.py for tasks to queue
[2024-12-11T05:27:23.764+0000] {logging_mixin.py:190} INFO - [2024-12-11T05:27:23.763+0000] {dagbag.py:588} INFO - Filling up the DagBag from /home/airflow/.local/lib/python3.12/site-packages/airflow/example_dags/example_dataset_alias.py
[2024-12-11T05:27:26.457+0000] {processor.py:925} INFO - DAG(s) 'dataset_s3_bucket_consumer', 'dataset_alias_example_alias_consumer', 'dataset_s3_bucket_producer', 'dataset_alias_example_alias_producer' retrieved from /home/airflow/.local/lib/python3.12/site-packages/airflow/example_dags/example_dataset_alias.py
[2024-12-11T05:27:26.533+0000] {logging_mixin.py:190} INFO - [2024-12-11T05:27:26.531+0000] {dag.py:3239} INFO - Sync 4 DAGs
[2024-12-11T05:27:26.604+0000] {logging_mixin.py:190} INFO - [2024-12-11T05:27:26.603+0000] {dag.py:4180} INFO - Setting next_dagrun for dataset_alias_example_alias_consumer to None, run_after=None
[2024-12-11T05:27:26.615+0000] {logging_mixin.py:190} INFO - [2024-12-11T05:27:26.615+0000] {dag.py:4180} INFO - Setting next_dagrun for dataset_alias_example_alias_producer to None, run_after=None
[2024-12-11T05:27:26.621+0000] {logging_mixin.py:190} INFO - [2024-12-11T05:27:26.620+0000] {dag.py:4180} INFO - Setting next_dagrun for dataset_s3_bucket_consumer to None, run_after=None
[2024-12-11T05:27:26.629+0000] {logging_mixin.py:190} INFO - [2024-12-11T05:27:26.628+0000] {dag.py:4180} INFO - Setting next_dagrun for dataset_s3_bucket_producer to None, run_after=None
[2024-12-11T05:27:26.688+0000] {processor.py:208} INFO - Processing /home/airflow/.local/lib/python3.12/site-packages/airflow/example_dags/example_dataset_alias.py took 2.950 seconds
[2024-12-11T05:28:26.948+0000] {processor.py:186} INFO - Started process (PID=1716) to work on /home/airflow/.local/lib/python3.12/site-packages/airflow/example_dags/example_dataset_alias.py
[2024-12-11T05:28:26.950+0000] {processor.py:914} INFO - Processing file /home/airflow/.local/lib/python3.12/site-packages/airflow/example_dags/example_dataset_alias.py for tasks to queue
[2024-12-11T05:28:26.955+0000] {logging_mixin.py:190} INFO - [2024-12-11T05:28:26.953+0000] {dagbag.py:588} INFO - Filling up the DagBag from /home/airflow/.local/lib/python3.12/site-packages/airflow/example_dags/example_dataset_alias.py
