[2024-12-11T04:56:29.889+0000] {processor.py:186} INFO - Started process (PID=126) to work on /home/airflow/.local/lib/python3.12/site-packages/airflow/example_dags/example_nested_branch_dag.py
[2024-12-11T04:56:29.892+0000] {processor.py:914} INFO - Processing file /home/airflow/.local/lib/python3.12/site-packages/airflow/example_dags/example_nested_branch_dag.py for tasks to queue
[2024-12-11T04:56:29.898+0000] {logging_mixin.py:190} INFO - [2024-12-11T04:56:29.897+0000] {dagbag.py:588} INFO - Filling up the DagBag from /home/airflow/.local/lib/python3.12/site-packages/airflow/example_dags/example_nested_branch_dag.py
[2024-12-11T04:56:29.937+0000] {processor.py:925} INFO - DAG(s) 'example_nested_branch_dag' retrieved from /home/airflow/.local/lib/python3.12/site-packages/airflow/example_dags/example_nested_branch_dag.py
[2024-12-11T04:56:30.249+0000] {logging_mixin.py:190} INFO - [2024-12-11T04:56:30.247+0000] {override.py:1911} INFO - Created Permission View: can delete on DAG:example_nested_branch_dag
[2024-12-11T04:56:30.277+0000] {logging_mixin.py:190} INFO - [2024-12-11T04:56:30.276+0000] {override.py:1911} INFO - Created Permission View: can read on DAG:example_nested_branch_dag
[2024-12-11T04:56:30.297+0000] {logging_mixin.py:190} INFO - [2024-12-11T04:56:30.296+0000] {override.py:1911} INFO - Created Permission View: can edit on DAG:example_nested_branch_dag
[2024-12-11T04:56:30.354+0000] {logging_mixin.py:190} INFO - [2024-12-11T04:56:30.353+0000] {override.py:1911} INFO - Created Permission View: can delete on DAG Run:example_nested_branch_dag
[2024-12-11T04:56:30.381+0000] {logging_mixin.py:190} INFO - [2024-12-11T04:56:30.380+0000] {override.py:1911} INFO - Created Permission View: can read on DAG Run:example_nested_branch_dag
[2024-12-11T04:56:30.428+0000] {logging_mixin.py:190} INFO - [2024-12-11T04:56:30.427+0000] {override.py:1911} INFO - Created Permission View: menu access on DAG Run:example_nested_branch_dag
[2024-12-11T04:56:30.464+0000] {logging_mixin.py:190} INFO - [2024-12-11T04:56:30.464+0000] {override.py:1911} INFO - Created Permission View: can create on DAG Run:example_nested_branch_dag
[2024-12-11T04:56:30.466+0000] {logging_mixin.py:190} INFO - [2024-12-11T04:56:30.465+0000] {dag.py:3239} INFO - Sync 1 DAGs
[2024-12-11T04:56:30.501+0000] {logging_mixin.py:190} INFO - [2024-12-11T04:56:30.501+0000] {dag.py:3262} INFO - Creating ORM DAG for example_nested_branch_dag
[2024-12-11T04:56:30.526+0000] {logging_mixin.py:190} INFO - [2024-12-11T04:56:30.525+0000] {dag.py:4180} INFO - Setting next_dagrun for example_nested_branch_dag to 2024-12-10 00:00:00+00:00, run_after=2024-12-11 00:00:00+00:00
[2024-12-11T04:56:30.683+0000] {processor.py:208} INFO - Processing /home/airflow/.local/lib/python3.12/site-packages/airflow/example_dags/example_nested_branch_dag.py took 0.810 seconds
[2024-12-11T04:57:00.998+0000] {processor.py:186} INFO - Started process (PID=189) to work on /home/airflow/.local/lib/python3.12/site-packages/airflow/example_dags/example_nested_branch_dag.py
[2024-12-11T04:57:01.002+0000] {processor.py:914} INFO - Processing file /home/airflow/.local/lib/python3.12/site-packages/airflow/example_dags/example_nested_branch_dag.py for tasks to queue
[2024-12-11T04:57:01.008+0000] {logging_mixin.py:190} INFO - [2024-12-11T04:57:01.007+0000] {dagbag.py:588} INFO - Filling up the DagBag from /home/airflow/.local/lib/python3.12/site-packages/airflow/example_dags/example_nested_branch_dag.py
[2024-12-11T04:57:01.054+0000] {processor.py:925} INFO - DAG(s) 'example_nested_branch_dag' retrieved from /home/airflow/.local/lib/python3.12/site-packages/airflow/example_dags/example_nested_branch_dag.py
[2024-12-11T04:57:01.123+0000] {logging_mixin.py:190} INFO - [2024-12-11T04:57:01.121+0000] {dag.py:3239} INFO - Sync 1 DAGs
[2024-12-11T04:57:01.232+0000] {logging_mixin.py:190} INFO - [2024-12-11T04:57:01.232+0000] {dag.py:4180} INFO - Setting next_dagrun for example_nested_branch_dag to 2024-12-10 00:00:00+00:00, run_after=2024-12-11 00:00:00+00:00
[2024-12-11T04:57:01.300+0000] {processor.py:208} INFO - Processing /home/airflow/.local/lib/python3.12/site-packages/airflow/example_dags/example_nested_branch_dag.py took 0.315 seconds
[2024-12-11T05:01:02.079+0000] {processor.py:186} INFO - Started process (PID=257) to work on /home/airflow/.local/lib/python3.12/site-packages/airflow/example_dags/example_nested_branch_dag.py
[2024-12-11T05:01:02.082+0000] {processor.py:914} INFO - Processing file /home/airflow/.local/lib/python3.12/site-packages/airflow/example_dags/example_nested_branch_dag.py for tasks to queue
[2024-12-11T05:01:02.088+0000] {logging_mixin.py:190} INFO - [2024-12-11T05:01:02.087+0000] {dagbag.py:588} INFO - Filling up the DagBag from /home/airflow/.local/lib/python3.12/site-packages/airflow/example_dags/example_nested_branch_dag.py
[2024-12-11T05:01:02.115+0000] {processor.py:925} INFO - DAG(s) 'example_nested_branch_dag' retrieved from /home/airflow/.local/lib/python3.12/site-packages/airflow/example_dags/example_nested_branch_dag.py
[2024-12-11T05:01:02.167+0000] {logging_mixin.py:190} INFO - [2024-12-11T05:01:02.166+0000] {dag.py:3239} INFO - Sync 1 DAGs
[2024-12-11T05:01:02.232+0000] {logging_mixin.py:190} INFO - [2024-12-11T05:01:02.231+0000] {dag.py:4180} INFO - Setting next_dagrun for example_nested_branch_dag to 2024-12-10 00:00:00+00:00, run_after=2024-12-11 00:00:00+00:00
[2024-12-11T05:01:02.288+0000] {processor.py:208} INFO - Processing /home/airflow/.local/lib/python3.12/site-packages/airflow/example_dags/example_nested_branch_dag.py took 0.222 seconds
[2024-12-11T05:03:24.100+0000] {processor.py:186} INFO - Started process (PID=348) to work on /home/airflow/.local/lib/python3.12/site-packages/airflow/example_dags/example_nested_branch_dag.py
[2024-12-11T05:03:24.103+0000] {processor.py:914} INFO - Processing file /home/airflow/.local/lib/python3.12/site-packages/airflow/example_dags/example_nested_branch_dag.py for tasks to queue
[2024-12-11T05:03:24.107+0000] {logging_mixin.py:190} INFO - [2024-12-11T05:03:24.106+0000] {dagbag.py:588} INFO - Filling up the DagBag from /home/airflow/.local/lib/python3.12/site-packages/airflow/example_dags/example_nested_branch_dag.py
[2024-12-11T05:03:24.147+0000] {processor.py:925} INFO - DAG(s) 'example_nested_branch_dag' retrieved from /home/airflow/.local/lib/python3.12/site-packages/airflow/example_dags/example_nested_branch_dag.py
[2024-12-11T05:03:24.220+0000] {logging_mixin.py:190} INFO - [2024-12-11T05:03:24.220+0000] {dag.py:3239} INFO - Sync 1 DAGs
[2024-12-11T05:03:24.294+0000] {logging_mixin.py:190} INFO - [2024-12-11T05:03:24.293+0000] {dag.py:4180} INFO - Setting next_dagrun for example_nested_branch_dag to 2024-12-10 00:00:00+00:00, run_after=2024-12-11 00:00:00+00:00
[2024-12-11T05:03:24.372+0000] {processor.py:208} INFO - Processing /home/airflow/.local/lib/python3.12/site-packages/airflow/example_dags/example_nested_branch_dag.py took 0.287 seconds
[2024-12-11T05:03:58.262+0000] {processor.py:186} INFO - Started process (PID=410) to work on /home/airflow/.local/lib/python3.12/site-packages/airflow/example_dags/example_nested_branch_dag.py
[2024-12-11T05:03:58.266+0000] {processor.py:914} INFO - Processing file /home/airflow/.local/lib/python3.12/site-packages/airflow/example_dags/example_nested_branch_dag.py for tasks to queue
[2024-12-11T05:03:58.271+0000] {logging_mixin.py:190} INFO - [2024-12-11T05:03:58.270+0000] {dagbag.py:588} INFO - Filling up the DagBag from /home/airflow/.local/lib/python3.12/site-packages/airflow/example_dags/example_nested_branch_dag.py
[2024-12-11T05:03:58.352+0000] {processor.py:925} INFO - DAG(s) 'example_nested_branch_dag' retrieved from /home/airflow/.local/lib/python3.12/site-packages/airflow/example_dags/example_nested_branch_dag.py
[2024-12-11T05:03:58.760+0000] {logging_mixin.py:190} INFO - [2024-12-11T05:03:58.760+0000] {dag.py:3239} INFO - Sync 1 DAGs
[2024-12-11T05:03:58.909+0000] {logging_mixin.py:190} INFO - [2024-12-11T05:03:58.908+0000] {dag.py:4180} INFO - Setting next_dagrun for example_nested_branch_dag to 2024-12-10 00:00:00+00:00, run_after=2024-12-11 00:00:00+00:00
[2024-12-11T05:03:58.991+0000] {processor.py:208} INFO - Processing /home/airflow/.local/lib/python3.12/site-packages/airflow/example_dags/example_nested_branch_dag.py took 0.752 seconds
[2024-12-11T05:05:40.983+0000] {processor.py:186} INFO - Started process (PID=479) to work on /home/airflow/.local/lib/python3.12/site-packages/airflow/example_dags/example_nested_branch_dag.py
[2024-12-11T05:05:40.985+0000] {processor.py:914} INFO - Processing file /home/airflow/.local/lib/python3.12/site-packages/airflow/example_dags/example_nested_branch_dag.py for tasks to queue
[2024-12-11T05:05:40.988+0000] {logging_mixin.py:190} INFO - [2024-12-11T05:05:40.987+0000] {dagbag.py:588} INFO - Filling up the DagBag from /home/airflow/.local/lib/python3.12/site-packages/airflow/example_dags/example_nested_branch_dag.py
[2024-12-11T05:05:41.012+0000] {processor.py:925} INFO - DAG(s) 'example_nested_branch_dag' retrieved from /home/airflow/.local/lib/python3.12/site-packages/airflow/example_dags/example_nested_branch_dag.py
[2024-12-11T05:05:41.055+0000] {logging_mixin.py:190} INFO - [2024-12-11T05:05:41.055+0000] {dag.py:3239} INFO - Sync 1 DAGs
[2024-12-11T05:05:41.113+0000] {logging_mixin.py:190} INFO - [2024-12-11T05:05:41.113+0000] {dag.py:4180} INFO - Setting next_dagrun for example_nested_branch_dag to 2024-12-10 00:00:00+00:00, run_after=2024-12-11 00:00:00+00:00
[2024-12-11T05:05:41.159+0000] {processor.py:208} INFO - Processing /home/airflow/.local/lib/python3.12/site-packages/airflow/example_dags/example_nested_branch_dag.py took 0.187 seconds
[2024-12-11T05:06:19.709+0000] {processor.py:186} INFO - Started process (PID=542) to work on /home/airflow/.local/lib/python3.12/site-packages/airflow/example_dags/example_nested_branch_dag.py
[2024-12-11T05:06:19.717+0000] {processor.py:914} INFO - Processing file /home/airflow/.local/lib/python3.12/site-packages/airflow/example_dags/example_nested_branch_dag.py for tasks to queue
[2024-12-11T05:06:19.722+0000] {logging_mixin.py:190} INFO - [2024-12-11T05:06:19.721+0000] {dagbag.py:588} INFO - Filling up the DagBag from /home/airflow/.local/lib/python3.12/site-packages/airflow/example_dags/example_nested_branch_dag.py
[2024-12-11T05:06:19.771+0000] {processor.py:925} INFO - DAG(s) 'example_nested_branch_dag' retrieved from /home/airflow/.local/lib/python3.12/site-packages/airflow/example_dags/example_nested_branch_dag.py
[2024-12-11T05:06:19.851+0000] {logging_mixin.py:190} INFO - [2024-12-11T05:06:19.850+0000] {dag.py:3239} INFO - Sync 1 DAGs
[2024-12-11T05:06:19.936+0000] {logging_mixin.py:190} INFO - [2024-12-11T05:06:19.935+0000] {dag.py:4180} INFO - Setting next_dagrun for example_nested_branch_dag to 2024-12-10 00:00:00+00:00, run_after=2024-12-11 00:00:00+00:00
[2024-12-11T05:06:19.994+0000] {processor.py:208} INFO - Processing /home/airflow/.local/lib/python3.12/site-packages/airflow/example_dags/example_nested_branch_dag.py took 0.314 seconds
[2024-12-11T05:07:38.886+0000] {processor.py:186} INFO - Started process (PID=599) to work on /home/airflow/.local/lib/python3.12/site-packages/airflow/example_dags/example_nested_branch_dag.py
[2024-12-11T05:07:38.889+0000] {processor.py:914} INFO - Processing file /home/airflow/.local/lib/python3.12/site-packages/airflow/example_dags/example_nested_branch_dag.py for tasks to queue
[2024-12-11T05:07:38.893+0000] {logging_mixin.py:190} INFO - [2024-12-11T05:07:38.892+0000] {dagbag.py:588} INFO - Filling up the DagBag from /home/airflow/.local/lib/python3.12/site-packages/airflow/example_dags/example_nested_branch_dag.py
[2024-12-11T05:07:38.935+0000] {processor.py:925} INFO - DAG(s) 'example_nested_branch_dag' retrieved from /home/airflow/.local/lib/python3.12/site-packages/airflow/example_dags/example_nested_branch_dag.py
[2024-12-11T05:07:39.003+0000] {logging_mixin.py:190} INFO - [2024-12-11T05:07:39.003+0000] {dag.py:3239} INFO - Sync 1 DAGs
[2024-12-11T05:07:39.092+0000] {logging_mixin.py:190} INFO - [2024-12-11T05:07:39.091+0000] {dag.py:4180} INFO - Setting next_dagrun for example_nested_branch_dag to 2024-12-10 00:00:00+00:00, run_after=2024-12-11 00:00:00+00:00
[2024-12-11T05:07:39.156+0000] {processor.py:208} INFO - Processing /home/airflow/.local/lib/python3.12/site-packages/airflow/example_dags/example_nested_branch_dag.py took 0.283 seconds
[2024-12-11T05:08:10.926+0000] {processor.py:186} INFO - Started process (PID=662) to work on /home/airflow/.local/lib/python3.12/site-packages/airflow/example_dags/example_nested_branch_dag.py
[2024-12-11T05:08:10.928+0000] {processor.py:914} INFO - Processing file /home/airflow/.local/lib/python3.12/site-packages/airflow/example_dags/example_nested_branch_dag.py for tasks to queue
[2024-12-11T05:08:10.932+0000] {logging_mixin.py:190} INFO - [2024-12-11T05:08:10.931+0000] {dagbag.py:588} INFO - Filling up the DagBag from /home/airflow/.local/lib/python3.12/site-packages/airflow/example_dags/example_nested_branch_dag.py
[2024-12-11T05:08:10.958+0000] {processor.py:925} INFO - DAG(s) 'example_nested_branch_dag' retrieved from /home/airflow/.local/lib/python3.12/site-packages/airflow/example_dags/example_nested_branch_dag.py
[2024-12-11T05:08:11.012+0000] {logging_mixin.py:190} INFO - [2024-12-11T05:08:11.011+0000] {dag.py:3239} INFO - Sync 1 DAGs
[2024-12-11T05:08:11.091+0000] {logging_mixin.py:190} INFO - [2024-12-11T05:08:11.091+0000] {dag.py:4180} INFO - Setting next_dagrun for example_nested_branch_dag to 2024-12-10 00:00:00+00:00, run_after=2024-12-11 00:00:00+00:00
[2024-12-11T05:08:11.143+0000] {processor.py:208} INFO - Processing /home/airflow/.local/lib/python3.12/site-packages/airflow/example_dags/example_nested_branch_dag.py took 0.231 seconds
[2024-12-11T05:09:33.707+0000] {processor.py:186} INFO - Started process (PID=739) to work on /home/airflow/.local/lib/python3.12/site-packages/airflow/example_dags/example_nested_branch_dag.py
[2024-12-11T05:09:33.710+0000] {processor.py:914} INFO - Processing file /home/airflow/.local/lib/python3.12/site-packages/airflow/example_dags/example_nested_branch_dag.py for tasks to queue
[2024-12-11T05:09:33.713+0000] {logging_mixin.py:190} INFO - [2024-12-11T05:09:33.712+0000] {dagbag.py:588} INFO - Filling up the DagBag from /home/airflow/.local/lib/python3.12/site-packages/airflow/example_dags/example_nested_branch_dag.py
[2024-12-11T05:09:33.741+0000] {processor.py:925} INFO - DAG(s) 'example_nested_branch_dag' retrieved from /home/airflow/.local/lib/python3.12/site-packages/airflow/example_dags/example_nested_branch_dag.py
[2024-12-11T05:09:33.799+0000] {logging_mixin.py:190} INFO - [2024-12-11T05:09:33.798+0000] {dag.py:3239} INFO - Sync 1 DAGs
[2024-12-11T05:09:33.874+0000] {logging_mixin.py:190} INFO - [2024-12-11T05:09:33.874+0000] {dag.py:4180} INFO - Setting next_dagrun for example_nested_branch_dag to 2024-12-10 00:00:00+00:00, run_after=2024-12-11 00:00:00+00:00
[2024-12-11T05:09:33.926+0000] {processor.py:208} INFO - Processing /home/airflow/.local/lib/python3.12/site-packages/airflow/example_dags/example_nested_branch_dag.py took 0.243 seconds
[2024-12-11T05:10:04.590+0000] {processor.py:186} INFO - Started process (PID=802) to work on /home/airflow/.local/lib/python3.12/site-packages/airflow/example_dags/example_nested_branch_dag.py
[2024-12-11T05:10:04.592+0000] {processor.py:914} INFO - Processing file /home/airflow/.local/lib/python3.12/site-packages/airflow/example_dags/example_nested_branch_dag.py for tasks to queue
[2024-12-11T05:10:04.594+0000] {logging_mixin.py:190} INFO - [2024-12-11T05:10:04.594+0000] {dagbag.py:588} INFO - Filling up the DagBag from /home/airflow/.local/lib/python3.12/site-packages/airflow/example_dags/example_nested_branch_dag.py
[2024-12-11T05:10:04.620+0000] {processor.py:925} INFO - DAG(s) 'example_nested_branch_dag' retrieved from /home/airflow/.local/lib/python3.12/site-packages/airflow/example_dags/example_nested_branch_dag.py
[2024-12-11T05:10:04.669+0000] {logging_mixin.py:190} INFO - [2024-12-11T05:10:04.669+0000] {dag.py:3239} INFO - Sync 1 DAGs
[2024-12-11T05:10:04.727+0000] {logging_mixin.py:190} INFO - [2024-12-11T05:10:04.726+0000] {dag.py:4180} INFO - Setting next_dagrun for example_nested_branch_dag to 2024-12-10 00:00:00+00:00, run_after=2024-12-11 00:00:00+00:00
[2024-12-11T05:10:04.776+0000] {processor.py:208} INFO - Processing /home/airflow/.local/lib/python3.12/site-packages/airflow/example_dags/example_nested_branch_dag.py took 0.199 seconds
[2024-12-11T05:10:40.031+0000] {processor.py:186} INFO - Started process (PID=865) to work on /home/airflow/.local/lib/python3.12/site-packages/airflow/example_dags/example_nested_branch_dag.py
[2024-12-11T05:10:40.034+0000] {processor.py:914} INFO - Processing file /home/airflow/.local/lib/python3.12/site-packages/airflow/example_dags/example_nested_branch_dag.py for tasks to queue
[2024-12-11T05:10:40.037+0000] {logging_mixin.py:190} INFO - [2024-12-11T05:10:40.036+0000] {dagbag.py:588} INFO - Filling up the DagBag from /home/airflow/.local/lib/python3.12/site-packages/airflow/example_dags/example_nested_branch_dag.py
[2024-12-11T05:10:40.081+0000] {processor.py:925} INFO - DAG(s) 'example_nested_branch_dag' retrieved from /home/airflow/.local/lib/python3.12/site-packages/airflow/example_dags/example_nested_branch_dag.py
[2024-12-11T05:10:40.152+0000] {logging_mixin.py:190} INFO - [2024-12-11T05:10:40.151+0000] {dag.py:3239} INFO - Sync 1 DAGs
[2024-12-11T05:10:40.236+0000] {logging_mixin.py:190} INFO - [2024-12-11T05:10:40.235+0000] {dag.py:4180} INFO - Setting next_dagrun for example_nested_branch_dag to 2024-12-10 00:00:00+00:00, run_after=2024-12-11 00:00:00+00:00
[2024-12-11T05:10:40.356+0000] {processor.py:208} INFO - Processing /home/airflow/.local/lib/python3.12/site-packages/airflow/example_dags/example_nested_branch_dag.py took 0.342 seconds
[2024-12-11T05:17:32.099+0000] {processor.py:186} INFO - Started process (PID=960) to work on /home/airflow/.local/lib/python3.12/site-packages/airflow/example_dags/example_nested_branch_dag.py
[2024-12-11T05:17:32.101+0000] {processor.py:914} INFO - Processing file /home/airflow/.local/lib/python3.12/site-packages/airflow/example_dags/example_nested_branch_dag.py for tasks to queue
[2024-12-11T05:17:32.106+0000] {logging_mixin.py:190} INFO - [2024-12-11T05:17:32.105+0000] {dagbag.py:588} INFO - Filling up the DagBag from /home/airflow/.local/lib/python3.12/site-packages/airflow/example_dags/example_nested_branch_dag.py
[2024-12-11T05:17:32.143+0000] {processor.py:925} INFO - DAG(s) 'example_nested_branch_dag' retrieved from /home/airflow/.local/lib/python3.12/site-packages/airflow/example_dags/example_nested_branch_dag.py
[2024-12-11T05:17:32.252+0000] {logging_mixin.py:190} INFO - [2024-12-11T05:17:32.251+0000] {dag.py:3239} INFO - Sync 1 DAGs
[2024-12-11T05:17:32.367+0000] {logging_mixin.py:190} INFO - [2024-12-11T05:17:32.367+0000] {dag.py:4180} INFO - Setting next_dagrun for example_nested_branch_dag to 2024-12-10 00:00:00+00:00, run_after=2024-12-11 00:00:00+00:00
[2024-12-11T05:17:32.412+0000] {processor.py:208} INFO - Processing /home/airflow/.local/lib/python3.12/site-packages/airflow/example_dags/example_nested_branch_dag.py took 0.330 seconds
[2024-12-11T05:18:03.360+0000] {processor.py:186} INFO - Started process (PID=1022) to work on /home/airflow/.local/lib/python3.12/site-packages/airflow/example_dags/example_nested_branch_dag.py
[2024-12-11T05:18:03.362+0000] {processor.py:914} INFO - Processing file /home/airflow/.local/lib/python3.12/site-packages/airflow/example_dags/example_nested_branch_dag.py for tasks to queue
[2024-12-11T05:18:03.364+0000] {logging_mixin.py:190} INFO - [2024-12-11T05:18:03.363+0000] {dagbag.py:588} INFO - Filling up the DagBag from /home/airflow/.local/lib/python3.12/site-packages/airflow/example_dags/example_nested_branch_dag.py
[2024-12-11T05:18:03.397+0000] {processor.py:925} INFO - DAG(s) 'example_nested_branch_dag' retrieved from /home/airflow/.local/lib/python3.12/site-packages/airflow/example_dags/example_nested_branch_dag.py
[2024-12-11T05:18:03.443+0000] {logging_mixin.py:190} INFO - [2024-12-11T05:18:03.442+0000] {dag.py:3239} INFO - Sync 1 DAGs
[2024-12-11T05:18:03.497+0000] {logging_mixin.py:190} INFO - [2024-12-11T05:18:03.497+0000] {dag.py:4180} INFO - Setting next_dagrun for example_nested_branch_dag to 2024-12-10 00:00:00+00:00, run_after=2024-12-11 00:00:00+00:00
[2024-12-11T05:18:03.540+0000] {processor.py:208} INFO - Processing /home/airflow/.local/lib/python3.12/site-packages/airflow/example_dags/example_nested_branch_dag.py took 0.191 seconds
[2024-12-11T05:18:33.907+0000] {processor.py:186} INFO - Started process (PID=1085) to work on /home/airflow/.local/lib/python3.12/site-packages/airflow/example_dags/example_nested_branch_dag.py
[2024-12-11T05:18:33.909+0000] {processor.py:914} INFO - Processing file /home/airflow/.local/lib/python3.12/site-packages/airflow/example_dags/example_nested_branch_dag.py for tasks to queue
[2024-12-11T05:18:33.913+0000] {logging_mixin.py:190} INFO - [2024-12-11T05:18:33.912+0000] {dagbag.py:588} INFO - Filling up the DagBag from /home/airflow/.local/lib/python3.12/site-packages/airflow/example_dags/example_nested_branch_dag.py
[2024-12-11T05:18:33.942+0000] {processor.py:925} INFO - DAG(s) 'example_nested_branch_dag' retrieved from /home/airflow/.local/lib/python3.12/site-packages/airflow/example_dags/example_nested_branch_dag.py
[2024-12-11T05:18:34.000+0000] {logging_mixin.py:190} INFO - [2024-12-11T05:18:33.999+0000] {dag.py:3239} INFO - Sync 1 DAGs
[2024-12-11T05:18:34.067+0000] {logging_mixin.py:190} INFO - [2024-12-11T05:18:34.067+0000] {dag.py:4180} INFO - Setting next_dagrun for example_nested_branch_dag to 2024-12-10 00:00:00+00:00, run_after=2024-12-11 00:00:00+00:00
[2024-12-11T05:18:34.120+0000] {processor.py:208} INFO - Processing /home/airflow/.local/lib/python3.12/site-packages/airflow/example_dags/example_nested_branch_dag.py took 0.225 seconds
[2024-12-11T05:19:04.863+0000] {processor.py:186} INFO - Started process (PID=1148) to work on /home/airflow/.local/lib/python3.12/site-packages/airflow/example_dags/example_nested_branch_dag.py
[2024-12-11T05:19:04.865+0000] {processor.py:914} INFO - Processing file /home/airflow/.local/lib/python3.12/site-packages/airflow/example_dags/example_nested_branch_dag.py for tasks to queue
[2024-12-11T05:19:04.868+0000] {logging_mixin.py:190} INFO - [2024-12-11T05:19:04.867+0000] {dagbag.py:588} INFO - Filling up the DagBag from /home/airflow/.local/lib/python3.12/site-packages/airflow/example_dags/example_nested_branch_dag.py
[2024-12-11T05:19:04.887+0000] {processor.py:925} INFO - DAG(s) 'example_nested_branch_dag' retrieved from /home/airflow/.local/lib/python3.12/site-packages/airflow/example_dags/example_nested_branch_dag.py
[2024-12-11T05:19:04.925+0000] {logging_mixin.py:190} INFO - [2024-12-11T05:19:04.925+0000] {dag.py:3239} INFO - Sync 1 DAGs
[2024-12-11T05:19:04.972+0000] {logging_mixin.py:190} INFO - [2024-12-11T05:19:04.972+0000] {dag.py:4180} INFO - Setting next_dagrun for example_nested_branch_dag to 2024-12-10 00:00:00+00:00, run_after=2024-12-11 00:00:00+00:00
[2024-12-11T05:19:05.011+0000] {processor.py:208} INFO - Processing /home/airflow/.local/lib/python3.12/site-packages/airflow/example_dags/example_nested_branch_dag.py took 0.157 seconds
[2024-12-11T05:19:35.457+0000] {processor.py:186} INFO - Started process (PID=1211) to work on /home/airflow/.local/lib/python3.12/site-packages/airflow/example_dags/example_nested_branch_dag.py
[2024-12-11T05:19:35.460+0000] {processor.py:914} INFO - Processing file /home/airflow/.local/lib/python3.12/site-packages/airflow/example_dags/example_nested_branch_dag.py for tasks to queue
[2024-12-11T05:19:35.463+0000] {logging_mixin.py:190} INFO - [2024-12-11T05:19:35.463+0000] {dagbag.py:588} INFO - Filling up the DagBag from /home/airflow/.local/lib/python3.12/site-packages/airflow/example_dags/example_nested_branch_dag.py
[2024-12-11T05:19:35.489+0000] {processor.py:925} INFO - DAG(s) 'example_nested_branch_dag' retrieved from /home/airflow/.local/lib/python3.12/site-packages/airflow/example_dags/example_nested_branch_dag.py
[2024-12-11T05:19:35.559+0000] {logging_mixin.py:190} INFO - [2024-12-11T05:19:35.558+0000] {dag.py:3239} INFO - Sync 1 DAGs
[2024-12-11T05:19:35.624+0000] {logging_mixin.py:190} INFO - [2024-12-11T05:19:35.624+0000] {dag.py:4180} INFO - Setting next_dagrun for example_nested_branch_dag to 2024-12-10 00:00:00+00:00, run_after=2024-12-11 00:00:00+00:00
[2024-12-11T05:19:35.671+0000] {processor.py:208} INFO - Processing /home/airflow/.local/lib/python3.12/site-packages/airflow/example_dags/example_nested_branch_dag.py took 0.230 seconds
[2024-12-11T05:20:06.453+0000] {processor.py:186} INFO - Started process (PID=1274) to work on /home/airflow/.local/lib/python3.12/site-packages/airflow/example_dags/example_nested_branch_dag.py
[2024-12-11T05:20:06.455+0000] {processor.py:914} INFO - Processing file /home/airflow/.local/lib/python3.12/site-packages/airflow/example_dags/example_nested_branch_dag.py for tasks to queue
[2024-12-11T05:20:06.459+0000] {logging_mixin.py:190} INFO - [2024-12-11T05:20:06.458+0000] {dagbag.py:588} INFO - Filling up the DagBag from /home/airflow/.local/lib/python3.12/site-packages/airflow/example_dags/example_nested_branch_dag.py
[2024-12-11T05:20:06.492+0000] {processor.py:925} INFO - DAG(s) 'example_nested_branch_dag' retrieved from /home/airflow/.local/lib/python3.12/site-packages/airflow/example_dags/example_nested_branch_dag.py
[2024-12-11T05:20:06.567+0000] {logging_mixin.py:190} INFO - [2024-12-11T05:20:06.566+0000] {dag.py:3239} INFO - Sync 1 DAGs
[2024-12-11T05:20:06.653+0000] {logging_mixin.py:190} INFO - [2024-12-11T05:20:06.652+0000] {dag.py:4180} INFO - Setting next_dagrun for example_nested_branch_dag to 2024-12-10 00:00:00+00:00, run_after=2024-12-11 00:00:00+00:00
[2024-12-11T05:20:06.714+0000] {processor.py:208} INFO - Processing /home/airflow/.local/lib/python3.12/site-packages/airflow/example_dags/example_nested_branch_dag.py took 0.278 seconds
[2024-12-11T05:23:13.370+0000] {processor.py:186} INFO - Started process (PID=1337) to work on /home/airflow/.local/lib/python3.12/site-packages/airflow/example_dags/example_nested_branch_dag.py
[2024-12-11T05:23:13.376+0000] {processor.py:914} INFO - Processing file /home/airflow/.local/lib/python3.12/site-packages/airflow/example_dags/example_nested_branch_dag.py for tasks to queue
[2024-12-11T05:23:13.381+0000] {logging_mixin.py:190} INFO - [2024-12-11T05:23:13.380+0000] {dagbag.py:588} INFO - Filling up the DagBag from /home/airflow/.local/lib/python3.12/site-packages/airflow/example_dags/example_nested_branch_dag.py
[2024-12-11T05:23:13.434+0000] {processor.py:925} INFO - DAG(s) 'example_nested_branch_dag' retrieved from /home/airflow/.local/lib/python3.12/site-packages/airflow/example_dags/example_nested_branch_dag.py
[2024-12-11T05:23:13.525+0000] {logging_mixin.py:190} INFO - [2024-12-11T05:23:13.524+0000] {dag.py:3239} INFO - Sync 1 DAGs
[2024-12-11T05:23:13.615+0000] {logging_mixin.py:190} INFO - [2024-12-11T05:23:13.615+0000] {dag.py:4180} INFO - Setting next_dagrun for example_nested_branch_dag to 2024-12-10 00:00:00+00:00, run_after=2024-12-11 00:00:00+00:00
[2024-12-11T05:23:13.668+0000] {processor.py:208} INFO - Processing /home/airflow/.local/lib/python3.12/site-packages/airflow/example_dags/example_nested_branch_dag.py took 0.317 seconds
[2024-12-11T05:23:44.840+0000] {processor.py:186} INFO - Started process (PID=1400) to work on /home/airflow/.local/lib/python3.12/site-packages/airflow/example_dags/example_nested_branch_dag.py
[2024-12-11T05:23:44.843+0000] {processor.py:914} INFO - Processing file /home/airflow/.local/lib/python3.12/site-packages/airflow/example_dags/example_nested_branch_dag.py for tasks to queue
[2024-12-11T05:23:44.848+0000] {logging_mixin.py:190} INFO - [2024-12-11T05:23:44.847+0000] {dagbag.py:588} INFO - Filling up the DagBag from /home/airflow/.local/lib/python3.12/site-packages/airflow/example_dags/example_nested_branch_dag.py
[2024-12-11T05:23:44.887+0000] {processor.py:925} INFO - DAG(s) 'example_nested_branch_dag' retrieved from /home/airflow/.local/lib/python3.12/site-packages/airflow/example_dags/example_nested_branch_dag.py
[2024-12-11T05:23:44.954+0000] {logging_mixin.py:190} INFO - [2024-12-11T05:23:44.954+0000] {dag.py:3239} INFO - Sync 1 DAGs
[2024-12-11T05:23:45.042+0000] {logging_mixin.py:190} INFO - [2024-12-11T05:23:45.041+0000] {dag.py:4180} INFO - Setting next_dagrun for example_nested_branch_dag to 2024-12-10 00:00:00+00:00, run_after=2024-12-11 00:00:00+00:00
[2024-12-11T05:23:45.104+0000] {processor.py:208} INFO - Processing /home/airflow/.local/lib/python3.12/site-packages/airflow/example_dags/example_nested_branch_dag.py took 0.283 seconds
[2024-12-11T05:24:55.879+0000] {processor.py:186} INFO - Started process (PID=1450) to work on /home/airflow/.local/lib/python3.12/site-packages/airflow/example_dags/example_nested_branch_dag.py
[2024-12-11T05:24:55.881+0000] {processor.py:914} INFO - Processing file /home/airflow/.local/lib/python3.12/site-packages/airflow/example_dags/example_nested_branch_dag.py for tasks to queue
[2024-12-11T05:24:55.883+0000] {logging_mixin.py:190} INFO - [2024-12-11T05:24:55.882+0000] {dagbag.py:588} INFO - Filling up the DagBag from /home/airflow/.local/lib/python3.12/site-packages/airflow/example_dags/example_nested_branch_dag.py
[2024-12-11T05:24:55.902+0000] {processor.py:925} INFO - DAG(s) 'example_nested_branch_dag' retrieved from /home/airflow/.local/lib/python3.12/site-packages/airflow/example_dags/example_nested_branch_dag.py
[2024-12-11T05:24:55.938+0000] {logging_mixin.py:190} INFO - [2024-12-11T05:24:55.937+0000] {dag.py:3239} INFO - Sync 1 DAGs
[2024-12-11T05:24:55.984+0000] {logging_mixin.py:190} INFO - [2024-12-11T05:24:55.984+0000] {dag.py:4180} INFO - Setting next_dagrun for example_nested_branch_dag to 2024-12-10 00:00:00+00:00, run_after=2024-12-11 00:00:00+00:00
[2024-12-11T05:24:56.016+0000] {processor.py:208} INFO - Processing /home/airflow/.local/lib/python3.12/site-packages/airflow/example_dags/example_nested_branch_dag.py took 0.147 seconds
[2024-12-11T05:25:32.425+0000] {processor.py:186} INFO - Started process (PID=1513) to work on /home/airflow/.local/lib/python3.12/site-packages/airflow/example_dags/example_nested_branch_dag.py
[2024-12-11T05:25:32.427+0000] {processor.py:914} INFO - Processing file /home/airflow/.local/lib/python3.12/site-packages/airflow/example_dags/example_nested_branch_dag.py for tasks to queue
[2024-12-11T05:25:32.431+0000] {logging_mixin.py:190} INFO - [2024-12-11T05:25:32.430+0000] {dagbag.py:588} INFO - Filling up the DagBag from /home/airflow/.local/lib/python3.12/site-packages/airflow/example_dags/example_nested_branch_dag.py
[2024-12-11T05:25:32.465+0000] {processor.py:925} INFO - DAG(s) 'example_nested_branch_dag' retrieved from /home/airflow/.local/lib/python3.12/site-packages/airflow/example_dags/example_nested_branch_dag.py
[2024-12-11T05:25:32.529+0000] {logging_mixin.py:190} INFO - [2024-12-11T05:25:32.527+0000] {dag.py:3239} INFO - Sync 1 DAGs
[2024-12-11T05:25:32.600+0000] {logging_mixin.py:190} INFO - [2024-12-11T05:25:32.599+0000] {dag.py:4180} INFO - Setting next_dagrun for example_nested_branch_dag to 2024-12-10 00:00:00+00:00, run_after=2024-12-11 00:00:00+00:00
[2024-12-11T05:25:32.679+0000] {processor.py:208} INFO - Processing /home/airflow/.local/lib/python3.12/site-packages/airflow/example_dags/example_nested_branch_dag.py took 0.269 seconds
[2024-12-11T05:26:05.274+0000] {processor.py:186} INFO - Started process (PID=1576) to work on /home/airflow/.local/lib/python3.12/site-packages/airflow/example_dags/example_nested_branch_dag.py
[2024-12-11T05:26:05.277+0000] {processor.py:914} INFO - Processing file /home/airflow/.local/lib/python3.12/site-packages/airflow/example_dags/example_nested_branch_dag.py for tasks to queue
[2024-12-11T05:26:05.283+0000] {logging_mixin.py:190} INFO - [2024-12-11T05:26:05.281+0000] {dagbag.py:588} INFO - Filling up the DagBag from /home/airflow/.local/lib/python3.12/site-packages/airflow/example_dags/example_nested_branch_dag.py
[2024-12-11T05:26:05.362+0000] {processor.py:925} INFO - DAG(s) 'example_nested_branch_dag' retrieved from /home/airflow/.local/lib/python3.12/site-packages/airflow/example_dags/example_nested_branch_dag.py
[2024-12-11T05:26:05.414+0000] {logging_mixin.py:190} INFO - [2024-12-11T05:26:05.413+0000] {dag.py:3239} INFO - Sync 1 DAGs
[2024-12-11T05:26:05.479+0000] {logging_mixin.py:190} INFO - [2024-12-11T05:26:05.479+0000] {dag.py:4180} INFO - Setting next_dagrun for example_nested_branch_dag to 2024-12-10 00:00:00+00:00, run_after=2024-12-11 00:00:00+00:00
[2024-12-11T05:26:05.527+0000] {processor.py:208} INFO - Processing /home/airflow/.local/lib/python3.12/site-packages/airflow/example_dags/example_nested_branch_dag.py took 0.277 seconds
[2024-12-11T05:27:28.400+0000] {processor.py:186} INFO - Started process (PID=1662) to work on /home/airflow/.local/lib/python3.12/site-packages/airflow/example_dags/example_nested_branch_dag.py
[2024-12-11T05:27:28.403+0000] {processor.py:914} INFO - Processing file /home/airflow/.local/lib/python3.12/site-packages/airflow/example_dags/example_nested_branch_dag.py for tasks to queue
[2024-12-11T05:27:28.413+0000] {logging_mixin.py:190} INFO - [2024-12-11T05:27:28.411+0000] {dagbag.py:588} INFO - Filling up the DagBag from /home/airflow/.local/lib/python3.12/site-packages/airflow/example_dags/example_nested_branch_dag.py
[2024-12-11T05:27:28.461+0000] {processor.py:925} INFO - DAG(s) 'example_nested_branch_dag' retrieved from /home/airflow/.local/lib/python3.12/site-packages/airflow/example_dags/example_nested_branch_dag.py
[2024-12-11T05:27:28.527+0000] {logging_mixin.py:190} INFO - [2024-12-11T05:27:28.526+0000] {dag.py:3239} INFO - Sync 1 DAGs
[2024-12-11T05:27:28.590+0000] {logging_mixin.py:190} INFO - [2024-12-11T05:27:28.589+0000] {dag.py:4180} INFO - Setting next_dagrun for example_nested_branch_dag to 2024-12-10 00:00:00+00:00, run_after=2024-12-11 00:00:00+00:00
[2024-12-11T05:27:28.636+0000] {processor.py:208} INFO - Processing /home/airflow/.local/lib/python3.12/site-packages/airflow/example_dags/example_nested_branch_dag.py took 0.261 seconds
