[2024-12-11T04:56:22.969+0000] {processor.py:186} INFO - Started process (PID=113) to work on /home/airflow/.local/lib/python3.12/site-packages/airflow/example_dags/example_setup_teardown_taskflow.py
[2024-12-11T04:56:22.973+0000] {processor.py:914} INFO - Processing file /home/airflow/.local/lib/python3.12/site-packages/airflow/example_dags/example_setup_teardown_taskflow.py for tasks to queue
[2024-12-11T04:56:22.991+0000] {logging_mixin.py:190} INFO - [2024-12-11T04:56:22.982+0000] {dagbag.py:588} INFO - Filling up the DagBag from /home/airflow/.local/lib/python3.12/site-packages/airflow/example_dags/example_setup_teardown_taskflow.py
[2024-12-11T04:56:23.068+0000] {processor.py:925} INFO - DAG(s) 'example_setup_teardown_taskflow' retrieved from /home/airflow/.local/lib/python3.12/site-packages/airflow/example_dags/example_setup_teardown_taskflow.py
[2024-12-11T04:56:23.561+0000] {logging_mixin.py:190} INFO - [2024-12-11T04:56:23.559+0000] {override.py:1911} INFO - Created Permission View: can delete on DAG:example_setup_teardown_taskflow
[2024-12-11T04:56:23.594+0000] {logging_mixin.py:190} INFO - [2024-12-11T04:56:23.593+0000] {override.py:1911} INFO - Created Permission View: can read on DAG:example_setup_teardown_taskflow
[2024-12-11T04:56:23.616+0000] {logging_mixin.py:190} INFO - [2024-12-11T04:56:23.615+0000] {override.py:1911} INFO - Created Permission View: can edit on DAG:example_setup_teardown_taskflow
[2024-12-11T04:56:23.638+0000] {logging_mixin.py:190} INFO - [2024-12-11T04:56:23.637+0000] {override.py:1911} INFO - Created Permission View: can delete on DAG Run:example_setup_teardown_taskflow
[2024-12-11T04:56:23.661+0000] {logging_mixin.py:190} INFO - [2024-12-11T04:56:23.660+0000] {override.py:1911} INFO - Created Permission View: can read on DAG Run:example_setup_teardown_taskflow
[2024-12-11T04:56:23.679+0000] {logging_mixin.py:190} INFO - [2024-12-11T04:56:23.679+0000] {override.py:1911} INFO - Created Permission View: menu access on DAG Run:example_setup_teardown_taskflow
[2024-12-11T04:56:23.697+0000] {logging_mixin.py:190} INFO - [2024-12-11T04:56:23.696+0000] {override.py:1911} INFO - Created Permission View: can create on DAG Run:example_setup_teardown_taskflow
[2024-12-11T04:56:23.699+0000] {logging_mixin.py:190} INFO - [2024-12-11T04:56:23.698+0000] {dag.py:3239} INFO - Sync 1 DAGs
[2024-12-11T04:56:23.735+0000] {logging_mixin.py:190} INFO - [2024-12-11T04:56:23.734+0000] {dag.py:3262} INFO - Creating ORM DAG for example_setup_teardown_taskflow
[2024-12-11T04:56:23.738+0000] {logging_mixin.py:190} INFO - [2024-12-11T04:56:23.738+0000] {dag.py:4180} INFO - Setting next_dagrun for example_setup_teardown_taskflow to None, run_after=None
[2024-12-11T04:56:23.788+0000] {processor.py:208} INFO - Processing /home/airflow/.local/lib/python3.12/site-packages/airflow/example_dags/example_setup_teardown_taskflow.py took 0.868 seconds
[2024-12-11T04:56:54.846+0000] {processor.py:186} INFO - Started process (PID=175) to work on /home/airflow/.local/lib/python3.12/site-packages/airflow/example_dags/example_setup_teardown_taskflow.py
[2024-12-11T04:56:54.849+0000] {processor.py:914} INFO - Processing file /home/airflow/.local/lib/python3.12/site-packages/airflow/example_dags/example_setup_teardown_taskflow.py for tasks to queue
[2024-12-11T04:56:54.855+0000] {logging_mixin.py:190} INFO - [2024-12-11T04:56:54.854+0000] {dagbag.py:588} INFO - Filling up the DagBag from /home/airflow/.local/lib/python3.12/site-packages/airflow/example_dags/example_setup_teardown_taskflow.py
[2024-12-11T04:56:54.892+0000] {processor.py:925} INFO - DAG(s) 'example_setup_teardown_taskflow' retrieved from /home/airflow/.local/lib/python3.12/site-packages/airflow/example_dags/example_setup_teardown_taskflow.py
[2024-12-11T04:56:54.960+0000] {logging_mixin.py:190} INFO - [2024-12-11T04:56:54.959+0000] {dag.py:3239} INFO - Sync 1 DAGs
[2024-12-11T04:56:55.007+0000] {logging_mixin.py:190} INFO - [2024-12-11T04:56:55.006+0000] {dag.py:4180} INFO - Setting next_dagrun for example_setup_teardown_taskflow to None, run_after=None
[2024-12-11T04:56:55.064+0000] {processor.py:208} INFO - Processing /home/airflow/.local/lib/python3.12/site-packages/airflow/example_dags/example_setup_teardown_taskflow.py took 0.234 seconds
[2024-12-11T05:00:59.367+0000] {processor.py:186} INFO - Started process (PID=244) to work on /home/airflow/.local/lib/python3.12/site-packages/airflow/example_dags/example_setup_teardown_taskflow.py
[2024-12-11T05:00:59.370+0000] {processor.py:914} INFO - Processing file /home/airflow/.local/lib/python3.12/site-packages/airflow/example_dags/example_setup_teardown_taskflow.py for tasks to queue
[2024-12-11T05:00:59.378+0000] {logging_mixin.py:190} INFO - [2024-12-11T05:00:59.377+0000] {dagbag.py:588} INFO - Filling up the DagBag from /home/airflow/.local/lib/python3.12/site-packages/airflow/example_dags/example_setup_teardown_taskflow.py
[2024-12-11T05:00:59.414+0000] {processor.py:925} INFO - DAG(s) 'example_setup_teardown_taskflow' retrieved from /home/airflow/.local/lib/python3.12/site-packages/airflow/example_dags/example_setup_teardown_taskflow.py
[2024-12-11T05:00:59.478+0000] {logging_mixin.py:190} INFO - [2024-12-11T05:00:59.478+0000] {dag.py:3239} INFO - Sync 1 DAGs
[2024-12-11T05:00:59.521+0000] {logging_mixin.py:190} INFO - [2024-12-11T05:00:59.520+0000] {dag.py:4180} INFO - Setting next_dagrun for example_setup_teardown_taskflow to None, run_after=None
[2024-12-11T05:00:59.584+0000] {processor.py:208} INFO - Processing /home/airflow/.local/lib/python3.12/site-packages/airflow/example_dags/example_setup_teardown_taskflow.py took 0.243 seconds
[2024-12-11T05:03:20.197+0000] {processor.py:186} INFO - Started process (PID=335) to work on /home/airflow/.local/lib/python3.12/site-packages/airflow/example_dags/example_setup_teardown_taskflow.py
[2024-12-11T05:03:20.201+0000] {processor.py:914} INFO - Processing file /home/airflow/.local/lib/python3.12/site-packages/airflow/example_dags/example_setup_teardown_taskflow.py for tasks to queue
[2024-12-11T05:03:20.205+0000] {logging_mixin.py:190} INFO - [2024-12-11T05:03:20.203+0000] {dagbag.py:588} INFO - Filling up the DagBag from /home/airflow/.local/lib/python3.12/site-packages/airflow/example_dags/example_setup_teardown_taskflow.py
[2024-12-11T05:03:20.248+0000] {processor.py:925} INFO - DAG(s) 'example_setup_teardown_taskflow' retrieved from /home/airflow/.local/lib/python3.12/site-packages/airflow/example_dags/example_setup_teardown_taskflow.py
[2024-12-11T05:03:20.317+0000] {logging_mixin.py:190} INFO - [2024-12-11T05:03:20.316+0000] {dag.py:3239} INFO - Sync 1 DAGs
[2024-12-11T05:03:20.364+0000] {logging_mixin.py:190} INFO - [2024-12-11T05:03:20.364+0000] {dag.py:4180} INFO - Setting next_dagrun for example_setup_teardown_taskflow to None, run_after=None
[2024-12-11T05:03:20.424+0000] {processor.py:208} INFO - Processing /home/airflow/.local/lib/python3.12/site-packages/airflow/example_dags/example_setup_teardown_taskflow.py took 0.247 seconds
[2024-12-11T05:03:50.577+0000] {processor.py:186} INFO - Started process (PID=396) to work on /home/airflow/.local/lib/python3.12/site-packages/airflow/example_dags/example_setup_teardown_taskflow.py
[2024-12-11T05:03:50.579+0000] {processor.py:914} INFO - Processing file /home/airflow/.local/lib/python3.12/site-packages/airflow/example_dags/example_setup_teardown_taskflow.py for tasks to queue
[2024-12-11T05:03:50.582+0000] {logging_mixin.py:190} INFO - [2024-12-11T05:03:50.581+0000] {dagbag.py:588} INFO - Filling up the DagBag from /home/airflow/.local/lib/python3.12/site-packages/airflow/example_dags/example_setup_teardown_taskflow.py
[2024-12-11T05:03:50.605+0000] {processor.py:925} INFO - DAG(s) 'example_setup_teardown_taskflow' retrieved from /home/airflow/.local/lib/python3.12/site-packages/airflow/example_dags/example_setup_teardown_taskflow.py
[2024-12-11T05:03:50.658+0000] {logging_mixin.py:190} INFO - [2024-12-11T05:03:50.657+0000] {dag.py:3239} INFO - Sync 1 DAGs
[2024-12-11T05:03:50.694+0000] {logging_mixin.py:190} INFO - [2024-12-11T05:03:50.694+0000] {dag.py:4180} INFO - Setting next_dagrun for example_setup_teardown_taskflow to None, run_after=None
[2024-12-11T05:03:50.738+0000] {processor.py:208} INFO - Processing /home/airflow/.local/lib/python3.12/site-packages/airflow/example_dags/example_setup_teardown_taskflow.py took 0.173 seconds
[2024-12-11T05:05:38.983+0000] {processor.py:186} INFO - Started process (PID=466) to work on /home/airflow/.local/lib/python3.12/site-packages/airflow/example_dags/example_setup_teardown_taskflow.py
[2024-12-11T05:05:38.985+0000] {processor.py:914} INFO - Processing file /home/airflow/.local/lib/python3.12/site-packages/airflow/example_dags/example_setup_teardown_taskflow.py for tasks to queue
[2024-12-11T05:05:38.988+0000] {logging_mixin.py:190} INFO - [2024-12-11T05:05:38.988+0000] {dagbag.py:588} INFO - Filling up the DagBag from /home/airflow/.local/lib/python3.12/site-packages/airflow/example_dags/example_setup_teardown_taskflow.py
[2024-12-11T05:05:39.015+0000] {processor.py:925} INFO - DAG(s) 'example_setup_teardown_taskflow' retrieved from /home/airflow/.local/lib/python3.12/site-packages/airflow/example_dags/example_setup_teardown_taskflow.py
[2024-12-11T05:05:39.092+0000] {logging_mixin.py:190} INFO - [2024-12-11T05:05:39.091+0000] {dag.py:3239} INFO - Sync 1 DAGs
[2024-12-11T05:05:39.130+0000] {logging_mixin.py:190} INFO - [2024-12-11T05:05:39.130+0000] {dag.py:4180} INFO - Setting next_dagrun for example_setup_teardown_taskflow to None, run_after=None
[2024-12-11T05:05:39.175+0000] {processor.py:208} INFO - Processing /home/airflow/.local/lib/python3.12/site-packages/airflow/example_dags/example_setup_teardown_taskflow.py took 0.210 seconds
[2024-12-11T05:06:13.669+0000] {processor.py:186} INFO - Started process (PID=529) to work on /home/airflow/.local/lib/python3.12/site-packages/airflow/example_dags/example_setup_teardown_taskflow.py
[2024-12-11T05:06:13.673+0000] {processor.py:914} INFO - Processing file /home/airflow/.local/lib/python3.12/site-packages/airflow/example_dags/example_setup_teardown_taskflow.py for tasks to queue
[2024-12-11T05:06:13.686+0000] {logging_mixin.py:190} INFO - [2024-12-11T05:06:13.680+0000] {dagbag.py:588} INFO - Filling up the DagBag from /home/airflow/.local/lib/python3.12/site-packages/airflow/example_dags/example_setup_teardown_taskflow.py
[2024-12-11T05:06:13.779+0000] {processor.py:925} INFO - DAG(s) 'example_setup_teardown_taskflow' retrieved from /home/airflow/.local/lib/python3.12/site-packages/airflow/example_dags/example_setup_teardown_taskflow.py
[2024-12-11T05:06:14.443+0000] {logging_mixin.py:190} INFO - [2024-12-11T05:06:14.416+0000] {dag.py:3239} INFO - Sync 1 DAGs
[2024-12-11T05:06:14.588+0000] {logging_mixin.py:190} INFO - [2024-12-11T05:06:14.587+0000] {dag.py:4180} INFO - Setting next_dagrun for example_setup_teardown_taskflow to None, run_after=None
[2024-12-11T05:06:14.705+0000] {processor.py:208} INFO - Processing /home/airflow/.local/lib/python3.12/site-packages/airflow/example_dags/example_setup_teardown_taskflow.py took 1.074 seconds
[2024-12-11T05:07:36.825+0000] {processor.py:186} INFO - Started process (PID=586) to work on /home/airflow/.local/lib/python3.12/site-packages/airflow/example_dags/example_setup_teardown_taskflow.py
[2024-12-11T05:07:36.827+0000] {processor.py:914} INFO - Processing file /home/airflow/.local/lib/python3.12/site-packages/airflow/example_dags/example_setup_teardown_taskflow.py for tasks to queue
[2024-12-11T05:07:36.830+0000] {logging_mixin.py:190} INFO - [2024-12-11T05:07:36.829+0000] {dagbag.py:588} INFO - Filling up the DagBag from /home/airflow/.local/lib/python3.12/site-packages/airflow/example_dags/example_setup_teardown_taskflow.py
[2024-12-11T05:07:36.861+0000] {processor.py:925} INFO - DAG(s) 'example_setup_teardown_taskflow' retrieved from /home/airflow/.local/lib/python3.12/site-packages/airflow/example_dags/example_setup_teardown_taskflow.py
[2024-12-11T05:07:36.918+0000] {logging_mixin.py:190} INFO - [2024-12-11T05:07:36.918+0000] {dag.py:3239} INFO - Sync 1 DAGs
[2024-12-11T05:07:36.955+0000] {logging_mixin.py:190} INFO - [2024-12-11T05:07:36.954+0000] {dag.py:4180} INFO - Setting next_dagrun for example_setup_teardown_taskflow to None, run_after=None
[2024-12-11T05:07:37.002+0000] {processor.py:208} INFO - Processing /home/airflow/.local/lib/python3.12/site-packages/airflow/example_dags/example_setup_teardown_taskflow.py took 0.190 seconds
[2024-12-11T05:08:09.306+0000] {processor.py:186} INFO - Started process (PID=649) to work on /home/airflow/.local/lib/python3.12/site-packages/airflow/example_dags/example_setup_teardown_taskflow.py
[2024-12-11T05:08:09.308+0000] {processor.py:914} INFO - Processing file /home/airflow/.local/lib/python3.12/site-packages/airflow/example_dags/example_setup_teardown_taskflow.py for tasks to queue
[2024-12-11T05:08:09.311+0000] {logging_mixin.py:190} INFO - [2024-12-11T05:08:09.310+0000] {dagbag.py:588} INFO - Filling up the DagBag from /home/airflow/.local/lib/python3.12/site-packages/airflow/example_dags/example_setup_teardown_taskflow.py
[2024-12-11T05:08:09.334+0000] {processor.py:925} INFO - DAG(s) 'example_setup_teardown_taskflow' retrieved from /home/airflow/.local/lib/python3.12/site-packages/airflow/example_dags/example_setup_teardown_taskflow.py
[2024-12-11T05:08:09.380+0000] {logging_mixin.py:190} INFO - [2024-12-11T05:08:09.379+0000] {dag.py:3239} INFO - Sync 1 DAGs
[2024-12-11T05:08:09.412+0000] {logging_mixin.py:190} INFO - [2024-12-11T05:08:09.412+0000] {dag.py:4180} INFO - Setting next_dagrun for example_setup_teardown_taskflow to None, run_after=None
[2024-12-11T05:08:09.452+0000] {processor.py:208} INFO - Processing /home/airflow/.local/lib/python3.12/site-packages/airflow/example_dags/example_setup_teardown_taskflow.py took 0.156 seconds
[2024-12-11T05:09:30.370+0000] {processor.py:186} INFO - Started process (PID=726) to work on /home/airflow/.local/lib/python3.12/site-packages/airflow/example_dags/example_setup_teardown_taskflow.py
[2024-12-11T05:09:30.374+0000] {processor.py:914} INFO - Processing file /home/airflow/.local/lib/python3.12/site-packages/airflow/example_dags/example_setup_teardown_taskflow.py for tasks to queue
[2024-12-11T05:09:30.377+0000] {logging_mixin.py:190} INFO - [2024-12-11T05:09:30.376+0000] {dagbag.py:588} INFO - Filling up the DagBag from /home/airflow/.local/lib/python3.12/site-packages/airflow/example_dags/example_setup_teardown_taskflow.py
[2024-12-11T05:09:30.412+0000] {processor.py:925} INFO - DAG(s) 'example_setup_teardown_taskflow' retrieved from /home/airflow/.local/lib/python3.12/site-packages/airflow/example_dags/example_setup_teardown_taskflow.py
[2024-12-11T05:09:30.578+0000] {logging_mixin.py:190} INFO - [2024-12-11T05:09:30.577+0000] {dag.py:3239} INFO - Sync 1 DAGs
[2024-12-11T05:09:30.638+0000] {logging_mixin.py:190} INFO - [2024-12-11T05:09:30.638+0000] {dag.py:4180} INFO - Setting next_dagrun for example_setup_teardown_taskflow to None, run_after=None
[2024-12-11T05:09:30.704+0000] {processor.py:208} INFO - Processing /home/airflow/.local/lib/python3.12/site-packages/airflow/example_dags/example_setup_teardown_taskflow.py took 0.354 seconds
[2024-12-11T05:10:01.992+0000] {processor.py:186} INFO - Started process (PID=788) to work on /home/airflow/.local/lib/python3.12/site-packages/airflow/example_dags/example_setup_teardown_taskflow.py
[2024-12-11T05:10:01.995+0000] {processor.py:914} INFO - Processing file /home/airflow/.local/lib/python3.12/site-packages/airflow/example_dags/example_setup_teardown_taskflow.py for tasks to queue
[2024-12-11T05:10:01.999+0000] {logging_mixin.py:190} INFO - [2024-12-11T05:10:01.998+0000] {dagbag.py:588} INFO - Filling up the DagBag from /home/airflow/.local/lib/python3.12/site-packages/airflow/example_dags/example_setup_teardown_taskflow.py
[2024-12-11T05:10:02.028+0000] {processor.py:925} INFO - DAG(s) 'example_setup_teardown_taskflow' retrieved from /home/airflow/.local/lib/python3.12/site-packages/airflow/example_dags/example_setup_teardown_taskflow.py
[2024-12-11T05:10:02.087+0000] {logging_mixin.py:190} INFO - [2024-12-11T05:10:02.086+0000] {dag.py:3239} INFO - Sync 1 DAGs
[2024-12-11T05:10:02.130+0000] {logging_mixin.py:190} INFO - [2024-12-11T05:10:02.130+0000] {dag.py:4180} INFO - Setting next_dagrun for example_setup_teardown_taskflow to None, run_after=None
[2024-12-11T05:10:02.174+0000] {processor.py:208} INFO - Processing /home/airflow/.local/lib/python3.12/site-packages/airflow/example_dags/example_setup_teardown_taskflow.py took 0.194 seconds
[2024-12-11T05:10:35.962+0000] {processor.py:186} INFO - Started process (PID=852) to work on /home/airflow/.local/lib/python3.12/site-packages/airflow/example_dags/example_setup_teardown_taskflow.py
[2024-12-11T05:10:35.965+0000] {processor.py:914} INFO - Processing file /home/airflow/.local/lib/python3.12/site-packages/airflow/example_dags/example_setup_teardown_taskflow.py for tasks to queue
[2024-12-11T05:10:35.968+0000] {logging_mixin.py:190} INFO - [2024-12-11T05:10:35.968+0000] {dagbag.py:588} INFO - Filling up the DagBag from /home/airflow/.local/lib/python3.12/site-packages/airflow/example_dags/example_setup_teardown_taskflow.py
[2024-12-11T05:10:36.001+0000] {processor.py:925} INFO - DAG(s) 'example_setup_teardown_taskflow' retrieved from /home/airflow/.local/lib/python3.12/site-packages/airflow/example_dags/example_setup_teardown_taskflow.py
[2024-12-11T05:10:36.063+0000] {logging_mixin.py:190} INFO - [2024-12-11T05:10:36.063+0000] {dag.py:3239} INFO - Sync 1 DAGs
[2024-12-11T05:10:36.105+0000] {logging_mixin.py:190} INFO - [2024-12-11T05:10:36.105+0000] {dag.py:4180} INFO - Setting next_dagrun for example_setup_teardown_taskflow to None, run_after=None
[2024-12-11T05:10:36.154+0000] {processor.py:208} INFO - Processing /home/airflow/.local/lib/python3.12/site-packages/airflow/example_dags/example_setup_teardown_taskflow.py took 0.209 seconds
[2024-12-11T05:12:15.296+0000] {processor.py:186} INFO - Started process (PID=915) to work on /home/airflow/.local/lib/python3.12/site-packages/airflow/example_dags/example_setup_teardown_taskflow.py
[2024-12-11T05:12:15.299+0000] {processor.py:914} INFO - Processing file /home/airflow/.local/lib/python3.12/site-packages/airflow/example_dags/example_setup_teardown_taskflow.py for tasks to queue
[2024-12-11T05:12:15.302+0000] {logging_mixin.py:190} INFO - [2024-12-11T05:12:15.301+0000] {dagbag.py:588} INFO - Filling up the DagBag from /home/airflow/.local/lib/python3.12/site-packages/airflow/example_dags/example_setup_teardown_taskflow.py
[2024-12-11T05:12:15.390+0000] {processor.py:925} INFO - DAG(s) 'example_setup_teardown_taskflow' retrieved from /home/airflow/.local/lib/python3.12/site-packages/airflow/example_dags/example_setup_teardown_taskflow.py
[2024-12-11T05:12:15.562+0000] {logging_mixin.py:190} INFO - [2024-12-11T05:12:15.561+0000] {dag.py:3239} INFO - Sync 1 DAGs
[2024-12-11T05:12:15.699+0000] {logging_mixin.py:190} INFO - [2024-12-11T05:12:15.699+0000] {dag.py:4180} INFO - Setting next_dagrun for example_setup_teardown_taskflow to None, run_after=None
[2024-12-11T05:12:15.844+0000] {processor.py:208} INFO - Processing /home/airflow/.local/lib/python3.12/site-packages/airflow/example_dags/example_setup_teardown_taskflow.py took 0.568 seconds
[2024-12-11T05:17:41.079+0000] {processor.py:186} INFO - Started process (PID=991) to work on /home/airflow/.local/lib/python3.12/site-packages/airflow/example_dags/example_setup_teardown_taskflow.py
[2024-12-11T05:17:41.081+0000] {processor.py:914} INFO - Processing file /home/airflow/.local/lib/python3.12/site-packages/airflow/example_dags/example_setup_teardown_taskflow.py for tasks to queue
[2024-12-11T05:17:41.084+0000] {logging_mixin.py:190} INFO - [2024-12-11T05:17:41.084+0000] {dagbag.py:588} INFO - Filling up the DagBag from /home/airflow/.local/lib/python3.12/site-packages/airflow/example_dags/example_setup_teardown_taskflow.py
[2024-12-11T05:17:41.110+0000] {processor.py:925} INFO - DAG(s) 'example_setup_teardown_taskflow' retrieved from /home/airflow/.local/lib/python3.12/site-packages/airflow/example_dags/example_setup_teardown_taskflow.py
[2024-12-11T05:17:41.163+0000] {logging_mixin.py:190} INFO - [2024-12-11T05:17:41.162+0000] {dag.py:3239} INFO - Sync 1 DAGs
[2024-12-11T05:17:41.220+0000] {logging_mixin.py:190} INFO - [2024-12-11T05:17:41.220+0000] {dag.py:4180} INFO - Setting next_dagrun for example_setup_teardown_taskflow to None, run_after=None
[2024-12-11T05:17:41.272+0000] {processor.py:208} INFO - Processing /home/airflow/.local/lib/python3.12/site-packages/airflow/example_dags/example_setup_teardown_taskflow.py took 0.206 seconds
[2024-12-11T05:18:21.338+0000] {processor.py:186} INFO - Started process (PID=1062) to work on /home/airflow/.local/lib/python3.12/site-packages/airflow/example_dags/example_setup_teardown_taskflow.py
[2024-12-11T05:18:21.340+0000] {processor.py:914} INFO - Processing file /home/airflow/.local/lib/python3.12/site-packages/airflow/example_dags/example_setup_teardown_taskflow.py for tasks to queue
[2024-12-11T05:18:21.342+0000] {logging_mixin.py:190} INFO - [2024-12-11T05:18:21.342+0000] {dagbag.py:588} INFO - Filling up the DagBag from /home/airflow/.local/lib/python3.12/site-packages/airflow/example_dags/example_setup_teardown_taskflow.py
[2024-12-11T05:18:21.368+0000] {processor.py:925} INFO - DAG(s) 'example_setup_teardown_taskflow' retrieved from /home/airflow/.local/lib/python3.12/site-packages/airflow/example_dags/example_setup_teardown_taskflow.py
[2024-12-11T05:18:21.415+0000] {logging_mixin.py:190} INFO - [2024-12-11T05:18:21.414+0000] {dag.py:3239} INFO - Sync 1 DAGs
[2024-12-11T05:18:21.443+0000] {logging_mixin.py:190} INFO - [2024-12-11T05:18:21.442+0000] {dag.py:4180} INFO - Setting next_dagrun for example_setup_teardown_taskflow to None, run_after=None
[2024-12-11T05:18:21.477+0000] {processor.py:208} INFO - Processing /home/airflow/.local/lib/python3.12/site-packages/airflow/example_dags/example_setup_teardown_taskflow.py took 0.148 seconds
[2024-12-11T05:18:52.134+0000] {processor.py:186} INFO - Started process (PID=1124) to work on /home/airflow/.local/lib/python3.12/site-packages/airflow/example_dags/example_setup_teardown_taskflow.py
[2024-12-11T05:18:52.137+0000] {processor.py:914} INFO - Processing file /home/airflow/.local/lib/python3.12/site-packages/airflow/example_dags/example_setup_teardown_taskflow.py for tasks to queue
[2024-12-11T05:18:52.140+0000] {logging_mixin.py:190} INFO - [2024-12-11T05:18:52.139+0000] {dagbag.py:588} INFO - Filling up the DagBag from /home/airflow/.local/lib/python3.12/site-packages/airflow/example_dags/example_setup_teardown_taskflow.py
[2024-12-11T05:18:52.168+0000] {processor.py:925} INFO - DAG(s) 'example_setup_teardown_taskflow' retrieved from /home/airflow/.local/lib/python3.12/site-packages/airflow/example_dags/example_setup_teardown_taskflow.py
[2024-12-11T05:18:52.223+0000] {logging_mixin.py:190} INFO - [2024-12-11T05:18:52.222+0000] {dag.py:3239} INFO - Sync 1 DAGs
[2024-12-11T05:18:52.261+0000] {logging_mixin.py:190} INFO - [2024-12-11T05:18:52.260+0000] {dag.py:4180} INFO - Setting next_dagrun for example_setup_teardown_taskflow to None, run_after=None
[2024-12-11T05:18:52.305+0000] {processor.py:208} INFO - Processing /home/airflow/.local/lib/python3.12/site-packages/airflow/example_dags/example_setup_teardown_taskflow.py took 0.183 seconds
[2024-12-11T05:19:22.468+0000] {processor.py:186} INFO - Started process (PID=1186) to work on /home/airflow/.local/lib/python3.12/site-packages/airflow/example_dags/example_setup_teardown_taskflow.py
[2024-12-11T05:19:22.470+0000] {processor.py:914} INFO - Processing file /home/airflow/.local/lib/python3.12/site-packages/airflow/example_dags/example_setup_teardown_taskflow.py for tasks to queue
[2024-12-11T05:19:22.472+0000] {logging_mixin.py:190} INFO - [2024-12-11T05:19:22.472+0000] {dagbag.py:588} INFO - Filling up the DagBag from /home/airflow/.local/lib/python3.12/site-packages/airflow/example_dags/example_setup_teardown_taskflow.py
[2024-12-11T05:19:22.493+0000] {processor.py:925} INFO - DAG(s) 'example_setup_teardown_taskflow' retrieved from /home/airflow/.local/lib/python3.12/site-packages/airflow/example_dags/example_setup_teardown_taskflow.py
[2024-12-11T05:19:22.535+0000] {logging_mixin.py:190} INFO - [2024-12-11T05:19:22.534+0000] {dag.py:3239} INFO - Sync 1 DAGs
[2024-12-11T05:19:22.564+0000] {logging_mixin.py:190} INFO - [2024-12-11T05:19:22.564+0000] {dag.py:4180} INFO - Setting next_dagrun for example_setup_teardown_taskflow to None, run_after=None
[2024-12-11T05:19:22.603+0000] {processor.py:208} INFO - Processing /home/airflow/.local/lib/python3.12/site-packages/airflow/example_dags/example_setup_teardown_taskflow.py took 0.143 seconds
[2024-12-11T05:19:53.127+0000] {processor.py:186} INFO - Started process (PID=1248) to work on /home/airflow/.local/lib/python3.12/site-packages/airflow/example_dags/example_setup_teardown_taskflow.py
[2024-12-11T05:19:53.130+0000] {processor.py:914} INFO - Processing file /home/airflow/.local/lib/python3.12/site-packages/airflow/example_dags/example_setup_teardown_taskflow.py for tasks to queue
[2024-12-11T05:19:53.133+0000] {logging_mixin.py:190} INFO - [2024-12-11T05:19:53.132+0000] {dagbag.py:588} INFO - Filling up the DagBag from /home/airflow/.local/lib/python3.12/site-packages/airflow/example_dags/example_setup_teardown_taskflow.py
[2024-12-11T05:19:53.183+0000] {processor.py:925} INFO - DAG(s) 'example_setup_teardown_taskflow' retrieved from /home/airflow/.local/lib/python3.12/site-packages/airflow/example_dags/example_setup_teardown_taskflow.py
[2024-12-11T05:19:53.283+0000] {logging_mixin.py:190} INFO - [2024-12-11T05:19:53.282+0000] {dag.py:3239} INFO - Sync 1 DAGs
[2024-12-11T05:19:53.399+0000] {logging_mixin.py:190} INFO - [2024-12-11T05:19:53.388+0000] {dag.py:4180} INFO - Setting next_dagrun for example_setup_teardown_taskflow to None, run_after=None
[2024-12-11T05:19:53.551+0000] {processor.py:208} INFO - Processing /home/airflow/.local/lib/python3.12/site-packages/airflow/example_dags/example_setup_teardown_taskflow.py took 0.448 seconds
[2024-12-11T05:20:26.112+0000] {processor.py:186} INFO - Started process (PID=1312) to work on /home/airflow/.local/lib/python3.12/site-packages/airflow/example_dags/example_setup_teardown_taskflow.py
[2024-12-11T05:20:26.115+0000] {processor.py:914} INFO - Processing file /home/airflow/.local/lib/python3.12/site-packages/airflow/example_dags/example_setup_teardown_taskflow.py for tasks to queue
[2024-12-11T05:20:26.128+0000] {logging_mixin.py:190} INFO - [2024-12-11T05:20:26.127+0000] {dagbag.py:588} INFO - Filling up the DagBag from /home/airflow/.local/lib/python3.12/site-packages/airflow/example_dags/example_setup_teardown_taskflow.py
[2024-12-11T05:20:26.203+0000] {processor.py:925} INFO - DAG(s) 'example_setup_teardown_taskflow' retrieved from /home/airflow/.local/lib/python3.12/site-packages/airflow/example_dags/example_setup_teardown_taskflow.py
[2024-12-11T05:20:26.328+0000] {logging_mixin.py:190} INFO - [2024-12-11T05:20:26.327+0000] {dag.py:3239} INFO - Sync 1 DAGs
[2024-12-11T05:20:26.408+0000] {logging_mixin.py:190} INFO - [2024-12-11T05:20:26.407+0000] {dag.py:4180} INFO - Setting next_dagrun for example_setup_teardown_taskflow to None, run_after=None
[2024-12-11T05:20:26.517+0000] {processor.py:208} INFO - Processing /home/airflow/.local/lib/python3.12/site-packages/airflow/example_dags/example_setup_teardown_taskflow.py took 0.453 seconds
[2024-12-11T05:23:24.317+0000] {processor.py:186} INFO - Started process (PID=1363) to work on /home/airflow/.local/lib/python3.12/site-packages/airflow/example_dags/example_setup_teardown_taskflow.py
[2024-12-11T05:23:24.321+0000] {processor.py:914} INFO - Processing file /home/airflow/.local/lib/python3.12/site-packages/airflow/example_dags/example_setup_teardown_taskflow.py for tasks to queue
[2024-12-11T05:23:24.327+0000] {logging_mixin.py:190} INFO - [2024-12-11T05:23:24.326+0000] {dagbag.py:588} INFO - Filling up the DagBag from /home/airflow/.local/lib/python3.12/site-packages/airflow/example_dags/example_setup_teardown_taskflow.py
[2024-12-11T05:23:24.356+0000] {processor.py:925} INFO - DAG(s) 'example_setup_teardown_taskflow' retrieved from /home/airflow/.local/lib/python3.12/site-packages/airflow/example_dags/example_setup_teardown_taskflow.py
[2024-12-11T05:23:24.415+0000] {logging_mixin.py:190} INFO - [2024-12-11T05:23:24.415+0000] {dag.py:3239} INFO - Sync 1 DAGs
[2024-12-11T05:23:24.454+0000] {logging_mixin.py:190} INFO - [2024-12-11T05:23:24.454+0000] {dag.py:4180} INFO - Setting next_dagrun for example_setup_teardown_taskflow to None, run_after=None
[2024-12-11T05:23:24.492+0000] {processor.py:208} INFO - Processing /home/airflow/.local/lib/python3.12/site-packages/airflow/example_dags/example_setup_teardown_taskflow.py took 0.201 seconds
[2024-12-11T05:24:54.003+0000] {processor.py:186} INFO - Started process (PID=1437) to work on /home/airflow/.local/lib/python3.12/site-packages/airflow/example_dags/example_setup_teardown_taskflow.py
[2024-12-11T05:24:54.004+0000] {processor.py:914} INFO - Processing file /home/airflow/.local/lib/python3.12/site-packages/airflow/example_dags/example_setup_teardown_taskflow.py for tasks to queue
[2024-12-11T05:24:54.007+0000] {logging_mixin.py:190} INFO - [2024-12-11T05:24:54.006+0000] {dagbag.py:588} INFO - Filling up the DagBag from /home/airflow/.local/lib/python3.12/site-packages/airflow/example_dags/example_setup_teardown_taskflow.py
[2024-12-11T05:24:54.027+0000] {processor.py:925} INFO - DAG(s) 'example_setup_teardown_taskflow' retrieved from /home/airflow/.local/lib/python3.12/site-packages/airflow/example_dags/example_setup_teardown_taskflow.py
[2024-12-11T05:24:54.074+0000] {logging_mixin.py:190} INFO - [2024-12-11T05:24:54.074+0000] {dag.py:3239} INFO - Sync 1 DAGs
[2024-12-11T05:24:54.107+0000] {logging_mixin.py:190} INFO - [2024-12-11T05:24:54.106+0000] {dag.py:4180} INFO - Setting next_dagrun for example_setup_teardown_taskflow to None, run_after=None
[2024-12-11T05:24:54.147+0000] {processor.py:208} INFO - Processing /home/airflow/.local/lib/python3.12/site-packages/airflow/example_dags/example_setup_teardown_taskflow.py took 0.154 seconds
[2024-12-11T05:25:28.460+0000] {processor.py:186} INFO - Started process (PID=1499) to work on /home/airflow/.local/lib/python3.12/site-packages/airflow/example_dags/example_setup_teardown_taskflow.py
[2024-12-11T05:25:28.463+0000] {processor.py:914} INFO - Processing file /home/airflow/.local/lib/python3.12/site-packages/airflow/example_dags/example_setup_teardown_taskflow.py for tasks to queue
[2024-12-11T05:25:28.467+0000] {logging_mixin.py:190} INFO - [2024-12-11T05:25:28.466+0000] {dagbag.py:588} INFO - Filling up the DagBag from /home/airflow/.local/lib/python3.12/site-packages/airflow/example_dags/example_setup_teardown_taskflow.py
[2024-12-11T05:25:28.504+0000] {processor.py:925} INFO - DAG(s) 'example_setup_teardown_taskflow' retrieved from /home/airflow/.local/lib/python3.12/site-packages/airflow/example_dags/example_setup_teardown_taskflow.py
[2024-12-11T05:25:28.553+0000] {logging_mixin.py:190} INFO - [2024-12-11T05:25:28.553+0000] {dag.py:3239} INFO - Sync 1 DAGs
[2024-12-11T05:25:28.591+0000] {logging_mixin.py:190} INFO - [2024-12-11T05:25:28.590+0000] {dag.py:4180} INFO - Setting next_dagrun for example_setup_teardown_taskflow to None, run_after=None
[2024-12-11T05:25:28.633+0000] {processor.py:208} INFO - Processing /home/airflow/.local/lib/python3.12/site-packages/airflow/example_dags/example_setup_teardown_taskflow.py took 0.191 seconds
[2024-12-11T05:26:01.689+0000] {processor.py:186} INFO - Started process (PID=1562) to work on /home/airflow/.local/lib/python3.12/site-packages/airflow/example_dags/example_setup_teardown_taskflow.py
[2024-12-11T05:26:01.691+0000] {processor.py:914} INFO - Processing file /home/airflow/.local/lib/python3.12/site-packages/airflow/example_dags/example_setup_teardown_taskflow.py for tasks to queue
[2024-12-11T05:26:01.693+0000] {logging_mixin.py:190} INFO - [2024-12-11T05:26:01.693+0000] {dagbag.py:588} INFO - Filling up the DagBag from /home/airflow/.local/lib/python3.12/site-packages/airflow/example_dags/example_setup_teardown_taskflow.py
[2024-12-11T05:26:01.723+0000] {processor.py:925} INFO - DAG(s) 'example_setup_teardown_taskflow' retrieved from /home/airflow/.local/lib/python3.12/site-packages/airflow/example_dags/example_setup_teardown_taskflow.py
[2024-12-11T05:26:01.775+0000] {logging_mixin.py:190} INFO - [2024-12-11T05:26:01.774+0000] {dag.py:3239} INFO - Sync 1 DAGs
[2024-12-11T05:26:01.810+0000] {logging_mixin.py:190} INFO - [2024-12-11T05:26:01.809+0000] {dag.py:4180} INFO - Setting next_dagrun for example_setup_teardown_taskflow to None, run_after=None
[2024-12-11T05:26:01.853+0000] {processor.py:208} INFO - Processing /home/airflow/.local/lib/python3.12/site-packages/airflow/example_dags/example_setup_teardown_taskflow.py took 0.178 seconds
[2024-12-11T05:27:25.192+0000] {processor.py:186} INFO - Started process (PID=1649) to work on /home/airflow/.local/lib/python3.12/site-packages/airflow/example_dags/example_setup_teardown_taskflow.py
[2024-12-11T05:27:25.195+0000] {processor.py:914} INFO - Processing file /home/airflow/.local/lib/python3.12/site-packages/airflow/example_dags/example_setup_teardown_taskflow.py for tasks to queue
[2024-12-11T05:27:25.199+0000] {logging_mixin.py:190} INFO - [2024-12-11T05:27:25.198+0000] {dagbag.py:588} INFO - Filling up the DagBag from /home/airflow/.local/lib/python3.12/site-packages/airflow/example_dags/example_setup_teardown_taskflow.py
[2024-12-11T05:27:25.226+0000] {processor.py:925} INFO - DAG(s) 'example_setup_teardown_taskflow' retrieved from /home/airflow/.local/lib/python3.12/site-packages/airflow/example_dags/example_setup_teardown_taskflow.py
[2024-12-11T05:27:25.275+0000] {logging_mixin.py:190} INFO - [2024-12-11T05:27:25.274+0000] {dag.py:3239} INFO - Sync 1 DAGs
[2024-12-11T05:27:25.320+0000] {logging_mixin.py:190} INFO - [2024-12-11T05:27:25.319+0000] {dag.py:4180} INFO - Setting next_dagrun for example_setup_teardown_taskflow to None, run_after=None
[2024-12-11T05:27:25.375+0000] {processor.py:208} INFO - Processing /home/airflow/.local/lib/python3.12/site-packages/airflow/example_dags/example_setup_teardown_taskflow.py took 0.199 seconds
