[2024-12-11T04:56:00.472+0000] {processor.py:186} INFO - Started process (PID=92) to work on /home/airflow/.local/lib/python3.12/site-packages/airflow/example_dags/tutorial_objectstorage.py
[2024-12-11T04:56:00.474+0000] {processor.py:914} INFO - Processing file /home/airflow/.local/lib/python3.12/site-packages/airflow/example_dags/tutorial_objectstorage.py for tasks to queue
[2024-12-11T04:56:00.480+0000] {logging_mixin.py:190} INFO - [2024-12-11T04:56:00.479+0000] {dagbag.py:588} INFO - Filling up the DagBag from /home/airflow/.local/lib/python3.12/site-packages/airflow/example_dags/tutorial_objectstorage.py
[2024-12-11T04:56:00.509+0000] {processor.py:925} INFO - DAG(s) 'tutorial_objectstorage' retrieved from /home/airflow/.local/lib/python3.12/site-packages/airflow/example_dags/tutorial_objectstorage.py
[2024-12-11T04:56:00.880+0000] {logging_mixin.py:190} INFO - [2024-12-11T04:56:00.878+0000] {override.py:1911} INFO - Created Permission View: can delete on DAG:tutorial_objectstorage
[2024-12-11T04:56:00.910+0000] {logging_mixin.py:190} INFO - [2024-12-11T04:56:00.910+0000] {override.py:1911} INFO - Created Permission View: can read on DAG:tutorial_objectstorage
[2024-12-11T04:56:00.936+0000] {logging_mixin.py:190} INFO - [2024-12-11T04:56:00.935+0000] {override.py:1911} INFO - Created Permission View: can edit on DAG:tutorial_objectstorage
[2024-12-11T04:56:00.962+0000] {logging_mixin.py:190} INFO - [2024-12-11T04:56:00.961+0000] {override.py:1911} INFO - Created Permission View: can delete on DAG Run:tutorial_objectstorage
[2024-12-11T04:56:00.986+0000] {logging_mixin.py:190} INFO - [2024-12-11T04:56:00.985+0000] {override.py:1911} INFO - Created Permission View: can read on DAG Run:tutorial_objectstorage
[2024-12-11T04:56:01.011+0000] {logging_mixin.py:190} INFO - [2024-12-11T04:56:01.010+0000] {override.py:1911} INFO - Created Permission View: menu access on DAG Run:tutorial_objectstorage
[2024-12-11T04:56:01.038+0000] {logging_mixin.py:190} INFO - [2024-12-11T04:56:01.037+0000] {override.py:1911} INFO - Created Permission View: can create on DAG Run:tutorial_objectstorage
[2024-12-11T04:56:01.039+0000] {logging_mixin.py:190} INFO - [2024-12-11T04:56:01.039+0000] {dag.py:3239} INFO - Sync 1 DAGs
[2024-12-11T04:56:01.089+0000] {logging_mixin.py:190} INFO - [2024-12-11T04:56:01.087+0000] {dag.py:3262} INFO - Creating ORM DAG for tutorial_objectstorage
[2024-12-11T04:56:01.093+0000] {logging_mixin.py:190} INFO - [2024-12-11T04:56:01.092+0000] {dag.py:4180} INFO - Setting next_dagrun for tutorial_objectstorage to None, run_after=None
[2024-12-11T04:56:01.167+0000] {processor.py:208} INFO - Processing /home/airflow/.local/lib/python3.12/site-packages/airflow/example_dags/tutorial_objectstorage.py took 0.711 seconds
[2024-12-11T04:56:43.437+0000] {processor.py:186} INFO - Started process (PID=156) to work on /home/airflow/.local/lib/python3.12/site-packages/airflow/example_dags/tutorial_objectstorage.py
[2024-12-11T04:56:43.440+0000] {processor.py:914} INFO - Processing file /home/airflow/.local/lib/python3.12/site-packages/airflow/example_dags/tutorial_objectstorage.py for tasks to queue
[2024-12-11T04:56:43.445+0000] {logging_mixin.py:190} INFO - [2024-12-11T04:56:43.444+0000] {dagbag.py:588} INFO - Filling up the DagBag from /home/airflow/.local/lib/python3.12/site-packages/airflow/example_dags/tutorial_objectstorage.py
[2024-12-11T04:56:43.476+0000] {processor.py:925} INFO - DAG(s) 'tutorial_objectstorage' retrieved from /home/airflow/.local/lib/python3.12/site-packages/airflow/example_dags/tutorial_objectstorage.py
[2024-12-11T04:56:43.525+0000] {logging_mixin.py:190} INFO - [2024-12-11T04:56:43.524+0000] {dag.py:3239} INFO - Sync 1 DAGs
[2024-12-11T04:56:43.571+0000] {logging_mixin.py:190} INFO - [2024-12-11T04:56:43.570+0000] {dag.py:4180} INFO - Setting next_dagrun for tutorial_objectstorage to None, run_after=None
[2024-12-11T04:56:43.656+0000] {processor.py:208} INFO - Processing /home/airflow/.local/lib/python3.12/site-packages/airflow/example_dags/tutorial_objectstorage.py took 0.230 seconds
[2024-12-11T05:00:49.277+0000] {processor.py:186} INFO - Started process (PID=230) to work on /home/airflow/.local/lib/python3.12/site-packages/airflow/example_dags/tutorial_objectstorage.py
[2024-12-11T05:00:49.280+0000] {processor.py:914} INFO - Processing file /home/airflow/.local/lib/python3.12/site-packages/airflow/example_dags/tutorial_objectstorage.py for tasks to queue
[2024-12-11T05:00:49.286+0000] {logging_mixin.py:190} INFO - [2024-12-11T05:00:49.285+0000] {dagbag.py:588} INFO - Filling up the DagBag from /home/airflow/.local/lib/python3.12/site-packages/airflow/example_dags/tutorial_objectstorage.py
[2024-12-11T05:00:49.329+0000] {processor.py:925} INFO - DAG(s) 'tutorial_objectstorage' retrieved from /home/airflow/.local/lib/python3.12/site-packages/airflow/example_dags/tutorial_objectstorage.py
[2024-12-11T05:00:49.444+0000] {logging_mixin.py:190} INFO - [2024-12-11T05:00:49.443+0000] {dag.py:3239} INFO - Sync 1 DAGs
[2024-12-11T05:00:49.492+0000] {logging_mixin.py:190} INFO - [2024-12-11T05:00:49.491+0000] {dag.py:4180} INFO - Setting next_dagrun for tutorial_objectstorage to None, run_after=None
[2024-12-11T05:00:49.542+0000] {processor.py:208} INFO - Processing /home/airflow/.local/lib/python3.12/site-packages/airflow/example_dags/tutorial_objectstorage.py took 0.281 seconds
[2024-12-11T05:01:21.408+0000] {processor.py:186} INFO - Started process (PID=293) to work on /home/airflow/.local/lib/python3.12/site-packages/airflow/example_dags/tutorial_objectstorage.py
[2024-12-11T05:01:21.411+0000] {processor.py:914} INFO - Processing file /home/airflow/.local/lib/python3.12/site-packages/airflow/example_dags/tutorial_objectstorage.py for tasks to queue
[2024-12-11T05:01:21.419+0000] {logging_mixin.py:190} INFO - [2024-12-11T05:01:21.418+0000] {dagbag.py:588} INFO - Filling up the DagBag from /home/airflow/.local/lib/python3.12/site-packages/airflow/example_dags/tutorial_objectstorage.py
[2024-12-11T05:01:21.449+0000] {processor.py:925} INFO - DAG(s) 'tutorial_objectstorage' retrieved from /home/airflow/.local/lib/python3.12/site-packages/airflow/example_dags/tutorial_objectstorage.py
[2024-12-11T05:01:21.506+0000] {logging_mixin.py:190} INFO - [2024-12-11T05:01:21.506+0000] {dag.py:3239} INFO - Sync 1 DAGs
[2024-12-11T05:01:21.559+0000] {logging_mixin.py:190} INFO - [2024-12-11T05:01:21.558+0000] {dag.py:4180} INFO - Setting next_dagrun for tutorial_objectstorage to None, run_after=None
[2024-12-11T05:01:21.635+0000] {processor.py:208} INFO - Processing /home/airflow/.local/lib/python3.12/site-packages/airflow/example_dags/tutorial_objectstorage.py took 0.245 seconds
[2024-12-11T05:03:14.701+0000] {processor.py:186} INFO - Started process (PID=319) to work on /home/airflow/.local/lib/python3.12/site-packages/airflow/example_dags/tutorial_objectstorage.py
[2024-12-11T05:03:14.704+0000] {processor.py:914} INFO - Processing file /home/airflow/.local/lib/python3.12/site-packages/airflow/example_dags/tutorial_objectstorage.py for tasks to queue
[2024-12-11T05:03:14.720+0000] {logging_mixin.py:190} INFO - [2024-12-11T05:03:14.711+0000] {dagbag.py:588} INFO - Filling up the DagBag from /home/airflow/.local/lib/python3.12/site-packages/airflow/example_dags/tutorial_objectstorage.py
[2024-12-11T05:03:14.839+0000] {processor.py:925} INFO - DAG(s) 'tutorial_objectstorage' retrieved from /home/airflow/.local/lib/python3.12/site-packages/airflow/example_dags/tutorial_objectstorage.py
[2024-12-11T05:03:15.331+0000] {logging_mixin.py:190} INFO - [2024-12-11T05:03:15.330+0000] {dag.py:3239} INFO - Sync 1 DAGs
[2024-12-11T05:03:15.467+0000] {logging_mixin.py:190} INFO - [2024-12-11T05:03:15.466+0000] {dag.py:4180} INFO - Setting next_dagrun for tutorial_objectstorage to None, run_after=None
[2024-12-11T05:03:15.577+0000] {processor.py:208} INFO - Processing /home/airflow/.local/lib/python3.12/site-packages/airflow/example_dags/tutorial_objectstorage.py took 0.937 seconds
[2024-12-11T05:03:46.102+0000] {processor.py:186} INFO - Started process (PID=381) to work on /home/airflow/.local/lib/python3.12/site-packages/airflow/example_dags/tutorial_objectstorage.py
[2024-12-11T05:03:46.107+0000] {processor.py:914} INFO - Processing file /home/airflow/.local/lib/python3.12/site-packages/airflow/example_dags/tutorial_objectstorage.py for tasks to queue
[2024-12-11T05:03:46.112+0000] {logging_mixin.py:190} INFO - [2024-12-11T05:03:46.110+0000] {dagbag.py:588} INFO - Filling up the DagBag from /home/airflow/.local/lib/python3.12/site-packages/airflow/example_dags/tutorial_objectstorage.py
[2024-12-11T05:03:46.156+0000] {processor.py:925} INFO - DAG(s) 'tutorial_objectstorage' retrieved from /home/airflow/.local/lib/python3.12/site-packages/airflow/example_dags/tutorial_objectstorage.py
[2024-12-11T05:03:46.285+0000] {logging_mixin.py:190} INFO - [2024-12-11T05:03:46.284+0000] {dag.py:3239} INFO - Sync 1 DAGs
[2024-12-11T05:03:46.360+0000] {logging_mixin.py:190} INFO - [2024-12-11T05:03:46.359+0000] {dag.py:4180} INFO - Setting next_dagrun for tutorial_objectstorage to None, run_after=None
[2024-12-11T05:03:46.452+0000] {processor.py:208} INFO - Processing /home/airflow/.local/lib/python3.12/site-packages/airflow/example_dags/tutorial_objectstorage.py took 0.375 seconds
[2024-12-11T05:05:36.560+0000] {processor.py:186} INFO - Started process (PID=455) to work on /home/airflow/.local/lib/python3.12/site-packages/airflow/example_dags/tutorial_objectstorage.py
[2024-12-11T05:05:36.563+0000] {processor.py:914} INFO - Processing file /home/airflow/.local/lib/python3.12/site-packages/airflow/example_dags/tutorial_objectstorage.py for tasks to queue
[2024-12-11T05:05:36.567+0000] {logging_mixin.py:190} INFO - [2024-12-11T05:05:36.565+0000] {dagbag.py:588} INFO - Filling up the DagBag from /home/airflow/.local/lib/python3.12/site-packages/airflow/example_dags/tutorial_objectstorage.py
[2024-12-11T05:05:36.614+0000] {processor.py:925} INFO - DAG(s) 'tutorial_objectstorage' retrieved from /home/airflow/.local/lib/python3.12/site-packages/airflow/example_dags/tutorial_objectstorage.py
[2024-12-11T05:05:36.671+0000] {logging_mixin.py:190} INFO - [2024-12-11T05:05:36.670+0000] {dag.py:3239} INFO - Sync 1 DAGs
[2024-12-11T05:05:36.722+0000] {logging_mixin.py:190} INFO - [2024-12-11T05:05:36.721+0000] {dag.py:4180} INFO - Setting next_dagrun for tutorial_objectstorage to None, run_after=None
[2024-12-11T05:05:36.773+0000] {processor.py:208} INFO - Processing /home/airflow/.local/lib/python3.12/site-packages/airflow/example_dags/tutorial_objectstorage.py took 0.242 seconds
[2024-12-11T05:06:07.749+0000] {processor.py:186} INFO - Started process (PID=517) to work on /home/airflow/.local/lib/python3.12/site-packages/airflow/example_dags/tutorial_objectstorage.py
[2024-12-11T05:06:07.751+0000] {processor.py:914} INFO - Processing file /home/airflow/.local/lib/python3.12/site-packages/airflow/example_dags/tutorial_objectstorage.py for tasks to queue
[2024-12-11T05:06:07.754+0000] {logging_mixin.py:190} INFO - [2024-12-11T05:06:07.753+0000] {dagbag.py:588} INFO - Filling up the DagBag from /home/airflow/.local/lib/python3.12/site-packages/airflow/example_dags/tutorial_objectstorage.py
[2024-12-11T05:06:07.775+0000] {processor.py:925} INFO - DAG(s) 'tutorial_objectstorage' retrieved from /home/airflow/.local/lib/python3.12/site-packages/airflow/example_dags/tutorial_objectstorage.py
[2024-12-11T05:06:07.850+0000] {logging_mixin.py:190} INFO - [2024-12-11T05:06:07.849+0000] {dag.py:3239} INFO - Sync 1 DAGs
[2024-12-11T05:06:07.897+0000] {logging_mixin.py:190} INFO - [2024-12-11T05:06:07.896+0000] {dag.py:4180} INFO - Setting next_dagrun for tutorial_objectstorage to None, run_after=None
[2024-12-11T05:06:07.984+0000] {processor.py:208} INFO - Processing /home/airflow/.local/lib/python3.12/site-packages/airflow/example_dags/tutorial_objectstorage.py took 0.249 seconds
[2024-12-11T05:07:32.310+0000] {processor.py:186} INFO - Started process (PID=574) to work on /home/airflow/.local/lib/python3.12/site-packages/airflow/example_dags/tutorial_objectstorage.py
[2024-12-11T05:07:32.312+0000] {processor.py:914} INFO - Processing file /home/airflow/.local/lib/python3.12/site-packages/airflow/example_dags/tutorial_objectstorage.py for tasks to queue
[2024-12-11T05:07:32.317+0000] {logging_mixin.py:190} INFO - [2024-12-11T05:07:32.316+0000] {dagbag.py:588} INFO - Filling up the DagBag from /home/airflow/.local/lib/python3.12/site-packages/airflow/example_dags/tutorial_objectstorage.py
[2024-12-11T05:07:32.343+0000] {processor.py:925} INFO - DAG(s) 'tutorial_objectstorage' retrieved from /home/airflow/.local/lib/python3.12/site-packages/airflow/example_dags/tutorial_objectstorage.py
[2024-12-11T05:07:32.381+0000] {logging_mixin.py:190} INFO - [2024-12-11T05:07:32.381+0000] {dag.py:3239} INFO - Sync 1 DAGs
[2024-12-11T05:07:32.415+0000] {logging_mixin.py:190} INFO - [2024-12-11T05:07:32.414+0000] {dag.py:4180} INFO - Setting next_dagrun for tutorial_objectstorage to None, run_after=None
[2024-12-11T05:07:32.463+0000] {processor.py:208} INFO - Processing /home/airflow/.local/lib/python3.12/site-packages/airflow/example_dags/tutorial_objectstorage.py took 0.166 seconds
[2024-12-11T05:08:04.144+0000] {processor.py:186} INFO - Started process (PID=637) to work on /home/airflow/.local/lib/python3.12/site-packages/airflow/example_dags/tutorial_objectstorage.py
[2024-12-11T05:08:04.148+0000] {processor.py:914} INFO - Processing file /home/airflow/.local/lib/python3.12/site-packages/airflow/example_dags/tutorial_objectstorage.py for tasks to queue
[2024-12-11T05:08:04.152+0000] {logging_mixin.py:190} INFO - [2024-12-11T05:08:04.151+0000] {dagbag.py:588} INFO - Filling up the DagBag from /home/airflow/.local/lib/python3.12/site-packages/airflow/example_dags/tutorial_objectstorage.py
[2024-12-11T05:08:04.185+0000] {processor.py:925} INFO - DAG(s) 'tutorial_objectstorage' retrieved from /home/airflow/.local/lib/python3.12/site-packages/airflow/example_dags/tutorial_objectstorage.py
[2024-12-11T05:08:04.264+0000] {logging_mixin.py:190} INFO - [2024-12-11T05:08:04.264+0000] {dag.py:3239} INFO - Sync 1 DAGs
[2024-12-11T05:08:04.337+0000] {logging_mixin.py:190} INFO - [2024-12-11T05:08:04.336+0000] {dag.py:4180} INFO - Setting next_dagrun for tutorial_objectstorage to None, run_after=None
[2024-12-11T05:08:04.428+0000] {processor.py:208} INFO - Processing /home/airflow/.local/lib/python3.12/site-packages/airflow/example_dags/tutorial_objectstorage.py took 0.305 seconds
[2024-12-11T05:09:19.370+0000] {processor.py:186} INFO - Started process (PID=700) to work on /home/airflow/.local/lib/python3.12/site-packages/airflow/example_dags/tutorial_objectstorage.py
[2024-12-11T05:09:19.384+0000] {processor.py:914} INFO - Processing file /home/airflow/.local/lib/python3.12/site-packages/airflow/example_dags/tutorial_objectstorage.py for tasks to queue
[2024-12-11T05:09:19.388+0000] {logging_mixin.py:190} INFO - [2024-12-11T05:09:19.387+0000] {dagbag.py:588} INFO - Filling up the DagBag from /home/airflow/.local/lib/python3.12/site-packages/airflow/example_dags/tutorial_objectstorage.py
[2024-12-11T05:09:19.587+0000] {processor.py:925} INFO - DAG(s) 'tutorial_objectstorage' retrieved from /home/airflow/.local/lib/python3.12/site-packages/airflow/example_dags/tutorial_objectstorage.py
[2024-12-11T05:09:19.915+0000] {logging_mixin.py:190} INFO - [2024-12-11T05:09:19.914+0000] {dag.py:3239} INFO - Sync 1 DAGs
[2024-12-11T05:09:20.271+0000] {logging_mixin.py:190} INFO - [2024-12-11T05:09:20.270+0000] {dag.py:4180} INFO - Setting next_dagrun for tutorial_objectstorage to None, run_after=None
[2024-12-11T05:09:20.409+0000] {processor.py:208} INFO - Processing /home/airflow/.local/lib/python3.12/site-packages/airflow/example_dags/tutorial_objectstorage.py took 1.083 seconds
[2024-12-11T05:09:51.196+0000] {processor.py:186} INFO - Started process (PID=768) to work on /home/airflow/.local/lib/python3.12/site-packages/airflow/example_dags/tutorial_objectstorage.py
[2024-12-11T05:09:51.198+0000] {processor.py:914} INFO - Processing file /home/airflow/.local/lib/python3.12/site-packages/airflow/example_dags/tutorial_objectstorage.py for tasks to queue
[2024-12-11T05:09:51.201+0000] {logging_mixin.py:190} INFO - [2024-12-11T05:09:51.200+0000] {dagbag.py:588} INFO - Filling up the DagBag from /home/airflow/.local/lib/python3.12/site-packages/airflow/example_dags/tutorial_objectstorage.py
[2024-12-11T05:09:51.230+0000] {processor.py:925} INFO - DAG(s) 'tutorial_objectstorage' retrieved from /home/airflow/.local/lib/python3.12/site-packages/airflow/example_dags/tutorial_objectstorage.py
[2024-12-11T05:09:51.276+0000] {logging_mixin.py:190} INFO - [2024-12-11T05:09:51.275+0000] {dag.py:3239} INFO - Sync 1 DAGs
[2024-12-11T05:09:51.314+0000] {logging_mixin.py:190} INFO - [2024-12-11T05:09:51.314+0000] {dag.py:4180} INFO - Setting next_dagrun for tutorial_objectstorage to None, run_after=None
[2024-12-11T05:09:51.387+0000] {processor.py:208} INFO - Processing /home/airflow/.local/lib/python3.12/site-packages/airflow/example_dags/tutorial_objectstorage.py took 0.204 seconds
[2024-12-11T05:10:21.520+0000] {processor.py:186} INFO - Started process (PID=830) to work on /home/airflow/.local/lib/python3.12/site-packages/airflow/example_dags/tutorial_objectstorage.py
[2024-12-11T05:10:21.522+0000] {processor.py:914} INFO - Processing file /home/airflow/.local/lib/python3.12/site-packages/airflow/example_dags/tutorial_objectstorage.py for tasks to queue
[2024-12-11T05:10:21.525+0000] {logging_mixin.py:190} INFO - [2024-12-11T05:10:21.524+0000] {dagbag.py:588} INFO - Filling up the DagBag from /home/airflow/.local/lib/python3.12/site-packages/airflow/example_dags/tutorial_objectstorage.py
[2024-12-11T05:10:21.545+0000] {processor.py:925} INFO - DAG(s) 'tutorial_objectstorage' retrieved from /home/airflow/.local/lib/python3.12/site-packages/airflow/example_dags/tutorial_objectstorage.py
[2024-12-11T05:10:21.584+0000] {logging_mixin.py:190} INFO - [2024-12-11T05:10:21.584+0000] {dag.py:3239} INFO - Sync 1 DAGs
[2024-12-11T05:10:21.615+0000] {logging_mixin.py:190} INFO - [2024-12-11T05:10:21.614+0000] {dag.py:4180} INFO - Setting next_dagrun for tutorial_objectstorage to None, run_after=None
[2024-12-11T05:10:21.664+0000] {processor.py:208} INFO - Processing /home/airflow/.local/lib/python3.12/site-packages/airflow/example_dags/tutorial_objectstorage.py took 0.154 seconds
[2024-12-11T05:10:52.064+0000] {processor.py:186} INFO - Started process (PID=894) to work on /home/airflow/.local/lib/python3.12/site-packages/airflow/example_dags/tutorial_objectstorage.py
[2024-12-11T05:10:52.074+0000] {processor.py:914} INFO - Processing file /home/airflow/.local/lib/python3.12/site-packages/airflow/example_dags/tutorial_objectstorage.py for tasks to queue
[2024-12-11T05:10:52.083+0000] {logging_mixin.py:190} INFO - [2024-12-11T05:10:52.082+0000] {dagbag.py:588} INFO - Filling up the DagBag from /home/airflow/.local/lib/python3.12/site-packages/airflow/example_dags/tutorial_objectstorage.py
[2024-12-11T05:10:52.122+0000] {processor.py:925} INFO - DAG(s) 'tutorial_objectstorage' retrieved from /home/airflow/.local/lib/python3.12/site-packages/airflow/example_dags/tutorial_objectstorage.py
[2024-12-11T05:10:52.199+0000] {logging_mixin.py:190} INFO - [2024-12-11T05:10:52.199+0000] {dag.py:3239} INFO - Sync 1 DAGs
[2024-12-11T05:10:52.266+0000] {logging_mixin.py:190} INFO - [2024-12-11T05:10:52.265+0000] {dag.py:4180} INFO - Setting next_dagrun for tutorial_objectstorage to None, run_after=None
[2024-12-11T05:10:52.332+0000] {processor.py:208} INFO - Processing /home/airflow/.local/lib/python3.12/site-packages/airflow/example_dags/tutorial_objectstorage.py took 0.288 seconds
[2024-12-11T05:17:14.081+0000] {processor.py:186} INFO - Started process (PID=934) to work on /home/airflow/.local/lib/python3.12/site-packages/airflow/example_dags/tutorial_objectstorage.py
[2024-12-11T05:17:14.102+0000] {processor.py:914} INFO - Processing file /home/airflow/.local/lib/python3.12/site-packages/airflow/example_dags/tutorial_objectstorage.py for tasks to queue
[2024-12-11T05:17:14.256+0000] {logging_mixin.py:190} INFO - [2024-12-11T05:17:14.215+0000] {dagbag.py:588} INFO - Filling up the DagBag from /home/airflow/.local/lib/python3.12/site-packages/airflow/example_dags/tutorial_objectstorage.py
[2024-12-11T05:17:15.057+0000] {processor.py:925} INFO - DAG(s) 'tutorial_objectstorage' retrieved from /home/airflow/.local/lib/python3.12/site-packages/airflow/example_dags/tutorial_objectstorage.py
[2024-12-11T05:17:16.158+0000] {logging_mixin.py:190} INFO - [2024-12-11T05:17:16.158+0000] {dag.py:3239} INFO - Sync 1 DAGs
[2024-12-11T05:17:16.726+0000] {logging_mixin.py:190} INFO - [2024-12-11T05:17:16.725+0000] {dag.py:4180} INFO - Setting next_dagrun for tutorial_objectstorage to None, run_after=None
[2024-12-11T05:17:17.040+0000] {processor.py:208} INFO - Processing /home/airflow/.local/lib/python3.12/site-packages/airflow/example_dags/tutorial_objectstorage.py took 3.105 seconds
[2024-12-11T05:17:47.454+0000] {processor.py:186} INFO - Started process (PID=996) to work on /home/airflow/.local/lib/python3.12/site-packages/airflow/example_dags/tutorial_objectstorage.py
[2024-12-11T05:17:47.458+0000] {processor.py:914} INFO - Processing file /home/airflow/.local/lib/python3.12/site-packages/airflow/example_dags/tutorial_objectstorage.py for tasks to queue
[2024-12-11T05:17:47.462+0000] {logging_mixin.py:190} INFO - [2024-12-11T05:17:47.461+0000] {dagbag.py:588} INFO - Filling up the DagBag from /home/airflow/.local/lib/python3.12/site-packages/airflow/example_dags/tutorial_objectstorage.py
[2024-12-11T05:17:47.500+0000] {processor.py:925} INFO - DAG(s) 'tutorial_objectstorage' retrieved from /home/airflow/.local/lib/python3.12/site-packages/airflow/example_dags/tutorial_objectstorage.py
[2024-12-11T05:17:47.560+0000] {logging_mixin.py:190} INFO - [2024-12-11T05:17:47.559+0000] {dag.py:3239} INFO - Sync 1 DAGs
[2024-12-11T05:17:47.596+0000] {logging_mixin.py:190} INFO - [2024-12-11T05:17:47.595+0000] {dag.py:4180} INFO - Setting next_dagrun for tutorial_objectstorage to None, run_after=None
[2024-12-11T05:17:47.644+0000] {processor.py:208} INFO - Processing /home/airflow/.local/lib/python3.12/site-packages/airflow/example_dags/tutorial_objectstorage.py took 0.209 seconds
[2024-12-11T05:18:21.984+0000] {processor.py:186} INFO - Started process (PID=1065) to work on /home/airflow/.local/lib/python3.12/site-packages/airflow/example_dags/tutorial_objectstorage.py
[2024-12-11T05:18:21.986+0000] {processor.py:914} INFO - Processing file /home/airflow/.local/lib/python3.12/site-packages/airflow/example_dags/tutorial_objectstorage.py for tasks to queue
[2024-12-11T05:18:21.988+0000] {logging_mixin.py:190} INFO - [2024-12-11T05:18:21.987+0000] {dagbag.py:588} INFO - Filling up the DagBag from /home/airflow/.local/lib/python3.12/site-packages/airflow/example_dags/tutorial_objectstorage.py
[2024-12-11T05:18:22.005+0000] {processor.py:925} INFO - DAG(s) 'tutorial_objectstorage' retrieved from /home/airflow/.local/lib/python3.12/site-packages/airflow/example_dags/tutorial_objectstorage.py
[2024-12-11T05:18:22.041+0000] {logging_mixin.py:190} INFO - [2024-12-11T05:18:22.041+0000] {dag.py:3239} INFO - Sync 1 DAGs
[2024-12-11T05:18:22.068+0000] {logging_mixin.py:190} INFO - [2024-12-11T05:18:22.067+0000] {dag.py:4180} INFO - Setting next_dagrun for tutorial_objectstorage to None, run_after=None
[2024-12-11T05:18:22.103+0000] {processor.py:208} INFO - Processing /home/airflow/.local/lib/python3.12/site-packages/airflow/example_dags/tutorial_objectstorage.py took 0.128 seconds
[2024-12-11T05:18:52.736+0000] {processor.py:186} INFO - Started process (PID=1126) to work on /home/airflow/.local/lib/python3.12/site-packages/airflow/example_dags/tutorial_objectstorage.py
[2024-12-11T05:18:52.739+0000] {processor.py:914} INFO - Processing file /home/airflow/.local/lib/python3.12/site-packages/airflow/example_dags/tutorial_objectstorage.py for tasks to queue
[2024-12-11T05:18:52.742+0000] {logging_mixin.py:190} INFO - [2024-12-11T05:18:52.741+0000] {dagbag.py:588} INFO - Filling up the DagBag from /home/airflow/.local/lib/python3.12/site-packages/airflow/example_dags/tutorial_objectstorage.py
[2024-12-11T05:18:52.764+0000] {processor.py:925} INFO - DAG(s) 'tutorial_objectstorage' retrieved from /home/airflow/.local/lib/python3.12/site-packages/airflow/example_dags/tutorial_objectstorage.py
[2024-12-11T05:18:52.803+0000] {logging_mixin.py:190} INFO - [2024-12-11T05:18:52.803+0000] {dag.py:3239} INFO - Sync 1 DAGs
[2024-12-11T05:18:52.837+0000] {logging_mixin.py:190} INFO - [2024-12-11T05:18:52.837+0000] {dag.py:4180} INFO - Setting next_dagrun for tutorial_objectstorage to None, run_after=None
[2024-12-11T05:18:52.887+0000] {processor.py:208} INFO - Processing /home/airflow/.local/lib/python3.12/site-packages/airflow/example_dags/tutorial_objectstorage.py took 0.167 seconds
[2024-12-11T05:19:23.751+0000] {processor.py:186} INFO - Started process (PID=1189) to work on /home/airflow/.local/lib/python3.12/site-packages/airflow/example_dags/tutorial_objectstorage.py
[2024-12-11T05:19:23.752+0000] {processor.py:914} INFO - Processing file /home/airflow/.local/lib/python3.12/site-packages/airflow/example_dags/tutorial_objectstorage.py for tasks to queue
[2024-12-11T05:19:23.754+0000] {logging_mixin.py:190} INFO - [2024-12-11T05:19:23.754+0000] {dagbag.py:588} INFO - Filling up the DagBag from /home/airflow/.local/lib/python3.12/site-packages/airflow/example_dags/tutorial_objectstorage.py
[2024-12-11T05:19:23.771+0000] {processor.py:925} INFO - DAG(s) 'tutorial_objectstorage' retrieved from /home/airflow/.local/lib/python3.12/site-packages/airflow/example_dags/tutorial_objectstorage.py
[2024-12-11T05:19:23.805+0000] {logging_mixin.py:190} INFO - [2024-12-11T05:19:23.805+0000] {dag.py:3239} INFO - Sync 1 DAGs
[2024-12-11T05:19:23.831+0000] {logging_mixin.py:190} INFO - [2024-12-11T05:19:23.831+0000] {dag.py:4180} INFO - Setting next_dagrun for tutorial_objectstorage to None, run_after=None
[2024-12-11T05:19:23.869+0000] {processor.py:208} INFO - Processing /home/airflow/.local/lib/python3.12/site-packages/airflow/example_dags/tutorial_objectstorage.py took 0.127 seconds
[2024-12-11T05:19:54.555+0000] {processor.py:186} INFO - Started process (PID=1251) to work on /home/airflow/.local/lib/python3.12/site-packages/airflow/example_dags/tutorial_objectstorage.py
[2024-12-11T05:19:54.561+0000] {processor.py:914} INFO - Processing file /home/airflow/.local/lib/python3.12/site-packages/airflow/example_dags/tutorial_objectstorage.py for tasks to queue
[2024-12-11T05:19:54.567+0000] {logging_mixin.py:190} INFO - [2024-12-11T05:19:54.566+0000] {dagbag.py:588} INFO - Filling up the DagBag from /home/airflow/.local/lib/python3.12/site-packages/airflow/example_dags/tutorial_objectstorage.py
[2024-12-11T05:19:54.633+0000] {processor.py:925} INFO - DAG(s) 'tutorial_objectstorage' retrieved from /home/airflow/.local/lib/python3.12/site-packages/airflow/example_dags/tutorial_objectstorage.py
[2024-12-11T05:19:54.778+0000] {logging_mixin.py:190} INFO - [2024-12-11T05:19:54.777+0000] {dag.py:3239} INFO - Sync 1 DAGs
[2024-12-11T05:19:54.868+0000] {logging_mixin.py:190} INFO - [2024-12-11T05:19:54.867+0000] {dag.py:4180} INFO - Setting next_dagrun for tutorial_objectstorage to None, run_after=None
[2024-12-11T05:19:54.936+0000] {processor.py:208} INFO - Processing /home/airflow/.local/lib/python3.12/site-packages/airflow/example_dags/tutorial_objectstorage.py took 0.417 seconds
[2024-12-11T05:20:26.712+0000] {processor.py:186} INFO - Started process (PID=1313) to work on /home/airflow/.local/lib/python3.12/site-packages/airflow/example_dags/tutorial_objectstorage.py
[2024-12-11T05:20:26.715+0000] {processor.py:914} INFO - Processing file /home/airflow/.local/lib/python3.12/site-packages/airflow/example_dags/tutorial_objectstorage.py for tasks to queue
[2024-12-11T05:20:26.719+0000] {logging_mixin.py:190} INFO - [2024-12-11T05:20:26.718+0000] {dagbag.py:588} INFO - Filling up the DagBag from /home/airflow/.local/lib/python3.12/site-packages/airflow/example_dags/tutorial_objectstorage.py
[2024-12-11T05:20:26.779+0000] {processor.py:925} INFO - DAG(s) 'tutorial_objectstorage' retrieved from /home/airflow/.local/lib/python3.12/site-packages/airflow/example_dags/tutorial_objectstorage.py
[2024-12-11T05:20:26.865+0000] {logging_mixin.py:190} INFO - [2024-12-11T05:20:26.865+0000] {dag.py:3239} INFO - Sync 1 DAGs
[2024-12-11T05:20:26.922+0000] {logging_mixin.py:190} INFO - [2024-12-11T05:20:26.921+0000] {dag.py:4180} INFO - Setting next_dagrun for tutorial_objectstorage to None, run_after=None
[2024-12-11T05:20:26.976+0000] {processor.py:208} INFO - Processing /home/airflow/.local/lib/python3.12/site-packages/airflow/example_dags/tutorial_objectstorage.py took 0.291 seconds
[2024-12-11T05:23:19.647+0000] {processor.py:186} INFO - Started process (PID=1350) to work on /home/airflow/.local/lib/python3.12/site-packages/airflow/example_dags/tutorial_objectstorage.py
[2024-12-11T05:23:19.649+0000] {processor.py:914} INFO - Processing file /home/airflow/.local/lib/python3.12/site-packages/airflow/example_dags/tutorial_objectstorage.py for tasks to queue
[2024-12-11T05:23:19.652+0000] {logging_mixin.py:190} INFO - [2024-12-11T05:23:19.651+0000] {dagbag.py:588} INFO - Filling up the DagBag from /home/airflow/.local/lib/python3.12/site-packages/airflow/example_dags/tutorial_objectstorage.py
[2024-12-11T05:23:19.671+0000] {processor.py:925} INFO - DAG(s) 'tutorial_objectstorage' retrieved from /home/airflow/.local/lib/python3.12/site-packages/airflow/example_dags/tutorial_objectstorage.py
[2024-12-11T05:23:19.706+0000] {logging_mixin.py:190} INFO - [2024-12-11T05:23:19.706+0000] {dag.py:3239} INFO - Sync 1 DAGs
[2024-12-11T05:23:19.736+0000] {logging_mixin.py:190} INFO - [2024-12-11T05:23:19.735+0000] {dag.py:4180} INFO - Setting next_dagrun for tutorial_objectstorage to None, run_after=None
[2024-12-11T05:23:19.777+0000] {processor.py:208} INFO - Processing /home/airflow/.local/lib/python3.12/site-packages/airflow/example_dags/tutorial_objectstorage.py took 0.140 seconds
[2024-12-11T05:24:49.938+0000] {processor.py:186} INFO - Started process (PID=1423) to work on /home/airflow/.local/lib/python3.12/site-packages/airflow/example_dags/tutorial_objectstorage.py
[2024-12-11T05:24:49.940+0000] {processor.py:914} INFO - Processing file /home/airflow/.local/lib/python3.12/site-packages/airflow/example_dags/tutorial_objectstorage.py for tasks to queue
[2024-12-11T05:24:49.943+0000] {logging_mixin.py:190} INFO - [2024-12-11T05:24:49.942+0000] {dagbag.py:588} INFO - Filling up the DagBag from /home/airflow/.local/lib/python3.12/site-packages/airflow/example_dags/tutorial_objectstorage.py
[2024-12-11T05:24:49.962+0000] {processor.py:925} INFO - DAG(s) 'tutorial_objectstorage' retrieved from /home/airflow/.local/lib/python3.12/site-packages/airflow/example_dags/tutorial_objectstorage.py
[2024-12-11T05:24:49.993+0000] {logging_mixin.py:190} INFO - [2024-12-11T05:24:49.993+0000] {dag.py:3239} INFO - Sync 1 DAGs
[2024-12-11T05:24:50.017+0000] {logging_mixin.py:190} INFO - [2024-12-11T05:24:50.016+0000] {dag.py:4180} INFO - Setting next_dagrun for tutorial_objectstorage to None, run_after=None
[2024-12-11T05:24:50.049+0000] {processor.py:208} INFO - Processing /home/airflow/.local/lib/python3.12/site-packages/airflow/example_dags/tutorial_objectstorage.py took 0.121 seconds
[2024-12-11T05:25:21.958+0000] {processor.py:186} INFO - Started process (PID=1486) to work on /home/airflow/.local/lib/python3.12/site-packages/airflow/example_dags/tutorial_objectstorage.py
[2024-12-11T05:25:21.961+0000] {processor.py:914} INFO - Processing file /home/airflow/.local/lib/python3.12/site-packages/airflow/example_dags/tutorial_objectstorage.py for tasks to queue
[2024-12-11T05:25:21.964+0000] {logging_mixin.py:190} INFO - [2024-12-11T05:25:21.963+0000] {dagbag.py:588} INFO - Filling up the DagBag from /home/airflow/.local/lib/python3.12/site-packages/airflow/example_dags/tutorial_objectstorage.py
[2024-12-11T05:25:21.991+0000] {processor.py:925} INFO - DAG(s) 'tutorial_objectstorage' retrieved from /home/airflow/.local/lib/python3.12/site-packages/airflow/example_dags/tutorial_objectstorage.py
[2024-12-11T05:25:22.048+0000] {logging_mixin.py:190} INFO - [2024-12-11T05:25:22.047+0000] {dag.py:3239} INFO - Sync 1 DAGs
[2024-12-11T05:25:22.094+0000] {logging_mixin.py:190} INFO - [2024-12-11T05:25:22.093+0000] {dag.py:4180} INFO - Setting next_dagrun for tutorial_objectstorage to None, run_after=None
[2024-12-11T05:25:22.150+0000] {processor.py:208} INFO - Processing /home/airflow/.local/lib/python3.12/site-packages/airflow/example_dags/tutorial_objectstorage.py took 0.205 seconds
[2024-12-11T05:25:52.550+0000] {processor.py:186} INFO - Started process (PID=1548) to work on /home/airflow/.local/lib/python3.12/site-packages/airflow/example_dags/tutorial_objectstorage.py
[2024-12-11T05:25:52.552+0000] {processor.py:914} INFO - Processing file /home/airflow/.local/lib/python3.12/site-packages/airflow/example_dags/tutorial_objectstorage.py for tasks to queue
[2024-12-11T05:25:52.555+0000] {logging_mixin.py:190} INFO - [2024-12-11T05:25:52.554+0000] {dagbag.py:588} INFO - Filling up the DagBag from /home/airflow/.local/lib/python3.12/site-packages/airflow/example_dags/tutorial_objectstorage.py
[2024-12-11T05:25:52.578+0000] {processor.py:925} INFO - DAG(s) 'tutorial_objectstorage' retrieved from /home/airflow/.local/lib/python3.12/site-packages/airflow/example_dags/tutorial_objectstorage.py
[2024-12-11T05:25:52.620+0000] {logging_mixin.py:190} INFO - [2024-12-11T05:25:52.620+0000] {dag.py:3239} INFO - Sync 1 DAGs
[2024-12-11T05:25:52.655+0000] {logging_mixin.py:190} INFO - [2024-12-11T05:25:52.654+0000] {dag.py:4180} INFO - Setting next_dagrun for tutorial_objectstorage to None, run_after=None
[2024-12-11T05:25:52.698+0000] {processor.py:208} INFO - Processing /home/airflow/.local/lib/python3.12/site-packages/airflow/example_dags/tutorial_objectstorage.py took 0.163 seconds
[2024-12-11T05:26:23.526+0000] {processor.py:186} INFO - Started process (PID=1611) to work on /home/airflow/.local/lib/python3.12/site-packages/airflow/example_dags/tutorial_objectstorage.py
[2024-12-11T05:26:23.528+0000] {processor.py:914} INFO - Processing file /home/airflow/.local/lib/python3.12/site-packages/airflow/example_dags/tutorial_objectstorage.py for tasks to queue
[2024-12-11T05:26:23.532+0000] {logging_mixin.py:190} INFO - [2024-12-11T05:26:23.531+0000] {dagbag.py:588} INFO - Filling up the DagBag from /home/airflow/.local/lib/python3.12/site-packages/airflow/example_dags/tutorial_objectstorage.py
[2024-12-11T05:26:23.565+0000] {processor.py:925} INFO - DAG(s) 'tutorial_objectstorage' retrieved from /home/airflow/.local/lib/python3.12/site-packages/airflow/example_dags/tutorial_objectstorage.py
[2024-12-11T05:26:23.640+0000] {logging_mixin.py:190} INFO - [2024-12-11T05:26:23.639+0000] {dag.py:3239} INFO - Sync 1 DAGs
[2024-12-11T05:26:23.685+0000] {logging_mixin.py:190} INFO - [2024-12-11T05:26:23.684+0000] {dag.py:4180} INFO - Setting next_dagrun for tutorial_objectstorage to None, run_after=None
[2024-12-11T05:26:23.749+0000] {processor.py:208} INFO - Processing /home/airflow/.local/lib/python3.12/site-packages/airflow/example_dags/tutorial_objectstorage.py took 0.240 seconds
[2024-12-11T05:27:21.787+0000] {processor.py:186} INFO - Started process (PID=1637) to work on /home/airflow/.local/lib/python3.12/site-packages/airflow/example_dags/tutorial_objectstorage.py
[2024-12-11T05:27:21.789+0000] {processor.py:914} INFO - Processing file /home/airflow/.local/lib/python3.12/site-packages/airflow/example_dags/tutorial_objectstorage.py for tasks to queue
[2024-12-11T05:27:21.793+0000] {logging_mixin.py:190} INFO - [2024-12-11T05:27:21.792+0000] {dagbag.py:588} INFO - Filling up the DagBag from /home/airflow/.local/lib/python3.12/site-packages/airflow/example_dags/tutorial_objectstorage.py
[2024-12-11T05:27:21.824+0000] {processor.py:925} INFO - DAG(s) 'tutorial_objectstorage' retrieved from /home/airflow/.local/lib/python3.12/site-packages/airflow/example_dags/tutorial_objectstorage.py
[2024-12-11T05:27:21.889+0000] {logging_mixin.py:190} INFO - [2024-12-11T05:27:21.888+0000] {dag.py:3239} INFO - Sync 1 DAGs
[2024-12-11T05:27:21.945+0000] {logging_mixin.py:190} INFO - [2024-12-11T05:27:21.945+0000] {dag.py:4180} INFO - Setting next_dagrun for tutorial_objectstorage to None, run_after=None
[2024-12-11T05:27:22.028+0000] {processor.py:208} INFO - Processing /home/airflow/.local/lib/python3.12/site-packages/airflow/example_dags/tutorial_objectstorage.py took 0.257 seconds
[2024-12-11T05:28:23.168+0000] {processor.py:186} INFO - Started process (PID=1708) to work on /home/airflow/.local/lib/python3.12/site-packages/airflow/example_dags/tutorial_objectstorage.py
[2024-12-11T05:28:23.172+0000] {processor.py:914} INFO - Processing file /home/airflow/.local/lib/python3.12/site-packages/airflow/example_dags/tutorial_objectstorage.py for tasks to queue
[2024-12-11T05:28:23.177+0000] {logging_mixin.py:190} INFO - [2024-12-11T05:28:23.176+0000] {dagbag.py:588} INFO - Filling up the DagBag from /home/airflow/.local/lib/python3.12/site-packages/airflow/example_dags/tutorial_objectstorage.py
[2024-12-11T05:28:23.218+0000] {processor.py:925} INFO - DAG(s) 'tutorial_objectstorage' retrieved from /home/airflow/.local/lib/python3.12/site-packages/airflow/example_dags/tutorial_objectstorage.py
[2024-12-11T05:28:23.320+0000] {logging_mixin.py:190} INFO - [2024-12-11T05:28:23.318+0000] {dag.py:3239} INFO - Sync 1 DAGs
[2024-12-11T05:28:23.412+0000] {logging_mixin.py:190} INFO - [2024-12-11T05:28:23.411+0000] {dag.py:4180} INFO - Setting next_dagrun for tutorial_objectstorage to None, run_after=None
[2024-12-11T05:28:23.503+0000] {processor.py:208} INFO - Processing /home/airflow/.local/lib/python3.12/site-packages/airflow/example_dags/tutorial_objectstorage.py took 0.374 seconds
