[2024-12-11T04:56:25.394+0000] {processor.py:186} INFO - Started process (PID=116) to work on /home/airflow/.local/lib/python3.12/site-packages/airflow/example_dags/tutorial.py
[2024-12-11T04:56:25.397+0000] {processor.py:914} INFO - Processing file /home/airflow/.local/lib/python3.12/site-packages/airflow/example_dags/tutorial.py for tasks to queue
[2024-12-11T04:56:25.403+0000] {logging_mixin.py:190} INFO - [2024-12-11T04:56:25.402+0000] {dagbag.py:588} INFO - Filling up the DagBag from /home/airflow/.local/lib/python3.12/site-packages/airflow/example_dags/tutorial.py
[2024-12-11T04:56:25.426+0000] {processor.py:925} INFO - DAG(s) 'tutorial' retrieved from /home/airflow/.local/lib/python3.12/site-packages/airflow/example_dags/tutorial.py
[2024-12-11T04:56:25.712+0000] {logging_mixin.py:190} INFO - [2024-12-11T04:56:25.710+0000] {override.py:1911} INFO - Created Permission View: can delete on DAG:tutorial
[2024-12-11T04:56:25.739+0000] {logging_mixin.py:190} INFO - [2024-12-11T04:56:25.738+0000] {override.py:1911} INFO - Created Permission View: can read on DAG:tutorial
[2024-12-11T04:56:25.757+0000] {logging_mixin.py:190} INFO - [2024-12-11T04:56:25.756+0000] {override.py:1911} INFO - Created Permission View: can edit on DAG:tutorial
[2024-12-11T04:56:25.778+0000] {logging_mixin.py:190} INFO - [2024-12-11T04:56:25.777+0000] {override.py:1911} INFO - Created Permission View: can delete on DAG Run:tutorial
[2024-12-11T04:56:25.796+0000] {logging_mixin.py:190} INFO - [2024-12-11T04:56:25.795+0000] {override.py:1911} INFO - Created Permission View: can read on DAG Run:tutorial
[2024-12-11T04:56:25.815+0000] {logging_mixin.py:190} INFO - [2024-12-11T04:56:25.814+0000] {override.py:1911} INFO - Created Permission View: menu access on DAG Run:tutorial
[2024-12-11T04:56:25.832+0000] {logging_mixin.py:190} INFO - [2024-12-11T04:56:25.831+0000] {override.py:1911} INFO - Created Permission View: can create on DAG Run:tutorial
[2024-12-11T04:56:25.833+0000] {logging_mixin.py:190} INFO - [2024-12-11T04:56:25.833+0000] {dag.py:3239} INFO - Sync 1 DAGs
[2024-12-11T04:56:25.870+0000] {logging_mixin.py:190} INFO - [2024-12-11T04:56:25.870+0000] {dag.py:3262} INFO - Creating ORM DAG for tutorial
[2024-12-11T04:56:25.901+0000] {logging_mixin.py:190} INFO - [2024-12-11T04:56:25.901+0000] {dag.py:4180} INFO - Setting next_dagrun for tutorial to 2024-12-10 00:00:00+00:00, run_after=2024-12-11 00:00:00+00:00
[2024-12-11T04:56:25.947+0000] {processor.py:208} INFO - Processing /home/airflow/.local/lib/python3.12/site-packages/airflow/example_dags/tutorial.py took 0.568 seconds
[2024-12-11T04:56:56.443+0000] {processor.py:186} INFO - Started process (PID=179) to work on /home/airflow/.local/lib/python3.12/site-packages/airflow/example_dags/tutorial.py
[2024-12-11T04:56:56.446+0000] {processor.py:914} INFO - Processing file /home/airflow/.local/lib/python3.12/site-packages/airflow/example_dags/tutorial.py for tasks to queue
[2024-12-11T04:56:56.452+0000] {logging_mixin.py:190} INFO - [2024-12-11T04:56:56.452+0000] {dagbag.py:588} INFO - Filling up the DagBag from /home/airflow/.local/lib/python3.12/site-packages/airflow/example_dags/tutorial.py
[2024-12-11T04:56:56.472+0000] {processor.py:925} INFO - DAG(s) 'tutorial' retrieved from /home/airflow/.local/lib/python3.12/site-packages/airflow/example_dags/tutorial.py
[2024-12-11T04:56:56.520+0000] {logging_mixin.py:190} INFO - [2024-12-11T04:56:56.520+0000] {dag.py:3239} INFO - Sync 1 DAGs
[2024-12-11T04:56:56.583+0000] {logging_mixin.py:190} INFO - [2024-12-11T04:56:56.583+0000] {dag.py:4180} INFO - Setting next_dagrun for tutorial to 2024-12-10 00:00:00+00:00, run_after=2024-12-11 00:00:00+00:00
[2024-12-11T04:56:56.636+0000] {processor.py:208} INFO - Processing /home/airflow/.local/lib/python3.12/site-packages/airflow/example_dags/tutorial.py took 0.206 seconds
[2024-12-11T05:01:00.242+0000] {processor.py:186} INFO - Started process (PID=247) to work on /home/airflow/.local/lib/python3.12/site-packages/airflow/example_dags/tutorial.py
[2024-12-11T05:01:00.244+0000] {processor.py:914} INFO - Processing file /home/airflow/.local/lib/python3.12/site-packages/airflow/example_dags/tutorial.py for tasks to queue
[2024-12-11T05:01:00.249+0000] {logging_mixin.py:190} INFO - [2024-12-11T05:01:00.248+0000] {dagbag.py:588} INFO - Filling up the DagBag from /home/airflow/.local/lib/python3.12/site-packages/airflow/example_dags/tutorial.py
[2024-12-11T05:01:00.268+0000] {processor.py:925} INFO - DAG(s) 'tutorial' retrieved from /home/airflow/.local/lib/python3.12/site-packages/airflow/example_dags/tutorial.py
[2024-12-11T05:01:00.334+0000] {logging_mixin.py:190} INFO - [2024-12-11T05:01:00.333+0000] {dag.py:3239} INFO - Sync 1 DAGs
[2024-12-11T05:01:00.407+0000] {logging_mixin.py:190} INFO - [2024-12-11T05:01:00.407+0000] {dag.py:4180} INFO - Setting next_dagrun for tutorial to 2024-12-10 00:00:00+00:00, run_after=2024-12-11 00:00:00+00:00
[2024-12-11T05:01:00.458+0000] {processor.py:208} INFO - Processing /home/airflow/.local/lib/python3.12/site-packages/airflow/example_dags/tutorial.py took 0.236 seconds
[2024-12-11T05:03:21.306+0000] {processor.py:186} INFO - Started process (PID=338) to work on /home/airflow/.local/lib/python3.12/site-packages/airflow/example_dags/tutorial.py
[2024-12-11T05:03:21.309+0000] {processor.py:914} INFO - Processing file /home/airflow/.local/lib/python3.12/site-packages/airflow/example_dags/tutorial.py for tasks to queue
[2024-12-11T05:03:21.313+0000] {logging_mixin.py:190} INFO - [2024-12-11T05:03:21.312+0000] {dagbag.py:588} INFO - Filling up the DagBag from /home/airflow/.local/lib/python3.12/site-packages/airflow/example_dags/tutorial.py
[2024-12-11T05:03:21.342+0000] {processor.py:925} INFO - DAG(s) 'tutorial' retrieved from /home/airflow/.local/lib/python3.12/site-packages/airflow/example_dags/tutorial.py
[2024-12-11T05:03:21.403+0000] {logging_mixin.py:190} INFO - [2024-12-11T05:03:21.402+0000] {dag.py:3239} INFO - Sync 1 DAGs
[2024-12-11T05:03:21.487+0000] {logging_mixin.py:190} INFO - [2024-12-11T05:03:21.486+0000] {dag.py:4180} INFO - Setting next_dagrun for tutorial to 2024-12-10 00:00:00+00:00, run_after=2024-12-11 00:00:00+00:00
[2024-12-11T05:03:21.557+0000] {processor.py:208} INFO - Processing /home/airflow/.local/lib/python3.12/site-packages/airflow/example_dags/tutorial.py took 0.270 seconds
[2024-12-11T05:03:51.861+0000] {processor.py:186} INFO - Started process (PID=399) to work on /home/airflow/.local/lib/python3.12/site-packages/airflow/example_dags/tutorial.py
[2024-12-11T05:03:51.864+0000] {processor.py:914} INFO - Processing file /home/airflow/.local/lib/python3.12/site-packages/airflow/example_dags/tutorial.py for tasks to queue
[2024-12-11T05:03:51.868+0000] {logging_mixin.py:190} INFO - [2024-12-11T05:03:51.867+0000] {dagbag.py:588} INFO - Filling up the DagBag from /home/airflow/.local/lib/python3.12/site-packages/airflow/example_dags/tutorial.py
[2024-12-11T05:03:51.895+0000] {processor.py:925} INFO - DAG(s) 'tutorial' retrieved from /home/airflow/.local/lib/python3.12/site-packages/airflow/example_dags/tutorial.py
[2024-12-11T05:03:51.942+0000] {logging_mixin.py:190} INFO - [2024-12-11T05:03:51.941+0000] {dag.py:3239} INFO - Sync 1 DAGs
[2024-12-11T05:03:52.013+0000] {logging_mixin.py:190} INFO - [2024-12-11T05:03:52.012+0000] {dag.py:4180} INFO - Setting next_dagrun for tutorial to 2024-12-10 00:00:00+00:00, run_after=2024-12-11 00:00:00+00:00
[2024-12-11T05:03:52.081+0000] {processor.py:208} INFO - Processing /home/airflow/.local/lib/python3.12/site-packages/airflow/example_dags/tutorial.py took 0.236 seconds
[2024-12-11T05:05:39.776+0000] {processor.py:186} INFO - Started process (PID=469) to work on /home/airflow/.local/lib/python3.12/site-packages/airflow/example_dags/tutorial.py
[2024-12-11T05:05:39.778+0000] {processor.py:914} INFO - Processing file /home/airflow/.local/lib/python3.12/site-packages/airflow/example_dags/tutorial.py for tasks to queue
[2024-12-11T05:05:39.781+0000] {logging_mixin.py:190} INFO - [2024-12-11T05:05:39.780+0000] {dagbag.py:588} INFO - Filling up the DagBag from /home/airflow/.local/lib/python3.12/site-packages/airflow/example_dags/tutorial.py
[2024-12-11T05:05:39.801+0000] {processor.py:925} INFO - DAG(s) 'tutorial' retrieved from /home/airflow/.local/lib/python3.12/site-packages/airflow/example_dags/tutorial.py
[2024-12-11T05:05:39.841+0000] {logging_mixin.py:190} INFO - [2024-12-11T05:05:39.841+0000] {dag.py:3239} INFO - Sync 1 DAGs
[2024-12-11T05:05:39.887+0000] {logging_mixin.py:190} INFO - [2024-12-11T05:05:39.886+0000] {dag.py:4180} INFO - Setting next_dagrun for tutorial to 2024-12-10 00:00:00+00:00, run_after=2024-12-11 00:00:00+00:00
[2024-12-11T05:05:39.924+0000] {processor.py:208} INFO - Processing /home/airflow/.local/lib/python3.12/site-packages/airflow/example_dags/tutorial.py took 0.160 seconds
[2024-12-11T05:06:17.400+0000] {processor.py:186} INFO - Started process (PID=532) to work on /home/airflow/.local/lib/python3.12/site-packages/airflow/example_dags/tutorial.py
[2024-12-11T05:06:17.402+0000] {processor.py:914} INFO - Processing file /home/airflow/.local/lib/python3.12/site-packages/airflow/example_dags/tutorial.py for tasks to queue
[2024-12-11T05:06:17.407+0000] {logging_mixin.py:190} INFO - [2024-12-11T05:06:17.406+0000] {dagbag.py:588} INFO - Filling up the DagBag from /home/airflow/.local/lib/python3.12/site-packages/airflow/example_dags/tutorial.py
[2024-12-11T05:06:17.436+0000] {processor.py:925} INFO - DAG(s) 'tutorial' retrieved from /home/airflow/.local/lib/python3.12/site-packages/airflow/example_dags/tutorial.py
[2024-12-11T05:06:17.536+0000] {logging_mixin.py:190} INFO - [2024-12-11T05:06:17.535+0000] {dag.py:3239} INFO - Sync 1 DAGs
[2024-12-11T05:06:17.659+0000] {logging_mixin.py:190} INFO - [2024-12-11T05:06:17.658+0000] {dag.py:4180} INFO - Setting next_dagrun for tutorial to 2024-12-10 00:00:00+00:00, run_after=2024-12-11 00:00:00+00:00
[2024-12-11T05:06:17.749+0000] {processor.py:208} INFO - Processing /home/airflow/.local/lib/python3.12/site-packages/airflow/example_dags/tutorial.py took 0.372 seconds
[2024-12-11T05:07:37.346+0000] {processor.py:186} INFO - Started process (PID=589) to work on /home/airflow/.local/lib/python3.12/site-packages/airflow/example_dags/tutorial.py
[2024-12-11T05:07:37.348+0000] {processor.py:914} INFO - Processing file /home/airflow/.local/lib/python3.12/site-packages/airflow/example_dags/tutorial.py for tasks to queue
[2024-12-11T05:07:37.352+0000] {logging_mixin.py:190} INFO - [2024-12-11T05:07:37.351+0000] {dagbag.py:588} INFO - Filling up the DagBag from /home/airflow/.local/lib/python3.12/site-packages/airflow/example_dags/tutorial.py
[2024-12-11T05:07:37.372+0000] {processor.py:925} INFO - DAG(s) 'tutorial' retrieved from /home/airflow/.local/lib/python3.12/site-packages/airflow/example_dags/tutorial.py
[2024-12-11T05:07:37.419+0000] {logging_mixin.py:190} INFO - [2024-12-11T05:07:37.418+0000] {dag.py:3239} INFO - Sync 1 DAGs
[2024-12-11T05:07:37.479+0000] {logging_mixin.py:190} INFO - [2024-12-11T05:07:37.478+0000] {dag.py:4180} INFO - Setting next_dagrun for tutorial to 2024-12-10 00:00:00+00:00, run_after=2024-12-11 00:00:00+00:00
[2024-12-11T05:07:37.525+0000] {processor.py:208} INFO - Processing /home/airflow/.local/lib/python3.12/site-packages/airflow/example_dags/tutorial.py took 0.194 seconds
[2024-12-11T05:08:09.577+0000] {processor.py:186} INFO - Started process (PID=652) to work on /home/airflow/.local/lib/python3.12/site-packages/airflow/example_dags/tutorial.py
[2024-12-11T05:08:09.579+0000] {processor.py:914} INFO - Processing file /home/airflow/.local/lib/python3.12/site-packages/airflow/example_dags/tutorial.py for tasks to queue
[2024-12-11T05:08:09.582+0000] {logging_mixin.py:190} INFO - [2024-12-11T05:08:09.581+0000] {dagbag.py:588} INFO - Filling up the DagBag from /home/airflow/.local/lib/python3.12/site-packages/airflow/example_dags/tutorial.py
[2024-12-11T05:08:09.602+0000] {processor.py:925} INFO - DAG(s) 'tutorial' retrieved from /home/airflow/.local/lib/python3.12/site-packages/airflow/example_dags/tutorial.py
[2024-12-11T05:08:09.647+0000] {logging_mixin.py:190} INFO - [2024-12-11T05:08:09.647+0000] {dag.py:3239} INFO - Sync 1 DAGs
[2024-12-11T05:08:09.707+0000] {logging_mixin.py:190} INFO - [2024-12-11T05:08:09.706+0000] {dag.py:4180} INFO - Setting next_dagrun for tutorial to 2024-12-10 00:00:00+00:00, run_after=2024-12-11 00:00:00+00:00
[2024-12-11T05:08:09.762+0000] {processor.py:208} INFO - Processing /home/airflow/.local/lib/python3.12/site-packages/airflow/example_dags/tutorial.py took 0.196 seconds
[2024-12-11T05:09:31.773+0000] {processor.py:186} INFO - Started process (PID=729) to work on /home/airflow/.local/lib/python3.12/site-packages/airflow/example_dags/tutorial.py
[2024-12-11T05:09:31.776+0000] {processor.py:914} INFO - Processing file /home/airflow/.local/lib/python3.12/site-packages/airflow/example_dags/tutorial.py for tasks to queue
[2024-12-11T05:09:31.780+0000] {logging_mixin.py:190} INFO - [2024-12-11T05:09:31.779+0000] {dagbag.py:588} INFO - Filling up the DagBag from /home/airflow/.local/lib/python3.12/site-packages/airflow/example_dags/tutorial.py
[2024-12-11T05:09:31.803+0000] {processor.py:925} INFO - DAG(s) 'tutorial' retrieved from /home/airflow/.local/lib/python3.12/site-packages/airflow/example_dags/tutorial.py
[2024-12-11T05:09:31.859+0000] {logging_mixin.py:190} INFO - [2024-12-11T05:09:31.859+0000] {dag.py:3239} INFO - Sync 1 DAGs
[2024-12-11T05:09:31.938+0000] {logging_mixin.py:190} INFO - [2024-12-11T05:09:31.938+0000] {dag.py:4180} INFO - Setting next_dagrun for tutorial to 2024-12-10 00:00:00+00:00, run_after=2024-12-11 00:00:00+00:00
[2024-12-11T05:09:31.991+0000] {processor.py:208} INFO - Processing /home/airflow/.local/lib/python3.12/site-packages/airflow/example_dags/tutorial.py took 0.232 seconds
[2024-12-11T05:10:02.393+0000] {processor.py:186} INFO - Started process (PID=791) to work on /home/airflow/.local/lib/python3.12/site-packages/airflow/example_dags/tutorial.py
[2024-12-11T05:10:02.395+0000] {processor.py:914} INFO - Processing file /home/airflow/.local/lib/python3.12/site-packages/airflow/example_dags/tutorial.py for tasks to queue
[2024-12-11T05:10:02.397+0000] {logging_mixin.py:190} INFO - [2024-12-11T05:10:02.397+0000] {dagbag.py:588} INFO - Filling up the DagBag from /home/airflow/.local/lib/python3.12/site-packages/airflow/example_dags/tutorial.py
[2024-12-11T05:10:02.415+0000] {processor.py:925} INFO - DAG(s) 'tutorial' retrieved from /home/airflow/.local/lib/python3.12/site-packages/airflow/example_dags/tutorial.py
[2024-12-11T05:10:02.460+0000] {logging_mixin.py:190} INFO - [2024-12-11T05:10:02.460+0000] {dag.py:3239} INFO - Sync 1 DAGs
[2024-12-11T05:10:02.512+0000] {logging_mixin.py:190} INFO - [2024-12-11T05:10:02.512+0000] {dag.py:4180} INFO - Setting next_dagrun for tutorial to 2024-12-10 00:00:00+00:00, run_after=2024-12-11 00:00:00+00:00
[2024-12-11T05:10:02.551+0000] {processor.py:208} INFO - Processing /home/airflow/.local/lib/python3.12/site-packages/airflow/example_dags/tutorial.py took 0.168 seconds
[2024-12-11T05:10:37.028+0000] {processor.py:186} INFO - Started process (PID=855) to work on /home/airflow/.local/lib/python3.12/site-packages/airflow/example_dags/tutorial.py
[2024-12-11T05:10:37.032+0000] {processor.py:914} INFO - Processing file /home/airflow/.local/lib/python3.12/site-packages/airflow/example_dags/tutorial.py for tasks to queue
[2024-12-11T05:10:37.035+0000] {logging_mixin.py:190} INFO - [2024-12-11T05:10:37.034+0000] {dagbag.py:588} INFO - Filling up the DagBag from /home/airflow/.local/lib/python3.12/site-packages/airflow/example_dags/tutorial.py
[2024-12-11T05:10:37.057+0000] {processor.py:925} INFO - DAG(s) 'tutorial' retrieved from /home/airflow/.local/lib/python3.12/site-packages/airflow/example_dags/tutorial.py
[2024-12-11T05:10:37.113+0000] {logging_mixin.py:190} INFO - [2024-12-11T05:10:37.112+0000] {dag.py:3239} INFO - Sync 1 DAGs
[2024-12-11T05:10:37.171+0000] {logging_mixin.py:190} INFO - [2024-12-11T05:10:37.170+0000] {dag.py:4180} INFO - Setting next_dagrun for tutorial to 2024-12-10 00:00:00+00:00, run_after=2024-12-11 00:00:00+00:00
[2024-12-11T05:10:37.237+0000] {processor.py:208} INFO - Processing /home/airflow/.local/lib/python3.12/site-packages/airflow/example_dags/tutorial.py took 0.224 seconds
[2024-12-11T05:17:22.309+0000] {processor.py:186} INFO - Started process (PID=950) to work on /home/airflow/.local/lib/python3.12/site-packages/airflow/example_dags/tutorial.py
[2024-12-11T05:17:22.323+0000] {processor.py:914} INFO - Processing file /home/airflow/.local/lib/python3.12/site-packages/airflow/example_dags/tutorial.py for tasks to queue
[2024-12-11T05:17:22.329+0000] {logging_mixin.py:190} INFO - [2024-12-11T05:17:22.327+0000] {dagbag.py:588} INFO - Filling up the DagBag from /home/airflow/.local/lib/python3.12/site-packages/airflow/example_dags/tutorial.py
[2024-12-11T05:17:22.398+0000] {processor.py:925} INFO - DAG(s) 'tutorial' retrieved from /home/airflow/.local/lib/python3.12/site-packages/airflow/example_dags/tutorial.py
[2024-12-11T05:17:22.499+0000] {logging_mixin.py:190} INFO - [2024-12-11T05:17:22.498+0000] {dag.py:3239} INFO - Sync 1 DAGs
[2024-12-11T05:17:22.609+0000] {logging_mixin.py:190} INFO - [2024-12-11T05:17:22.609+0000] {dag.py:4180} INFO - Setting next_dagrun for tutorial to 2024-12-10 00:00:00+00:00, run_after=2024-12-11 00:00:00+00:00
[2024-12-11T05:17:22.688+0000] {processor.py:208} INFO - Processing /home/airflow/.local/lib/python3.12/site-packages/airflow/example_dags/tutorial.py took 0.399 seconds
[2024-12-11T05:17:53.200+0000] {processor.py:186} INFO - Started process (PID=1012) to work on /home/airflow/.local/lib/python3.12/site-packages/airflow/example_dags/tutorial.py
[2024-12-11T05:17:53.203+0000] {processor.py:914} INFO - Processing file /home/airflow/.local/lib/python3.12/site-packages/airflow/example_dags/tutorial.py for tasks to queue
[2024-12-11T05:17:53.208+0000] {logging_mixin.py:190} INFO - [2024-12-11T05:17:53.207+0000] {dagbag.py:588} INFO - Filling up the DagBag from /home/airflow/.local/lib/python3.12/site-packages/airflow/example_dags/tutorial.py
[2024-12-11T05:17:53.240+0000] {processor.py:925} INFO - DAG(s) 'tutorial' retrieved from /home/airflow/.local/lib/python3.12/site-packages/airflow/example_dags/tutorial.py
[2024-12-11T05:17:53.306+0000] {logging_mixin.py:190} INFO - [2024-12-11T05:17:53.305+0000] {dag.py:3239} INFO - Sync 1 DAGs
[2024-12-11T05:17:53.371+0000] {logging_mixin.py:190} INFO - [2024-12-11T05:17:53.370+0000] {dag.py:4180} INFO - Setting next_dagrun for tutorial to 2024-12-10 00:00:00+00:00, run_after=2024-12-11 00:00:00+00:00
[2024-12-11T05:17:53.433+0000] {processor.py:208} INFO - Processing /home/airflow/.local/lib/python3.12/site-packages/airflow/example_dags/tutorial.py took 0.257 seconds
[2024-12-11T05:18:24.178+0000] {processor.py:186} INFO - Started process (PID=1075) to work on /home/airflow/.local/lib/python3.12/site-packages/airflow/example_dags/tutorial.py
[2024-12-11T05:18:24.179+0000] {processor.py:914} INFO - Processing file /home/airflow/.local/lib/python3.12/site-packages/airflow/example_dags/tutorial.py for tasks to queue
[2024-12-11T05:18:24.182+0000] {logging_mixin.py:190} INFO - [2024-12-11T05:18:24.181+0000] {dagbag.py:588} INFO - Filling up the DagBag from /home/airflow/.local/lib/python3.12/site-packages/airflow/example_dags/tutorial.py
[2024-12-11T05:18:24.197+0000] {processor.py:925} INFO - DAG(s) 'tutorial' retrieved from /home/airflow/.local/lib/python3.12/site-packages/airflow/example_dags/tutorial.py
[2024-12-11T05:18:24.234+0000] {logging_mixin.py:190} INFO - [2024-12-11T05:18:24.234+0000] {dag.py:3239} INFO - Sync 1 DAGs
[2024-12-11T05:18:24.272+0000] {logging_mixin.py:190} INFO - [2024-12-11T05:18:24.272+0000] {dag.py:4180} INFO - Setting next_dagrun for tutorial to 2024-12-10 00:00:00+00:00, run_after=2024-12-11 00:00:00+00:00
[2024-12-11T05:18:24.312+0000] {processor.py:208} INFO - Processing /home/airflow/.local/lib/python3.12/site-packages/airflow/example_dags/tutorial.py took 0.143 seconds
[2024-12-11T05:18:55.332+0000] {processor.py:186} INFO - Started process (PID=1138) to work on /home/airflow/.local/lib/python3.12/site-packages/airflow/example_dags/tutorial.py
[2024-12-11T05:18:55.334+0000] {processor.py:914} INFO - Processing file /home/airflow/.local/lib/python3.12/site-packages/airflow/example_dags/tutorial.py for tasks to queue
[2024-12-11T05:18:55.337+0000] {logging_mixin.py:190} INFO - [2024-12-11T05:18:55.336+0000] {dagbag.py:588} INFO - Filling up the DagBag from /home/airflow/.local/lib/python3.12/site-packages/airflow/example_dags/tutorial.py
[2024-12-11T05:18:55.352+0000] {processor.py:925} INFO - DAG(s) 'tutorial' retrieved from /home/airflow/.local/lib/python3.12/site-packages/airflow/example_dags/tutorial.py
[2024-12-11T05:18:55.384+0000] {logging_mixin.py:190} INFO - [2024-12-11T05:18:55.384+0000] {dag.py:3239} INFO - Sync 1 DAGs
[2024-12-11T05:18:55.429+0000] {logging_mixin.py:190} INFO - [2024-12-11T05:18:55.428+0000] {dag.py:4180} INFO - Setting next_dagrun for tutorial to 2024-12-10 00:00:00+00:00, run_after=2024-12-11 00:00:00+00:00
[2024-12-11T05:18:55.470+0000] {processor.py:208} INFO - Processing /home/airflow/.local/lib/python3.12/site-packages/airflow/example_dags/tutorial.py took 0.147 seconds
[2024-12-11T05:19:26.105+0000] {processor.py:186} INFO - Started process (PID=1201) to work on /home/airflow/.local/lib/python3.12/site-packages/airflow/example_dags/tutorial.py
[2024-12-11T05:19:26.108+0000] {processor.py:914} INFO - Processing file /home/airflow/.local/lib/python3.12/site-packages/airflow/example_dags/tutorial.py for tasks to queue
[2024-12-11T05:19:26.112+0000] {logging_mixin.py:190} INFO - [2024-12-11T05:19:26.111+0000] {dagbag.py:588} INFO - Filling up the DagBag from /home/airflow/.local/lib/python3.12/site-packages/airflow/example_dags/tutorial.py
[2024-12-11T05:19:26.134+0000] {processor.py:925} INFO - DAG(s) 'tutorial' retrieved from /home/airflow/.local/lib/python3.12/site-packages/airflow/example_dags/tutorial.py
[2024-12-11T05:19:26.176+0000] {logging_mixin.py:190} INFO - [2024-12-11T05:19:26.176+0000] {dag.py:3239} INFO - Sync 1 DAGs
[2024-12-11T05:19:26.221+0000] {logging_mixin.py:190} INFO - [2024-12-11T05:19:26.221+0000] {dag.py:4180} INFO - Setting next_dagrun for tutorial to 2024-12-10 00:00:00+00:00, run_after=2024-12-11 00:00:00+00:00
[2024-12-11T05:19:26.256+0000] {processor.py:208} INFO - Processing /home/airflow/.local/lib/python3.12/site-packages/airflow/example_dags/tutorial.py took 0.164 seconds
[2024-12-11T05:20:04.112+0000] {processor.py:186} INFO - Started process (PID=1264) to work on /home/airflow/.local/lib/python3.12/site-packages/airflow/example_dags/tutorial.py
[2024-12-11T05:20:04.115+0000] {processor.py:914} INFO - Processing file /home/airflow/.local/lib/python3.12/site-packages/airflow/example_dags/tutorial.py for tasks to queue
[2024-12-11T05:20:04.118+0000] {logging_mixin.py:190} INFO - [2024-12-11T05:20:04.118+0000] {dagbag.py:588} INFO - Filling up the DagBag from /home/airflow/.local/lib/python3.12/site-packages/airflow/example_dags/tutorial.py
[2024-12-11T05:20:04.138+0000] {processor.py:925} INFO - DAG(s) 'tutorial' retrieved from /home/airflow/.local/lib/python3.12/site-packages/airflow/example_dags/tutorial.py
[2024-12-11T05:20:04.189+0000] {logging_mixin.py:190} INFO - [2024-12-11T05:20:04.188+0000] {dag.py:3239} INFO - Sync 1 DAGs
[2024-12-11T05:20:04.252+0000] {logging_mixin.py:190} INFO - [2024-12-11T05:20:04.251+0000] {dag.py:4180} INFO - Setting next_dagrun for tutorial to 2024-12-10 00:00:00+00:00, run_after=2024-12-11 00:00:00+00:00
[2024-12-11T05:20:04.313+0000] {processor.py:208} INFO - Processing /home/airflow/.local/lib/python3.12/site-packages/airflow/example_dags/tutorial.py took 0.213 seconds
[2024-12-11T05:23:11.374+0000] {processor.py:186} INFO - Started process (PID=1327) to work on /home/airflow/.local/lib/python3.12/site-packages/airflow/example_dags/tutorial.py
[2024-12-11T05:23:11.378+0000] {processor.py:914} INFO - Processing file /home/airflow/.local/lib/python3.12/site-packages/airflow/example_dags/tutorial.py for tasks to queue
[2024-12-11T05:23:11.385+0000] {logging_mixin.py:190} INFO - [2024-12-11T05:23:11.384+0000] {dagbag.py:588} INFO - Filling up the DagBag from /home/airflow/.local/lib/python3.12/site-packages/airflow/example_dags/tutorial.py
[2024-12-11T05:23:11.444+0000] {processor.py:925} INFO - DAG(s) 'tutorial' retrieved from /home/airflow/.local/lib/python3.12/site-packages/airflow/example_dags/tutorial.py
[2024-12-11T05:23:11.638+0000] {logging_mixin.py:190} INFO - [2024-12-11T05:23:11.637+0000] {dag.py:3239} INFO - Sync 1 DAGs
[2024-12-11T05:23:11.742+0000] {logging_mixin.py:190} INFO - [2024-12-11T05:23:11.741+0000] {dag.py:4180} INFO - Setting next_dagrun for tutorial to 2024-12-10 00:00:00+00:00, run_after=2024-12-11 00:00:00+00:00
[2024-12-11T05:23:11.806+0000] {processor.py:208} INFO - Processing /home/airflow/.local/lib/python3.12/site-packages/airflow/example_dags/tutorial.py took 0.470 seconds
[2024-12-11T05:23:42.379+0000] {processor.py:186} INFO - Started process (PID=1389) to work on /home/airflow/.local/lib/python3.12/site-packages/airflow/example_dags/tutorial.py
[2024-12-11T05:23:42.382+0000] {processor.py:914} INFO - Processing file /home/airflow/.local/lib/python3.12/site-packages/airflow/example_dags/tutorial.py for tasks to queue
[2024-12-11T05:23:42.389+0000] {logging_mixin.py:190} INFO - [2024-12-11T05:23:42.387+0000] {dagbag.py:588} INFO - Filling up the DagBag from /home/airflow/.local/lib/python3.12/site-packages/airflow/example_dags/tutorial.py
[2024-12-11T05:23:42.420+0000] {processor.py:925} INFO - DAG(s) 'tutorial' retrieved from /home/airflow/.local/lib/python3.12/site-packages/airflow/example_dags/tutorial.py
[2024-12-11T05:23:42.477+0000] {logging_mixin.py:190} INFO - [2024-12-11T05:23:42.476+0000] {dag.py:3239} INFO - Sync 1 DAGs
[2024-12-11T05:23:42.551+0000] {logging_mixin.py:190} INFO - [2024-12-11T05:23:42.550+0000] {dag.py:4180} INFO - Setting next_dagrun for tutorial to 2024-12-10 00:00:00+00:00, run_after=2024-12-11 00:00:00+00:00
[2024-12-11T05:23:42.627+0000] {processor.py:208} INFO - Processing /home/airflow/.local/lib/python3.12/site-packages/airflow/example_dags/tutorial.py took 0.262 seconds
[2024-12-11T05:24:54.613+0000] {processor.py:186} INFO - Started process (PID=1440) to work on /home/airflow/.local/lib/python3.12/site-packages/airflow/example_dags/tutorial.py
[2024-12-11T05:24:54.615+0000] {processor.py:914} INFO - Processing file /home/airflow/.local/lib/python3.12/site-packages/airflow/example_dags/tutorial.py for tasks to queue
[2024-12-11T05:24:54.618+0000] {logging_mixin.py:190} INFO - [2024-12-11T05:24:54.617+0000] {dagbag.py:588} INFO - Filling up the DagBag from /home/airflow/.local/lib/python3.12/site-packages/airflow/example_dags/tutorial.py
[2024-12-11T05:24:54.636+0000] {processor.py:925} INFO - DAG(s) 'tutorial' retrieved from /home/airflow/.local/lib/python3.12/site-packages/airflow/example_dags/tutorial.py
[2024-12-11T05:24:54.671+0000] {logging_mixin.py:190} INFO - [2024-12-11T05:24:54.670+0000] {dag.py:3239} INFO - Sync 1 DAGs
[2024-12-11T05:24:54.715+0000] {logging_mixin.py:190} INFO - [2024-12-11T05:24:54.715+0000] {dag.py:4180} INFO - Setting next_dagrun for tutorial to 2024-12-10 00:00:00+00:00, run_after=2024-12-11 00:00:00+00:00
[2024-12-11T05:24:54.751+0000] {processor.py:208} INFO - Processing /home/airflow/.local/lib/python3.12/site-packages/airflow/example_dags/tutorial.py took 0.149 seconds
[2024-12-11T05:25:29.143+0000] {processor.py:186} INFO - Started process (PID=1503) to work on /home/airflow/.local/lib/python3.12/site-packages/airflow/example_dags/tutorial.py
[2024-12-11T05:25:29.145+0000] {processor.py:914} INFO - Processing file /home/airflow/.local/lib/python3.12/site-packages/airflow/example_dags/tutorial.py for tasks to queue
[2024-12-11T05:25:29.151+0000] {logging_mixin.py:190} INFO - [2024-12-11T05:25:29.150+0000] {dagbag.py:588} INFO - Filling up the DagBag from /home/airflow/.local/lib/python3.12/site-packages/airflow/example_dags/tutorial.py
[2024-12-11T05:25:29.181+0000] {processor.py:925} INFO - DAG(s) 'tutorial' retrieved from /home/airflow/.local/lib/python3.12/site-packages/airflow/example_dags/tutorial.py
[2024-12-11T05:25:29.249+0000] {logging_mixin.py:190} INFO - [2024-12-11T05:25:29.248+0000] {dag.py:3239} INFO - Sync 1 DAGs
[2024-12-11T05:25:29.323+0000] {logging_mixin.py:190} INFO - [2024-12-11T05:25:29.322+0000] {dag.py:4180} INFO - Setting next_dagrun for tutorial to 2024-12-10 00:00:00+00:00, run_after=2024-12-11 00:00:00+00:00
[2024-12-11T05:25:29.381+0000] {processor.py:208} INFO - Processing /home/airflow/.local/lib/python3.12/site-packages/airflow/example_dags/tutorial.py took 0.254 seconds
[2024-12-11T05:26:01.989+0000] {processor.py:186} INFO - Started process (PID=1565) to work on /home/airflow/.local/lib/python3.12/site-packages/airflow/example_dags/tutorial.py
[2024-12-11T05:26:01.992+0000] {processor.py:914} INFO - Processing file /home/airflow/.local/lib/python3.12/site-packages/airflow/example_dags/tutorial.py for tasks to queue
[2024-12-11T05:26:01.995+0000] {logging_mixin.py:190} INFO - [2024-12-11T05:26:01.994+0000] {dagbag.py:588} INFO - Filling up the DagBag from /home/airflow/.local/lib/python3.12/site-packages/airflow/example_dags/tutorial.py
[2024-12-11T05:26:02.023+0000] {processor.py:925} INFO - DAG(s) 'tutorial' retrieved from /home/airflow/.local/lib/python3.12/site-packages/airflow/example_dags/tutorial.py
[2024-12-11T05:26:02.081+0000] {logging_mixin.py:190} INFO - [2024-12-11T05:26:02.080+0000] {dag.py:3239} INFO - Sync 1 DAGs
[2024-12-11T05:26:02.180+0000] {logging_mixin.py:190} INFO - [2024-12-11T05:26:02.179+0000] {dag.py:4180} INFO - Setting next_dagrun for tutorial to 2024-12-10 00:00:00+00:00, run_after=2024-12-11 00:00:00+00:00
[2024-12-11T05:26:02.276+0000] {processor.py:208} INFO - Processing /home/airflow/.local/lib/python3.12/site-packages/airflow/example_dags/tutorial.py took 0.301 seconds
[2024-12-11T05:27:26.142+0000] {processor.py:186} INFO - Started process (PID=1652) to work on /home/airflow/.local/lib/python3.12/site-packages/airflow/example_dags/tutorial.py
[2024-12-11T05:27:26.146+0000] {processor.py:914} INFO - Processing file /home/airflow/.local/lib/python3.12/site-packages/airflow/example_dags/tutorial.py for tasks to queue
[2024-12-11T05:27:26.151+0000] {logging_mixin.py:190} INFO - [2024-12-11T05:27:26.150+0000] {dagbag.py:588} INFO - Filling up the DagBag from /home/airflow/.local/lib/python3.12/site-packages/airflow/example_dags/tutorial.py
[2024-12-11T05:27:26.179+0000] {processor.py:925} INFO - DAG(s) 'tutorial' retrieved from /home/airflow/.local/lib/python3.12/site-packages/airflow/example_dags/tutorial.py
[2024-12-11T05:27:26.254+0000] {logging_mixin.py:190} INFO - [2024-12-11T05:27:26.253+0000] {dag.py:3239} INFO - Sync 1 DAGs
[2024-12-11T05:27:26.335+0000] {logging_mixin.py:190} INFO - [2024-12-11T05:27:26.334+0000] {dag.py:4180} INFO - Setting next_dagrun for tutorial to 2024-12-10 00:00:00+00:00, run_after=2024-12-11 00:00:00+00:00
[2024-12-11T05:27:26.424+0000] {processor.py:208} INFO - Processing /home/airflow/.local/lib/python3.12/site-packages/airflow/example_dags/tutorial.py took 0.298 seconds
