[2024-12-11T04:56:23.882+0000] {processor.py:186} INFO - Started process (PID=114) to work on /home/airflow/.local/lib/python3.12/site-packages/airflow/example_dags/tutorial_taskflow_templates.py
[2024-12-11T04:56:23.885+0000] {processor.py:914} INFO - Processing file /home/airflow/.local/lib/python3.12/site-packages/airflow/example_dags/tutorial_taskflow_templates.py for tasks to queue
[2024-12-11T04:56:23.892+0000] {logging_mixin.py:190} INFO - [2024-12-11T04:56:23.890+0000] {dagbag.py:588} INFO - Filling up the DagBag from /home/airflow/.local/lib/python3.12/site-packages/airflow/example_dags/tutorial_taskflow_templates.py
[2024-12-11T04:56:23.932+0000] {processor.py:925} INFO - DAG(s) 'tutorial_taskflow_templates' retrieved from /home/airflow/.local/lib/python3.12/site-packages/airflow/example_dags/tutorial_taskflow_templates.py
[2024-12-11T04:56:24.298+0000] {logging_mixin.py:190} INFO - [2024-12-11T04:56:24.297+0000] {override.py:1911} INFO - Created Permission View: can delete on DAG:tutorial_taskflow_templates
[2024-12-11T04:56:24.343+0000] {logging_mixin.py:190} INFO - [2024-12-11T04:56:24.343+0000] {override.py:1911} INFO - Created Permission View: can read on DAG:tutorial_taskflow_templates
[2024-12-11T04:56:24.365+0000] {logging_mixin.py:190} INFO - [2024-12-11T04:56:24.365+0000] {override.py:1911} INFO - Created Permission View: can edit on DAG:tutorial_taskflow_templates
[2024-12-11T04:56:24.386+0000] {logging_mixin.py:190} INFO - [2024-12-11T04:56:24.385+0000] {override.py:1911} INFO - Created Permission View: can delete on DAG Run:tutorial_taskflow_templates
[2024-12-11T04:56:24.409+0000] {logging_mixin.py:190} INFO - [2024-12-11T04:56:24.407+0000] {override.py:1911} INFO - Created Permission View: can read on DAG Run:tutorial_taskflow_templates
[2024-12-11T04:56:24.428+0000] {logging_mixin.py:190} INFO - [2024-12-11T04:56:24.427+0000] {override.py:1911} INFO - Created Permission View: menu access on DAG Run:tutorial_taskflow_templates
[2024-12-11T04:56:24.451+0000] {logging_mixin.py:190} INFO - [2024-12-11T04:56:24.450+0000] {override.py:1911} INFO - Created Permission View: can create on DAG Run:tutorial_taskflow_templates
[2024-12-11T04:56:24.453+0000] {logging_mixin.py:190} INFO - [2024-12-11T04:56:24.452+0000] {dag.py:3239} INFO - Sync 1 DAGs
[2024-12-11T04:56:24.489+0000] {logging_mixin.py:190} INFO - [2024-12-11T04:56:24.488+0000] {dag.py:3262} INFO - Creating ORM DAG for tutorial_taskflow_templates
[2024-12-11T04:56:24.518+0000] {logging_mixin.py:190} INFO - [2024-12-11T04:56:24.517+0000] {dag.py:4180} INFO - Setting next_dagrun for tutorial_taskflow_templates to 2024-12-10 00:00:00+00:00, run_after=2024-12-11 00:00:00+00:00
[2024-12-11T04:56:24.565+0000] {processor.py:208} INFO - Processing /home/airflow/.local/lib/python3.12/site-packages/airflow/example_dags/tutorial_taskflow_templates.py took 0.695 seconds
[2024-12-11T04:56:54.912+0000] {processor.py:186} INFO - Started process (PID=176) to work on /home/airflow/.local/lib/python3.12/site-packages/airflow/example_dags/tutorial_taskflow_templates.py
[2024-12-11T04:56:54.916+0000] {processor.py:914} INFO - Processing file /home/airflow/.local/lib/python3.12/site-packages/airflow/example_dags/tutorial_taskflow_templates.py for tasks to queue
[2024-12-11T04:56:54.922+0000] {logging_mixin.py:190} INFO - [2024-12-11T04:56:54.921+0000] {dagbag.py:588} INFO - Filling up the DagBag from /home/airflow/.local/lib/python3.12/site-packages/airflow/example_dags/tutorial_taskflow_templates.py
[2024-12-11T04:56:54.970+0000] {processor.py:925} INFO - DAG(s) 'tutorial_taskflow_templates' retrieved from /home/airflow/.local/lib/python3.12/site-packages/airflow/example_dags/tutorial_taskflow_templates.py
[2024-12-11T04:56:55.025+0000] {logging_mixin.py:190} INFO - [2024-12-11T04:56:55.024+0000] {dag.py:3239} INFO - Sync 1 DAGs
[2024-12-11T04:56:55.110+0000] {logging_mixin.py:190} INFO - [2024-12-11T04:56:55.110+0000] {dag.py:4180} INFO - Setting next_dagrun for tutorial_taskflow_templates to 2024-12-10 00:00:00+00:00, run_after=2024-12-11 00:00:00+00:00
[2024-12-11T04:56:55.159+0000] {processor.py:208} INFO - Processing /home/airflow/.local/lib/python3.12/site-packages/airflow/example_dags/tutorial_taskflow_templates.py took 0.262 seconds
[2024-12-11T05:00:59.667+0000] {processor.py:186} INFO - Started process (PID=245) to work on /home/airflow/.local/lib/python3.12/site-packages/airflow/example_dags/tutorial_taskflow_templates.py
[2024-12-11T05:00:59.669+0000] {processor.py:914} INFO - Processing file /home/airflow/.local/lib/python3.12/site-packages/airflow/example_dags/tutorial_taskflow_templates.py for tasks to queue
[2024-12-11T05:00:59.674+0000] {logging_mixin.py:190} INFO - [2024-12-11T05:00:59.673+0000] {dagbag.py:588} INFO - Filling up the DagBag from /home/airflow/.local/lib/python3.12/site-packages/airflow/example_dags/tutorial_taskflow_templates.py
[2024-12-11T05:00:59.711+0000] {processor.py:925} INFO - DAG(s) 'tutorial_taskflow_templates' retrieved from /home/airflow/.local/lib/python3.12/site-packages/airflow/example_dags/tutorial_taskflow_templates.py
[2024-12-11T05:00:59.761+0000] {logging_mixin.py:190} INFO - [2024-12-11T05:00:59.760+0000] {dag.py:3239} INFO - Sync 1 DAGs
[2024-12-11T05:00:59.827+0000] {logging_mixin.py:190} INFO - [2024-12-11T05:00:59.826+0000] {dag.py:4180} INFO - Setting next_dagrun for tutorial_taskflow_templates to 2024-12-10 00:00:00+00:00, run_after=2024-12-11 00:00:00+00:00
[2024-12-11T05:00:59.877+0000] {processor.py:208} INFO - Processing /home/airflow/.local/lib/python3.12/site-packages/airflow/example_dags/tutorial_taskflow_templates.py took 0.222 seconds
[2024-12-11T05:03:20.530+0000] {processor.py:186} INFO - Started process (PID=336) to work on /home/airflow/.local/lib/python3.12/site-packages/airflow/example_dags/tutorial_taskflow_templates.py
[2024-12-11T05:03:20.532+0000] {processor.py:914} INFO - Processing file /home/airflow/.local/lib/python3.12/site-packages/airflow/example_dags/tutorial_taskflow_templates.py for tasks to queue
[2024-12-11T05:03:20.535+0000] {logging_mixin.py:190} INFO - [2024-12-11T05:03:20.534+0000] {dagbag.py:588} INFO - Filling up the DagBag from /home/airflow/.local/lib/python3.12/site-packages/airflow/example_dags/tutorial_taskflow_templates.py
[2024-12-11T05:03:20.585+0000] {processor.py:925} INFO - DAG(s) 'tutorial_taskflow_templates' retrieved from /home/airflow/.local/lib/python3.12/site-packages/airflow/example_dags/tutorial_taskflow_templates.py
[2024-12-11T05:03:20.651+0000] {logging_mixin.py:190} INFO - [2024-12-11T05:03:20.650+0000] {dag.py:3239} INFO - Sync 1 DAGs
[2024-12-11T05:03:20.745+0000] {logging_mixin.py:190} INFO - [2024-12-11T05:03:20.744+0000] {dag.py:4180} INFO - Setting next_dagrun for tutorial_taskflow_templates to 2024-12-10 00:00:00+00:00, run_after=2024-12-11 00:00:00+00:00
[2024-12-11T05:03:20.836+0000] {processor.py:208} INFO - Processing /home/airflow/.local/lib/python3.12/site-packages/airflow/example_dags/tutorial_taskflow_templates.py took 0.321 seconds
[2024-12-11T05:03:51.618+0000] {processor.py:186} INFO - Started process (PID=397) to work on /home/airflow/.local/lib/python3.12/site-packages/airflow/example_dags/tutorial_taskflow_templates.py
[2024-12-11T05:03:51.621+0000] {processor.py:914} INFO - Processing file /home/airflow/.local/lib/python3.12/site-packages/airflow/example_dags/tutorial_taskflow_templates.py for tasks to queue
[2024-12-11T05:03:51.625+0000] {logging_mixin.py:190} INFO - [2024-12-11T05:03:51.624+0000] {dagbag.py:588} INFO - Filling up the DagBag from /home/airflow/.local/lib/python3.12/site-packages/airflow/example_dags/tutorial_taskflow_templates.py
[2024-12-11T05:03:51.670+0000] {processor.py:925} INFO - DAG(s) 'tutorial_taskflow_templates' retrieved from /home/airflow/.local/lib/python3.12/site-packages/airflow/example_dags/tutorial_taskflow_templates.py
[2024-12-11T05:03:51.731+0000] {logging_mixin.py:190} INFO - [2024-12-11T05:03:51.731+0000] {dag.py:3239} INFO - Sync 1 DAGs
[2024-12-11T05:03:51.813+0000] {logging_mixin.py:190} INFO - [2024-12-11T05:03:51.812+0000] {dag.py:4180} INFO - Setting next_dagrun for tutorial_taskflow_templates to 2024-12-10 00:00:00+00:00, run_after=2024-12-11 00:00:00+00:00
[2024-12-11T05:03:51.863+0000] {processor.py:208} INFO - Processing /home/airflow/.local/lib/python3.12/site-packages/airflow/example_dags/tutorial_taskflow_templates.py took 0.262 seconds
[2024-12-11T05:05:39.256+0000] {processor.py:186} INFO - Started process (PID=467) to work on /home/airflow/.local/lib/python3.12/site-packages/airflow/example_dags/tutorial_taskflow_templates.py
[2024-12-11T05:05:39.258+0000] {processor.py:914} INFO - Processing file /home/airflow/.local/lib/python3.12/site-packages/airflow/example_dags/tutorial_taskflow_templates.py for tasks to queue
[2024-12-11T05:05:39.262+0000] {logging_mixin.py:190} INFO - [2024-12-11T05:05:39.261+0000] {dagbag.py:588} INFO - Filling up the DagBag from /home/airflow/.local/lib/python3.12/site-packages/airflow/example_dags/tutorial_taskflow_templates.py
[2024-12-11T05:05:39.294+0000] {processor.py:925} INFO - DAG(s) 'tutorial_taskflow_templates' retrieved from /home/airflow/.local/lib/python3.12/site-packages/airflow/example_dags/tutorial_taskflow_templates.py
[2024-12-11T05:05:39.343+0000] {logging_mixin.py:190} INFO - [2024-12-11T05:05:39.342+0000] {dag.py:3239} INFO - Sync 1 DAGs
[2024-12-11T05:05:39.407+0000] {logging_mixin.py:190} INFO - [2024-12-11T05:05:39.407+0000] {dag.py:4180} INFO - Setting next_dagrun for tutorial_taskflow_templates to 2024-12-10 00:00:00+00:00, run_after=2024-12-11 00:00:00+00:00
[2024-12-11T05:05:39.454+0000] {processor.py:208} INFO - Processing /home/airflow/.local/lib/python3.12/site-packages/airflow/example_dags/tutorial_taskflow_templates.py took 0.209 seconds
[2024-12-11T05:06:15.197+0000] {processor.py:186} INFO - Started process (PID=530) to work on /home/airflow/.local/lib/python3.12/site-packages/airflow/example_dags/tutorial_taskflow_templates.py
[2024-12-11T05:06:15.264+0000] {processor.py:914} INFO - Processing file /home/airflow/.local/lib/python3.12/site-packages/airflow/example_dags/tutorial_taskflow_templates.py for tasks to queue
[2024-12-11T05:06:15.270+0000] {logging_mixin.py:190} INFO - [2024-12-11T05:06:15.269+0000] {dagbag.py:588} INFO - Filling up the DagBag from /home/airflow/.local/lib/python3.12/site-packages/airflow/example_dags/tutorial_taskflow_templates.py
[2024-12-11T05:06:15.436+0000] {processor.py:925} INFO - DAG(s) 'tutorial_taskflow_templates' retrieved from /home/airflow/.local/lib/python3.12/site-packages/airflow/example_dags/tutorial_taskflow_templates.py
[2024-12-11T05:06:16.782+0000] {logging_mixin.py:190} INFO - [2024-12-11T05:06:16.775+0000] {dag.py:3239} INFO - Sync 1 DAGs
[2024-12-11T05:06:16.884+0000] {logging_mixin.py:190} INFO - [2024-12-11T05:06:16.883+0000] {dag.py:4180} INFO - Setting next_dagrun for tutorial_taskflow_templates to 2024-12-10 00:00:00+00:00, run_after=2024-12-11 00:00:00+00:00
[2024-12-11T05:06:16.955+0000] {processor.py:208} INFO - Processing /home/airflow/.local/lib/python3.12/site-packages/airflow/example_dags/tutorial_taskflow_templates.py took 1.825 seconds
[2024-12-11T05:07:37.097+0000] {processor.py:186} INFO - Started process (PID=587) to work on /home/airflow/.local/lib/python3.12/site-packages/airflow/example_dags/tutorial_taskflow_templates.py
[2024-12-11T05:07:37.100+0000] {processor.py:914} INFO - Processing file /home/airflow/.local/lib/python3.12/site-packages/airflow/example_dags/tutorial_taskflow_templates.py for tasks to queue
[2024-12-11T05:07:37.103+0000] {logging_mixin.py:190} INFO - [2024-12-11T05:07:37.102+0000] {dagbag.py:588} INFO - Filling up the DagBag from /home/airflow/.local/lib/python3.12/site-packages/airflow/example_dags/tutorial_taskflow_templates.py
[2024-12-11T05:07:37.140+0000] {processor.py:925} INFO - DAG(s) 'tutorial_taskflow_templates' retrieved from /home/airflow/.local/lib/python3.12/site-packages/airflow/example_dags/tutorial_taskflow_templates.py
[2024-12-11T05:07:37.189+0000] {logging_mixin.py:190} INFO - [2024-12-11T05:07:37.188+0000] {dag.py:3239} INFO - Sync 1 DAGs
[2024-12-11T05:07:37.259+0000] {logging_mixin.py:190} INFO - [2024-12-11T05:07:37.259+0000] {dag.py:4180} INFO - Setting next_dagrun for tutorial_taskflow_templates to 2024-12-10 00:00:00+00:00, run_after=2024-12-11 00:00:00+00:00
[2024-12-11T05:07:37.314+0000] {processor.py:208} INFO - Processing /home/airflow/.local/lib/python3.12/site-packages/airflow/example_dags/tutorial_taskflow_templates.py took 0.230 seconds
[2024-12-11T05:08:09.329+0000] {processor.py:186} INFO - Started process (PID=650) to work on /home/airflow/.local/lib/python3.12/site-packages/airflow/example_dags/tutorial_taskflow_templates.py
[2024-12-11T05:08:09.330+0000] {processor.py:914} INFO - Processing file /home/airflow/.local/lib/python3.12/site-packages/airflow/example_dags/tutorial_taskflow_templates.py for tasks to queue
[2024-12-11T05:08:09.333+0000] {logging_mixin.py:190} INFO - [2024-12-11T05:08:09.333+0000] {dagbag.py:588} INFO - Filling up the DagBag from /home/airflow/.local/lib/python3.12/site-packages/airflow/example_dags/tutorial_taskflow_templates.py
[2024-12-11T05:08:09.361+0000] {processor.py:925} INFO - DAG(s) 'tutorial_taskflow_templates' retrieved from /home/airflow/.local/lib/python3.12/site-packages/airflow/example_dags/tutorial_taskflow_templates.py
[2024-12-11T05:08:09.403+0000] {logging_mixin.py:190} INFO - [2024-12-11T05:08:09.402+0000] {dag.py:3239} INFO - Sync 1 DAGs
[2024-12-11T05:08:09.454+0000] {logging_mixin.py:190} INFO - [2024-12-11T05:08:09.453+0000] {dag.py:4180} INFO - Setting next_dagrun for tutorial_taskflow_templates to 2024-12-10 00:00:00+00:00, run_after=2024-12-11 00:00:00+00:00
[2024-12-11T05:08:09.495+0000] {processor.py:208} INFO - Processing /home/airflow/.local/lib/python3.12/site-packages/airflow/example_dags/tutorial_taskflow_templates.py took 0.177 seconds
[2024-12-11T05:09:30.828+0000] {processor.py:186} INFO - Started process (PID=727) to work on /home/airflow/.local/lib/python3.12/site-packages/airflow/example_dags/tutorial_taskflow_templates.py
[2024-12-11T05:09:30.830+0000] {processor.py:914} INFO - Processing file /home/airflow/.local/lib/python3.12/site-packages/airflow/example_dags/tutorial_taskflow_templates.py for tasks to queue
[2024-12-11T05:09:30.834+0000] {logging_mixin.py:190} INFO - [2024-12-11T05:09:30.833+0000] {dagbag.py:588} INFO - Filling up the DagBag from /home/airflow/.local/lib/python3.12/site-packages/airflow/example_dags/tutorial_taskflow_templates.py
[2024-12-11T05:09:30.891+0000] {processor.py:925} INFO - DAG(s) 'tutorial_taskflow_templates' retrieved from /home/airflow/.local/lib/python3.12/site-packages/airflow/example_dags/tutorial_taskflow_templates.py
[2024-12-11T05:09:31.028+0000] {logging_mixin.py:190} INFO - [2024-12-11T05:09:31.026+0000] {dag.py:3239} INFO - Sync 1 DAGs
[2024-12-11T05:09:31.192+0000] {logging_mixin.py:190} INFO - [2024-12-11T05:09:31.191+0000] {dag.py:4180} INFO - Setting next_dagrun for tutorial_taskflow_templates to 2024-12-10 00:00:00+00:00, run_after=2024-12-11 00:00:00+00:00
[2024-12-11T05:09:31.254+0000] {processor.py:208} INFO - Processing /home/airflow/.local/lib/python3.12/site-packages/airflow/example_dags/tutorial_taskflow_templates.py took 0.454 seconds
[2024-12-11T05:10:02.088+0000] {processor.py:186} INFO - Started process (PID=789) to work on /home/airflow/.local/lib/python3.12/site-packages/airflow/example_dags/tutorial_taskflow_templates.py
[2024-12-11T05:10:02.091+0000] {processor.py:914} INFO - Processing file /home/airflow/.local/lib/python3.12/site-packages/airflow/example_dags/tutorial_taskflow_templates.py for tasks to queue
[2024-12-11T05:10:02.094+0000] {logging_mixin.py:190} INFO - [2024-12-11T05:10:02.093+0000] {dagbag.py:588} INFO - Filling up the DagBag from /home/airflow/.local/lib/python3.12/site-packages/airflow/example_dags/tutorial_taskflow_templates.py
[2024-12-11T05:10:02.130+0000] {processor.py:925} INFO - DAG(s) 'tutorial_taskflow_templates' retrieved from /home/airflow/.local/lib/python3.12/site-packages/airflow/example_dags/tutorial_taskflow_templates.py
[2024-12-11T05:10:02.182+0000] {logging_mixin.py:190} INFO - [2024-12-11T05:10:02.181+0000] {dag.py:3239} INFO - Sync 1 DAGs
[2024-12-11T05:10:02.245+0000] {logging_mixin.py:190} INFO - [2024-12-11T05:10:02.244+0000] {dag.py:4180} INFO - Setting next_dagrun for tutorial_taskflow_templates to 2024-12-10 00:00:00+00:00, run_after=2024-12-11 00:00:00+00:00
[2024-12-11T05:10:02.302+0000] {processor.py:208} INFO - Processing /home/airflow/.local/lib/python3.12/site-packages/airflow/example_dags/tutorial_taskflow_templates.py took 0.227 seconds
[2024-12-11T05:10:36.257+0000] {processor.py:186} INFO - Started process (PID=853) to work on /home/airflow/.local/lib/python3.12/site-packages/airflow/example_dags/tutorial_taskflow_templates.py
[2024-12-11T05:10:36.264+0000] {processor.py:914} INFO - Processing file /home/airflow/.local/lib/python3.12/site-packages/airflow/example_dags/tutorial_taskflow_templates.py for tasks to queue
[2024-12-11T05:10:36.268+0000] {logging_mixin.py:190} INFO - [2024-12-11T05:10:36.268+0000] {dagbag.py:588} INFO - Filling up the DagBag from /home/airflow/.local/lib/python3.12/site-packages/airflow/example_dags/tutorial_taskflow_templates.py
[2024-12-11T05:10:36.353+0000] {processor.py:925} INFO - DAG(s) 'tutorial_taskflow_templates' retrieved from /home/airflow/.local/lib/python3.12/site-packages/airflow/example_dags/tutorial_taskflow_templates.py
[2024-12-11T05:10:36.440+0000] {logging_mixin.py:190} INFO - [2024-12-11T05:10:36.439+0000] {dag.py:3239} INFO - Sync 1 DAGs
[2024-12-11T05:10:36.524+0000] {logging_mixin.py:190} INFO - [2024-12-11T05:10:36.524+0000] {dag.py:4180} INFO - Setting next_dagrun for tutorial_taskflow_templates to 2024-12-10 00:00:00+00:00, run_after=2024-12-11 00:00:00+00:00
[2024-12-11T05:10:36.594+0000] {processor.py:208} INFO - Processing /home/airflow/.local/lib/python3.12/site-packages/airflow/example_dags/tutorial_taskflow_templates.py took 0.353 seconds
[2024-12-11T05:12:15.656+0000] {processor.py:186} INFO - Started process (PID=916) to work on /home/airflow/.local/lib/python3.12/site-packages/airflow/example_dags/tutorial_taskflow_templates.py
[2024-12-11T05:12:15.721+0000] {processor.py:914} INFO - Processing file /home/airflow/.local/lib/python3.12/site-packages/airflow/example_dags/tutorial_taskflow_templates.py for tasks to queue
[2024-12-11T05:12:15.728+0000] {logging_mixin.py:190} INFO - [2024-12-11T05:12:15.727+0000] {dagbag.py:588} INFO - Filling up the DagBag from /home/airflow/.local/lib/python3.12/site-packages/airflow/example_dags/tutorial_taskflow_templates.py
[2024-12-11T05:12:15.856+0000] {processor.py:925} INFO - DAG(s) 'tutorial_taskflow_templates' retrieved from /home/airflow/.local/lib/python3.12/site-packages/airflow/example_dags/tutorial_taskflow_templates.py
[2024-12-11T05:12:15.970+0000] {logging_mixin.py:190} INFO - [2024-12-11T05:12:15.969+0000] {dag.py:3239} INFO - Sync 1 DAGs
[2024-12-11T05:12:16.118+0000] {logging_mixin.py:190} INFO - [2024-12-11T05:12:16.117+0000] {dag.py:4180} INFO - Setting next_dagrun for tutorial_taskflow_templates to 2024-12-10 00:00:00+00:00, run_after=2024-12-11 00:00:00+00:00
[2024-12-11T05:12:16.218+0000] {processor.py:208} INFO - Processing /home/airflow/.local/lib/python3.12/site-packages/airflow/example_dags/tutorial_taskflow_templates.py took 0.613 seconds
[2024-12-11T05:17:41.362+0000] {processor.py:186} INFO - Started process (PID=992) to work on /home/airflow/.local/lib/python3.12/site-packages/airflow/example_dags/tutorial_taskflow_templates.py
[2024-12-11T05:17:41.364+0000] {processor.py:914} INFO - Processing file /home/airflow/.local/lib/python3.12/site-packages/airflow/example_dags/tutorial_taskflow_templates.py for tasks to queue
[2024-12-11T05:17:41.367+0000] {logging_mixin.py:190} INFO - [2024-12-11T05:17:41.366+0000] {dagbag.py:588} INFO - Filling up the DagBag from /home/airflow/.local/lib/python3.12/site-packages/airflow/example_dags/tutorial_taskflow_templates.py
[2024-12-11T05:17:41.399+0000] {processor.py:925} INFO - DAG(s) 'tutorial_taskflow_templates' retrieved from /home/airflow/.local/lib/python3.12/site-packages/airflow/example_dags/tutorial_taskflow_templates.py
[2024-12-11T05:17:41.452+0000] {logging_mixin.py:190} INFO - [2024-12-11T05:17:41.451+0000] {dag.py:3239} INFO - Sync 1 DAGs
[2024-12-11T05:17:41.518+0000] {logging_mixin.py:190} INFO - [2024-12-11T05:17:41.517+0000] {dag.py:4180} INFO - Setting next_dagrun for tutorial_taskflow_templates to 2024-12-10 00:00:00+00:00, run_after=2024-12-11 00:00:00+00:00
[2024-12-11T05:17:41.574+0000] {processor.py:208} INFO - Processing /home/airflow/.local/lib/python3.12/site-packages/airflow/example_dags/tutorial_taskflow_templates.py took 0.225 seconds
[2024-12-11T05:18:21.550+0000] {processor.py:186} INFO - Started process (PID=1063) to work on /home/airflow/.local/lib/python3.12/site-packages/airflow/example_dags/tutorial_taskflow_templates.py
[2024-12-11T05:18:21.552+0000] {processor.py:914} INFO - Processing file /home/airflow/.local/lib/python3.12/site-packages/airflow/example_dags/tutorial_taskflow_templates.py for tasks to queue
[2024-12-11T05:18:21.554+0000] {logging_mixin.py:190} INFO - [2024-12-11T05:18:21.554+0000] {dagbag.py:588} INFO - Filling up the DagBag from /home/airflow/.local/lib/python3.12/site-packages/airflow/example_dags/tutorial_taskflow_templates.py
[2024-12-11T05:18:21.578+0000] {processor.py:925} INFO - DAG(s) 'tutorial_taskflow_templates' retrieved from /home/airflow/.local/lib/python3.12/site-packages/airflow/example_dags/tutorial_taskflow_templates.py
[2024-12-11T05:18:21.612+0000] {logging_mixin.py:190} INFO - [2024-12-11T05:18:21.611+0000] {dag.py:3239} INFO - Sync 1 DAGs
[2024-12-11T05:18:21.656+0000] {logging_mixin.py:190} INFO - [2024-12-11T05:18:21.656+0000] {dag.py:4180} INFO - Setting next_dagrun for tutorial_taskflow_templates to 2024-12-10 00:00:00+00:00, run_after=2024-12-11 00:00:00+00:00
[2024-12-11T05:18:21.692+0000] {processor.py:208} INFO - Processing /home/airflow/.local/lib/python3.12/site-packages/airflow/example_dags/tutorial_taskflow_templates.py took 0.150 seconds
[2024-12-11T05:18:53.509+0000] {processor.py:186} INFO - Started process (PID=1129) to work on /home/airflow/.local/lib/python3.12/site-packages/airflow/example_dags/tutorial_taskflow_templates.py
[2024-12-11T05:18:53.511+0000] {processor.py:914} INFO - Processing file /home/airflow/.local/lib/python3.12/site-packages/airflow/example_dags/tutorial_taskflow_templates.py for tasks to queue
[2024-12-11T05:18:53.513+0000] {logging_mixin.py:190} INFO - [2024-12-11T05:18:53.513+0000] {dagbag.py:588} INFO - Filling up the DagBag from /home/airflow/.local/lib/python3.12/site-packages/airflow/example_dags/tutorial_taskflow_templates.py
[2024-12-11T05:18:53.541+0000] {processor.py:925} INFO - DAG(s) 'tutorial_taskflow_templates' retrieved from /home/airflow/.local/lib/python3.12/site-packages/airflow/example_dags/tutorial_taskflow_templates.py
[2024-12-11T05:18:53.594+0000] {logging_mixin.py:190} INFO - [2024-12-11T05:18:53.593+0000] {dag.py:3239} INFO - Sync 1 DAGs
[2024-12-11T05:18:53.660+0000] {logging_mixin.py:190} INFO - [2024-12-11T05:18:53.659+0000] {dag.py:4180} INFO - Setting next_dagrun for tutorial_taskflow_templates to 2024-12-10 00:00:00+00:00, run_after=2024-12-11 00:00:00+00:00
[2024-12-11T05:18:53.704+0000] {processor.py:208} INFO - Processing /home/airflow/.local/lib/python3.12/site-packages/airflow/example_dags/tutorial_taskflow_templates.py took 0.207 seconds
[2024-12-11T05:19:24.374+0000] {processor.py:186} INFO - Started process (PID=1192) to work on /home/airflow/.local/lib/python3.12/site-packages/airflow/example_dags/tutorial_taskflow_templates.py
[2024-12-11T05:19:24.376+0000] {processor.py:914} INFO - Processing file /home/airflow/.local/lib/python3.12/site-packages/airflow/example_dags/tutorial_taskflow_templates.py for tasks to queue
[2024-12-11T05:19:24.378+0000] {logging_mixin.py:190} INFO - [2024-12-11T05:19:24.378+0000] {dagbag.py:588} INFO - Filling up the DagBag from /home/airflow/.local/lib/python3.12/site-packages/airflow/example_dags/tutorial_taskflow_templates.py
[2024-12-11T05:19:24.402+0000] {processor.py:925} INFO - DAG(s) 'tutorial_taskflow_templates' retrieved from /home/airflow/.local/lib/python3.12/site-packages/airflow/example_dags/tutorial_taskflow_templates.py
[2024-12-11T05:19:24.438+0000] {logging_mixin.py:190} INFO - [2024-12-11T05:19:24.438+0000] {dag.py:3239} INFO - Sync 1 DAGs
[2024-12-11T05:19:24.483+0000] {logging_mixin.py:190} INFO - [2024-12-11T05:19:24.482+0000] {dag.py:4180} INFO - Setting next_dagrun for tutorial_taskflow_templates to 2024-12-10 00:00:00+00:00, run_after=2024-12-11 00:00:00+00:00
[2024-12-11T05:19:24.518+0000] {processor.py:208} INFO - Processing /home/airflow/.local/lib/python3.12/site-packages/airflow/example_dags/tutorial_taskflow_templates.py took 0.154 seconds
[2024-12-11T05:20:02.348+0000] {processor.py:186} INFO - Started process (PID=1261) to work on /home/airflow/.local/lib/python3.12/site-packages/airflow/example_dags/tutorial_taskflow_templates.py
[2024-12-11T05:20:02.351+0000] {processor.py:914} INFO - Processing file /home/airflow/.local/lib/python3.12/site-packages/airflow/example_dags/tutorial_taskflow_templates.py for tasks to queue
[2024-12-11T05:20:02.355+0000] {logging_mixin.py:190} INFO - [2024-12-11T05:20:02.355+0000] {dagbag.py:588} INFO - Filling up the DagBag from /home/airflow/.local/lib/python3.12/site-packages/airflow/example_dags/tutorial_taskflow_templates.py
[2024-12-11T05:20:02.399+0000] {processor.py:925} INFO - DAG(s) 'tutorial_taskflow_templates' retrieved from /home/airflow/.local/lib/python3.12/site-packages/airflow/example_dags/tutorial_taskflow_templates.py
[2024-12-11T05:20:02.465+0000] {logging_mixin.py:190} INFO - [2024-12-11T05:20:02.465+0000] {dag.py:3239} INFO - Sync 1 DAGs
[2024-12-11T05:20:02.645+0000] {logging_mixin.py:190} INFO - [2024-12-11T05:20:02.644+0000] {dag.py:4180} INFO - Setting next_dagrun for tutorial_taskflow_templates to 2024-12-10 00:00:00+00:00, run_after=2024-12-11 00:00:00+00:00
[2024-12-11T05:20:02.771+0000] {processor.py:208} INFO - Processing /home/airflow/.local/lib/python3.12/site-packages/airflow/example_dags/tutorial_taskflow_templates.py took 0.438 seconds
[2024-12-11T05:21:58.055+0000] {processor.py:186} INFO - Started process (PID=1325) to work on /home/airflow/.local/lib/python3.12/site-packages/airflow/example_dags/tutorial_taskflow_templates.py
[2024-12-11T05:21:58.058+0000] {processor.py:914} INFO - Processing file /home/airflow/.local/lib/python3.12/site-packages/airflow/example_dags/tutorial_taskflow_templates.py for tasks to queue
[2024-12-11T05:21:58.066+0000] {logging_mixin.py:190} INFO - [2024-12-11T05:21:58.062+0000] {dagbag.py:588} INFO - Filling up the DagBag from /home/airflow/.local/lib/python3.12/site-packages/airflow/example_dags/tutorial_taskflow_templates.py
[2024-12-11T05:21:58.206+0000] {processor.py:925} INFO - DAG(s) 'tutorial_taskflow_templates' retrieved from /home/airflow/.local/lib/python3.12/site-packages/airflow/example_dags/tutorial_taskflow_templates.py
[2024-12-11T05:23:41.314+0000] {processor.py:186} INFO - Started process (PID=1382) to work on /home/airflow/.local/lib/python3.12/site-packages/airflow/example_dags/tutorial_taskflow_templates.py
[2024-12-11T05:23:41.316+0000] {processor.py:914} INFO - Processing file /home/airflow/.local/lib/python3.12/site-packages/airflow/example_dags/tutorial_taskflow_templates.py for tasks to queue
[2024-12-11T05:23:41.319+0000] {logging_mixin.py:190} INFO - [2024-12-11T05:23:41.319+0000] {dagbag.py:588} INFO - Filling up the DagBag from /home/airflow/.local/lib/python3.12/site-packages/airflow/example_dags/tutorial_taskflow_templates.py
[2024-12-11T05:23:41.354+0000] {processor.py:925} INFO - DAG(s) 'tutorial_taskflow_templates' retrieved from /home/airflow/.local/lib/python3.12/site-packages/airflow/example_dags/tutorial_taskflow_templates.py
[2024-12-11T05:23:41.718+0000] {logging_mixin.py:190} INFO - [2024-12-11T05:23:41.717+0000] {dag.py:3239} INFO - Sync 1 DAGs
[2024-12-11T05:23:41.809+0000] {logging_mixin.py:190} INFO - [2024-12-11T05:23:41.808+0000] {dag.py:4180} INFO - Setting next_dagrun for tutorial_taskflow_templates to 2024-12-10 00:00:00+00:00, run_after=2024-12-11 00:00:00+00:00
[2024-12-11T05:23:41.888+0000] {processor.py:208} INFO - Processing /home/airflow/.local/lib/python3.12/site-packages/airflow/example_dags/tutorial_taskflow_templates.py took 0.588 seconds
[2024-12-11T05:24:54.212+0000] {processor.py:186} INFO - Started process (PID=1438) to work on /home/airflow/.local/lib/python3.12/site-packages/airflow/example_dags/tutorial_taskflow_templates.py
[2024-12-11T05:24:54.214+0000] {processor.py:914} INFO - Processing file /home/airflow/.local/lib/python3.12/site-packages/airflow/example_dags/tutorial_taskflow_templates.py for tasks to queue
[2024-12-11T05:24:54.217+0000] {logging_mixin.py:190} INFO - [2024-12-11T05:24:54.216+0000] {dagbag.py:588} INFO - Filling up the DagBag from /home/airflow/.local/lib/python3.12/site-packages/airflow/example_dags/tutorial_taskflow_templates.py
[2024-12-11T05:24:54.240+0000] {processor.py:925} INFO - DAG(s) 'tutorial_taskflow_templates' retrieved from /home/airflow/.local/lib/python3.12/site-packages/airflow/example_dags/tutorial_taskflow_templates.py
[2024-12-11T05:24:54.279+0000] {logging_mixin.py:190} INFO - [2024-12-11T05:24:54.279+0000] {dag.py:3239} INFO - Sync 1 DAGs
[2024-12-11T05:24:54.329+0000] {logging_mixin.py:190} INFO - [2024-12-11T05:24:54.328+0000] {dag.py:4180} INFO - Setting next_dagrun for tutorial_taskflow_templates to 2024-12-10 00:00:00+00:00, run_after=2024-12-11 00:00:00+00:00
[2024-12-11T05:24:54.367+0000] {processor.py:208} INFO - Processing /home/airflow/.local/lib/python3.12/site-packages/airflow/example_dags/tutorial_taskflow_templates.py took 0.163 seconds
[2024-12-11T05:25:28.606+0000] {processor.py:186} INFO - Started process (PID=1500) to work on /home/airflow/.local/lib/python3.12/site-packages/airflow/example_dags/tutorial_taskflow_templates.py
[2024-12-11T05:25:28.608+0000] {processor.py:914} INFO - Processing file /home/airflow/.local/lib/python3.12/site-packages/airflow/example_dags/tutorial_taskflow_templates.py for tasks to queue
[2024-12-11T05:25:28.611+0000] {logging_mixin.py:190} INFO - [2024-12-11T05:25:28.610+0000] {dagbag.py:588} INFO - Filling up the DagBag from /home/airflow/.local/lib/python3.12/site-packages/airflow/example_dags/tutorial_taskflow_templates.py
[2024-12-11T05:25:28.637+0000] {processor.py:925} INFO - DAG(s) 'tutorial_taskflow_templates' retrieved from /home/airflow/.local/lib/python3.12/site-packages/airflow/example_dags/tutorial_taskflow_templates.py
[2024-12-11T05:25:28.681+0000] {logging_mixin.py:190} INFO - [2024-12-11T05:25:28.681+0000] {dag.py:3239} INFO - Sync 1 DAGs
[2024-12-11T05:25:28.735+0000] {logging_mixin.py:190} INFO - [2024-12-11T05:25:28.735+0000] {dag.py:4180} INFO - Setting next_dagrun for tutorial_taskflow_templates to 2024-12-10 00:00:00+00:00, run_after=2024-12-11 00:00:00+00:00
[2024-12-11T05:25:28.776+0000] {processor.py:208} INFO - Processing /home/airflow/.local/lib/python3.12/site-packages/airflow/example_dags/tutorial_taskflow_templates.py took 0.182 seconds
[2024-12-11T05:26:01.689+0000] {processor.py:186} INFO - Started process (PID=1563) to work on /home/airflow/.local/lib/python3.12/site-packages/airflow/example_dags/tutorial_taskflow_templates.py
[2024-12-11T05:26:01.691+0000] {processor.py:914} INFO - Processing file /home/airflow/.local/lib/python3.12/site-packages/airflow/example_dags/tutorial_taskflow_templates.py for tasks to queue
[2024-12-11T05:26:01.693+0000] {logging_mixin.py:190} INFO - [2024-12-11T05:26:01.693+0000] {dagbag.py:588} INFO - Filling up the DagBag from /home/airflow/.local/lib/python3.12/site-packages/airflow/example_dags/tutorial_taskflow_templates.py
[2024-12-11T05:26:01.727+0000] {processor.py:925} INFO - DAG(s) 'tutorial_taskflow_templates' retrieved from /home/airflow/.local/lib/python3.12/site-packages/airflow/example_dags/tutorial_taskflow_templates.py
[2024-12-11T05:26:01.780+0000] {logging_mixin.py:190} INFO - [2024-12-11T05:26:01.779+0000] {dag.py:3239} INFO - Sync 1 DAGs
[2024-12-11T05:26:01.841+0000] {logging_mixin.py:190} INFO - [2024-12-11T05:26:01.841+0000] {dag.py:4180} INFO - Setting next_dagrun for tutorial_taskflow_templates to 2024-12-10 00:00:00+00:00, run_after=2024-12-11 00:00:00+00:00
[2024-12-11T05:26:01.889+0000] {processor.py:208} INFO - Processing /home/airflow/.local/lib/python3.12/site-packages/airflow/example_dags/tutorial_taskflow_templates.py took 0.211 seconds
[2024-12-11T05:27:25.460+0000] {processor.py:186} INFO - Started process (PID=1650) to work on /home/airflow/.local/lib/python3.12/site-packages/airflow/example_dags/tutorial_taskflow_templates.py
[2024-12-11T05:27:25.463+0000] {processor.py:914} INFO - Processing file /home/airflow/.local/lib/python3.12/site-packages/airflow/example_dags/tutorial_taskflow_templates.py for tasks to queue
[2024-12-11T05:27:25.466+0000] {logging_mixin.py:190} INFO - [2024-12-11T05:27:25.465+0000] {dagbag.py:588} INFO - Filling up the DagBag from /home/airflow/.local/lib/python3.12/site-packages/airflow/example_dags/tutorial_taskflow_templates.py
[2024-12-11T05:27:25.494+0000] {processor.py:925} INFO - DAG(s) 'tutorial_taskflow_templates' retrieved from /home/airflow/.local/lib/python3.12/site-packages/airflow/example_dags/tutorial_taskflow_templates.py
[2024-12-11T05:27:25.536+0000] {logging_mixin.py:190} INFO - [2024-12-11T05:27:25.536+0000] {dag.py:3239} INFO - Sync 1 DAGs
[2024-12-11T05:27:25.598+0000] {logging_mixin.py:190} INFO - [2024-12-11T05:27:25.598+0000] {dag.py:4180} INFO - Setting next_dagrun for tutorial_taskflow_templates to 2024-12-10 00:00:00+00:00, run_after=2024-12-11 00:00:00+00:00
[2024-12-11T05:27:25.648+0000] {processor.py:208} INFO - Processing /home/airflow/.local/lib/python3.12/site-packages/airflow/example_dags/tutorial_taskflow_templates.py took 0.200 seconds
