[2024-12-11T04:56:26.056+0000] {processor.py:186} INFO - Started process (PID=117) to work on /home/airflow/.local/lib/python3.12/site-packages/airflow/example_dags/tutorial_dag.py
[2024-12-11T04:56:26.059+0000] {processor.py:914} INFO - Processing file /home/airflow/.local/lib/python3.12/site-packages/airflow/example_dags/tutorial_dag.py for tasks to queue
[2024-12-11T04:56:26.064+0000] {logging_mixin.py:190} INFO - [2024-12-11T04:56:26.063+0000] {dagbag.py:588} INFO - Filling up the DagBag from /home/airflow/.local/lib/python3.12/site-packages/airflow/example_dags/tutorial_dag.py
[2024-12-11T04:56:26.083+0000] {processor.py:925} INFO - DAG(s) 'tutorial_dag' retrieved from /home/airflow/.local/lib/python3.12/site-packages/airflow/example_dags/tutorial_dag.py
[2024-12-11T04:56:26.351+0000] {logging_mixin.py:190} INFO - [2024-12-11T04:56:26.350+0000] {override.py:1911} INFO - Created Permission View: can delete on DAG:tutorial_dag
[2024-12-11T04:56:26.377+0000] {logging_mixin.py:190} INFO - [2024-12-11T04:56:26.376+0000] {override.py:1911} INFO - Created Permission View: can read on DAG:tutorial_dag
[2024-12-11T04:56:26.394+0000] {logging_mixin.py:190} INFO - [2024-12-11T04:56:26.393+0000] {override.py:1911} INFO - Created Permission View: can edit on DAG:tutorial_dag
[2024-12-11T04:56:26.412+0000] {logging_mixin.py:190} INFO - [2024-12-11T04:56:26.411+0000] {override.py:1911} INFO - Created Permission View: can delete on DAG Run:tutorial_dag
[2024-12-11T04:56:26.428+0000] {logging_mixin.py:190} INFO - [2024-12-11T04:56:26.427+0000] {override.py:1911} INFO - Created Permission View: can read on DAG Run:tutorial_dag
[2024-12-11T04:56:26.445+0000] {logging_mixin.py:190} INFO - [2024-12-11T04:56:26.444+0000] {override.py:1911} INFO - Created Permission View: menu access on DAG Run:tutorial_dag
[2024-12-11T04:56:26.462+0000] {logging_mixin.py:190} INFO - [2024-12-11T04:56:26.462+0000] {override.py:1911} INFO - Created Permission View: can create on DAG Run:tutorial_dag
[2024-12-11T04:56:26.464+0000] {logging_mixin.py:190} INFO - [2024-12-11T04:56:26.463+0000] {dag.py:3239} INFO - Sync 1 DAGs
[2024-12-11T04:56:26.499+0000] {logging_mixin.py:190} INFO - [2024-12-11T04:56:26.499+0000] {dag.py:3262} INFO - Creating ORM DAG for tutorial_dag
[2024-12-11T04:56:26.501+0000] {logging_mixin.py:190} INFO - [2024-12-11T04:56:26.501+0000] {dag.py:4180} INFO - Setting next_dagrun for tutorial_dag to None, run_after=None
[2024-12-11T04:56:26.544+0000] {processor.py:208} INFO - Processing /home/airflow/.local/lib/python3.12/site-packages/airflow/example_dags/tutorial_dag.py took 0.498 seconds
[2024-12-11T04:56:56.730+0000] {processor.py:186} INFO - Started process (PID=180) to work on /home/airflow/.local/lib/python3.12/site-packages/airflow/example_dags/tutorial_dag.py
[2024-12-11T04:56:56.733+0000] {processor.py:914} INFO - Processing file /home/airflow/.local/lib/python3.12/site-packages/airflow/example_dags/tutorial_dag.py for tasks to queue
[2024-12-11T04:56:56.740+0000] {logging_mixin.py:190} INFO - [2024-12-11T04:56:56.739+0000] {dagbag.py:588} INFO - Filling up the DagBag from /home/airflow/.local/lib/python3.12/site-packages/airflow/example_dags/tutorial_dag.py
[2024-12-11T04:56:56.760+0000] {processor.py:925} INFO - DAG(s) 'tutorial_dag' retrieved from /home/airflow/.local/lib/python3.12/site-packages/airflow/example_dags/tutorial_dag.py
[2024-12-11T04:56:56.810+0000] {logging_mixin.py:190} INFO - [2024-12-11T04:56:56.810+0000] {dag.py:3239} INFO - Sync 1 DAGs
[2024-12-11T04:56:56.865+0000] {logging_mixin.py:190} INFO - [2024-12-11T04:56:56.864+0000] {dag.py:4180} INFO - Setting next_dagrun for tutorial_dag to None, run_after=None
[2024-12-11T04:56:56.949+0000] {processor.py:208} INFO - Processing /home/airflow/.local/lib/python3.12/site-packages/airflow/example_dags/tutorial_dag.py took 0.233 seconds
[2024-12-11T05:01:00.290+0000] {processor.py:186} INFO - Started process (PID=248) to work on /home/airflow/.local/lib/python3.12/site-packages/airflow/example_dags/tutorial_dag.py
[2024-12-11T05:01:00.293+0000] {processor.py:914} INFO - Processing file /home/airflow/.local/lib/python3.12/site-packages/airflow/example_dags/tutorial_dag.py for tasks to queue
[2024-12-11T05:01:00.298+0000] {logging_mixin.py:190} INFO - [2024-12-11T05:01:00.298+0000] {dagbag.py:588} INFO - Filling up the DagBag from /home/airflow/.local/lib/python3.12/site-packages/airflow/example_dags/tutorial_dag.py
[2024-12-11T05:01:00.323+0000] {processor.py:925} INFO - DAG(s) 'tutorial_dag' retrieved from /home/airflow/.local/lib/python3.12/site-packages/airflow/example_dags/tutorial_dag.py
[2024-12-11T05:01:00.382+0000] {logging_mixin.py:190} INFO - [2024-12-11T05:01:00.382+0000] {dag.py:3239} INFO - Sync 1 DAGs
[2024-12-11T05:01:00.428+0000] {logging_mixin.py:190} INFO - [2024-12-11T05:01:00.427+0000] {dag.py:4180} INFO - Setting next_dagrun for tutorial_dag to None, run_after=None
[2024-12-11T05:01:00.479+0000] {processor.py:208} INFO - Processing /home/airflow/.local/lib/python3.12/site-packages/airflow/example_dags/tutorial_dag.py took 0.201 seconds
[2024-12-11T05:03:21.678+0000] {processor.py:186} INFO - Started process (PID=339) to work on /home/airflow/.local/lib/python3.12/site-packages/airflow/example_dags/tutorial_dag.py
[2024-12-11T05:03:21.681+0000] {processor.py:914} INFO - Processing file /home/airflow/.local/lib/python3.12/site-packages/airflow/example_dags/tutorial_dag.py for tasks to queue
[2024-12-11T05:03:21.685+0000] {logging_mixin.py:190} INFO - [2024-12-11T05:03:21.684+0000] {dagbag.py:588} INFO - Filling up the DagBag from /home/airflow/.local/lib/python3.12/site-packages/airflow/example_dags/tutorial_dag.py
[2024-12-11T05:03:21.710+0000] {processor.py:925} INFO - DAG(s) 'tutorial_dag' retrieved from /home/airflow/.local/lib/python3.12/site-packages/airflow/example_dags/tutorial_dag.py
[2024-12-11T05:03:21.775+0000] {logging_mixin.py:190} INFO - [2024-12-11T05:03:21.775+0000] {dag.py:3239} INFO - Sync 1 DAGs
[2024-12-11T05:03:21.822+0000] {logging_mixin.py:190} INFO - [2024-12-11T05:03:21.822+0000] {dag.py:4180} INFO - Setting next_dagrun for tutorial_dag to None, run_after=None
[2024-12-11T05:03:21.900+0000] {processor.py:208} INFO - Processing /home/airflow/.local/lib/python3.12/site-packages/airflow/example_dags/tutorial_dag.py took 0.241 seconds
[2024-12-11T05:03:52.264+0000] {processor.py:186} INFO - Started process (PID=400) to work on /home/airflow/.local/lib/python3.12/site-packages/airflow/example_dags/tutorial_dag.py
[2024-12-11T05:03:52.267+0000] {processor.py:914} INFO - Processing file /home/airflow/.local/lib/python3.12/site-packages/airflow/example_dags/tutorial_dag.py for tasks to queue
[2024-12-11T05:03:52.273+0000] {logging_mixin.py:190} INFO - [2024-12-11T05:03:52.271+0000] {dagbag.py:588} INFO - Filling up the DagBag from /home/airflow/.local/lib/python3.12/site-packages/airflow/example_dags/tutorial_dag.py
[2024-12-11T05:03:52.304+0000] {processor.py:925} INFO - DAG(s) 'tutorial_dag' retrieved from /home/airflow/.local/lib/python3.12/site-packages/airflow/example_dags/tutorial_dag.py
[2024-12-11T05:03:52.379+0000] {logging_mixin.py:190} INFO - [2024-12-11T05:03:52.378+0000] {dag.py:3239} INFO - Sync 1 DAGs
[2024-12-11T05:03:52.436+0000] {logging_mixin.py:190} INFO - [2024-12-11T05:03:52.435+0000] {dag.py:4180} INFO - Setting next_dagrun for tutorial_dag to None, run_after=None
[2024-12-11T05:03:52.493+0000] {processor.py:208} INFO - Processing /home/airflow/.local/lib/python3.12/site-packages/airflow/example_dags/tutorial_dag.py took 0.247 seconds
[2024-12-11T05:05:39.819+0000] {processor.py:186} INFO - Started process (PID=470) to work on /home/airflow/.local/lib/python3.12/site-packages/airflow/example_dags/tutorial_dag.py
[2024-12-11T05:05:39.821+0000] {processor.py:914} INFO - Processing file /home/airflow/.local/lib/python3.12/site-packages/airflow/example_dags/tutorial_dag.py for tasks to queue
[2024-12-11T05:05:39.825+0000] {logging_mixin.py:190} INFO - [2024-12-11T05:05:39.824+0000] {dagbag.py:588} INFO - Filling up the DagBag from /home/airflow/.local/lib/python3.12/site-packages/airflow/example_dags/tutorial_dag.py
[2024-12-11T05:05:39.841+0000] {processor.py:925} INFO - DAG(s) 'tutorial_dag' retrieved from /home/airflow/.local/lib/python3.12/site-packages/airflow/example_dags/tutorial_dag.py
[2024-12-11T05:05:39.878+0000] {logging_mixin.py:190} INFO - [2024-12-11T05:05:39.878+0000] {dag.py:3239} INFO - Sync 1 DAGs
[2024-12-11T05:05:39.911+0000] {logging_mixin.py:190} INFO - [2024-12-11T05:05:39.911+0000] {dag.py:4180} INFO - Setting next_dagrun for tutorial_dag to None, run_after=None
[2024-12-11T05:05:39.953+0000] {processor.py:208} INFO - Processing /home/airflow/.local/lib/python3.12/site-packages/airflow/example_dags/tutorial_dag.py took 0.146 seconds
[2024-12-11T05:06:17.711+0000] {processor.py:186} INFO - Started process (PID=533) to work on /home/airflow/.local/lib/python3.12/site-packages/airflow/example_dags/tutorial_dag.py
[2024-12-11T05:06:17.714+0000] {processor.py:914} INFO - Processing file /home/airflow/.local/lib/python3.12/site-packages/airflow/example_dags/tutorial_dag.py for tasks to queue
[2024-12-11T05:06:17.726+0000] {logging_mixin.py:190} INFO - [2024-12-11T05:06:17.723+0000] {dagbag.py:588} INFO - Filling up the DagBag from /home/airflow/.local/lib/python3.12/site-packages/airflow/example_dags/tutorial_dag.py
[2024-12-11T05:06:17.758+0000] {processor.py:925} INFO - DAG(s) 'tutorial_dag' retrieved from /home/airflow/.local/lib/python3.12/site-packages/airflow/example_dags/tutorial_dag.py
[2024-12-11T05:06:17.847+0000] {logging_mixin.py:190} INFO - [2024-12-11T05:06:17.847+0000] {dag.py:3239} INFO - Sync 1 DAGs
[2024-12-11T05:06:17.906+0000] {logging_mixin.py:190} INFO - [2024-12-11T05:06:17.905+0000] {dag.py:4180} INFO - Setting next_dagrun for tutorial_dag to None, run_after=None
[2024-12-11T05:06:17.977+0000] {processor.py:208} INFO - Processing /home/airflow/.local/lib/python3.12/site-packages/airflow/example_dags/tutorial_dag.py took 0.286 seconds
[2024-12-11T05:07:37.410+0000] {processor.py:186} INFO - Started process (PID=590) to work on /home/airflow/.local/lib/python3.12/site-packages/airflow/example_dags/tutorial_dag.py
[2024-12-11T05:07:37.413+0000] {processor.py:914} INFO - Processing file /home/airflow/.local/lib/python3.12/site-packages/airflow/example_dags/tutorial_dag.py for tasks to queue
[2024-12-11T05:07:37.417+0000] {logging_mixin.py:190} INFO - [2024-12-11T05:07:37.415+0000] {dagbag.py:588} INFO - Filling up the DagBag from /home/airflow/.local/lib/python3.12/site-packages/airflow/example_dags/tutorial_dag.py
[2024-12-11T05:07:37.434+0000] {processor.py:925} INFO - DAG(s) 'tutorial_dag' retrieved from /home/airflow/.local/lib/python3.12/site-packages/airflow/example_dags/tutorial_dag.py
[2024-12-11T05:07:37.474+0000] {logging_mixin.py:190} INFO - [2024-12-11T05:07:37.474+0000] {dag.py:3239} INFO - Sync 1 DAGs
[2024-12-11T05:07:37.518+0000] {logging_mixin.py:190} INFO - [2024-12-11T05:07:37.517+0000] {dag.py:4180} INFO - Setting next_dagrun for tutorial_dag to None, run_after=None
[2024-12-11T05:07:37.561+0000] {processor.py:208} INFO - Processing /home/airflow/.local/lib/python3.12/site-packages/airflow/example_dags/tutorial_dag.py took 0.166 seconds
[2024-12-11T05:08:09.750+0000] {processor.py:186} INFO - Started process (PID=653) to work on /home/airflow/.local/lib/python3.12/site-packages/airflow/example_dags/tutorial_dag.py
[2024-12-11T05:08:09.753+0000] {processor.py:914} INFO - Processing file /home/airflow/.local/lib/python3.12/site-packages/airflow/example_dags/tutorial_dag.py for tasks to queue
[2024-12-11T05:08:09.756+0000] {logging_mixin.py:190} INFO - [2024-12-11T05:08:09.755+0000] {dagbag.py:588} INFO - Filling up the DagBag from /home/airflow/.local/lib/python3.12/site-packages/airflow/example_dags/tutorial_dag.py
[2024-12-11T05:08:09.775+0000] {processor.py:925} INFO - DAG(s) 'tutorial_dag' retrieved from /home/airflow/.local/lib/python3.12/site-packages/airflow/example_dags/tutorial_dag.py
[2024-12-11T05:08:09.824+0000] {logging_mixin.py:190} INFO - [2024-12-11T05:08:09.823+0000] {dag.py:3239} INFO - Sync 1 DAGs
[2024-12-11T05:08:09.871+0000] {logging_mixin.py:190} INFO - [2024-12-11T05:08:09.871+0000] {dag.py:4180} INFO - Setting next_dagrun for tutorial_dag to None, run_after=None
[2024-12-11T05:08:09.913+0000] {processor.py:208} INFO - Processing /home/airflow/.local/lib/python3.12/site-packages/airflow/example_dags/tutorial_dag.py took 0.176 seconds
[2024-12-11T05:09:32.096+0000] {processor.py:186} INFO - Started process (PID=730) to work on /home/airflow/.local/lib/python3.12/site-packages/airflow/example_dags/tutorial_dag.py
[2024-12-11T05:09:32.100+0000] {processor.py:914} INFO - Processing file /home/airflow/.local/lib/python3.12/site-packages/airflow/example_dags/tutorial_dag.py for tasks to queue
[2024-12-11T05:09:32.105+0000] {logging_mixin.py:190} INFO - [2024-12-11T05:09:32.103+0000] {dagbag.py:588} INFO - Filling up the DagBag from /home/airflow/.local/lib/python3.12/site-packages/airflow/example_dags/tutorial_dag.py
[2024-12-11T05:09:32.126+0000] {processor.py:925} INFO - DAG(s) 'tutorial_dag' retrieved from /home/airflow/.local/lib/python3.12/site-packages/airflow/example_dags/tutorial_dag.py
[2024-12-11T05:09:32.196+0000] {logging_mixin.py:190} INFO - [2024-12-11T05:09:32.196+0000] {dag.py:3239} INFO - Sync 1 DAGs
[2024-12-11T05:09:32.248+0000] {logging_mixin.py:190} INFO - [2024-12-11T05:09:32.247+0000] {dag.py:4180} INFO - Setting next_dagrun for tutorial_dag to None, run_after=None
[2024-12-11T05:09:32.307+0000] {processor.py:208} INFO - Processing /home/airflow/.local/lib/python3.12/site-packages/airflow/example_dags/tutorial_dag.py took 0.227 seconds
[2024-12-11T05:10:02.640+0000] {processor.py:186} INFO - Started process (PID=793) to work on /home/airflow/.local/lib/python3.12/site-packages/airflow/example_dags/tutorial_dag.py
[2024-12-11T05:10:02.643+0000] {processor.py:914} INFO - Processing file /home/airflow/.local/lib/python3.12/site-packages/airflow/example_dags/tutorial_dag.py for tasks to queue
[2024-12-11T05:10:02.646+0000] {logging_mixin.py:190} INFO - [2024-12-11T05:10:02.645+0000] {dagbag.py:588} INFO - Filling up the DagBag from /home/airflow/.local/lib/python3.12/site-packages/airflow/example_dags/tutorial_dag.py
[2024-12-11T05:10:02.665+0000] {processor.py:925} INFO - DAG(s) 'tutorial_dag' retrieved from /home/airflow/.local/lib/python3.12/site-packages/airflow/example_dags/tutorial_dag.py
[2024-12-11T05:10:02.710+0000] {logging_mixin.py:190} INFO - [2024-12-11T05:10:02.710+0000] {dag.py:3239} INFO - Sync 1 DAGs
[2024-12-11T05:10:02.745+0000] {logging_mixin.py:190} INFO - [2024-12-11T05:10:02.745+0000] {dag.py:4180} INFO - Setting next_dagrun for tutorial_dag to None, run_after=None
[2024-12-11T05:10:02.786+0000] {processor.py:208} INFO - Processing /home/airflow/.local/lib/python3.12/site-packages/airflow/example_dags/tutorial_dag.py took 0.162 seconds
[2024-12-11T05:10:37.356+0000] {processor.py:186} INFO - Started process (PID=856) to work on /home/airflow/.local/lib/python3.12/site-packages/airflow/example_dags/tutorial_dag.py
[2024-12-11T05:10:37.359+0000] {processor.py:914} INFO - Processing file /home/airflow/.local/lib/python3.12/site-packages/airflow/example_dags/tutorial_dag.py for tasks to queue
[2024-12-11T05:10:37.364+0000] {logging_mixin.py:190} INFO - [2024-12-11T05:10:37.363+0000] {dagbag.py:588} INFO - Filling up the DagBag from /home/airflow/.local/lib/python3.12/site-packages/airflow/example_dags/tutorial_dag.py
[2024-12-11T05:10:37.390+0000] {processor.py:925} INFO - DAG(s) 'tutorial_dag' retrieved from /home/airflow/.local/lib/python3.12/site-packages/airflow/example_dags/tutorial_dag.py
[2024-12-11T05:10:37.455+0000] {logging_mixin.py:190} INFO - [2024-12-11T05:10:37.454+0000] {dag.py:3239} INFO - Sync 1 DAGs
[2024-12-11T05:10:37.499+0000] {logging_mixin.py:190} INFO - [2024-12-11T05:10:37.499+0000] {dag.py:4180} INFO - Setting next_dagrun for tutorial_dag to None, run_after=None
[2024-12-11T05:10:37.551+0000] {processor.py:208} INFO - Processing /home/airflow/.local/lib/python3.12/site-packages/airflow/example_dags/tutorial_dag.py took 0.216 seconds
[2024-12-11T05:17:22.799+0000] {processor.py:186} INFO - Started process (PID=951) to work on /home/airflow/.local/lib/python3.12/site-packages/airflow/example_dags/tutorial_dag.py
[2024-12-11T05:17:22.805+0000] {processor.py:914} INFO - Processing file /home/airflow/.local/lib/python3.12/site-packages/airflow/example_dags/tutorial_dag.py for tasks to queue
[2024-12-11T05:17:22.810+0000] {logging_mixin.py:190} INFO - [2024-12-11T05:17:22.809+0000] {dagbag.py:588} INFO - Filling up the DagBag from /home/airflow/.local/lib/python3.12/site-packages/airflow/example_dags/tutorial_dag.py
[2024-12-11T05:17:22.852+0000] {processor.py:925} INFO - DAG(s) 'tutorial_dag' retrieved from /home/airflow/.local/lib/python3.12/site-packages/airflow/example_dags/tutorial_dag.py
[2024-12-11T05:17:22.965+0000] {logging_mixin.py:190} INFO - [2024-12-11T05:17:22.965+0000] {dag.py:3239} INFO - Sync 1 DAGs
[2024-12-11T05:17:23.025+0000] {logging_mixin.py:190} INFO - [2024-12-11T05:17:23.024+0000] {dag.py:4180} INFO - Setting next_dagrun for tutorial_dag to None, run_after=None
[2024-12-11T05:17:23.108+0000] {processor.py:208} INFO - Processing /home/airflow/.local/lib/python3.12/site-packages/airflow/example_dags/tutorial_dag.py took 0.323 seconds
[2024-12-11T05:17:53.528+0000] {processor.py:186} INFO - Started process (PID=1013) to work on /home/airflow/.local/lib/python3.12/site-packages/airflow/example_dags/tutorial_dag.py
[2024-12-11T05:17:53.532+0000] {processor.py:914} INFO - Processing file /home/airflow/.local/lib/python3.12/site-packages/airflow/example_dags/tutorial_dag.py for tasks to queue
[2024-12-11T05:17:53.536+0000] {logging_mixin.py:190} INFO - [2024-12-11T05:17:53.535+0000] {dagbag.py:588} INFO - Filling up the DagBag from /home/airflow/.local/lib/python3.12/site-packages/airflow/example_dags/tutorial_dag.py
[2024-12-11T05:17:53.560+0000] {processor.py:925} INFO - DAG(s) 'tutorial_dag' retrieved from /home/airflow/.local/lib/python3.12/site-packages/airflow/example_dags/tutorial_dag.py
[2024-12-11T05:17:53.625+0000] {logging_mixin.py:190} INFO - [2024-12-11T05:17:53.624+0000] {dag.py:3239} INFO - Sync 1 DAGs
[2024-12-11T05:17:53.669+0000] {logging_mixin.py:190} INFO - [2024-12-11T05:17:53.668+0000] {dag.py:4180} INFO - Setting next_dagrun for tutorial_dag to None, run_after=None
[2024-12-11T05:17:53.724+0000] {processor.py:208} INFO - Processing /home/airflow/.local/lib/python3.12/site-packages/airflow/example_dags/tutorial_dag.py took 0.209 seconds
[2024-12-11T05:18:24.367+0000] {processor.py:186} INFO - Started process (PID=1076) to work on /home/airflow/.local/lib/python3.12/site-packages/airflow/example_dags/tutorial_dag.py
[2024-12-11T05:18:24.369+0000] {processor.py:914} INFO - Processing file /home/airflow/.local/lib/python3.12/site-packages/airflow/example_dags/tutorial_dag.py for tasks to queue
[2024-12-11T05:18:24.371+0000] {logging_mixin.py:190} INFO - [2024-12-11T05:18:24.371+0000] {dagbag.py:588} INFO - Filling up the DagBag from /home/airflow/.local/lib/python3.12/site-packages/airflow/example_dags/tutorial_dag.py
[2024-12-11T05:18:24.383+0000] {processor.py:925} INFO - DAG(s) 'tutorial_dag' retrieved from /home/airflow/.local/lib/python3.12/site-packages/airflow/example_dags/tutorial_dag.py
[2024-12-11T05:18:24.414+0000] {logging_mixin.py:190} INFO - [2024-12-11T05:18:24.414+0000] {dag.py:3239} INFO - Sync 1 DAGs
[2024-12-11T05:18:24.437+0000] {logging_mixin.py:190} INFO - [2024-12-11T05:18:24.437+0000] {dag.py:4180} INFO - Setting next_dagrun for tutorial_dag to None, run_after=None
[2024-12-11T05:18:24.472+0000] {processor.py:208} INFO - Processing /home/airflow/.local/lib/python3.12/site-packages/airflow/example_dags/tutorial_dag.py took 0.112 seconds
[2024-12-11T05:18:55.514+0000] {processor.py:186} INFO - Started process (PID=1139) to work on /home/airflow/.local/lib/python3.12/site-packages/airflow/example_dags/tutorial_dag.py
[2024-12-11T05:18:55.516+0000] {processor.py:914} INFO - Processing file /home/airflow/.local/lib/python3.12/site-packages/airflow/example_dags/tutorial_dag.py for tasks to queue
[2024-12-11T05:18:55.519+0000] {logging_mixin.py:190} INFO - [2024-12-11T05:18:55.518+0000] {dagbag.py:588} INFO - Filling up the DagBag from /home/airflow/.local/lib/python3.12/site-packages/airflow/example_dags/tutorial_dag.py
[2024-12-11T05:18:55.536+0000] {processor.py:925} INFO - DAG(s) 'tutorial_dag' retrieved from /home/airflow/.local/lib/python3.12/site-packages/airflow/example_dags/tutorial_dag.py
[2024-12-11T05:18:55.587+0000] {logging_mixin.py:190} INFO - [2024-12-11T05:18:55.586+0000] {dag.py:3239} INFO - Sync 1 DAGs
[2024-12-11T05:18:55.627+0000] {logging_mixin.py:190} INFO - [2024-12-11T05:18:55.626+0000] {dag.py:4180} INFO - Setting next_dagrun for tutorial_dag to None, run_after=None
[2024-12-11T05:18:55.688+0000] {processor.py:208} INFO - Processing /home/airflow/.local/lib/python3.12/site-packages/airflow/example_dags/tutorial_dag.py took 0.190 seconds
[2024-12-11T05:19:26.294+0000] {processor.py:186} INFO - Started process (PID=1202) to work on /home/airflow/.local/lib/python3.12/site-packages/airflow/example_dags/tutorial_dag.py
[2024-12-11T05:19:26.296+0000] {processor.py:914} INFO - Processing file /home/airflow/.local/lib/python3.12/site-packages/airflow/example_dags/tutorial_dag.py for tasks to queue
[2024-12-11T05:19:26.298+0000] {logging_mixin.py:190} INFO - [2024-12-11T05:19:26.297+0000] {dagbag.py:588} INFO - Filling up the DagBag from /home/airflow/.local/lib/python3.12/site-packages/airflow/example_dags/tutorial_dag.py
[2024-12-11T05:19:26.311+0000] {processor.py:925} INFO - DAG(s) 'tutorial_dag' retrieved from /home/airflow/.local/lib/python3.12/site-packages/airflow/example_dags/tutorial_dag.py
[2024-12-11T05:19:26.349+0000] {logging_mixin.py:190} INFO - [2024-12-11T05:19:26.349+0000] {dag.py:3239} INFO - Sync 1 DAGs
[2024-12-11T05:19:26.378+0000] {logging_mixin.py:190} INFO - [2024-12-11T05:19:26.378+0000] {dag.py:4180} INFO - Setting next_dagrun for tutorial_dag to None, run_after=None
[2024-12-11T05:19:26.412+0000] {processor.py:208} INFO - Processing /home/airflow/.local/lib/python3.12/site-packages/airflow/example_dags/tutorial_dag.py took 0.131 seconds
[2024-12-11T05:20:04.407+0000] {processor.py:186} INFO - Started process (PID=1265) to work on /home/airflow/.local/lib/python3.12/site-packages/airflow/example_dags/tutorial_dag.py
[2024-12-11T05:20:04.409+0000] {processor.py:914} INFO - Processing file /home/airflow/.local/lib/python3.12/site-packages/airflow/example_dags/tutorial_dag.py for tasks to queue
[2024-12-11T05:20:04.413+0000] {logging_mixin.py:190} INFO - [2024-12-11T05:20:04.412+0000] {dagbag.py:588} INFO - Filling up the DagBag from /home/airflow/.local/lib/python3.12/site-packages/airflow/example_dags/tutorial_dag.py
[2024-12-11T05:20:04.432+0000] {processor.py:925} INFO - DAG(s) 'tutorial_dag' retrieved from /home/airflow/.local/lib/python3.12/site-packages/airflow/example_dags/tutorial_dag.py
[2024-12-11T05:20:04.492+0000] {logging_mixin.py:190} INFO - [2024-12-11T05:20:04.492+0000] {dag.py:3239} INFO - Sync 1 DAGs
[2024-12-11T05:20:04.533+0000] {logging_mixin.py:190} INFO - [2024-12-11T05:20:04.533+0000] {dag.py:4180} INFO - Setting next_dagrun for tutorial_dag to None, run_after=None
[2024-12-11T05:20:04.581+0000] {processor.py:208} INFO - Processing /home/airflow/.local/lib/python3.12/site-packages/airflow/example_dags/tutorial_dag.py took 0.186 seconds
[2024-12-11T05:23:11.898+0000] {processor.py:186} INFO - Started process (PID=1328) to work on /home/airflow/.local/lib/python3.12/site-packages/airflow/example_dags/tutorial_dag.py
[2024-12-11T05:23:11.909+0000] {processor.py:914} INFO - Processing file /home/airflow/.local/lib/python3.12/site-packages/airflow/example_dags/tutorial_dag.py for tasks to queue
[2024-12-11T05:23:11.914+0000] {logging_mixin.py:190} INFO - [2024-12-11T05:23:11.913+0000] {dagbag.py:588} INFO - Filling up the DagBag from /home/airflow/.local/lib/python3.12/site-packages/airflow/example_dags/tutorial_dag.py
[2024-12-11T05:23:11.942+0000] {processor.py:925} INFO - DAG(s) 'tutorial_dag' retrieved from /home/airflow/.local/lib/python3.12/site-packages/airflow/example_dags/tutorial_dag.py
[2024-12-11T05:23:11.995+0000] {logging_mixin.py:190} INFO - [2024-12-11T05:23:11.994+0000] {dag.py:3239} INFO - Sync 1 DAGs
[2024-12-11T05:23:12.045+0000] {logging_mixin.py:190} INFO - [2024-12-11T05:23:12.045+0000] {dag.py:4180} INFO - Setting next_dagrun for tutorial_dag to None, run_after=None
[2024-12-11T05:23:12.095+0000] {processor.py:208} INFO - Processing /home/airflow/.local/lib/python3.12/site-packages/airflow/example_dags/tutorial_dag.py took 0.235 seconds
[2024-12-11T05:23:42.778+0000] {processor.py:186} INFO - Started process (PID=1390) to work on /home/airflow/.local/lib/python3.12/site-packages/airflow/example_dags/tutorial_dag.py
[2024-12-11T05:23:42.781+0000] {processor.py:914} INFO - Processing file /home/airflow/.local/lib/python3.12/site-packages/airflow/example_dags/tutorial_dag.py for tasks to queue
[2024-12-11T05:23:42.784+0000] {logging_mixin.py:190} INFO - [2024-12-11T05:23:42.783+0000] {dagbag.py:588} INFO - Filling up the DagBag from /home/airflow/.local/lib/python3.12/site-packages/airflow/example_dags/tutorial_dag.py
[2024-12-11T05:23:42.806+0000] {processor.py:925} INFO - DAG(s) 'tutorial_dag' retrieved from /home/airflow/.local/lib/python3.12/site-packages/airflow/example_dags/tutorial_dag.py
[2024-12-11T05:23:42.858+0000] {logging_mixin.py:190} INFO - [2024-12-11T05:23:42.857+0000] {dag.py:3239} INFO - Sync 1 DAGs
[2024-12-11T05:23:42.922+0000] {logging_mixin.py:190} INFO - [2024-12-11T05:23:42.921+0000] {dag.py:4180} INFO - Setting next_dagrun for tutorial_dag to None, run_after=None
[2024-12-11T05:23:42.980+0000] {processor.py:208} INFO - Processing /home/airflow/.local/lib/python3.12/site-packages/airflow/example_dags/tutorial_dag.py took 0.217 seconds
[2024-12-11T05:24:54.643+0000] {processor.py:186} INFO - Started process (PID=1441) to work on /home/airflow/.local/lib/python3.12/site-packages/airflow/example_dags/tutorial_dag.py
[2024-12-11T05:24:54.645+0000] {processor.py:914} INFO - Processing file /home/airflow/.local/lib/python3.12/site-packages/airflow/example_dags/tutorial_dag.py for tasks to queue
[2024-12-11T05:24:54.648+0000] {logging_mixin.py:190} INFO - [2024-12-11T05:24:54.647+0000] {dagbag.py:588} INFO - Filling up the DagBag from /home/airflow/.local/lib/python3.12/site-packages/airflow/example_dags/tutorial_dag.py
[2024-12-11T05:24:54.662+0000] {processor.py:925} INFO - DAG(s) 'tutorial_dag' retrieved from /home/airflow/.local/lib/python3.12/site-packages/airflow/example_dags/tutorial_dag.py
[2024-12-11T05:24:54.696+0000] {logging_mixin.py:190} INFO - [2024-12-11T05:24:54.696+0000] {dag.py:3239} INFO - Sync 1 DAGs
[2024-12-11T05:24:54.722+0000] {logging_mixin.py:190} INFO - [2024-12-11T05:24:54.722+0000] {dag.py:4180} INFO - Setting next_dagrun for tutorial_dag to None, run_after=None
[2024-12-11T05:24:54.756+0000] {processor.py:208} INFO - Processing /home/airflow/.local/lib/python3.12/site-packages/airflow/example_dags/tutorial_dag.py took 0.125 seconds
[2024-12-11T05:25:29.508+0000] {processor.py:186} INFO - Started process (PID=1504) to work on /home/airflow/.local/lib/python3.12/site-packages/airflow/example_dags/tutorial_dag.py
[2024-12-11T05:25:29.512+0000] {processor.py:914} INFO - Processing file /home/airflow/.local/lib/python3.12/site-packages/airflow/example_dags/tutorial_dag.py for tasks to queue
[2024-12-11T05:25:29.517+0000] {logging_mixin.py:190} INFO - [2024-12-11T05:25:29.516+0000] {dagbag.py:588} INFO - Filling up the DagBag from /home/airflow/.local/lib/python3.12/site-packages/airflow/example_dags/tutorial_dag.py
[2024-12-11T05:25:29.548+0000] {processor.py:925} INFO - DAG(s) 'tutorial_dag' retrieved from /home/airflow/.local/lib/python3.12/site-packages/airflow/example_dags/tutorial_dag.py
[2024-12-11T05:25:29.664+0000] {logging_mixin.py:190} INFO - [2024-12-11T05:25:29.663+0000] {dag.py:3239} INFO - Sync 1 DAGs
[2024-12-11T05:25:29.718+0000] {logging_mixin.py:190} INFO - [2024-12-11T05:25:29.717+0000] {dag.py:4180} INFO - Setting next_dagrun for tutorial_dag to None, run_after=None
[2024-12-11T05:25:29.812+0000] {processor.py:208} INFO - Processing /home/airflow/.local/lib/python3.12/site-packages/airflow/example_dags/tutorial_dag.py took 0.321 seconds
[2024-12-11T05:26:02.297+0000] {processor.py:186} INFO - Started process (PID=1566) to work on /home/airflow/.local/lib/python3.12/site-packages/airflow/example_dags/tutorial_dag.py
[2024-12-11T05:26:02.303+0000] {processor.py:914} INFO - Processing file /home/airflow/.local/lib/python3.12/site-packages/airflow/example_dags/tutorial_dag.py for tasks to queue
[2024-12-11T05:26:02.310+0000] {logging_mixin.py:190} INFO - [2024-12-11T05:26:02.308+0000] {dagbag.py:588} INFO - Filling up the DagBag from /home/airflow/.local/lib/python3.12/site-packages/airflow/example_dags/tutorial_dag.py
[2024-12-11T05:26:02.354+0000] {processor.py:925} INFO - DAG(s) 'tutorial_dag' retrieved from /home/airflow/.local/lib/python3.12/site-packages/airflow/example_dags/tutorial_dag.py
[2024-12-11T05:26:02.459+0000] {logging_mixin.py:190} INFO - [2024-12-11T05:26:02.458+0000] {dag.py:3239} INFO - Sync 1 DAGs
[2024-12-11T05:26:02.526+0000] {logging_mixin.py:190} INFO - [2024-12-11T05:26:02.525+0000] {dag.py:4180} INFO - Setting next_dagrun for tutorial_dag to None, run_after=None
[2024-12-11T05:26:02.622+0000] {processor.py:208} INFO - Processing /home/airflow/.local/lib/python3.12/site-packages/airflow/example_dags/tutorial_dag.py took 0.355 seconds
[2024-12-11T05:27:26.539+0000] {processor.py:186} INFO - Started process (PID=1653) to work on /home/airflow/.local/lib/python3.12/site-packages/airflow/example_dags/tutorial_dag.py
[2024-12-11T05:27:26.542+0000] {processor.py:914} INFO - Processing file /home/airflow/.local/lib/python3.12/site-packages/airflow/example_dags/tutorial_dag.py for tasks to queue
[2024-12-11T05:27:26.547+0000] {logging_mixin.py:190} INFO - [2024-12-11T05:27:26.546+0000] {dagbag.py:588} INFO - Filling up the DagBag from /home/airflow/.local/lib/python3.12/site-packages/airflow/example_dags/tutorial_dag.py
[2024-12-11T05:27:26.572+0000] {processor.py:925} INFO - DAG(s) 'tutorial_dag' retrieved from /home/airflow/.local/lib/python3.12/site-packages/airflow/example_dags/tutorial_dag.py
[2024-12-11T05:27:26.639+0000] {logging_mixin.py:190} INFO - [2024-12-11T05:27:26.638+0000] {dag.py:3239} INFO - Sync 1 DAGs
[2024-12-11T05:27:26.680+0000] {logging_mixin.py:190} INFO - [2024-12-11T05:27:26.679+0000] {dag.py:4180} INFO - Setting next_dagrun for tutorial_dag to None, run_after=None
[2024-12-11T05:27:26.725+0000] {processor.py:208} INFO - Processing /home/airflow/.local/lib/python3.12/site-packages/airflow/example_dags/tutorial_dag.py took 0.201 seconds
